ARM GAS  C:\Users\Besitzer\AppData\Local\Temp\cctq3j7O.s 			page 1


   1              		.syntax unified
   2              		.cpu cortex-m3
   3              		.fpu softvfp
   4              		.eabi_attribute 20, 1
   5              		.eabi_attribute 21, 1
   6              		.eabi_attribute 23, 3
   7              		.eabi_attribute 24, 1
   8              		.eabi_attribute 25, 1
   9              		.eabi_attribute 26, 1
  10              		.eabi_attribute 30, 1
  11              		.eabi_attribute 34, 1
  12              		.eabi_attribute 18, 4
  13              		.thumb
  14              		.syntax unified
  15              		.file	"Cycle_ISR_1.c"
  16              		.text
  17              	.Ltext0:
  18              		.cfi_sections	.debug_frame
  19              		.section	.text.Cycle_ISR_1_SetVector,"ax",%progbits
  20              		.align	2
  21              		.global	Cycle_ISR_1_SetVector
  22              		.thumb
  23              		.thumb_func
  24              		.type	Cycle_ISR_1_SetVector, %function
  25              	Cycle_ISR_1_SetVector:
  26              	.LFB4:
  27              		.file 1 "Generated_Source\\PSoC5\\Cycle_ISR_1.c"
   1:Generated_Source\PSoC5/Cycle_ISR_1.c **** /*******************************************************************************
   2:Generated_Source\PSoC5/Cycle_ISR_1.c **** * File Name: Cycle_ISR_1.c  
   3:Generated_Source\PSoC5/Cycle_ISR_1.c **** * Version 1.70
   4:Generated_Source\PSoC5/Cycle_ISR_1.c **** *
   5:Generated_Source\PSoC5/Cycle_ISR_1.c **** *  Description:
   6:Generated_Source\PSoC5/Cycle_ISR_1.c **** *   API for controlling the state of an interrupt.
   7:Generated_Source\PSoC5/Cycle_ISR_1.c **** *
   8:Generated_Source\PSoC5/Cycle_ISR_1.c **** *
   9:Generated_Source\PSoC5/Cycle_ISR_1.c **** *  Note:
  10:Generated_Source\PSoC5/Cycle_ISR_1.c **** *
  11:Generated_Source\PSoC5/Cycle_ISR_1.c **** ********************************************************************************
  12:Generated_Source\PSoC5/Cycle_ISR_1.c **** * Copyright 2008-2015, Cypress Semiconductor Corporation.  All rights reserved.
  13:Generated_Source\PSoC5/Cycle_ISR_1.c **** * You may use this file only in accordance with the license, terms, conditions, 
  14:Generated_Source\PSoC5/Cycle_ISR_1.c **** * disclaimers, and limitations in the end user license agreement accompanying 
  15:Generated_Source\PSoC5/Cycle_ISR_1.c **** * the software package with which this file was provided.
  16:Generated_Source\PSoC5/Cycle_ISR_1.c **** *******************************************************************************/
  17:Generated_Source\PSoC5/Cycle_ISR_1.c **** 
  18:Generated_Source\PSoC5/Cycle_ISR_1.c **** 
  19:Generated_Source\PSoC5/Cycle_ISR_1.c **** #include <cydevice_trm.h>
  20:Generated_Source\PSoC5/Cycle_ISR_1.c **** #include <CyLib.h>
  21:Generated_Source\PSoC5/Cycle_ISR_1.c **** #include <Cycle_ISR_1.h>
  22:Generated_Source\PSoC5/Cycle_ISR_1.c **** #include "cyapicallbacks.h"
  23:Generated_Source\PSoC5/Cycle_ISR_1.c **** 
  24:Generated_Source\PSoC5/Cycle_ISR_1.c **** #if !defined(Cycle_ISR_1__REMOVED) /* Check for removal by optimization */
  25:Generated_Source\PSoC5/Cycle_ISR_1.c **** 
  26:Generated_Source\PSoC5/Cycle_ISR_1.c **** /*******************************************************************************
  27:Generated_Source\PSoC5/Cycle_ISR_1.c **** *  Place your includes, defines and code here 
  28:Generated_Source\PSoC5/Cycle_ISR_1.c **** ********************************************************************************/
  29:Generated_Source\PSoC5/Cycle_ISR_1.c **** /* `#START Cycle_ISR_1_intc` */
  30:Generated_Source\PSoC5/Cycle_ISR_1.c **** #include "LED.h"
ARM GAS  C:\Users\Besitzer\AppData\Local\Temp\cctq3j7O.s 			page 2


  31:Generated_Source\PSoC5/Cycle_ISR_1.c **** #include "Timer_1.h"
  32:Generated_Source\PSoC5/Cycle_ISR_1.c **** /* `#END` */
  33:Generated_Source\PSoC5/Cycle_ISR_1.c **** 
  34:Generated_Source\PSoC5/Cycle_ISR_1.c **** #ifndef CYINT_IRQ_BASE
  35:Generated_Source\PSoC5/Cycle_ISR_1.c **** #define CYINT_IRQ_BASE      16
  36:Generated_Source\PSoC5/Cycle_ISR_1.c **** #endif /* CYINT_IRQ_BASE */
  37:Generated_Source\PSoC5/Cycle_ISR_1.c **** #ifndef CYINT_VECT_TABLE
  38:Generated_Source\PSoC5/Cycle_ISR_1.c **** #define CYINT_VECT_TABLE    ((cyisraddress **) CYREG_NVIC_VECT_OFFSET)
  39:Generated_Source\PSoC5/Cycle_ISR_1.c **** #endif /* CYINT_VECT_TABLE */
  40:Generated_Source\PSoC5/Cycle_ISR_1.c **** 
  41:Generated_Source\PSoC5/Cycle_ISR_1.c **** /* Declared in startup, used to set unused interrupts to. */
  42:Generated_Source\PSoC5/Cycle_ISR_1.c **** CY_ISR_PROTO(IntDefaultHandler);
  43:Generated_Source\PSoC5/Cycle_ISR_1.c **** 
  44:Generated_Source\PSoC5/Cycle_ISR_1.c **** 
  45:Generated_Source\PSoC5/Cycle_ISR_1.c **** /*******************************************************************************
  46:Generated_Source\PSoC5/Cycle_ISR_1.c **** * Function Name: Cycle_ISR_1_Start
  47:Generated_Source\PSoC5/Cycle_ISR_1.c **** ********************************************************************************
  48:Generated_Source\PSoC5/Cycle_ISR_1.c **** *
  49:Generated_Source\PSoC5/Cycle_ISR_1.c **** * Summary:
  50:Generated_Source\PSoC5/Cycle_ISR_1.c **** *  Set up the interrupt and enable it. This function disables the interrupt, 
  51:Generated_Source\PSoC5/Cycle_ISR_1.c **** *  sets the default interrupt vector, sets the priority from the value in the
  52:Generated_Source\PSoC5/Cycle_ISR_1.c **** *  Design Wide Resources Interrupt Editor, then enables the interrupt to the 
  53:Generated_Source\PSoC5/Cycle_ISR_1.c **** *  interrupt controller.
  54:Generated_Source\PSoC5/Cycle_ISR_1.c **** *
  55:Generated_Source\PSoC5/Cycle_ISR_1.c **** * Parameters:  
  56:Generated_Source\PSoC5/Cycle_ISR_1.c **** *   None
  57:Generated_Source\PSoC5/Cycle_ISR_1.c **** *
  58:Generated_Source\PSoC5/Cycle_ISR_1.c **** * Return:
  59:Generated_Source\PSoC5/Cycle_ISR_1.c **** *   None
  60:Generated_Source\PSoC5/Cycle_ISR_1.c **** *
  61:Generated_Source\PSoC5/Cycle_ISR_1.c **** *******************************************************************************/
  62:Generated_Source\PSoC5/Cycle_ISR_1.c **** void Cycle_ISR_1_Start(void)
  63:Generated_Source\PSoC5/Cycle_ISR_1.c **** {
  64:Generated_Source\PSoC5/Cycle_ISR_1.c ****     /* For all we know the interrupt is active. */
  65:Generated_Source\PSoC5/Cycle_ISR_1.c ****     Cycle_ISR_1_Disable();
  66:Generated_Source\PSoC5/Cycle_ISR_1.c **** 
  67:Generated_Source\PSoC5/Cycle_ISR_1.c ****     /* Set the ISR to point to the Cycle_ISR_1 Interrupt. */
  68:Generated_Source\PSoC5/Cycle_ISR_1.c ****     Cycle_ISR_1_SetVector(&Cycle_ISR_1_Interrupt);
  69:Generated_Source\PSoC5/Cycle_ISR_1.c **** 
  70:Generated_Source\PSoC5/Cycle_ISR_1.c ****     /* Set the priority. */
  71:Generated_Source\PSoC5/Cycle_ISR_1.c ****     Cycle_ISR_1_SetPriority((uint8)Cycle_ISR_1_INTC_PRIOR_NUMBER);
  72:Generated_Source\PSoC5/Cycle_ISR_1.c **** 
  73:Generated_Source\PSoC5/Cycle_ISR_1.c ****     /* Enable it. */
  74:Generated_Source\PSoC5/Cycle_ISR_1.c ****     Cycle_ISR_1_Enable();
  75:Generated_Source\PSoC5/Cycle_ISR_1.c **** }
  76:Generated_Source\PSoC5/Cycle_ISR_1.c **** 
  77:Generated_Source\PSoC5/Cycle_ISR_1.c **** 
  78:Generated_Source\PSoC5/Cycle_ISR_1.c **** /*******************************************************************************
  79:Generated_Source\PSoC5/Cycle_ISR_1.c **** * Function Name: Cycle_ISR_1_StartEx
  80:Generated_Source\PSoC5/Cycle_ISR_1.c **** ********************************************************************************
  81:Generated_Source\PSoC5/Cycle_ISR_1.c **** *
  82:Generated_Source\PSoC5/Cycle_ISR_1.c **** * Summary:
  83:Generated_Source\PSoC5/Cycle_ISR_1.c **** *  Sets up the interrupt and enables it. This function disables the interrupt,
  84:Generated_Source\PSoC5/Cycle_ISR_1.c **** *  sets the interrupt vector based on the address passed in, sets the priority 
  85:Generated_Source\PSoC5/Cycle_ISR_1.c **** *  from the value in the Design Wide Resources Interrupt Editor, then enables 
  86:Generated_Source\PSoC5/Cycle_ISR_1.c **** *  the interrupt to the interrupt controller.
  87:Generated_Source\PSoC5/Cycle_ISR_1.c **** *  
ARM GAS  C:\Users\Besitzer\AppData\Local\Temp\cctq3j7O.s 			page 3


  88:Generated_Source\PSoC5/Cycle_ISR_1.c **** *  When defining ISR functions, the CY_ISR and CY_ISR_PROTO macros should be 
  89:Generated_Source\PSoC5/Cycle_ISR_1.c **** *  used to provide consistent definition across compilers:
  90:Generated_Source\PSoC5/Cycle_ISR_1.c **** *  
  91:Generated_Source\PSoC5/Cycle_ISR_1.c **** *  Function definition example:
  92:Generated_Source\PSoC5/Cycle_ISR_1.c **** *   CY_ISR(MyISR)
  93:Generated_Source\PSoC5/Cycle_ISR_1.c **** *   {
  94:Generated_Source\PSoC5/Cycle_ISR_1.c **** *   }
  95:Generated_Source\PSoC5/Cycle_ISR_1.c **** *   Function prototype example:
  96:Generated_Source\PSoC5/Cycle_ISR_1.c **** *   CY_ISR_PROTO(MyISR);
  97:Generated_Source\PSoC5/Cycle_ISR_1.c **** *
  98:Generated_Source\PSoC5/Cycle_ISR_1.c **** * Parameters:  
  99:Generated_Source\PSoC5/Cycle_ISR_1.c **** *   address: Address of the ISR to set in the interrupt vector table.
 100:Generated_Source\PSoC5/Cycle_ISR_1.c **** *
 101:Generated_Source\PSoC5/Cycle_ISR_1.c **** * Return:
 102:Generated_Source\PSoC5/Cycle_ISR_1.c **** *   None
 103:Generated_Source\PSoC5/Cycle_ISR_1.c **** *
 104:Generated_Source\PSoC5/Cycle_ISR_1.c **** *******************************************************************************/
 105:Generated_Source\PSoC5/Cycle_ISR_1.c **** void Cycle_ISR_1_StartEx(cyisraddress address)
 106:Generated_Source\PSoC5/Cycle_ISR_1.c **** {
 107:Generated_Source\PSoC5/Cycle_ISR_1.c ****     /* For all we know the interrupt is active. */
 108:Generated_Source\PSoC5/Cycle_ISR_1.c ****     Cycle_ISR_1_Disable();
 109:Generated_Source\PSoC5/Cycle_ISR_1.c **** 
 110:Generated_Source\PSoC5/Cycle_ISR_1.c ****     /* Set the ISR to point to the Cycle_ISR_1 Interrupt. */
 111:Generated_Source\PSoC5/Cycle_ISR_1.c ****     Cycle_ISR_1_SetVector(address);
 112:Generated_Source\PSoC5/Cycle_ISR_1.c **** 
 113:Generated_Source\PSoC5/Cycle_ISR_1.c ****     /* Set the priority. */
 114:Generated_Source\PSoC5/Cycle_ISR_1.c ****     Cycle_ISR_1_SetPriority((uint8)Cycle_ISR_1_INTC_PRIOR_NUMBER);
 115:Generated_Source\PSoC5/Cycle_ISR_1.c **** 
 116:Generated_Source\PSoC5/Cycle_ISR_1.c ****     /* Enable it. */
 117:Generated_Source\PSoC5/Cycle_ISR_1.c ****     Cycle_ISR_1_Enable();
 118:Generated_Source\PSoC5/Cycle_ISR_1.c **** }
 119:Generated_Source\PSoC5/Cycle_ISR_1.c **** 
 120:Generated_Source\PSoC5/Cycle_ISR_1.c **** 
 121:Generated_Source\PSoC5/Cycle_ISR_1.c **** /*******************************************************************************
 122:Generated_Source\PSoC5/Cycle_ISR_1.c **** * Function Name: Cycle_ISR_1_Stop
 123:Generated_Source\PSoC5/Cycle_ISR_1.c **** ********************************************************************************
 124:Generated_Source\PSoC5/Cycle_ISR_1.c **** *
 125:Generated_Source\PSoC5/Cycle_ISR_1.c **** * Summary:
 126:Generated_Source\PSoC5/Cycle_ISR_1.c **** *   Disables and removes the interrupt.
 127:Generated_Source\PSoC5/Cycle_ISR_1.c **** *
 128:Generated_Source\PSoC5/Cycle_ISR_1.c **** * Parameters:  
 129:Generated_Source\PSoC5/Cycle_ISR_1.c **** *   None
 130:Generated_Source\PSoC5/Cycle_ISR_1.c **** *
 131:Generated_Source\PSoC5/Cycle_ISR_1.c **** * Return:
 132:Generated_Source\PSoC5/Cycle_ISR_1.c **** *   None
 133:Generated_Source\PSoC5/Cycle_ISR_1.c **** *
 134:Generated_Source\PSoC5/Cycle_ISR_1.c **** *******************************************************************************/
 135:Generated_Source\PSoC5/Cycle_ISR_1.c **** void Cycle_ISR_1_Stop(void)
 136:Generated_Source\PSoC5/Cycle_ISR_1.c **** {
 137:Generated_Source\PSoC5/Cycle_ISR_1.c ****     /* Disable this interrupt. */
 138:Generated_Source\PSoC5/Cycle_ISR_1.c ****     Cycle_ISR_1_Disable();
 139:Generated_Source\PSoC5/Cycle_ISR_1.c **** 
 140:Generated_Source\PSoC5/Cycle_ISR_1.c ****     /* Set the ISR to point to the passive one. */
 141:Generated_Source\PSoC5/Cycle_ISR_1.c ****     Cycle_ISR_1_SetVector(&IntDefaultHandler);
 142:Generated_Source\PSoC5/Cycle_ISR_1.c **** }
 143:Generated_Source\PSoC5/Cycle_ISR_1.c **** 
 144:Generated_Source\PSoC5/Cycle_ISR_1.c **** 
ARM GAS  C:\Users\Besitzer\AppData\Local\Temp\cctq3j7O.s 			page 4


 145:Generated_Source\PSoC5/Cycle_ISR_1.c **** /*******************************************************************************
 146:Generated_Source\PSoC5/Cycle_ISR_1.c **** * Function Name: Cycle_ISR_1_Interrupt
 147:Generated_Source\PSoC5/Cycle_ISR_1.c **** ********************************************************************************
 148:Generated_Source\PSoC5/Cycle_ISR_1.c **** *
 149:Generated_Source\PSoC5/Cycle_ISR_1.c **** * Summary:
 150:Generated_Source\PSoC5/Cycle_ISR_1.c **** *   The default Interrupt Service Routine for Cycle_ISR_1.
 151:Generated_Source\PSoC5/Cycle_ISR_1.c **** *
 152:Generated_Source\PSoC5/Cycle_ISR_1.c **** *   Add custom code between the coments to keep the next version of this file
 153:Generated_Source\PSoC5/Cycle_ISR_1.c **** *   from over writting your code.
 154:Generated_Source\PSoC5/Cycle_ISR_1.c **** *
 155:Generated_Source\PSoC5/Cycle_ISR_1.c **** * Parameters:  
 156:Generated_Source\PSoC5/Cycle_ISR_1.c **** *
 157:Generated_Source\PSoC5/Cycle_ISR_1.c **** * Return:
 158:Generated_Source\PSoC5/Cycle_ISR_1.c **** *   None
 159:Generated_Source\PSoC5/Cycle_ISR_1.c **** *
 160:Generated_Source\PSoC5/Cycle_ISR_1.c **** *******************************************************************************/
 161:Generated_Source\PSoC5/Cycle_ISR_1.c **** CY_ISR(Cycle_ISR_1_Interrupt)
 162:Generated_Source\PSoC5/Cycle_ISR_1.c **** {
 163:Generated_Source\PSoC5/Cycle_ISR_1.c ****     #ifdef Cycle_ISR_1_INTERRUPT_INTERRUPT_CALLBACK
 164:Generated_Source\PSoC5/Cycle_ISR_1.c ****         Cycle_ISR_1_Interrupt_InterruptCallback();
 165:Generated_Source\PSoC5/Cycle_ISR_1.c ****     #endif /* Cycle_ISR_1_INTERRUPT_INTERRUPT_CALLBACK */ 
 166:Generated_Source\PSoC5/Cycle_ISR_1.c **** 
 167:Generated_Source\PSoC5/Cycle_ISR_1.c ****     /*  Place your Interrupt code here. */
 168:Generated_Source\PSoC5/Cycle_ISR_1.c ****     /* `#START Cycle_ISR_1_Interrupt` */
 169:Generated_Source\PSoC5/Cycle_ISR_1.c ****     /***************** Clear Pending INterrupts *****************************/
 170:Generated_Source\PSoC5/Cycle_ISR_1.c ****     Cycle_ISR_1_ClearPending();
 171:Generated_Source\PSoC5/Cycle_ISR_1.c ****     /*********** Read Interruptsource to Bring Trigger Down *****************/
 172:Generated_Source\PSoC5/Cycle_ISR_1.c ****     Timer_1_ReadStatusRegister();
 173:Generated_Source\PSoC5/Cycle_ISR_1.c ****     /************** Do Interruptaction *****/
 174:Generated_Source\PSoC5/Cycle_ISR_1.c ****     LED_Write(!LED_Read());
 175:Generated_Source\PSoC5/Cycle_ISR_1.c ****     /* `#END` */
 176:Generated_Source\PSoC5/Cycle_ISR_1.c **** }
 177:Generated_Source\PSoC5/Cycle_ISR_1.c **** 
 178:Generated_Source\PSoC5/Cycle_ISR_1.c **** 
 179:Generated_Source\PSoC5/Cycle_ISR_1.c **** /*******************************************************************************
 180:Generated_Source\PSoC5/Cycle_ISR_1.c **** * Function Name: Cycle_ISR_1_SetVector
 181:Generated_Source\PSoC5/Cycle_ISR_1.c **** ********************************************************************************
 182:Generated_Source\PSoC5/Cycle_ISR_1.c **** *
 183:Generated_Source\PSoC5/Cycle_ISR_1.c **** * Summary:
 184:Generated_Source\PSoC5/Cycle_ISR_1.c **** *   Change the ISR vector for the Interrupt. Note calling Cycle_ISR_1_Start
 185:Generated_Source\PSoC5/Cycle_ISR_1.c **** *   will override any effect this method would have had. To set the vector 
 186:Generated_Source\PSoC5/Cycle_ISR_1.c **** *   before the component has been started use Cycle_ISR_1_StartEx instead.
 187:Generated_Source\PSoC5/Cycle_ISR_1.c **** * 
 188:Generated_Source\PSoC5/Cycle_ISR_1.c **** *   When defining ISR functions, the CY_ISR and CY_ISR_PROTO macros should be 
 189:Generated_Source\PSoC5/Cycle_ISR_1.c **** *   used to provide consistent definition across compilers:
 190:Generated_Source\PSoC5/Cycle_ISR_1.c **** *
 191:Generated_Source\PSoC5/Cycle_ISR_1.c **** *   Function definition example:
 192:Generated_Source\PSoC5/Cycle_ISR_1.c **** *   CY_ISR(MyISR)
 193:Generated_Source\PSoC5/Cycle_ISR_1.c **** *   {
 194:Generated_Source\PSoC5/Cycle_ISR_1.c **** *   }
 195:Generated_Source\PSoC5/Cycle_ISR_1.c **** *
 196:Generated_Source\PSoC5/Cycle_ISR_1.c **** *   Function prototype example:
 197:Generated_Source\PSoC5/Cycle_ISR_1.c **** *     CY_ISR_PROTO(MyISR);
 198:Generated_Source\PSoC5/Cycle_ISR_1.c **** *
 199:Generated_Source\PSoC5/Cycle_ISR_1.c **** * Parameters:
 200:Generated_Source\PSoC5/Cycle_ISR_1.c **** *   address: Address of the ISR to set in the interrupt vector table.
 201:Generated_Source\PSoC5/Cycle_ISR_1.c **** *
ARM GAS  C:\Users\Besitzer\AppData\Local\Temp\cctq3j7O.s 			page 5


 202:Generated_Source\PSoC5/Cycle_ISR_1.c **** * Return:
 203:Generated_Source\PSoC5/Cycle_ISR_1.c **** *   None
 204:Generated_Source\PSoC5/Cycle_ISR_1.c **** *
 205:Generated_Source\PSoC5/Cycle_ISR_1.c **** *******************************************************************************/
 206:Generated_Source\PSoC5/Cycle_ISR_1.c **** void Cycle_ISR_1_SetVector(cyisraddress address)
 207:Generated_Source\PSoC5/Cycle_ISR_1.c **** {
  28              		.loc 1 207 0
  29              		.cfi_startproc
  30              		@ args = 0, pretend = 0, frame = 0
  31              		@ frame_needed = 0, uses_anonymous_args = 0
  32              		@ link register save eliminated.
  33              	.LVL0:
 208:Generated_Source\PSoC5/Cycle_ISR_1.c ****     cyisraddress * ramVectorTable;
 209:Generated_Source\PSoC5/Cycle_ISR_1.c **** 
 210:Generated_Source\PSoC5/Cycle_ISR_1.c ****     ramVectorTable = (cyisraddress *) *CYINT_VECT_TABLE;
  34              		.loc 1 210 0
  35 0000 014B     		ldr	r3, .L2
  36 0002 1B68     		ldr	r3, [r3]
  37              	.LVL1:
 211:Generated_Source\PSoC5/Cycle_ISR_1.c **** 
 212:Generated_Source\PSoC5/Cycle_ISR_1.c ****     ramVectorTable[CYINT_IRQ_BASE + (uint32)Cycle_ISR_1__INTC_NUMBER] = address;
  38              		.loc 1 212 0
  39 0004 1864     		str	r0, [r3, #64]
  40 0006 7047     		bx	lr
  41              	.L3:
  42              		.align	2
  43              	.L2:
  44 0008 08ED00E0 		.word	-536810232
  45              		.cfi_endproc
  46              	.LFE4:
  47              		.size	Cycle_ISR_1_SetVector, .-Cycle_ISR_1_SetVector
  48              		.section	.text.Cycle_ISR_1_GetVector,"ax",%progbits
  49              		.align	2
  50              		.global	Cycle_ISR_1_GetVector
  51              		.thumb
  52              		.thumb_func
  53              		.type	Cycle_ISR_1_GetVector, %function
  54              	Cycle_ISR_1_GetVector:
  55              	.LFB5:
 213:Generated_Source\PSoC5/Cycle_ISR_1.c **** }
 214:Generated_Source\PSoC5/Cycle_ISR_1.c **** 
 215:Generated_Source\PSoC5/Cycle_ISR_1.c **** 
 216:Generated_Source\PSoC5/Cycle_ISR_1.c **** /*******************************************************************************
 217:Generated_Source\PSoC5/Cycle_ISR_1.c **** * Function Name: Cycle_ISR_1_GetVector
 218:Generated_Source\PSoC5/Cycle_ISR_1.c **** ********************************************************************************
 219:Generated_Source\PSoC5/Cycle_ISR_1.c **** *
 220:Generated_Source\PSoC5/Cycle_ISR_1.c **** * Summary:
 221:Generated_Source\PSoC5/Cycle_ISR_1.c **** *   Gets the "address" of the current ISR vector for the Interrupt.
 222:Generated_Source\PSoC5/Cycle_ISR_1.c **** *
 223:Generated_Source\PSoC5/Cycle_ISR_1.c **** * Parameters:
 224:Generated_Source\PSoC5/Cycle_ISR_1.c **** *   None
 225:Generated_Source\PSoC5/Cycle_ISR_1.c **** *
 226:Generated_Source\PSoC5/Cycle_ISR_1.c **** * Return:
 227:Generated_Source\PSoC5/Cycle_ISR_1.c **** *   Address of the ISR in the interrupt vector table.
 228:Generated_Source\PSoC5/Cycle_ISR_1.c **** *
 229:Generated_Source\PSoC5/Cycle_ISR_1.c **** *******************************************************************************/
 230:Generated_Source\PSoC5/Cycle_ISR_1.c **** cyisraddress Cycle_ISR_1_GetVector(void)
ARM GAS  C:\Users\Besitzer\AppData\Local\Temp\cctq3j7O.s 			page 6


 231:Generated_Source\PSoC5/Cycle_ISR_1.c **** {
  56              		.loc 1 231 0
  57              		.cfi_startproc
  58              		@ args = 0, pretend = 0, frame = 0
  59              		@ frame_needed = 0, uses_anonymous_args = 0
  60              		@ link register save eliminated.
 232:Generated_Source\PSoC5/Cycle_ISR_1.c ****     cyisraddress * ramVectorTable;
 233:Generated_Source\PSoC5/Cycle_ISR_1.c **** 
 234:Generated_Source\PSoC5/Cycle_ISR_1.c ****     ramVectorTable = (cyisraddress *) *CYINT_VECT_TABLE;
  61              		.loc 1 234 0
  62 0000 014B     		ldr	r3, .L5
  63 0002 1B68     		ldr	r3, [r3]
  64              	.LVL2:
 235:Generated_Source\PSoC5/Cycle_ISR_1.c **** 
 236:Generated_Source\PSoC5/Cycle_ISR_1.c ****     return ramVectorTable[CYINT_IRQ_BASE + (uint32)Cycle_ISR_1__INTC_NUMBER];
 237:Generated_Source\PSoC5/Cycle_ISR_1.c **** }
  65              		.loc 1 237 0
  66 0004 186C     		ldr	r0, [r3, #64]
  67 0006 7047     		bx	lr
  68              	.L6:
  69              		.align	2
  70              	.L5:
  71 0008 08ED00E0 		.word	-536810232
  72              		.cfi_endproc
  73              	.LFE5:
  74              		.size	Cycle_ISR_1_GetVector, .-Cycle_ISR_1_GetVector
  75              		.section	.text.Cycle_ISR_1_SetPriority,"ax",%progbits
  76              		.align	2
  77              		.global	Cycle_ISR_1_SetPriority
  78              		.thumb
  79              		.thumb_func
  80              		.type	Cycle_ISR_1_SetPriority, %function
  81              	Cycle_ISR_1_SetPriority:
  82              	.LFB6:
 238:Generated_Source\PSoC5/Cycle_ISR_1.c **** 
 239:Generated_Source\PSoC5/Cycle_ISR_1.c **** 
 240:Generated_Source\PSoC5/Cycle_ISR_1.c **** /*******************************************************************************
 241:Generated_Source\PSoC5/Cycle_ISR_1.c **** * Function Name: Cycle_ISR_1_SetPriority
 242:Generated_Source\PSoC5/Cycle_ISR_1.c **** ********************************************************************************
 243:Generated_Source\PSoC5/Cycle_ISR_1.c **** *
 244:Generated_Source\PSoC5/Cycle_ISR_1.c **** * Summary:
 245:Generated_Source\PSoC5/Cycle_ISR_1.c **** *   Sets the Priority of the Interrupt. 
 246:Generated_Source\PSoC5/Cycle_ISR_1.c **** *
 247:Generated_Source\PSoC5/Cycle_ISR_1.c **** *   Note calling Cycle_ISR_1_Start or Cycle_ISR_1_StartEx will 
 248:Generated_Source\PSoC5/Cycle_ISR_1.c **** *   override any effect this API would have had. This API should only be called
 249:Generated_Source\PSoC5/Cycle_ISR_1.c **** *   after Cycle_ISR_1_Start or Cycle_ISR_1_StartEx has been called. 
 250:Generated_Source\PSoC5/Cycle_ISR_1.c **** *   To set the initial priority for the component, use the Design-Wide Resources
 251:Generated_Source\PSoC5/Cycle_ISR_1.c **** *   Interrupt Editor.
 252:Generated_Source\PSoC5/Cycle_ISR_1.c **** *
 253:Generated_Source\PSoC5/Cycle_ISR_1.c **** *   Note This API has no effect on Non-maskable interrupt NMI).
 254:Generated_Source\PSoC5/Cycle_ISR_1.c **** *
 255:Generated_Source\PSoC5/Cycle_ISR_1.c **** * Parameters:
 256:Generated_Source\PSoC5/Cycle_ISR_1.c **** *   priority: Priority of the interrupt, 0 being the highest priority
 257:Generated_Source\PSoC5/Cycle_ISR_1.c **** *             PSoC 3 and PSoC 5LP: Priority is from 0 to 7.
 258:Generated_Source\PSoC5/Cycle_ISR_1.c **** *             PSoC 4: Priority is from 0 to 3.
 259:Generated_Source\PSoC5/Cycle_ISR_1.c **** *
 260:Generated_Source\PSoC5/Cycle_ISR_1.c **** * Return:
ARM GAS  C:\Users\Besitzer\AppData\Local\Temp\cctq3j7O.s 			page 7


 261:Generated_Source\PSoC5/Cycle_ISR_1.c **** *   None
 262:Generated_Source\PSoC5/Cycle_ISR_1.c **** *
 263:Generated_Source\PSoC5/Cycle_ISR_1.c **** *******************************************************************************/
 264:Generated_Source\PSoC5/Cycle_ISR_1.c **** void Cycle_ISR_1_SetPriority(uint8 priority)
 265:Generated_Source\PSoC5/Cycle_ISR_1.c **** {
  83              		.loc 1 265 0
  84              		.cfi_startproc
  85              		@ args = 0, pretend = 0, frame = 0
  86              		@ frame_needed = 0, uses_anonymous_args = 0
  87              		@ link register save eliminated.
  88              	.LVL3:
 266:Generated_Source\PSoC5/Cycle_ISR_1.c ****     *Cycle_ISR_1_INTC_PRIOR = priority << 5;
  89              		.loc 1 266 0
  90 0000 4001     		lsls	r0, r0, #5
  91              	.LVL4:
  92 0002 C0B2     		uxtb	r0, r0
  93 0004 014B     		ldr	r3, .L8
  94 0006 1870     		strb	r0, [r3]
  95 0008 7047     		bx	lr
  96              	.L9:
  97 000a 00BF     		.align	2
  98              	.L8:
  99 000c 00E400E0 		.word	-536812544
 100              		.cfi_endproc
 101              	.LFE6:
 102              		.size	Cycle_ISR_1_SetPriority, .-Cycle_ISR_1_SetPriority
 103              		.section	.text.Cycle_ISR_1_GetPriority,"ax",%progbits
 104              		.align	2
 105              		.global	Cycle_ISR_1_GetPriority
 106              		.thumb
 107              		.thumb_func
 108              		.type	Cycle_ISR_1_GetPriority, %function
 109              	Cycle_ISR_1_GetPriority:
 110              	.LFB7:
 267:Generated_Source\PSoC5/Cycle_ISR_1.c **** }
 268:Generated_Source\PSoC5/Cycle_ISR_1.c **** 
 269:Generated_Source\PSoC5/Cycle_ISR_1.c **** 
 270:Generated_Source\PSoC5/Cycle_ISR_1.c **** /*******************************************************************************
 271:Generated_Source\PSoC5/Cycle_ISR_1.c **** * Function Name: Cycle_ISR_1_GetPriority
 272:Generated_Source\PSoC5/Cycle_ISR_1.c **** ********************************************************************************
 273:Generated_Source\PSoC5/Cycle_ISR_1.c **** *
 274:Generated_Source\PSoC5/Cycle_ISR_1.c **** * Summary:
 275:Generated_Source\PSoC5/Cycle_ISR_1.c **** *   Gets the Priority of the Interrupt.
 276:Generated_Source\PSoC5/Cycle_ISR_1.c **** *
 277:Generated_Source\PSoC5/Cycle_ISR_1.c **** * Parameters:
 278:Generated_Source\PSoC5/Cycle_ISR_1.c **** *   None
 279:Generated_Source\PSoC5/Cycle_ISR_1.c **** *
 280:Generated_Source\PSoC5/Cycle_ISR_1.c **** * Return:
 281:Generated_Source\PSoC5/Cycle_ISR_1.c **** *   Priority of the interrupt, 0 being the highest priority
 282:Generated_Source\PSoC5/Cycle_ISR_1.c **** *    PSoC 3 and PSoC 5LP: Priority is from 0 to 7.
 283:Generated_Source\PSoC5/Cycle_ISR_1.c **** *    PSoC 4: Priority is from 0 to 3.
 284:Generated_Source\PSoC5/Cycle_ISR_1.c **** *
 285:Generated_Source\PSoC5/Cycle_ISR_1.c **** *******************************************************************************/
 286:Generated_Source\PSoC5/Cycle_ISR_1.c **** uint8 Cycle_ISR_1_GetPriority(void)
 287:Generated_Source\PSoC5/Cycle_ISR_1.c **** {
 111              		.loc 1 287 0
 112              		.cfi_startproc
ARM GAS  C:\Users\Besitzer\AppData\Local\Temp\cctq3j7O.s 			page 8


 113              		@ args = 0, pretend = 0, frame = 0
 114              		@ frame_needed = 0, uses_anonymous_args = 0
 115              		@ link register save eliminated.
 288:Generated_Source\PSoC5/Cycle_ISR_1.c ****     uint8 priority;
 289:Generated_Source\PSoC5/Cycle_ISR_1.c **** 
 290:Generated_Source\PSoC5/Cycle_ISR_1.c **** 
 291:Generated_Source\PSoC5/Cycle_ISR_1.c ****     priority = *Cycle_ISR_1_INTC_PRIOR >> 5;
 116              		.loc 1 291 0
 117 0000 014B     		ldr	r3, .L11
 118 0002 1878     		ldrb	r0, [r3]	@ zero_extendqisi2
 119              	.LVL5:
 292:Generated_Source\PSoC5/Cycle_ISR_1.c **** 
 293:Generated_Source\PSoC5/Cycle_ISR_1.c ****     return priority;
 294:Generated_Source\PSoC5/Cycle_ISR_1.c **** }
 120              		.loc 1 294 0
 121 0004 4009     		lsrs	r0, r0, #5
 122              	.LVL6:
 123 0006 7047     		bx	lr
 124              	.L12:
 125              		.align	2
 126              	.L11:
 127 0008 00E400E0 		.word	-536812544
 128              		.cfi_endproc
 129              	.LFE7:
 130              		.size	Cycle_ISR_1_GetPriority, .-Cycle_ISR_1_GetPriority
 131              		.section	.text.Cycle_ISR_1_Enable,"ax",%progbits
 132              		.align	2
 133              		.global	Cycle_ISR_1_Enable
 134              		.thumb
 135              		.thumb_func
 136              		.type	Cycle_ISR_1_Enable, %function
 137              	Cycle_ISR_1_Enable:
 138              	.LFB8:
 295:Generated_Source\PSoC5/Cycle_ISR_1.c **** 
 296:Generated_Source\PSoC5/Cycle_ISR_1.c **** 
 297:Generated_Source\PSoC5/Cycle_ISR_1.c **** /*******************************************************************************
 298:Generated_Source\PSoC5/Cycle_ISR_1.c **** * Function Name: Cycle_ISR_1_Enable
 299:Generated_Source\PSoC5/Cycle_ISR_1.c **** ********************************************************************************
 300:Generated_Source\PSoC5/Cycle_ISR_1.c **** *
 301:Generated_Source\PSoC5/Cycle_ISR_1.c **** * Summary:
 302:Generated_Source\PSoC5/Cycle_ISR_1.c **** *   Enables the interrupt to the interrupt controller. Do not call this function
 303:Generated_Source\PSoC5/Cycle_ISR_1.c **** *   unless ISR_Start() has been called or the functionality of the ISR_Start() 
 304:Generated_Source\PSoC5/Cycle_ISR_1.c **** *   function, which sets the vector and the priority, has been called.
 305:Generated_Source\PSoC5/Cycle_ISR_1.c **** *
 306:Generated_Source\PSoC5/Cycle_ISR_1.c **** * Parameters:
 307:Generated_Source\PSoC5/Cycle_ISR_1.c **** *   None
 308:Generated_Source\PSoC5/Cycle_ISR_1.c **** *
 309:Generated_Source\PSoC5/Cycle_ISR_1.c **** * Return:
 310:Generated_Source\PSoC5/Cycle_ISR_1.c **** *   None
 311:Generated_Source\PSoC5/Cycle_ISR_1.c **** *
 312:Generated_Source\PSoC5/Cycle_ISR_1.c **** *******************************************************************************/
 313:Generated_Source\PSoC5/Cycle_ISR_1.c **** void Cycle_ISR_1_Enable(void)
 314:Generated_Source\PSoC5/Cycle_ISR_1.c **** {
 139              		.loc 1 314 0
 140              		.cfi_startproc
 141              		@ args = 0, pretend = 0, frame = 0
 142              		@ frame_needed = 0, uses_anonymous_args = 0
ARM GAS  C:\Users\Besitzer\AppData\Local\Temp\cctq3j7O.s 			page 9


 143              		@ link register save eliminated.
 315:Generated_Source\PSoC5/Cycle_ISR_1.c ****     /* Enable the general interrupt. */
 316:Generated_Source\PSoC5/Cycle_ISR_1.c ****     *Cycle_ISR_1_INTC_SET_EN = Cycle_ISR_1__INTC_MASK;
 144              		.loc 1 316 0
 145 0000 0122     		movs	r2, #1
 146 0002 014B     		ldr	r3, .L14
 147 0004 1A60     		str	r2, [r3]
 148 0006 7047     		bx	lr
 149              	.L15:
 150              		.align	2
 151              	.L14:
 152 0008 00E100E0 		.word	-536813312
 153              		.cfi_endproc
 154              	.LFE8:
 155              		.size	Cycle_ISR_1_Enable, .-Cycle_ISR_1_Enable
 156              		.section	.text.Cycle_ISR_1_GetState,"ax",%progbits
 157              		.align	2
 158              		.global	Cycle_ISR_1_GetState
 159              		.thumb
 160              		.thumb_func
 161              		.type	Cycle_ISR_1_GetState, %function
 162              	Cycle_ISR_1_GetState:
 163              	.LFB9:
 317:Generated_Source\PSoC5/Cycle_ISR_1.c **** }
 318:Generated_Source\PSoC5/Cycle_ISR_1.c **** 
 319:Generated_Source\PSoC5/Cycle_ISR_1.c **** 
 320:Generated_Source\PSoC5/Cycle_ISR_1.c **** /*******************************************************************************
 321:Generated_Source\PSoC5/Cycle_ISR_1.c **** * Function Name: Cycle_ISR_1_GetState
 322:Generated_Source\PSoC5/Cycle_ISR_1.c **** ********************************************************************************
 323:Generated_Source\PSoC5/Cycle_ISR_1.c **** *
 324:Generated_Source\PSoC5/Cycle_ISR_1.c **** * Summary:
 325:Generated_Source\PSoC5/Cycle_ISR_1.c **** *   Gets the state (enabled, disabled) of the Interrupt.
 326:Generated_Source\PSoC5/Cycle_ISR_1.c **** *
 327:Generated_Source\PSoC5/Cycle_ISR_1.c **** * Parameters:
 328:Generated_Source\PSoC5/Cycle_ISR_1.c **** *   None
 329:Generated_Source\PSoC5/Cycle_ISR_1.c **** *
 330:Generated_Source\PSoC5/Cycle_ISR_1.c **** * Return:
 331:Generated_Source\PSoC5/Cycle_ISR_1.c **** *   1 if enabled, 0 if disabled.
 332:Generated_Source\PSoC5/Cycle_ISR_1.c **** *
 333:Generated_Source\PSoC5/Cycle_ISR_1.c **** *******************************************************************************/
 334:Generated_Source\PSoC5/Cycle_ISR_1.c **** uint8 Cycle_ISR_1_GetState(void)
 335:Generated_Source\PSoC5/Cycle_ISR_1.c **** {
 164              		.loc 1 335 0
 165              		.cfi_startproc
 166              		@ args = 0, pretend = 0, frame = 0
 167              		@ frame_needed = 0, uses_anonymous_args = 0
 168              		@ link register save eliminated.
 336:Generated_Source\PSoC5/Cycle_ISR_1.c ****     /* Get the state of the general interrupt. */
 337:Generated_Source\PSoC5/Cycle_ISR_1.c ****     return ((*Cycle_ISR_1_INTC_SET_EN & (uint32)Cycle_ISR_1__INTC_MASK) != 0u) ? 1u:0u;
 169              		.loc 1 337 0
 170 0000 024B     		ldr	r3, .L17
 171 0002 1868     		ldr	r0, [r3]
 338:Generated_Source\PSoC5/Cycle_ISR_1.c **** }
 172              		.loc 1 338 0
 173 0004 00F00100 		and	r0, r0, #1
 174 0008 7047     		bx	lr
 175              	.L18:
ARM GAS  C:\Users\Besitzer\AppData\Local\Temp\cctq3j7O.s 			page 10


 176 000a 00BF     		.align	2
 177              	.L17:
 178 000c 00E100E0 		.word	-536813312
 179              		.cfi_endproc
 180              	.LFE9:
 181              		.size	Cycle_ISR_1_GetState, .-Cycle_ISR_1_GetState
 182              		.section	.text.Cycle_ISR_1_Disable,"ax",%progbits
 183              		.align	2
 184              		.global	Cycle_ISR_1_Disable
 185              		.thumb
 186              		.thumb_func
 187              		.type	Cycle_ISR_1_Disable, %function
 188              	Cycle_ISR_1_Disable:
 189              	.LFB10:
 339:Generated_Source\PSoC5/Cycle_ISR_1.c **** 
 340:Generated_Source\PSoC5/Cycle_ISR_1.c **** 
 341:Generated_Source\PSoC5/Cycle_ISR_1.c **** /*******************************************************************************
 342:Generated_Source\PSoC5/Cycle_ISR_1.c **** * Function Name: Cycle_ISR_1_Disable
 343:Generated_Source\PSoC5/Cycle_ISR_1.c **** ********************************************************************************
 344:Generated_Source\PSoC5/Cycle_ISR_1.c **** *
 345:Generated_Source\PSoC5/Cycle_ISR_1.c **** * Summary:
 346:Generated_Source\PSoC5/Cycle_ISR_1.c **** *   Disables the Interrupt in the interrupt controller.
 347:Generated_Source\PSoC5/Cycle_ISR_1.c **** *
 348:Generated_Source\PSoC5/Cycle_ISR_1.c **** * Parameters:
 349:Generated_Source\PSoC5/Cycle_ISR_1.c **** *   None
 350:Generated_Source\PSoC5/Cycle_ISR_1.c **** *
 351:Generated_Source\PSoC5/Cycle_ISR_1.c **** * Return:
 352:Generated_Source\PSoC5/Cycle_ISR_1.c **** *   None
 353:Generated_Source\PSoC5/Cycle_ISR_1.c **** *
 354:Generated_Source\PSoC5/Cycle_ISR_1.c **** *******************************************************************************/
 355:Generated_Source\PSoC5/Cycle_ISR_1.c **** void Cycle_ISR_1_Disable(void)
 356:Generated_Source\PSoC5/Cycle_ISR_1.c **** {
 190              		.loc 1 356 0
 191              		.cfi_startproc
 192              		@ args = 0, pretend = 0, frame = 0
 193              		@ frame_needed = 0, uses_anonymous_args = 0
 194              		@ link register save eliminated.
 357:Generated_Source\PSoC5/Cycle_ISR_1.c ****     /* Disable the general interrupt. */
 358:Generated_Source\PSoC5/Cycle_ISR_1.c ****     *Cycle_ISR_1_INTC_CLR_EN = Cycle_ISR_1__INTC_MASK;
 195              		.loc 1 358 0
 196 0000 0122     		movs	r2, #1
 197 0002 014B     		ldr	r3, .L20
 198 0004 1A60     		str	r2, [r3]
 199 0006 7047     		bx	lr
 200              	.L21:
 201              		.align	2
 202              	.L20:
 203 0008 80E100E0 		.word	-536813184
 204              		.cfi_endproc
 205              	.LFE10:
 206              		.size	Cycle_ISR_1_Disable, .-Cycle_ISR_1_Disable
 207              		.section	.text.Cycle_ISR_1_Start,"ax",%progbits
 208              		.align	2
 209              		.global	Cycle_ISR_1_Start
 210              		.thumb
 211              		.thumb_func
 212              		.type	Cycle_ISR_1_Start, %function
ARM GAS  C:\Users\Besitzer\AppData\Local\Temp\cctq3j7O.s 			page 11


 213              	Cycle_ISR_1_Start:
 214              	.LFB0:
  63:Generated_Source\PSoC5/Cycle_ISR_1.c ****     /* For all we know the interrupt is active. */
 215              		.loc 1 63 0
 216              		.cfi_startproc
 217              		@ args = 0, pretend = 0, frame = 0
 218              		@ frame_needed = 0, uses_anonymous_args = 0
 219 0000 08B5     		push	{r3, lr}
 220              		.cfi_def_cfa_offset 8
 221              		.cfi_offset 3, -8
 222              		.cfi_offset 14, -4
  65:Generated_Source\PSoC5/Cycle_ISR_1.c **** 
 223              		.loc 1 65 0
 224 0002 FFF7FEFF 		bl	Cycle_ISR_1_Disable
 225              	.LVL7:
  68:Generated_Source\PSoC5/Cycle_ISR_1.c **** 
 226              		.loc 1 68 0
 227 0006 0448     		ldr	r0, .L24
 228 0008 FFF7FEFF 		bl	Cycle_ISR_1_SetVector
 229              	.LVL8:
  71:Generated_Source\PSoC5/Cycle_ISR_1.c **** 
 230              		.loc 1 71 0
 231 000c 0720     		movs	r0, #7
 232 000e FFF7FEFF 		bl	Cycle_ISR_1_SetPriority
 233              	.LVL9:
  74:Generated_Source\PSoC5/Cycle_ISR_1.c **** }
 234              		.loc 1 74 0
 235 0012 FFF7FEFF 		bl	Cycle_ISR_1_Enable
 236              	.LVL10:
 237 0016 08BD     		pop	{r3, pc}
 238              	.L25:
 239              		.align	2
 240              	.L24:
 241 0018 00000000 		.word	Cycle_ISR_1_Interrupt
 242              		.cfi_endproc
 243              	.LFE0:
 244              		.size	Cycle_ISR_1_Start, .-Cycle_ISR_1_Start
 245              		.section	.text.Cycle_ISR_1_StartEx,"ax",%progbits
 246              		.align	2
 247              		.global	Cycle_ISR_1_StartEx
 248              		.thumb
 249              		.thumb_func
 250              		.type	Cycle_ISR_1_StartEx, %function
 251              	Cycle_ISR_1_StartEx:
 252              	.LFB1:
 106:Generated_Source\PSoC5/Cycle_ISR_1.c ****     /* For all we know the interrupt is active. */
 253              		.loc 1 106 0
 254              		.cfi_startproc
 255              		@ args = 0, pretend = 0, frame = 0
 256              		@ frame_needed = 0, uses_anonymous_args = 0
 257              	.LVL11:
 258 0000 10B5     		push	{r4, lr}
 259              		.cfi_def_cfa_offset 8
 260              		.cfi_offset 4, -8
 261              		.cfi_offset 14, -4
 262 0002 0446     		mov	r4, r0
 108:Generated_Source\PSoC5/Cycle_ISR_1.c **** 
ARM GAS  C:\Users\Besitzer\AppData\Local\Temp\cctq3j7O.s 			page 12


 263              		.loc 1 108 0
 264 0004 FFF7FEFF 		bl	Cycle_ISR_1_Disable
 265              	.LVL12:
 111:Generated_Source\PSoC5/Cycle_ISR_1.c **** 
 266              		.loc 1 111 0
 267 0008 2046     		mov	r0, r4
 268 000a FFF7FEFF 		bl	Cycle_ISR_1_SetVector
 269              	.LVL13:
 114:Generated_Source\PSoC5/Cycle_ISR_1.c **** 
 270              		.loc 1 114 0
 271 000e 0720     		movs	r0, #7
 272 0010 FFF7FEFF 		bl	Cycle_ISR_1_SetPriority
 273              	.LVL14:
 117:Generated_Source\PSoC5/Cycle_ISR_1.c **** }
 274              		.loc 1 117 0
 275 0014 FFF7FEFF 		bl	Cycle_ISR_1_Enable
 276              	.LVL15:
 277 0018 10BD     		pop	{r4, pc}
 278              		.cfi_endproc
 279              	.LFE1:
 280              		.size	Cycle_ISR_1_StartEx, .-Cycle_ISR_1_StartEx
 281 001a 00BF     		.section	.text.Cycle_ISR_1_Stop,"ax",%progbits
 282              		.align	2
 283              		.global	Cycle_ISR_1_Stop
 284              		.thumb
 285              		.thumb_func
 286              		.type	Cycle_ISR_1_Stop, %function
 287              	Cycle_ISR_1_Stop:
 288              	.LFB2:
 136:Generated_Source\PSoC5/Cycle_ISR_1.c ****     /* Disable this interrupt. */
 289              		.loc 1 136 0
 290              		.cfi_startproc
 291              		@ args = 0, pretend = 0, frame = 0
 292              		@ frame_needed = 0, uses_anonymous_args = 0
 293 0000 08B5     		push	{r3, lr}
 294              		.cfi_def_cfa_offset 8
 295              		.cfi_offset 3, -8
 296              		.cfi_offset 14, -4
 138:Generated_Source\PSoC5/Cycle_ISR_1.c **** 
 297              		.loc 1 138 0
 298 0002 FFF7FEFF 		bl	Cycle_ISR_1_Disable
 299              	.LVL16:
 141:Generated_Source\PSoC5/Cycle_ISR_1.c **** }
 300              		.loc 1 141 0
 301 0006 0248     		ldr	r0, .L30
 302 0008 FFF7FEFF 		bl	Cycle_ISR_1_SetVector
 303              	.LVL17:
 304 000c 08BD     		pop	{r3, pc}
 305              	.L31:
 306 000e 00BF     		.align	2
 307              	.L30:
 308 0010 00000000 		.word	IntDefaultHandler
 309              		.cfi_endproc
 310              	.LFE2:
 311              		.size	Cycle_ISR_1_Stop, .-Cycle_ISR_1_Stop
 312              		.section	.text.Cycle_ISR_1_SetPending,"ax",%progbits
 313              		.align	2
ARM GAS  C:\Users\Besitzer\AppData\Local\Temp\cctq3j7O.s 			page 13


 314              		.global	Cycle_ISR_1_SetPending
 315              		.thumb
 316              		.thumb_func
 317              		.type	Cycle_ISR_1_SetPending, %function
 318              	Cycle_ISR_1_SetPending:
 319              	.LFB11:
 359:Generated_Source\PSoC5/Cycle_ISR_1.c **** }
 360:Generated_Source\PSoC5/Cycle_ISR_1.c **** 
 361:Generated_Source\PSoC5/Cycle_ISR_1.c **** 
 362:Generated_Source\PSoC5/Cycle_ISR_1.c **** /*******************************************************************************
 363:Generated_Source\PSoC5/Cycle_ISR_1.c **** * Function Name: Cycle_ISR_1_SetPending
 364:Generated_Source\PSoC5/Cycle_ISR_1.c **** ********************************************************************************
 365:Generated_Source\PSoC5/Cycle_ISR_1.c **** *
 366:Generated_Source\PSoC5/Cycle_ISR_1.c **** * Summary:
 367:Generated_Source\PSoC5/Cycle_ISR_1.c **** *   Causes the Interrupt to enter the pending state, a software method of
 368:Generated_Source\PSoC5/Cycle_ISR_1.c **** *   generating the interrupt.
 369:Generated_Source\PSoC5/Cycle_ISR_1.c **** *
 370:Generated_Source\PSoC5/Cycle_ISR_1.c **** * Parameters:
 371:Generated_Source\PSoC5/Cycle_ISR_1.c **** *   None
 372:Generated_Source\PSoC5/Cycle_ISR_1.c **** *
 373:Generated_Source\PSoC5/Cycle_ISR_1.c **** * Return:
 374:Generated_Source\PSoC5/Cycle_ISR_1.c **** *   None
 375:Generated_Source\PSoC5/Cycle_ISR_1.c **** *
 376:Generated_Source\PSoC5/Cycle_ISR_1.c **** * Side Effects:
 377:Generated_Source\PSoC5/Cycle_ISR_1.c **** *   If interrupts are enabled and the interrupt is set up properly, the ISR is
 378:Generated_Source\PSoC5/Cycle_ISR_1.c **** *   entered (depending on the priority of this interrupt and other pending 
 379:Generated_Source\PSoC5/Cycle_ISR_1.c **** *   interrupts).
 380:Generated_Source\PSoC5/Cycle_ISR_1.c **** *
 381:Generated_Source\PSoC5/Cycle_ISR_1.c **** *******************************************************************************/
 382:Generated_Source\PSoC5/Cycle_ISR_1.c **** void Cycle_ISR_1_SetPending(void)
 383:Generated_Source\PSoC5/Cycle_ISR_1.c **** {
 320              		.loc 1 383 0
 321              		.cfi_startproc
 322              		@ args = 0, pretend = 0, frame = 0
 323              		@ frame_needed = 0, uses_anonymous_args = 0
 324              		@ link register save eliminated.
 384:Generated_Source\PSoC5/Cycle_ISR_1.c ****     *Cycle_ISR_1_INTC_SET_PD = Cycle_ISR_1__INTC_MASK;
 325              		.loc 1 384 0
 326 0000 0122     		movs	r2, #1
 327 0002 014B     		ldr	r3, .L33
 328 0004 1A60     		str	r2, [r3]
 329 0006 7047     		bx	lr
 330              	.L34:
 331              		.align	2
 332              	.L33:
 333 0008 00E200E0 		.word	-536813056
 334              		.cfi_endproc
 335              	.LFE11:
 336              		.size	Cycle_ISR_1_SetPending, .-Cycle_ISR_1_SetPending
 337              		.section	.text.Cycle_ISR_1_ClearPending,"ax",%progbits
 338              		.align	2
 339              		.global	Cycle_ISR_1_ClearPending
 340              		.thumb
 341              		.thumb_func
 342              		.type	Cycle_ISR_1_ClearPending, %function
 343              	Cycle_ISR_1_ClearPending:
 344              	.LFB12:
ARM GAS  C:\Users\Besitzer\AppData\Local\Temp\cctq3j7O.s 			page 14


 385:Generated_Source\PSoC5/Cycle_ISR_1.c **** }
 386:Generated_Source\PSoC5/Cycle_ISR_1.c **** 
 387:Generated_Source\PSoC5/Cycle_ISR_1.c **** 
 388:Generated_Source\PSoC5/Cycle_ISR_1.c **** /*******************************************************************************
 389:Generated_Source\PSoC5/Cycle_ISR_1.c **** * Function Name: Cycle_ISR_1_ClearPending
 390:Generated_Source\PSoC5/Cycle_ISR_1.c **** ********************************************************************************
 391:Generated_Source\PSoC5/Cycle_ISR_1.c **** *
 392:Generated_Source\PSoC5/Cycle_ISR_1.c **** * Summary:
 393:Generated_Source\PSoC5/Cycle_ISR_1.c **** *   Clears a pending interrupt in the interrupt controller.
 394:Generated_Source\PSoC5/Cycle_ISR_1.c **** *
 395:Generated_Source\PSoC5/Cycle_ISR_1.c **** *   Note Some interrupt sources are clear-on-read and require the block 
 396:Generated_Source\PSoC5/Cycle_ISR_1.c **** *   interrupt/status register to be read/cleared with the appropriate block API 
 397:Generated_Source\PSoC5/Cycle_ISR_1.c **** *   (GPIO, UART, and so on). Otherwise the ISR will continue to remain in 
 398:Generated_Source\PSoC5/Cycle_ISR_1.c **** *   pending state even though the interrupt itself is cleared using this API.
 399:Generated_Source\PSoC5/Cycle_ISR_1.c **** *
 400:Generated_Source\PSoC5/Cycle_ISR_1.c **** * Parameters:
 401:Generated_Source\PSoC5/Cycle_ISR_1.c **** *   None
 402:Generated_Source\PSoC5/Cycle_ISR_1.c **** *
 403:Generated_Source\PSoC5/Cycle_ISR_1.c **** * Return:
 404:Generated_Source\PSoC5/Cycle_ISR_1.c **** *   None
 405:Generated_Source\PSoC5/Cycle_ISR_1.c **** *
 406:Generated_Source\PSoC5/Cycle_ISR_1.c **** *******************************************************************************/
 407:Generated_Source\PSoC5/Cycle_ISR_1.c **** void Cycle_ISR_1_ClearPending(void)
 408:Generated_Source\PSoC5/Cycle_ISR_1.c **** {
 345              		.loc 1 408 0
 346              		.cfi_startproc
 347              		@ args = 0, pretend = 0, frame = 0
 348              		@ frame_needed = 0, uses_anonymous_args = 0
 349              		@ link register save eliminated.
 409:Generated_Source\PSoC5/Cycle_ISR_1.c ****     *Cycle_ISR_1_INTC_CLR_PD = Cycle_ISR_1__INTC_MASK;
 350              		.loc 1 409 0
 351 0000 0122     		movs	r2, #1
 352 0002 014B     		ldr	r3, .L36
 353 0004 1A60     		str	r2, [r3]
 354 0006 7047     		bx	lr
 355              	.L37:
 356              		.align	2
 357              	.L36:
 358 0008 80E200E0 		.word	-536812928
 359              		.cfi_endproc
 360              	.LFE12:
 361              		.size	Cycle_ISR_1_ClearPending, .-Cycle_ISR_1_ClearPending
 362              		.section	.text.Cycle_ISR_1_Interrupt,"ax",%progbits
 363              		.align	2
 364              		.global	Cycle_ISR_1_Interrupt
 365              		.thumb
 366              		.thumb_func
 367              		.type	Cycle_ISR_1_Interrupt, %function
 368              	Cycle_ISR_1_Interrupt:
 369              	.LFB3:
 162:Generated_Source\PSoC5/Cycle_ISR_1.c ****     #ifdef Cycle_ISR_1_INTERRUPT_INTERRUPT_CALLBACK
 370              		.loc 1 162 0
 371              		.cfi_startproc
 372              		@ args = 0, pretend = 0, frame = 0
 373              		@ frame_needed = 0, uses_anonymous_args = 0
 374 0000 08B5     		push	{r3, lr}
 375              		.cfi_def_cfa_offset 8
ARM GAS  C:\Users\Besitzer\AppData\Local\Temp\cctq3j7O.s 			page 15


 376              		.cfi_offset 3, -8
 377              		.cfi_offset 14, -4
 170:Generated_Source\PSoC5/Cycle_ISR_1.c ****     /*********** Read Interruptsource to Bring Trigger Down *****************/
 378              		.loc 1 170 0
 379 0002 FFF7FEFF 		bl	Cycle_ISR_1_ClearPending
 380              	.LVL18:
 172:Generated_Source\PSoC5/Cycle_ISR_1.c ****     /************** Do Interruptaction *****/
 381              		.loc 1 172 0
 382 0006 FFF7FEFF 		bl	Timer_1_ReadStatusRegister
 383              	.LVL19:
 174:Generated_Source\PSoC5/Cycle_ISR_1.c ****     /* `#END` */
 384              		.loc 1 174 0
 385 000a FFF7FEFF 		bl	LED_Read
 386              	.LVL20:
 387 000e B0FA80F0 		clz	r0, r0
 388 0012 4009     		lsrs	r0, r0, #5
 389 0014 FFF7FEFF 		bl	LED_Write
 390              	.LVL21:
 391 0018 08BD     		pop	{r3, pc}
 392              		.cfi_endproc
 393              	.LFE3:
 394              		.size	Cycle_ISR_1_Interrupt, .-Cycle_ISR_1_Interrupt
 395 001a 00BF     		.text
 396              	.Letext0:
 397              		.file 2 "Generated_Source\\PSoC5/cytypes.h"
 398              		.file 3 "Generated_Source\\PSoC5\\Timer_1.h"
 399              		.file 4 "Generated_Source\\PSoC5\\LED.h"
 400              		.section	.debug_info,"",%progbits
 401              	.Ldebug_info0:
 402 0000 18030000 		.4byte	0x318
 403 0004 0400     		.2byte	0x4
 404 0006 00000000 		.4byte	.Ldebug_abbrev0
 405 000a 04       		.byte	0x4
 406 000b 01       		.uleb128 0x1
 407 000c 12020000 		.4byte	.LASF37
 408 0010 0C       		.byte	0xc
 409 0011 C3000000 		.4byte	.LASF38
 410 0015 77010000 		.4byte	.LASF39
 411 0019 00000000 		.4byte	.Ldebug_ranges0+0
 412 001d 00000000 		.4byte	0
 413 0021 00000000 		.4byte	.Ldebug_line0
 414 0025 02       		.uleb128 0x2
 415 0026 04       		.byte	0x4
 416 0027 05       		.byte	0x5
 417 0028 696E7400 		.ascii	"int\000"
 418 002c 03       		.uleb128 0x3
 419 002d 04       		.byte	0x4
 420 002e 07       		.byte	0x7
 421 002f 6A010000 		.4byte	.LASF0
 422 0033 03       		.uleb128 0x3
 423 0034 08       		.byte	0x8
 424 0035 05       		.byte	0x5
 425 0036 A9020000 		.4byte	.LASF1
 426 003a 03       		.uleb128 0x3
 427 003b 08       		.byte	0x8
 428 003c 04       		.byte	0x4
 429 003d 16030000 		.4byte	.LASF2
ARM GAS  C:\Users\Besitzer\AppData\Local\Temp\cctq3j7O.s 			page 16


 430 0041 03       		.uleb128 0x3
 431 0042 01       		.byte	0x1
 432 0043 06       		.byte	0x6
 433 0044 22030000 		.4byte	.LASF3
 434 0048 03       		.uleb128 0x3
 435 0049 01       		.byte	0x1
 436 004a 08       		.byte	0x8
 437 004b 7F000000 		.4byte	.LASF4
 438 004f 03       		.uleb128 0x3
 439 0050 02       		.byte	0x2
 440 0051 05       		.byte	0x5
 441 0052 DF020000 		.4byte	.LASF5
 442 0056 03       		.uleb128 0x3
 443 0057 02       		.byte	0x2
 444 0058 07       		.byte	0x7
 445 0059 43000000 		.4byte	.LASF6
 446 005d 03       		.uleb128 0x3
 447 005e 04       		.byte	0x4
 448 005f 05       		.byte	0x5
 449 0060 0D030000 		.4byte	.LASF7
 450 0064 03       		.uleb128 0x3
 451 0065 04       		.byte	0x4
 452 0066 07       		.byte	0x7
 453 0067 AB000000 		.4byte	.LASF8
 454 006b 03       		.uleb128 0x3
 455 006c 08       		.byte	0x8
 456 006d 07       		.byte	0x7
 457 006e D8010000 		.4byte	.LASF9
 458 0072 03       		.uleb128 0x3
 459 0073 04       		.byte	0x4
 460 0074 07       		.byte	0x7
 461 0075 A0020000 		.4byte	.LASF10
 462 0079 03       		.uleb128 0x3
 463 007a 01       		.byte	0x1
 464 007b 08       		.byte	0x8
 465 007c CB020000 		.4byte	.LASF11
 466 0080 04       		.uleb128 0x4
 467 0081 04       		.byte	0x4
 468 0082 86000000 		.4byte	0x86
 469 0086 05       		.uleb128 0x5
 470 0087 06       		.uleb128 0x6
 471 0088 BD000000 		.4byte	.LASF12
 472 008c 02       		.byte	0x2
 473 008d E401     		.2byte	0x1e4
 474 008f 48000000 		.4byte	0x48
 475 0093 06       		.uleb128 0x6
 476 0094 51010000 		.4byte	.LASF13
 477 0098 02       		.byte	0x2
 478 0099 E601     		.2byte	0x1e6
 479 009b 64000000 		.4byte	0x64
 480 009f 03       		.uleb128 0x3
 481 00a0 04       		.byte	0x4
 482 00a1 04       		.byte	0x4
 483 00a2 28000000 		.4byte	.LASF14
 484 00a6 03       		.uleb128 0x3
 485 00a7 08       		.byte	0x8
 486 00a8 04       		.byte	0x4
ARM GAS  C:\Users\Besitzer\AppData\Local\Temp\cctq3j7O.s 			page 17


 487 00a9 05010000 		.4byte	.LASF15
 488 00ad 06       		.uleb128 0x6
 489 00ae A6000000 		.4byte	.LASF16
 490 00b2 02       		.byte	0x2
 491 00b3 8E02     		.2byte	0x28e
 492 00b5 B9000000 		.4byte	0xb9
 493 00b9 07       		.uleb128 0x7
 494 00ba 87000000 		.4byte	0x87
 495 00be 06       		.uleb128 0x6
 496 00bf 00000000 		.4byte	.LASF17
 497 00c3 02       		.byte	0x2
 498 00c4 9002     		.2byte	0x290
 499 00c6 CA000000 		.4byte	0xca
 500 00ca 07       		.uleb128 0x7
 501 00cb 93000000 		.4byte	0x93
 502 00cf 06       		.uleb128 0x6
 503 00d0 EF010000 		.4byte	.LASF18
 504 00d4 02       		.byte	0x2
 505 00d5 A002     		.2byte	0x2a0
 506 00d7 80000000 		.4byte	0x80
 507 00db 08       		.uleb128 0x8
 508 00dc 69000000 		.4byte	.LASF20
 509 00e0 01       		.byte	0x1
 510 00e1 CE       		.byte	0xce
 511 00e2 00000000 		.4byte	.LFB4
 512 00e6 0C000000 		.4byte	.LFE4-.LFB4
 513 00ea 01       		.uleb128 0x1
 514 00eb 9C       		.byte	0x9c
 515 00ec 0B010000 		.4byte	0x10b
 516 00f0 09       		.uleb128 0x9
 517 00f1 D0010000 		.4byte	.LASF22
 518 00f5 01       		.byte	0x1
 519 00f6 CE       		.byte	0xce
 520 00f7 CF000000 		.4byte	0xcf
 521 00fb 01       		.uleb128 0x1
 522 00fc 50       		.byte	0x50
 523 00fd 0A       		.uleb128 0xa
 524 00fe D0020000 		.4byte	.LASF19
 525 0102 01       		.byte	0x1
 526 0103 D0       		.byte	0xd0
 527 0104 0B010000 		.4byte	0x10b
 528 0108 01       		.uleb128 0x1
 529 0109 53       		.byte	0x53
 530 010a 00       		.byte	0
 531 010b 04       		.uleb128 0x4
 532 010c 04       		.byte	0x4
 533 010d CF000000 		.4byte	0xcf
 534 0111 0B       		.uleb128 0xb
 535 0112 3B010000 		.4byte	.LASF24
 536 0116 01       		.byte	0x1
 537 0117 E6       		.byte	0xe6
 538 0118 CF000000 		.4byte	0xcf
 539 011c 00000000 		.4byte	.LFB5
 540 0120 0C000000 		.4byte	.LFE5-.LFB5
 541 0124 01       		.uleb128 0x1
 542 0125 9C       		.byte	0x9c
 543 0126 38010000 		.4byte	0x138
ARM GAS  C:\Users\Besitzer\AppData\Local\Temp\cctq3j7O.s 			page 18


 544 012a 0A       		.uleb128 0xa
 545 012b D0020000 		.4byte	.LASF19
 546 012f 01       		.byte	0x1
 547 0130 E8       		.byte	0xe8
 548 0131 0B010000 		.4byte	0x10b
 549 0135 01       		.uleb128 0x1
 550 0136 53       		.byte	0x53
 551 0137 00       		.byte	0
 552 0138 0C       		.uleb128 0xc
 553 0139 0C010000 		.4byte	.LASF21
 554 013d 01       		.byte	0x1
 555 013e 0801     		.2byte	0x108
 556 0140 00000000 		.4byte	.LFB6
 557 0144 10000000 		.4byte	.LFE6-.LFB6
 558 0148 01       		.uleb128 0x1
 559 0149 9C       		.byte	0x9c
 560 014a 5F010000 		.4byte	0x15f
 561 014e 0D       		.uleb128 0xd
 562 014f E8000000 		.4byte	.LASF23
 563 0153 01       		.byte	0x1
 564 0154 0801     		.2byte	0x108
 565 0156 87000000 		.4byte	0x87
 566 015a 00000000 		.4byte	.LLST0
 567 015e 00       		.byte	0
 568 015f 0E       		.uleb128 0xe
 569 0160 10000000 		.4byte	.LASF25
 570 0164 01       		.byte	0x1
 571 0165 1E01     		.2byte	0x11e
 572 0167 87000000 		.4byte	0x87
 573 016b 00000000 		.4byte	.LFB7
 574 016f 0C000000 		.4byte	.LFE7-.LFB7
 575 0173 01       		.uleb128 0x1
 576 0174 9C       		.byte	0x9c
 577 0175 8A010000 		.4byte	0x18a
 578 0179 0F       		.uleb128 0xf
 579 017a E8000000 		.4byte	.LASF23
 580 017e 01       		.byte	0x1
 581 017f 2001     		.2byte	0x120
 582 0181 87000000 		.4byte	0x87
 583 0185 21000000 		.4byte	.LLST1
 584 0189 00       		.byte	0
 585 018a 10       		.uleb128 0x10
 586 018b 56000000 		.4byte	.LASF26
 587 018f 01       		.byte	0x1
 588 0190 3901     		.2byte	0x139
 589 0192 00000000 		.4byte	.LFB8
 590 0196 0C000000 		.4byte	.LFE8-.LFB8
 591 019a 01       		.uleb128 0x1
 592 019b 9C       		.byte	0x9c
 593 019c 11       		.uleb128 0x11
 594 019d 2E000000 		.4byte	.LASF40
 595 01a1 01       		.byte	0x1
 596 01a2 4E01     		.2byte	0x14e
 597 01a4 87000000 		.4byte	0x87
 598 01a8 00000000 		.4byte	.LFB9
 599 01ac 10000000 		.4byte	.LFE9-.LFB9
 600 01b0 01       		.uleb128 0x1
ARM GAS  C:\Users\Besitzer\AppData\Local\Temp\cctq3j7O.s 			page 19


 601 01b1 9C       		.byte	0x9c
 602 01b2 10       		.uleb128 0x10
 603 01b3 B7020000 		.4byte	.LASF27
 604 01b7 01       		.byte	0x1
 605 01b8 6301     		.2byte	0x163
 606 01ba 00000000 		.4byte	.LFB10
 607 01be 0C000000 		.4byte	.LFE10-.LFB10
 608 01c2 01       		.uleb128 0x1
 609 01c3 9C       		.byte	0x9c
 610 01c4 08       		.uleb128 0x8
 611 01c5 58010000 		.4byte	.LASF28
 612 01c9 01       		.byte	0x1
 613 01ca 3E       		.byte	0x3e
 614 01cb 00000000 		.4byte	.LFB0
 615 01cf 1C000000 		.4byte	.LFE0-.LFB0
 616 01d3 01       		.uleb128 0x1
 617 01d4 9C       		.byte	0x9c
 618 01d5 16020000 		.4byte	0x216
 619 01d9 12       		.uleb128 0x12
 620 01da 06000000 		.4byte	.LVL7
 621 01de B2010000 		.4byte	0x1b2
 622 01e2 13       		.uleb128 0x13
 623 01e3 0C000000 		.4byte	.LVL8
 624 01e7 DB000000 		.4byte	0xdb
 625 01eb F9010000 		.4byte	0x1f9
 626 01ef 14       		.uleb128 0x14
 627 01f0 01       		.uleb128 0x1
 628 01f1 50       		.byte	0x50
 629 01f2 05       		.uleb128 0x5
 630 01f3 03       		.byte	0x3
 631 01f4 00000000 		.4byte	Cycle_ISR_1_Interrupt
 632 01f8 00       		.byte	0
 633 01f9 13       		.uleb128 0x13
 634 01fa 12000000 		.4byte	.LVL9
 635 01fe 38010000 		.4byte	0x138
 636 0202 0C020000 		.4byte	0x20c
 637 0206 14       		.uleb128 0x14
 638 0207 01       		.uleb128 0x1
 639 0208 50       		.byte	0x50
 640 0209 01       		.uleb128 0x1
 641 020a 37       		.byte	0x37
 642 020b 00       		.byte	0
 643 020c 12       		.uleb128 0x12
 644 020d 16000000 		.4byte	.LVL10
 645 0211 8A010000 		.4byte	0x18a
 646 0215 00       		.byte	0
 647 0216 08       		.uleb128 0x8
 648 0217 F1000000 		.4byte	.LASF29
 649 021b 01       		.byte	0x1
 650 021c 69       		.byte	0x69
 651 021d 00000000 		.4byte	.LFB1
 652 0221 1A000000 		.4byte	.LFE1-.LFB1
 653 0225 01       		.uleb128 0x1
 654 0226 9C       		.byte	0x9c
 655 0227 74020000 		.4byte	0x274
 656 022b 15       		.uleb128 0x15
 657 022c D0010000 		.4byte	.LASF22
ARM GAS  C:\Users\Besitzer\AppData\Local\Temp\cctq3j7O.s 			page 20


 658 0230 01       		.byte	0x1
 659 0231 69       		.byte	0x69
 660 0232 CF000000 		.4byte	0xcf
 661 0236 38000000 		.4byte	.LLST2
 662 023a 12       		.uleb128 0x12
 663 023b 08000000 		.4byte	.LVL12
 664 023f B2010000 		.4byte	0x1b2
 665 0243 13       		.uleb128 0x13
 666 0244 0E000000 		.4byte	.LVL13
 667 0248 DB000000 		.4byte	0xdb
 668 024c 57020000 		.4byte	0x257
 669 0250 14       		.uleb128 0x14
 670 0251 01       		.uleb128 0x1
 671 0252 50       		.byte	0x50
 672 0253 02       		.uleb128 0x2
 673 0254 74       		.byte	0x74
 674 0255 00       		.sleb128 0
 675 0256 00       		.byte	0
 676 0257 13       		.uleb128 0x13
 677 0258 14000000 		.4byte	.LVL14
 678 025c 38010000 		.4byte	0x138
 679 0260 6A020000 		.4byte	0x26a
 680 0264 14       		.uleb128 0x14
 681 0265 01       		.uleb128 0x1
 682 0266 50       		.byte	0x50
 683 0267 01       		.uleb128 0x1
 684 0268 37       		.byte	0x37
 685 0269 00       		.byte	0
 686 026a 12       		.uleb128 0x12
 687 026b 18000000 		.4byte	.LVL15
 688 026f 8A010000 		.4byte	0x18a
 689 0273 00       		.byte	0
 690 0274 08       		.uleb128 0x8
 691 0275 2E030000 		.4byte	.LASF30
 692 0279 01       		.byte	0x1
 693 027a 87       		.byte	0x87
 694 027b 00000000 		.4byte	.LFB2
 695 027f 14000000 		.4byte	.LFE2-.LFB2
 696 0283 01       		.uleb128 0x1
 697 0284 9C       		.byte	0x9c
 698 0285 9C020000 		.4byte	0x29c
 699 0289 12       		.uleb128 0x12
 700 028a 06000000 		.4byte	.LVL16
 701 028e B2010000 		.4byte	0x1b2
 702 0292 12       		.uleb128 0x12
 703 0293 0C000000 		.4byte	.LVL17
 704 0297 DB000000 		.4byte	0xdb
 705 029b 00       		.byte	0
 706 029c 10       		.uleb128 0x10
 707 029d 24010000 		.4byte	.LASF31
 708 02a1 01       		.byte	0x1
 709 02a2 7E01     		.2byte	0x17e
 710 02a4 00000000 		.4byte	.LFB11
 711 02a8 0C000000 		.4byte	.LFE11-.LFB11
 712 02ac 01       		.uleb128 0x1
 713 02ad 9C       		.byte	0x9c
 714 02ae 10       		.uleb128 0x10
ARM GAS  C:\Users\Besitzer\AppData\Local\Temp\cctq3j7O.s 			page 21


 715 02af 8D000000 		.4byte	.LASF32
 716 02b3 01       		.byte	0x1
 717 02b4 9701     		.2byte	0x197
 718 02b6 00000000 		.4byte	.LFB12
 719 02ba 0C000000 		.4byte	.LFE12-.LFB12
 720 02be 01       		.uleb128 0x1
 721 02bf 9C       		.byte	0x9c
 722 02c0 08       		.uleb128 0x8
 723 02c1 FC010000 		.4byte	.LASF33
 724 02c5 01       		.byte	0x1
 725 02c6 A1       		.byte	0xa1
 726 02c7 00000000 		.4byte	.LFB3
 727 02cb 1A000000 		.4byte	.LFE3-.LFB3
 728 02cf 01       		.uleb128 0x1
 729 02d0 9C       		.byte	0x9c
 730 02d1 FA020000 		.4byte	0x2fa
 731 02d5 12       		.uleb128 0x12
 732 02d6 06000000 		.4byte	.LVL18
 733 02da AE020000 		.4byte	0x2ae
 734 02de 12       		.uleb128 0x12
 735 02df 0A000000 		.4byte	.LVL19
 736 02e3 FA020000 		.4byte	0x2fa
 737 02e7 12       		.uleb128 0x12
 738 02e8 0E000000 		.4byte	.LVL20
 739 02ec 05030000 		.4byte	0x305
 740 02f0 12       		.uleb128 0x12
 741 02f1 18000000 		.4byte	.LVL21
 742 02f5 10030000 		.4byte	0x310
 743 02f9 00       		.byte	0
 744 02fa 16       		.uleb128 0x16
 745 02fb F2020000 		.4byte	.LASF34
 746 02ff F2020000 		.4byte	.LASF34
 747 0303 03       		.byte	0x3
 748 0304 5E       		.byte	0x5e
 749 0305 16       		.uleb128 0x16
 750 0306 E9020000 		.4byte	.LASF35
 751 030a E9020000 		.4byte	.LASF35
 752 030e 04       		.byte	0x4
 753 030f 29       		.byte	0x29
 754 0310 16       		.uleb128 0x16
 755 0311 06000000 		.4byte	.LASF36
 756 0315 06000000 		.4byte	.LASF36
 757 0319 04       		.byte	0x4
 758 031a 26       		.byte	0x26
 759 031b 00       		.byte	0
 760              		.section	.debug_abbrev,"",%progbits
 761              	.Ldebug_abbrev0:
 762 0000 01       		.uleb128 0x1
 763 0001 11       		.uleb128 0x11
 764 0002 01       		.byte	0x1
 765 0003 25       		.uleb128 0x25
 766 0004 0E       		.uleb128 0xe
 767 0005 13       		.uleb128 0x13
 768 0006 0B       		.uleb128 0xb
 769 0007 03       		.uleb128 0x3
 770 0008 0E       		.uleb128 0xe
 771 0009 1B       		.uleb128 0x1b
ARM GAS  C:\Users\Besitzer\AppData\Local\Temp\cctq3j7O.s 			page 22


 772 000a 0E       		.uleb128 0xe
 773 000b 55       		.uleb128 0x55
 774 000c 17       		.uleb128 0x17
 775 000d 11       		.uleb128 0x11
 776 000e 01       		.uleb128 0x1
 777 000f 10       		.uleb128 0x10
 778 0010 17       		.uleb128 0x17
 779 0011 00       		.byte	0
 780 0012 00       		.byte	0
 781 0013 02       		.uleb128 0x2
 782 0014 24       		.uleb128 0x24
 783 0015 00       		.byte	0
 784 0016 0B       		.uleb128 0xb
 785 0017 0B       		.uleb128 0xb
 786 0018 3E       		.uleb128 0x3e
 787 0019 0B       		.uleb128 0xb
 788 001a 03       		.uleb128 0x3
 789 001b 08       		.uleb128 0x8
 790 001c 00       		.byte	0
 791 001d 00       		.byte	0
 792 001e 03       		.uleb128 0x3
 793 001f 24       		.uleb128 0x24
 794 0020 00       		.byte	0
 795 0021 0B       		.uleb128 0xb
 796 0022 0B       		.uleb128 0xb
 797 0023 3E       		.uleb128 0x3e
 798 0024 0B       		.uleb128 0xb
 799 0025 03       		.uleb128 0x3
 800 0026 0E       		.uleb128 0xe
 801 0027 00       		.byte	0
 802 0028 00       		.byte	0
 803 0029 04       		.uleb128 0x4
 804 002a 0F       		.uleb128 0xf
 805 002b 00       		.byte	0
 806 002c 0B       		.uleb128 0xb
 807 002d 0B       		.uleb128 0xb
 808 002e 49       		.uleb128 0x49
 809 002f 13       		.uleb128 0x13
 810 0030 00       		.byte	0
 811 0031 00       		.byte	0
 812 0032 05       		.uleb128 0x5
 813 0033 15       		.uleb128 0x15
 814 0034 00       		.byte	0
 815 0035 27       		.uleb128 0x27
 816 0036 19       		.uleb128 0x19
 817 0037 00       		.byte	0
 818 0038 00       		.byte	0
 819 0039 06       		.uleb128 0x6
 820 003a 16       		.uleb128 0x16
 821 003b 00       		.byte	0
 822 003c 03       		.uleb128 0x3
 823 003d 0E       		.uleb128 0xe
 824 003e 3A       		.uleb128 0x3a
 825 003f 0B       		.uleb128 0xb
 826 0040 3B       		.uleb128 0x3b
 827 0041 05       		.uleb128 0x5
 828 0042 49       		.uleb128 0x49
ARM GAS  C:\Users\Besitzer\AppData\Local\Temp\cctq3j7O.s 			page 23


 829 0043 13       		.uleb128 0x13
 830 0044 00       		.byte	0
 831 0045 00       		.byte	0
 832 0046 07       		.uleb128 0x7
 833 0047 35       		.uleb128 0x35
 834 0048 00       		.byte	0
 835 0049 49       		.uleb128 0x49
 836 004a 13       		.uleb128 0x13
 837 004b 00       		.byte	0
 838 004c 00       		.byte	0
 839 004d 08       		.uleb128 0x8
 840 004e 2E       		.uleb128 0x2e
 841 004f 01       		.byte	0x1
 842 0050 3F       		.uleb128 0x3f
 843 0051 19       		.uleb128 0x19
 844 0052 03       		.uleb128 0x3
 845 0053 0E       		.uleb128 0xe
 846 0054 3A       		.uleb128 0x3a
 847 0055 0B       		.uleb128 0xb
 848 0056 3B       		.uleb128 0x3b
 849 0057 0B       		.uleb128 0xb
 850 0058 27       		.uleb128 0x27
 851 0059 19       		.uleb128 0x19
 852 005a 11       		.uleb128 0x11
 853 005b 01       		.uleb128 0x1
 854 005c 12       		.uleb128 0x12
 855 005d 06       		.uleb128 0x6
 856 005e 40       		.uleb128 0x40
 857 005f 18       		.uleb128 0x18
 858 0060 9742     		.uleb128 0x2117
 859 0062 19       		.uleb128 0x19
 860 0063 01       		.uleb128 0x1
 861 0064 13       		.uleb128 0x13
 862 0065 00       		.byte	0
 863 0066 00       		.byte	0
 864 0067 09       		.uleb128 0x9
 865 0068 05       		.uleb128 0x5
 866 0069 00       		.byte	0
 867 006a 03       		.uleb128 0x3
 868 006b 0E       		.uleb128 0xe
 869 006c 3A       		.uleb128 0x3a
 870 006d 0B       		.uleb128 0xb
 871 006e 3B       		.uleb128 0x3b
 872 006f 0B       		.uleb128 0xb
 873 0070 49       		.uleb128 0x49
 874 0071 13       		.uleb128 0x13
 875 0072 02       		.uleb128 0x2
 876 0073 18       		.uleb128 0x18
 877 0074 00       		.byte	0
 878 0075 00       		.byte	0
 879 0076 0A       		.uleb128 0xa
 880 0077 34       		.uleb128 0x34
 881 0078 00       		.byte	0
 882 0079 03       		.uleb128 0x3
 883 007a 0E       		.uleb128 0xe
 884 007b 3A       		.uleb128 0x3a
 885 007c 0B       		.uleb128 0xb
ARM GAS  C:\Users\Besitzer\AppData\Local\Temp\cctq3j7O.s 			page 24


 886 007d 3B       		.uleb128 0x3b
 887 007e 0B       		.uleb128 0xb
 888 007f 49       		.uleb128 0x49
 889 0080 13       		.uleb128 0x13
 890 0081 02       		.uleb128 0x2
 891 0082 18       		.uleb128 0x18
 892 0083 00       		.byte	0
 893 0084 00       		.byte	0
 894 0085 0B       		.uleb128 0xb
 895 0086 2E       		.uleb128 0x2e
 896 0087 01       		.byte	0x1
 897 0088 3F       		.uleb128 0x3f
 898 0089 19       		.uleb128 0x19
 899 008a 03       		.uleb128 0x3
 900 008b 0E       		.uleb128 0xe
 901 008c 3A       		.uleb128 0x3a
 902 008d 0B       		.uleb128 0xb
 903 008e 3B       		.uleb128 0x3b
 904 008f 0B       		.uleb128 0xb
 905 0090 27       		.uleb128 0x27
 906 0091 19       		.uleb128 0x19
 907 0092 49       		.uleb128 0x49
 908 0093 13       		.uleb128 0x13
 909 0094 11       		.uleb128 0x11
 910 0095 01       		.uleb128 0x1
 911 0096 12       		.uleb128 0x12
 912 0097 06       		.uleb128 0x6
 913 0098 40       		.uleb128 0x40
 914 0099 18       		.uleb128 0x18
 915 009a 9742     		.uleb128 0x2117
 916 009c 19       		.uleb128 0x19
 917 009d 01       		.uleb128 0x1
 918 009e 13       		.uleb128 0x13
 919 009f 00       		.byte	0
 920 00a0 00       		.byte	0
 921 00a1 0C       		.uleb128 0xc
 922 00a2 2E       		.uleb128 0x2e
 923 00a3 01       		.byte	0x1
 924 00a4 3F       		.uleb128 0x3f
 925 00a5 19       		.uleb128 0x19
 926 00a6 03       		.uleb128 0x3
 927 00a7 0E       		.uleb128 0xe
 928 00a8 3A       		.uleb128 0x3a
 929 00a9 0B       		.uleb128 0xb
 930 00aa 3B       		.uleb128 0x3b
 931 00ab 05       		.uleb128 0x5
 932 00ac 27       		.uleb128 0x27
 933 00ad 19       		.uleb128 0x19
 934 00ae 11       		.uleb128 0x11
 935 00af 01       		.uleb128 0x1
 936 00b0 12       		.uleb128 0x12
 937 00b1 06       		.uleb128 0x6
 938 00b2 40       		.uleb128 0x40
 939 00b3 18       		.uleb128 0x18
 940 00b4 9742     		.uleb128 0x2117
 941 00b6 19       		.uleb128 0x19
 942 00b7 01       		.uleb128 0x1
ARM GAS  C:\Users\Besitzer\AppData\Local\Temp\cctq3j7O.s 			page 25


 943 00b8 13       		.uleb128 0x13
 944 00b9 00       		.byte	0
 945 00ba 00       		.byte	0
 946 00bb 0D       		.uleb128 0xd
 947 00bc 05       		.uleb128 0x5
 948 00bd 00       		.byte	0
 949 00be 03       		.uleb128 0x3
 950 00bf 0E       		.uleb128 0xe
 951 00c0 3A       		.uleb128 0x3a
 952 00c1 0B       		.uleb128 0xb
 953 00c2 3B       		.uleb128 0x3b
 954 00c3 05       		.uleb128 0x5
 955 00c4 49       		.uleb128 0x49
 956 00c5 13       		.uleb128 0x13
 957 00c6 02       		.uleb128 0x2
 958 00c7 17       		.uleb128 0x17
 959 00c8 00       		.byte	0
 960 00c9 00       		.byte	0
 961 00ca 0E       		.uleb128 0xe
 962 00cb 2E       		.uleb128 0x2e
 963 00cc 01       		.byte	0x1
 964 00cd 3F       		.uleb128 0x3f
 965 00ce 19       		.uleb128 0x19
 966 00cf 03       		.uleb128 0x3
 967 00d0 0E       		.uleb128 0xe
 968 00d1 3A       		.uleb128 0x3a
 969 00d2 0B       		.uleb128 0xb
 970 00d3 3B       		.uleb128 0x3b
 971 00d4 05       		.uleb128 0x5
 972 00d5 27       		.uleb128 0x27
 973 00d6 19       		.uleb128 0x19
 974 00d7 49       		.uleb128 0x49
 975 00d8 13       		.uleb128 0x13
 976 00d9 11       		.uleb128 0x11
 977 00da 01       		.uleb128 0x1
 978 00db 12       		.uleb128 0x12
 979 00dc 06       		.uleb128 0x6
 980 00dd 40       		.uleb128 0x40
 981 00de 18       		.uleb128 0x18
 982 00df 9742     		.uleb128 0x2117
 983 00e1 19       		.uleb128 0x19
 984 00e2 01       		.uleb128 0x1
 985 00e3 13       		.uleb128 0x13
 986 00e4 00       		.byte	0
 987 00e5 00       		.byte	0
 988 00e6 0F       		.uleb128 0xf
 989 00e7 34       		.uleb128 0x34
 990 00e8 00       		.byte	0
 991 00e9 03       		.uleb128 0x3
 992 00ea 0E       		.uleb128 0xe
 993 00eb 3A       		.uleb128 0x3a
 994 00ec 0B       		.uleb128 0xb
 995 00ed 3B       		.uleb128 0x3b
 996 00ee 05       		.uleb128 0x5
 997 00ef 49       		.uleb128 0x49
 998 00f0 13       		.uleb128 0x13
 999 00f1 02       		.uleb128 0x2
ARM GAS  C:\Users\Besitzer\AppData\Local\Temp\cctq3j7O.s 			page 26


 1000 00f2 17       		.uleb128 0x17
 1001 00f3 00       		.byte	0
 1002 00f4 00       		.byte	0
 1003 00f5 10       		.uleb128 0x10
 1004 00f6 2E       		.uleb128 0x2e
 1005 00f7 00       		.byte	0
 1006 00f8 3F       		.uleb128 0x3f
 1007 00f9 19       		.uleb128 0x19
 1008 00fa 03       		.uleb128 0x3
 1009 00fb 0E       		.uleb128 0xe
 1010 00fc 3A       		.uleb128 0x3a
 1011 00fd 0B       		.uleb128 0xb
 1012 00fe 3B       		.uleb128 0x3b
 1013 00ff 05       		.uleb128 0x5
 1014 0100 27       		.uleb128 0x27
 1015 0101 19       		.uleb128 0x19
 1016 0102 11       		.uleb128 0x11
 1017 0103 01       		.uleb128 0x1
 1018 0104 12       		.uleb128 0x12
 1019 0105 06       		.uleb128 0x6
 1020 0106 40       		.uleb128 0x40
 1021 0107 18       		.uleb128 0x18
 1022 0108 9742     		.uleb128 0x2117
 1023 010a 19       		.uleb128 0x19
 1024 010b 00       		.byte	0
 1025 010c 00       		.byte	0
 1026 010d 11       		.uleb128 0x11
 1027 010e 2E       		.uleb128 0x2e
 1028 010f 00       		.byte	0
 1029 0110 3F       		.uleb128 0x3f
 1030 0111 19       		.uleb128 0x19
 1031 0112 03       		.uleb128 0x3
 1032 0113 0E       		.uleb128 0xe
 1033 0114 3A       		.uleb128 0x3a
 1034 0115 0B       		.uleb128 0xb
 1035 0116 3B       		.uleb128 0x3b
 1036 0117 05       		.uleb128 0x5
 1037 0118 27       		.uleb128 0x27
 1038 0119 19       		.uleb128 0x19
 1039 011a 49       		.uleb128 0x49
 1040 011b 13       		.uleb128 0x13
 1041 011c 11       		.uleb128 0x11
 1042 011d 01       		.uleb128 0x1
 1043 011e 12       		.uleb128 0x12
 1044 011f 06       		.uleb128 0x6
 1045 0120 40       		.uleb128 0x40
 1046 0121 18       		.uleb128 0x18
 1047 0122 9742     		.uleb128 0x2117
 1048 0124 19       		.uleb128 0x19
 1049 0125 00       		.byte	0
 1050 0126 00       		.byte	0
 1051 0127 12       		.uleb128 0x12
 1052 0128 898201   		.uleb128 0x4109
 1053 012b 00       		.byte	0
 1054 012c 11       		.uleb128 0x11
 1055 012d 01       		.uleb128 0x1
 1056 012e 31       		.uleb128 0x31
ARM GAS  C:\Users\Besitzer\AppData\Local\Temp\cctq3j7O.s 			page 27


 1057 012f 13       		.uleb128 0x13
 1058 0130 00       		.byte	0
 1059 0131 00       		.byte	0
 1060 0132 13       		.uleb128 0x13
 1061 0133 898201   		.uleb128 0x4109
 1062 0136 01       		.byte	0x1
 1063 0137 11       		.uleb128 0x11
 1064 0138 01       		.uleb128 0x1
 1065 0139 31       		.uleb128 0x31
 1066 013a 13       		.uleb128 0x13
 1067 013b 01       		.uleb128 0x1
 1068 013c 13       		.uleb128 0x13
 1069 013d 00       		.byte	0
 1070 013e 00       		.byte	0
 1071 013f 14       		.uleb128 0x14
 1072 0140 8A8201   		.uleb128 0x410a
 1073 0143 00       		.byte	0
 1074 0144 02       		.uleb128 0x2
 1075 0145 18       		.uleb128 0x18
 1076 0146 9142     		.uleb128 0x2111
 1077 0148 18       		.uleb128 0x18
 1078 0149 00       		.byte	0
 1079 014a 00       		.byte	0
 1080 014b 15       		.uleb128 0x15
 1081 014c 05       		.uleb128 0x5
 1082 014d 00       		.byte	0
 1083 014e 03       		.uleb128 0x3
 1084 014f 0E       		.uleb128 0xe
 1085 0150 3A       		.uleb128 0x3a
 1086 0151 0B       		.uleb128 0xb
 1087 0152 3B       		.uleb128 0x3b
 1088 0153 0B       		.uleb128 0xb
 1089 0154 49       		.uleb128 0x49
 1090 0155 13       		.uleb128 0x13
 1091 0156 02       		.uleb128 0x2
 1092 0157 17       		.uleb128 0x17
 1093 0158 00       		.byte	0
 1094 0159 00       		.byte	0
 1095 015a 16       		.uleb128 0x16
 1096 015b 2E       		.uleb128 0x2e
 1097 015c 00       		.byte	0
 1098 015d 3F       		.uleb128 0x3f
 1099 015e 19       		.uleb128 0x19
 1100 015f 3C       		.uleb128 0x3c
 1101 0160 19       		.uleb128 0x19
 1102 0161 6E       		.uleb128 0x6e
 1103 0162 0E       		.uleb128 0xe
 1104 0163 03       		.uleb128 0x3
 1105 0164 0E       		.uleb128 0xe
 1106 0165 3A       		.uleb128 0x3a
 1107 0166 0B       		.uleb128 0xb
 1108 0167 3B       		.uleb128 0x3b
 1109 0168 0B       		.uleb128 0xb
 1110 0169 00       		.byte	0
 1111 016a 00       		.byte	0
 1112 016b 00       		.byte	0
 1113              		.section	.debug_loc,"",%progbits
ARM GAS  C:\Users\Besitzer\AppData\Local\Temp\cctq3j7O.s 			page 28


 1114              	.Ldebug_loc0:
 1115              	.LLST0:
 1116 0000 00000000 		.4byte	.LVL3
 1117 0004 02000000 		.4byte	.LVL4
 1118 0008 0100     		.2byte	0x1
 1119 000a 50       		.byte	0x50
 1120 000b 02000000 		.4byte	.LVL4
 1121 000f 10000000 		.4byte	.LFE6
 1122 0013 0400     		.2byte	0x4
 1123 0015 F3       		.byte	0xf3
 1124 0016 01       		.uleb128 0x1
 1125 0017 50       		.byte	0x50
 1126 0018 9F       		.byte	0x9f
 1127 0019 00000000 		.4byte	0
 1128 001d 00000000 		.4byte	0
 1129              	.LLST1:
 1130 0021 04000000 		.4byte	.LVL5
 1131 0025 06000000 		.4byte	.LVL6
 1132 0029 0500     		.2byte	0x5
 1133 002b 70       		.byte	0x70
 1134 002c 00       		.sleb128 0
 1135 002d 35       		.byte	0x35
 1136 002e 25       		.byte	0x25
 1137 002f 9F       		.byte	0x9f
 1138 0030 00000000 		.4byte	0
 1139 0034 00000000 		.4byte	0
 1140              	.LLST2:
 1141 0038 00000000 		.4byte	.LVL11
 1142 003c 07000000 		.4byte	.LVL12-1
 1143 0040 0100     		.2byte	0x1
 1144 0042 50       		.byte	0x50
 1145 0043 07000000 		.4byte	.LVL12-1
 1146 0047 1A000000 		.4byte	.LFE1
 1147 004b 0100     		.2byte	0x1
 1148 004d 54       		.byte	0x54
 1149 004e 00000000 		.4byte	0
 1150 0052 00000000 		.4byte	0
 1151              		.section	.debug_aranges,"",%progbits
 1152 0000 7C000000 		.4byte	0x7c
 1153 0004 0200     		.2byte	0x2
 1154 0006 00000000 		.4byte	.Ldebug_info0
 1155 000a 04       		.byte	0x4
 1156 000b 00       		.byte	0
 1157 000c 0000     		.2byte	0
 1158 000e 0000     		.2byte	0
 1159 0010 00000000 		.4byte	.LFB4
 1160 0014 0C000000 		.4byte	.LFE4-.LFB4
 1161 0018 00000000 		.4byte	.LFB5
 1162 001c 0C000000 		.4byte	.LFE5-.LFB5
 1163 0020 00000000 		.4byte	.LFB6
 1164 0024 10000000 		.4byte	.LFE6-.LFB6
 1165 0028 00000000 		.4byte	.LFB7
 1166 002c 0C000000 		.4byte	.LFE7-.LFB7
 1167 0030 00000000 		.4byte	.LFB8
 1168 0034 0C000000 		.4byte	.LFE8-.LFB8
 1169 0038 00000000 		.4byte	.LFB9
 1170 003c 10000000 		.4byte	.LFE9-.LFB9
ARM GAS  C:\Users\Besitzer\AppData\Local\Temp\cctq3j7O.s 			page 29


 1171 0040 00000000 		.4byte	.LFB10
 1172 0044 0C000000 		.4byte	.LFE10-.LFB10
 1173 0048 00000000 		.4byte	.LFB0
 1174 004c 1C000000 		.4byte	.LFE0-.LFB0
 1175 0050 00000000 		.4byte	.LFB1
 1176 0054 1A000000 		.4byte	.LFE1-.LFB1
 1177 0058 00000000 		.4byte	.LFB2
 1178 005c 14000000 		.4byte	.LFE2-.LFB2
 1179 0060 00000000 		.4byte	.LFB11
 1180 0064 0C000000 		.4byte	.LFE11-.LFB11
 1181 0068 00000000 		.4byte	.LFB12
 1182 006c 0C000000 		.4byte	.LFE12-.LFB12
 1183 0070 00000000 		.4byte	.LFB3
 1184 0074 1A000000 		.4byte	.LFE3-.LFB3
 1185 0078 00000000 		.4byte	0
 1186 007c 00000000 		.4byte	0
 1187              		.section	.debug_ranges,"",%progbits
 1188              	.Ldebug_ranges0:
 1189 0000 00000000 		.4byte	.LFB4
 1190 0004 0C000000 		.4byte	.LFE4
 1191 0008 00000000 		.4byte	.LFB5
 1192 000c 0C000000 		.4byte	.LFE5
 1193 0010 00000000 		.4byte	.LFB6
 1194 0014 10000000 		.4byte	.LFE6
 1195 0018 00000000 		.4byte	.LFB7
 1196 001c 0C000000 		.4byte	.LFE7
 1197 0020 00000000 		.4byte	.LFB8
 1198 0024 0C000000 		.4byte	.LFE8
 1199 0028 00000000 		.4byte	.LFB9
 1200 002c 10000000 		.4byte	.LFE9
 1201 0030 00000000 		.4byte	.LFB10
 1202 0034 0C000000 		.4byte	.LFE10
 1203 0038 00000000 		.4byte	.LFB0
 1204 003c 1C000000 		.4byte	.LFE0
 1205 0040 00000000 		.4byte	.LFB1
 1206 0044 1A000000 		.4byte	.LFE1
 1207 0048 00000000 		.4byte	.LFB2
 1208 004c 14000000 		.4byte	.LFE2
 1209 0050 00000000 		.4byte	.LFB11
 1210 0054 0C000000 		.4byte	.LFE11
 1211 0058 00000000 		.4byte	.LFB12
 1212 005c 0C000000 		.4byte	.LFE12
 1213 0060 00000000 		.4byte	.LFB3
 1214 0064 1A000000 		.4byte	.LFE3
 1215 0068 00000000 		.4byte	0
 1216 006c 00000000 		.4byte	0
 1217              		.section	.debug_line,"",%progbits
 1218              	.Ldebug_line0:
 1219 0000 4D010000 		.section	.debug_str,"MS",%progbits,1
 1219      02005E00 
 1219      00000201 
 1219      FB0E0D00 
 1219      01010101 
 1220              	.LASF17:
 1221 0000 72656733 		.ascii	"reg32\000"
 1221      3200
 1222              	.LASF36:
ARM GAS  C:\Users\Besitzer\AppData\Local\Temp\cctq3j7O.s 			page 30


 1223 0006 4C45445F 		.ascii	"LED_Write\000"
 1223      57726974 
 1223      6500
 1224              	.LASF25:
 1225 0010 4379636C 		.ascii	"Cycle_ISR_1_GetPriority\000"
 1225      655F4953 
 1225      525F315F 
 1225      47657450 
 1225      72696F72 
 1226              	.LASF14:
 1227 0028 666C6F61 		.ascii	"float\000"
 1227      7400
 1228              	.LASF40:
 1229 002e 4379636C 		.ascii	"Cycle_ISR_1_GetState\000"
 1229      655F4953 
 1229      525F315F 
 1229      47657453 
 1229      74617465 
 1230              	.LASF6:
 1231 0043 73686F72 		.ascii	"short unsigned int\000"
 1231      7420756E 
 1231      7369676E 
 1231      65642069 
 1231      6E7400
 1232              	.LASF26:
 1233 0056 4379636C 		.ascii	"Cycle_ISR_1_Enable\000"
 1233      655F4953 
 1233      525F315F 
 1233      456E6162 
 1233      6C6500
 1234              	.LASF20:
 1235 0069 4379636C 		.ascii	"Cycle_ISR_1_SetVector\000"
 1235      655F4953 
 1235      525F315F 
 1235      53657456 
 1235      6563746F 
 1236              	.LASF4:
 1237 007f 756E7369 		.ascii	"unsigned char\000"
 1237      676E6564 
 1237      20636861 
 1237      7200
 1238              	.LASF32:
 1239 008d 4379636C 		.ascii	"Cycle_ISR_1_ClearPending\000"
 1239      655F4953 
 1239      525F315F 
 1239      436C6561 
 1239      7250656E 
 1240              	.LASF16:
 1241 00a6 72656738 		.ascii	"reg8\000"
 1241      00
 1242              	.LASF8:
 1243 00ab 6C6F6E67 		.ascii	"long unsigned int\000"
 1243      20756E73 
 1243      69676E65 
 1243      6420696E 
 1243      7400
 1244              	.LASF12:
ARM GAS  C:\Users\Besitzer\AppData\Local\Temp\cctq3j7O.s 			page 31


 1245 00bd 75696E74 		.ascii	"uint8\000"
 1245      3800
 1246              	.LASF38:
 1247 00c3 47656E65 		.ascii	"Generated_Source\\PSoC5\\Cycle_ISR_1.c\000"
 1247      72617465 
 1247      645F536F 
 1247      75726365 
 1247      5C50536F 
 1248              	.LASF23:
 1249 00e8 7072696F 		.ascii	"priority\000"
 1249      72697479 
 1249      00
 1250              	.LASF29:
 1251 00f1 4379636C 		.ascii	"Cycle_ISR_1_StartEx\000"
 1251      655F4953 
 1251      525F315F 
 1251      53746172 
 1251      74457800 
 1252              	.LASF15:
 1253 0105 646F7562 		.ascii	"double\000"
 1253      6C6500
 1254              	.LASF21:
 1255 010c 4379636C 		.ascii	"Cycle_ISR_1_SetPriority\000"
 1255      655F4953 
 1255      525F315F 
 1255      53657450 
 1255      72696F72 
 1256              	.LASF31:
 1257 0124 4379636C 		.ascii	"Cycle_ISR_1_SetPending\000"
 1257      655F4953 
 1257      525F315F 
 1257      53657450 
 1257      656E6469 
 1258              	.LASF24:
 1259 013b 4379636C 		.ascii	"Cycle_ISR_1_GetVector\000"
 1259      655F4953 
 1259      525F315F 
 1259      47657456 
 1259      6563746F 
 1260              	.LASF13:
 1261 0151 75696E74 		.ascii	"uint32\000"
 1261      333200
 1262              	.LASF28:
 1263 0158 4379636C 		.ascii	"Cycle_ISR_1_Start\000"
 1263      655F4953 
 1263      525F315F 
 1263      53746172 
 1263      7400
 1264              	.LASF0:
 1265 016a 756E7369 		.ascii	"unsigned int\000"
 1265      676E6564 
 1265      20696E74 
 1265      00
 1266              	.LASF39:
 1267 0177 433A5C64 		.ascii	"C:\\data\\GitHub\\QuadroCopter\\Software\\Cypress_F"
 1267      6174615C 
 1267      47697448 
ARM GAS  C:\Users\Besitzer\AppData\Local\Temp\cctq3j7O.s 			page 32


 1267      75625C51 
 1267      75616472 
 1268 01a5 6C696768 		.ascii	"lightController\\QuadrCopter\\Design01.cydsn\000"
 1268      74436F6E 
 1268      74726F6C 
 1268      6C65725C 
 1268      51756164 
 1269              	.LASF22:
 1270 01d0 61646472 		.ascii	"address\000"
 1270      65737300 
 1271              	.LASF9:
 1272 01d8 6C6F6E67 		.ascii	"long long unsigned int\000"
 1272      206C6F6E 
 1272      6720756E 
 1272      7369676E 
 1272      65642069 
 1273              	.LASF18:
 1274 01ef 63796973 		.ascii	"cyisraddress\000"
 1274      72616464 
 1274      72657373 
 1274      00
 1275              	.LASF33:
 1276 01fc 4379636C 		.ascii	"Cycle_ISR_1_Interrupt\000"
 1276      655F4953 
 1276      525F315F 
 1276      496E7465 
 1276      72727570 
 1277              	.LASF37:
 1278 0212 474E5520 		.ascii	"GNU C11 5.4.1 20160609 (release) [ARM/embedded-5-br"
 1278      43313120 
 1278      352E342E 
 1278      31203230 
 1278      31363036 
 1279 0245 616E6368 		.ascii	"anch revision 237715] -mcpu=cortex-m3 -mthumb -g -O"
 1279      20726576 
 1279      6973696F 
 1279      6E203233 
 1279      37373135 
 1280 0278 67202D66 		.ascii	"g -ffunction-sections -ffat-lto-objects\000"
 1280      66756E63 
 1280      74696F6E 
 1280      2D736563 
 1280      74696F6E 
 1281              	.LASF10:
 1282 02a0 73697A65 		.ascii	"sizetype\000"
 1282      74797065 
 1282      00
 1283              	.LASF1:
 1284 02a9 6C6F6E67 		.ascii	"long long int\000"
 1284      206C6F6E 
 1284      6720696E 
 1284      7400
 1285              	.LASF27:
 1286 02b7 4379636C 		.ascii	"Cycle_ISR_1_Disable\000"
 1286      655F4953 
 1286      525F315F 
 1286      44697361 
ARM GAS  C:\Users\Besitzer\AppData\Local\Temp\cctq3j7O.s 			page 33


 1286      626C6500 
 1287              	.LASF11:
 1288 02cb 63686172 		.ascii	"char\000"
 1288      00
 1289              	.LASF19:
 1290 02d0 72616D56 		.ascii	"ramVectorTable\000"
 1290      6563746F 
 1290      72546162 
 1290      6C6500
 1291              	.LASF5:
 1292 02df 73686F72 		.ascii	"short int\000"
 1292      7420696E 
 1292      7400
 1293              	.LASF35:
 1294 02e9 4C45445F 		.ascii	"LED_Read\000"
 1294      52656164 
 1294      00
 1295              	.LASF34:
 1296 02f2 54696D65 		.ascii	"Timer_1_ReadStatusRegister\000"
 1296      725F315F 
 1296      52656164 
 1296      53746174 
 1296      75735265 
 1297              	.LASF7:
 1298 030d 6C6F6E67 		.ascii	"long int\000"
 1298      20696E74 
 1298      00
 1299              	.LASF2:
 1300 0316 6C6F6E67 		.ascii	"long double\000"
 1300      20646F75 
 1300      626C6500 
 1301              	.LASF3:
 1302 0322 7369676E 		.ascii	"signed char\000"
 1302      65642063 
 1302      68617200 
 1303              	.LASF30:
 1304 032e 4379636C 		.ascii	"Cycle_ISR_1_Stop\000"
 1304      655F4953 
 1304      525F315F 
 1304      53746F70 
 1304      00
 1305              		.ident	"GCC: (GNU Tools for ARM Embedded Processors) 5.4.1 20160609 (release) [ARM/embedded-5-bran
