ARM GAS  C:\Users\Besitzer\AppData\Local\Temp\ccgvCytf.s 			page 1


   1              		.syntax unified
   2              		.cpu cortex-m3
   3              		.fpu softvfp
   4              		.eabi_attribute 20, 1
   5              		.eabi_attribute 21, 1
   6              		.eabi_attribute 23, 3
   7              		.eabi_attribute 24, 1
   8              		.eabi_attribute 25, 1
   9              		.eabi_attribute 26, 1
  10              		.eabi_attribute 30, 1
  11              		.eabi_attribute 34, 1
  12              		.eabi_attribute 18, 4
  13              		.thumb
  14              		.syntax unified
  15              		.file	"cymetadata.c"
  16              		.text
  17              	.Ltext0:
  18              		.cfi_sections	.debug_frame
  19              		.global	cy_metadata
  20              		.global	cy_meta_flashprotect
  21              		.global	cy_meta_wonvl
  22              		.global	cy_meta_custnvl
  23              		.global	cy_meta_configecc
  24              		.section	.cyconfigecc,"a",%progbits
  25              		.align	2
  26              		.type	cy_meta_configecc, %object
  27              		.size	cy_meta_configecc, 492
  28              	cy_meta_configecc:
  29 0000 01       		.byte	1
  30 0001 45       		.byte	69
  31 0002 00       		.byte	0
  32 0003 40       		.byte	64
  33 0004 03       		.byte	3
  34 0005 52       		.byte	82
  35 0006 00       		.byte	0
  36 0007 40       		.byte	64
  37 0008 01       		.byte	1
  38 0009 64       		.byte	100
  39 000a 00       		.byte	0
  40 000b 40       		.byte	64
  41 000c 01       		.byte	1
  42 000d 01       		.byte	1
  43 000e 01       		.byte	1
  44 000f 40       		.byte	64
  45 0010 01       		.byte	1
  46 0011 03       		.byte	3
  47 0012 01       		.byte	1
  48 0013 40       		.byte	64
  49 0014 02       		.byte	2
  50 0015 05       		.byte	5
  51 0016 01       		.byte	1
  52 0017 40       		.byte	64
  53 0018 30       		.byte	48
  54 0019 0A       		.byte	10
  55 001a 01       		.byte	1
  56 001b 40       		.byte	64
  57 001c 19       		.byte	25
ARM GAS  C:\Users\Besitzer\AppData\Local\Temp\ccgvCytf.s 			page 2


  58 001d 0B       		.byte	11
  59 001e 01       		.byte	1
  60 001f 40       		.byte	64
  61 0020 01       		.byte	1
  62 0021 0D       		.byte	13
  63 0022 01       		.byte	1
  64 0023 40       		.byte	64
  65 0024 01       		.byte	1
  66 0025 0F       		.byte	15
  67 0026 01       		.byte	1
  68 0027 40       		.byte	64
  69 0028 04       		.byte	4
  70 0029 15       		.byte	21
  71 002a 01       		.byte	1
  72 002b 40       		.byte	64
  73 002c 01       		.byte	1
  74 002d 17       		.byte	23
  75 002e 01       		.byte	1
  76 002f 40       		.byte	64
  77 0030 01       		.byte	1
  78 0031 19       		.byte	25
  79 0032 01       		.byte	1
  80 0033 40       		.byte	64
  81 0034 04       		.byte	4
  82 0035 1B       		.byte	27
  83 0036 01       		.byte	1
  84 0037 40       		.byte	64
  85 0038 09       		.byte	9
  86 0039 40       		.byte	64
  87 003a 01       		.byte	1
  88 003b 40       		.byte	64
  89 003c 06       		.byte	6
  90 003d 41       		.byte	65
  91 003e 01       		.byte	1
  92 003f 40       		.byte	64
  93 0040 09       		.byte	9
  94 0041 42       		.byte	66
  95 0042 01       		.byte	1
  96 0043 40       		.byte	64
  97 0044 02       		.byte	2
  98 0045 43       		.byte	67
  99 0046 01       		.byte	1
 100 0047 40       		.byte	64
 101 0048 01       		.byte	1
 102 0049 44       		.byte	68
 103 004a 01       		.byte	1
 104 004b 40       		.byte	64
 105 004c 02       		.byte	2
 106 004d 45       		.byte	69
 107 004e 01       		.byte	1
 108 004f 40       		.byte	64
 109 0050 02       		.byte	2
 110 0051 46       		.byte	70
 111 0052 01       		.byte	1
 112 0053 40       		.byte	64
 113 0054 06       		.byte	6
 114 0055 47       		.byte	71
ARM GAS  C:\Users\Besitzer\AppData\Local\Temp\ccgvCytf.s 			page 3


 115 0056 01       		.byte	1
 116 0057 40       		.byte	64
 117 0058 03       		.byte	3
 118 0059 48       		.byte	72
 119 005a 01       		.byte	1
 120 005b 40       		.byte	64
 121 005c 12       		.byte	18
 122 005d 49       		.byte	73
 123 005e 01       		.byte	1
 124 005f 40       		.byte	64
 125 0060 07       		.byte	7
 126 0061 4C       		.byte	76
 127 0062 01       		.byte	1
 128 0063 40       		.byte	64
 129 0064 06       		.byte	6
 130 0065 4D       		.byte	77
 131 0066 01       		.byte	1
 132 0067 40       		.byte	64
 133 0068 02       		.byte	2
 134 0069 50       		.byte	80
 135 006a 01       		.byte	1
 136 006b 40       		.byte	64
 137 006c 03       		.byte	3
 138 006d 51       		.byte	81
 139 006e 01       		.byte	1
 140 006f 40       		.byte	64
 141 0070 7E       		.byte	126
 142 0071 02       		.byte	2
 143 0072 60       		.byte	96
 144 0073 02       		.byte	2
 145 0074 64       		.byte	100
 146 0075 03       		.byte	3
 147 0076 7C       		.byte	124
 148 0077 40       		.byte	64
 149 0078 8B       		.byte	-117
 150 0079 0D       		.byte	13
 151 007a E2       		.byte	-30
 152 007b 04       		.byte	4
 153 007c E6       		.byte	-26
 154 007d 02       		.byte	2
 155 007e E2       		.byte	-30
 156 007f 08       		.byte	8
 157 0080 E6       		.byte	-26
 158 0081 08       		.byte	8
 159 0082 40       		.byte	64
 160 0083 54       		.byte	84
 161 0084 49       		.byte	73
 162 0085 FF       		.byte	-1
 163 0086 4A       		.byte	74
 164 0087 FF       		.byte	-1
 165 0088 4B       		.byte	75
 166 0089 FF       		.byte	-1
 167 008a 4F       		.byte	79
 168 008b 01       		.byte	1
 169 008c 50       		.byte	80
 170 008d 18       		.byte	24
 171 008e 5A       		.byte	90
ARM GAS  C:\Users\Besitzer\AppData\Local\Temp\ccgvCytf.s 			page 4


 172 008f 04       		.byte	4
 173 0090 5F       		.byte	95
 174 0091 01       		.byte	1
 175 0092 60       		.byte	96
 176 0093 40       		.byte	64
 177 0094 62       		.byte	98
 178 0095 40       		.byte	64
 179 0096 64       		.byte	100
 180 0097 40       		.byte	64
 181 0098 65       		.byte	101
 182 0099 40       		.byte	64
 183 009a 66       		.byte	102
 184 009b 80       		.byte	-128
 185 009c 68       		.byte	104
 186 009d 80       		.byte	-128
 187 009e 6A       		.byte	106
 188 009f 80       		.byte	-128
 189 00a0 6C       		.byte	108
 190 00a1 80       		.byte	-128
 191 00a2 6E       		.byte	110
 192 00a3 80       		.byte	-128
 193 00a4 92       		.byte	-110
 194 00a5 01       		.byte	1
 195 00a6 AE       		.byte	-82
 196 00a7 01       		.byte	1
 197 00a8 B0       		.byte	-80
 198 00a9 01       		.byte	1
 199 00aa BE       		.byte	-66
 200 00ab 01       		.byte	1
 201 00ac C0       		.byte	-64
 202 00ad 15       		.byte	21
 203 00ae C5       		.byte	-59
 204 00af EC       		.byte	-20
 205 00b0 C6       		.byte	-58
 206 00b1 02       		.byte	2
 207 00b2 C8       		.byte	-56
 208 00b3 07       		.byte	7
 209 00b4 C9       		.byte	-55
 210 00b5 FF       		.byte	-1
 211 00b6 CA       		.byte	-54
 212 00b7 FF       		.byte	-1
 213 00b8 CB       		.byte	-53
 214 00b9 FF       		.byte	-1
 215 00ba CD       		.byte	-51
 216 00bb 83       		.byte	-125
 217 00bc CE       		.byte	-50
 218 00bd 03       		.byte	3
 219 00be CF       		.byte	-49
 220 00bf 01       		.byte	1
 221 00c0 D0       		.byte	-48
 222 00c1 18       		.byte	24
 223 00c2 D2       		.byte	-46
 224 00c3 80       		.byte	-128
 225 00c4 D4       		.byte	-44
 226 00c5 01       		.byte	1
 227 00c6 D6       		.byte	-42
 228 00c7 04       		.byte	4
ARM GAS  C:\Users\Besitzer\AppData\Local\Temp\ccgvCytf.s 			page 5


 229 00c8 D8       		.byte	-40
 230 00c9 04       		.byte	4
 231 00ca DA       		.byte	-38
 232 00cb 04       		.byte	4
 233 00cc DB       		.byte	-37
 234 00cd 04       		.byte	4
 235 00ce DF       		.byte	-33
 236 00cf 01       		.byte	1
 237 00d0 E0       		.byte	-32
 238 00d1 40       		.byte	64
 239 00d2 E2       		.byte	-30
 240 00d3 40       		.byte	64
 241 00d4 E4       		.byte	-28
 242 00d5 40       		.byte	64
 243 00d6 E5       		.byte	-27
 244 00d7 40       		.byte	64
 245 00d8 E6       		.byte	-26
 246 00d9 80       		.byte	-128
 247 00da E8       		.byte	-24
 248 00db 80       		.byte	-128
 249 00dc EA       		.byte	-22
 250 00dd 80       		.byte	-128
 251 00de EC       		.byte	-20
 252 00df 80       		.byte	-128
 253 00e0 EE       		.byte	-18
 254 00e1 80       		.byte	-128
 255 00e2 0F       		.byte	15
 256 00e3 80       		.byte	-128
 257 00e4 17       		.byte	23
 258 00e5 80       		.byte	-128
 259 00e6 1E       		.byte	30
 260 00e7 80       		.byte	-128
 261 00e8 42       		.byte	66
 262 00e9 80       		.byte	-128
 263 00ea 47       		.byte	71
 264 00eb 80       		.byte	-128
 265 00ec 48       		.byte	72
 266 00ed 01       		.byte	1
 267 00ee 4D       		.byte	77
 268 00ef 04       		.byte	4
 269 00f0 4F       		.byte	79
 270 00f1 81       		.byte	-127
 271 00f2 56       		.byte	86
 272 00f3 80       		.byte	-128
 273 00f4 57       		.byte	87
 274 00f5 40       		.byte	64
 275 00f6 5D       		.byte	93
 276 00f7 04       		.byte	4
 277 00f8 5E       		.byte	94
 278 00f9 80       		.byte	-128
 279 00fa 5F       		.byte	95
 280 00fb 01       		.byte	1
 281 00fc 66       		.byte	102
 282 00fd 02       		.byte	2
 283 00fe 67       		.byte	103
 284 00ff 80       		.byte	-128
 285 0100 74       		.byte	116
ARM GAS  C:\Users\Besitzer\AppData\Local\Temp\ccgvCytf.s 			page 6


 286 0101 01       		.byte	1
 287 0102 77       		.byte	119
 288 0103 80       		.byte	-128
 289 0104 86       		.byte	-122
 290 0105 02       		.byte	2
 291 0106 87       		.byte	-121
 292 0107 40       		.byte	64
 293 0108 C2       		.byte	-62
 294 0109 10       		.byte	16
 295 010a C4       		.byte	-60
 296 010b 80       		.byte	-128
 297 010c D0       		.byte	-48
 298 010d 11       		.byte	17
 299 010e D2       		.byte	-46
 300 010f 18       		.byte	24
 301 0110 D6       		.byte	-42
 302 0111 D0       		.byte	-48
 303 0112 D8       		.byte	-40
 304 0113 80       		.byte	-128
 305 0114 E6       		.byte	-26
 306 0115 02       		.byte	2
 307 0116 E2       		.byte	-30
 308 0117 04       		.byte	4
 309 0118 E0       		.byte	-32
 310 0119 08       		.byte	8
 311 011a E4       		.byte	-28
 312 011b 01       		.byte	1
 313 011c EA       		.byte	-22
 314 011d 05       		.byte	5
 315 011e EE       		.byte	-18
 316 011f 02       		.byte	2
 317 0120 EE       		.byte	-18
 318 0121 02       		.byte	2
 319 0122 EE       		.byte	-18
 320 0123 02       		.byte	2
 321 0124 E0       		.byte	-32
 322 0125 08       		.byte	8
 323 0126 E4       		.byte	-28
 324 0127 01       		.byte	1
 325 0128 EA       		.byte	-22
 326 0129 05       		.byte	5
 327 012a EE       		.byte	-18
 328 012b 02       		.byte	2
 329 012c 30       		.byte	48
 330 012d 02       		.byte	2
 331 012e 33       		.byte	51
 332 012f 80       		.byte	-128
 333 0130 34       		.byte	52
 334 0131 02       		.byte	2
 335 0132 36       		.byte	54
 336 0133 40       		.byte	64
 337 0134 3E       		.byte	62
 338 0135 20       		.byte	32
 339 0136 80       		.byte	-128
 340 0137 02       		.byte	2
 341 0138 CC       		.byte	-52
 342 0139 F0       		.byte	-16
ARM GAS  C:\Users\Besitzer\AppData\Local\Temp\ccgvCytf.s 			page 7


 343 013a CE       		.byte	-50
 344 013b 20       		.byte	32
 345 013c E2       		.byte	-30
 346 013d 20       		.byte	32
 347 013e 84       		.byte	-124
 348 013f 02       		.byte	2
 349 0140 9C       		.byte	-100
 350 0141 02       		.byte	2
 351 0142 9E       		.byte	-98
 352 0143 20       		.byte	32
 353 0144 A6       		.byte	-90
 354 0145 40       		.byte	64
 355 0146 A7       		.byte	-89
 356 0147 80       		.byte	-128
 357 0148 E6       		.byte	-26
 358 0149 40       		.byte	64
 359 014a 3E       		.byte	62
 360 014b 10       		.byte	16
 361 014c 86       		.byte	-122
 362 014d 20       		.byte	32
 363 014e 87       		.byte	-121
 364 014f 80       		.byte	-128
 365 0150 9E       		.byte	-98
 366 0151 20       		.byte	32
 367 0152 A6       		.byte	-90
 368 0153 40       		.byte	64
 369 0154 A7       		.byte	-89
 370 0155 80       		.byte	-128
 371 0156 CE       		.byte	-50
 372 0157 20       		.byte	32
 373 0158 E2       		.byte	-30
 374 0159 10       		.byte	16
 375 015a E6       		.byte	-26
 376 015b 10       		.byte	16
 377 015c 96       		.byte	-106
 378 015d 10       		.byte	16
 379 015e A6       		.byte	-90
 380 015f 40       		.byte	64
 381 0160 82       		.byte	-126
 382 0161 40       		.byte	64
 383 0162 84       		.byte	-124
 384 0163 80       		.byte	-128
 385 0164 96       		.byte	-106
 386 0165 40       		.byte	64
 387 0166 96       		.byte	-106
 388 0167 40       		.byte	64
 389 0168 9C       		.byte	-100
 390 0169 80       		.byte	-128
 391 016a 08       		.byte	8
 392 016b 80       		.byte	-128
 393 016c 0B       		.byte	11
 394 016d 40       		.byte	64
 395 016e 0E       		.byte	14
 396 016f 40       		.byte	64
 397 0170 96       		.byte	-106
 398 0171 40       		.byte	64
 399 0172 9C       		.byte	-100
ARM GAS  C:\Users\Besitzer\AppData\Local\Temp\ccgvCytf.s 			page 8


 400 0173 80       		.byte	-128
 401 0174 C2       		.byte	-62
 402 0175 0E       		.byte	14
 403 0176 96       		.byte	-106
 404 0177 10       		.byte	16
 405 0178 AE       		.byte	-82
 406 0179 40       		.byte	64
 407 017a EE       		.byte	-18
 408 017b 40       		.byte	64
 409 017c 12       		.byte	18
 410 017d 20       		.byte	32
 411 017e 16       		.byte	22
 412 017f 40       		.byte	64
 413 0180 7B       		.byte	123
 414 0181 02       		.byte	2
 415 0182 7E       		.byte	126
 416 0183 01       		.byte	1
 417 0184 82       		.byte	-126
 418 0185 20       		.byte	32
 419 0186 86       		.byte	-122
 420 0187 40       		.byte	64
 421 0188 92       		.byte	-110
 422 0189 02       		.byte	2
 423 018a A3       		.byte	-93
 424 018b 02       		.byte	2
 425 018c AA       		.byte	-86
 426 018d 10       		.byte	16
 427 018e AB       		.byte	-85
 428 018f 02       		.byte	2
 429 0190 AE       		.byte	-82
 430 0191 01       		.byte	1
 431 0192 C4       		.byte	-60
 432 0193 30       		.byte	48
 433 0194 DC       		.byte	-36
 434 0195 80       		.byte	-128
 435 0196 DE       		.byte	-34
 436 0197 20       		.byte	32
 437 0198 E0       		.byte	-32
 438 0199 10       		.byte	16
 439 019a E4       		.byte	-28
 440 019b 80       		.byte	-128
 441 019c EA       		.byte	-22
 442 019d A0       		.byte	-96
 443 019e EE       		.byte	-18
 444 019f 40       		.byte	64
 445 01a0 13       		.byte	19
 446 01a1 28       		.byte	40
 447 01a2 15       		.byte	21
 448 01a3 02       		.byte	2
 449 01a4 7B       		.byte	123
 450 01a5 10       		.byte	16
 451 01a6 7F       		.byte	127
 452 01a7 40       		.byte	64
 453 01a8 AF       		.byte	-81
 454 01a9 40       		.byte	64
 455 01aa C4       		.byte	-60
 456 01ab 0E       		.byte	14
ARM GAS  C:\Users\Besitzer\AppData\Local\Temp\ccgvCytf.s 			page 9


 457 01ac DE       		.byte	-34
 458 01ad 03       		.byte	3
 459 01ae 83       		.byte	-125
 460 01af 10       		.byte	16
 461 01b0 87       		.byte	-121
 462 01b1 40       		.byte	64
 463 01b2 97       		.byte	-105
 464 01b3 80       		.byte	-128
 465 01b4 A7       		.byte	-89
 466 01b5 10       		.byte	16
 467 01b6 AB       		.byte	-85
 468 01b7 28       		.byte	40
 469 01b8 AD       		.byte	-83
 470 01b9 01       		.byte	1
 471 01ba 00       		.byte	0
 472 01bb 01       		.byte	1
 473 01bc 0C       		.byte	12
 474 01bd 01       		.byte	1
 475 01be 00       		.byte	0
 476 01bf AB       		.byte	-85
 477 01c0 03       		.byte	3
 478 01c1 C0       		.byte	-64
 479 01c2 10       		.byte	16
 480 01c3 02       		.byte	2
 481 01c4 03       		.byte	3
 482 01c5 00       		.byte	0
 483 01c6 00       		.byte	0
 484 01c7 00       		.byte	0
 485 01c8 03       		.byte	3
 486 01c9 00       		.byte	0
 487 01ca 03       		.byte	3
 488 01cb 00       		.byte	0
 489 01cc 00       		.byte	0
 490 01cd 00       		.byte	0
 491 01ce 00       		.byte	0
 492 01cf 00       		.byte	0
 493 01d0 40       		.byte	64
 494 01d1 00       		.byte	0
 495 01d2 00       		.byte	0
 496 01d3 00       		.byte	0
 497 01d4 00       		.byte	0
 498 01d5 00       		.byte	0
 499 01d6 00       		.byte	0
 500 01d7 00       		.byte	0
 501 01d8 C0       		.byte	-64
 502 01d9 00       		.byte	0
 503 01da 00       		.byte	0
 504 01db 00       		.byte	0
 505 01dc 00       		.byte	0
 506 01dd 0B       		.byte	11
 507 01de 0B       		.byte	11
 508 01df 00       		.byte	0
 509 01e0 00       		.byte	0
 510 01e1 00       		.byte	0
 511 01e2 00       		.byte	0
 512 01e3 00       		.byte	0
 513 01e4 00       		.byte	0
ARM GAS  C:\Users\Besitzer\AppData\Local\Temp\ccgvCytf.s 			page 10


 514 01e5 04       		.byte	4
 515 01e6 04       		.byte	4
 516 01e7 00       		.byte	0
 517 01e8 00       		.byte	0
 518 01e9 00       		.byte	0
 519 01ea 00       		.byte	0
 520 01eb 00       		.byte	0
 521              		.section	.cywolatch,"a",%progbits
 522              		.align	2
 523              		.type	cy_meta_wonvl, %object
 524              		.size	cy_meta_wonvl, 4
 525              	cy_meta_wonvl:
 526 0000 BC       		.byte	-68
 527 0001 90       		.byte	-112
 528 0002 AC       		.byte	-84
 529 0003 AF       		.byte	-81
 530              		.section	.cycustnvl,"a",%progbits
 531              		.align	2
 532              		.type	cy_meta_custnvl, %object
 533              		.size	cy_meta_custnvl, 4
 534              	cy_meta_custnvl:
 535 0000 00       		.byte	0
 536 0001 00       		.byte	0
 537 0002 40       		.byte	64
 538 0003 05       		.byte	5
 539              		.section	.cymeta,"a",%progbits
 540              		.align	2
 541              		.type	cy_metadata, %object
 542              		.size	cy_metadata, 12
 543              	cy_metadata:
 544 0000 00       		.byte	0
 545 0001 01       		.byte	1
 546 0002 2E       		.byte	46
 547 0003 16       		.byte	22
 548 0004 10       		.byte	16
 549 0005 69       		.byte	105
 550 0006 00       		.byte	0
 551 0007 01       		.byte	1
 552 0008 00       		.byte	0
 553 0009 00       		.byte	0
 554 000a 00       		.byte	0
 555 000b 00       		.byte	0
 556              		.section	.cyflashprotect,"a",%progbits
 557              		.align	2
 558              		.type	cy_meta_flashprotect, %object
 559              		.size	cy_meta_flashprotect, 256
 560              	cy_meta_flashprotect:
 561 0000 00000000 		.space	256
 561      00000000 
 561      00000000 
 561      00000000 
 561      00000000 
 562              		.text
 563              	.Letext0:
 564              		.file 1 "c:\\program files (x86)\\cypress\\psoc creator\\4.3\\psoc creator\\import\\gnu\\arm\\5.4.
 565              		.file 2 "c:\\program files (x86)\\cypress\\psoc creator\\4.3\\psoc creator\\import\\gnu\\arm\\5.4.
 566              		.file 3 "Generated_Source\\PSoC5\\cymetadata.c"
ARM GAS  C:\Users\Besitzer\AppData\Local\Temp\ccgvCytf.s 			page 11


 567              		.section	.debug_info,"",%progbits
 568              	.Ldebug_info0:
 569 0000 31010000 		.4byte	0x131
 570 0004 0400     		.2byte	0x4
 571 0006 00000000 		.4byte	.Ldebug_abbrev0
 572 000a 04       		.byte	0x4
 573 000b 01       		.uleb128 0x1
 574 000c 24000000 		.4byte	.LASF17
 575 0010 0C       		.byte	0xc
 576 0011 D7010000 		.4byte	.LASF18
 577 0015 06010000 		.4byte	.LASF19
 578 0019 00000000 		.4byte	.Ldebug_line0
 579 001d 02       		.uleb128 0x2
 580 001e 01       		.byte	0x1
 581 001f 06       		.byte	0x6
 582 0020 CB010000 		.4byte	.LASF0
 583 0024 03       		.uleb128 0x3
 584 0025 00000000 		.4byte	.LASF9
 585 0029 01       		.byte	0x1
 586 002a 1D       		.byte	0x1d
 587 002b 2F000000 		.4byte	0x2f
 588 002f 02       		.uleb128 0x2
 589 0030 01       		.byte	0x1
 590 0031 08       		.byte	0x8
 591 0032 16000000 		.4byte	.LASF1
 592 0036 02       		.uleb128 0x2
 593 0037 02       		.byte	0x2
 594 0038 05       		.byte	0x5
 595 0039 B8010000 		.4byte	.LASF2
 596 003d 02       		.uleb128 0x2
 597 003e 02       		.byte	0x2
 598 003f 07       		.byte	0x7
 599 0040 C4000000 		.4byte	.LASF3
 600 0044 02       		.uleb128 0x2
 601 0045 04       		.byte	0x4
 602 0046 05       		.byte	0x5
 603 0047 C2010000 		.4byte	.LASF4
 604 004b 02       		.uleb128 0x2
 605 004c 04       		.byte	0x4
 606 004d 07       		.byte	0x7
 607 004e B2000000 		.4byte	.LASF5
 608 0052 02       		.uleb128 0x2
 609 0053 08       		.byte	0x8
 610 0054 05       		.byte	0x5
 611 0055 AA010000 		.4byte	.LASF6
 612 0059 02       		.uleb128 0x2
 613 005a 08       		.byte	0x8
 614 005b 07       		.byte	0x7
 615 005c 5F010000 		.4byte	.LASF7
 616 0060 04       		.uleb128 0x4
 617 0061 04       		.byte	0x4
 618 0062 05       		.byte	0x5
 619 0063 696E7400 		.ascii	"int\000"
 620 0067 02       		.uleb128 0x2
 621 0068 04       		.byte	0x4
 622 0069 07       		.byte	0x7
 623 006a F9000000 		.4byte	.LASF8
ARM GAS  C:\Users\Besitzer\AppData\Local\Temp\ccgvCytf.s 			page 12


 624 006e 03       		.uleb128 0x3
 625 006f 76010000 		.4byte	.LASF10
 626 0073 02       		.byte	0x2
 627 0074 18       		.byte	0x18
 628 0075 24000000 		.4byte	0x24
 629 0079 05       		.uleb128 0x5
 630 007a 91000000 		.4byte	0x91
 631 007e 8A000000 		.4byte	0x8a
 632 0082 06       		.uleb128 0x6
 633 0083 8A000000 		.4byte	0x8a
 634 0087 EB01     		.2byte	0x1eb
 635 0089 00       		.byte	0
 636 008a 02       		.uleb128 0x2
 637 008b 04       		.byte	0x4
 638 008c 07       		.byte	0x7
 639 008d A1010000 		.4byte	.LASF11
 640 0091 07       		.uleb128 0x7
 641 0092 6E000000 		.4byte	0x6e
 642 0096 08       		.uleb128 0x8
 643 0097 E7000000 		.4byte	.LASF12
 644 009b 03       		.byte	0x3
 645 009c 1F       		.byte	0x1f
 646 009d A7000000 		.4byte	0xa7
 647 00a1 05       		.uleb128 0x5
 648 00a2 03       		.byte	0x3
 649 00a3 00000000 		.4byte	cy_meta_configecc
 650 00a7 07       		.uleb128 0x7
 651 00a8 79000000 		.4byte	0x79
 652 00ac 05       		.uleb128 0x5
 653 00ad 91000000 		.4byte	0x91
 654 00b1 BC000000 		.4byte	0xbc
 655 00b5 09       		.uleb128 0x9
 656 00b6 8A000000 		.4byte	0x8a
 657 00ba 03       		.byte	0x3
 658 00bb 00       		.byte	0
 659 00bc 08       		.uleb128 0x8
 660 00bd D7000000 		.4byte	.LASF13
 661 00c1 03       		.byte	0x3
 662 00c2 6A       		.byte	0x6a
 663 00c3 CD000000 		.4byte	0xcd
 664 00c7 05       		.uleb128 0x5
 665 00c8 03       		.byte	0x3
 666 00c9 00000000 		.4byte	cy_meta_custnvl
 667 00cd 07       		.uleb128 0x7
 668 00ce AC000000 		.4byte	0xac
 669 00d2 08       		.uleb128 0x8
 670 00d3 93010000 		.4byte	.LASF14
 671 00d7 03       		.byte	0x3
 672 00d8 78       		.byte	0x78
 673 00d9 E3000000 		.4byte	0xe3
 674 00dd 05       		.uleb128 0x5
 675 00de 03       		.byte	0x3
 676 00df 00000000 		.4byte	cy_meta_wonvl
 677 00e3 07       		.uleb128 0x7
 678 00e4 AC000000 		.4byte	0xac
 679 00e8 05       		.uleb128 0x5
 680 00e9 91000000 		.4byte	0x91
ARM GAS  C:\Users\Besitzer\AppData\Local\Temp\ccgvCytf.s 			page 13


 681 00ed F8000000 		.4byte	0xf8
 682 00f1 09       		.uleb128 0x9
 683 00f2 8A000000 		.4byte	0x8a
 684 00f6 FF       		.byte	0xff
 685 00f7 00       		.byte	0
 686 00f8 08       		.uleb128 0x8
 687 00f9 7E010000 		.4byte	.LASF15
 688 00fd 03       		.byte	0x3
 689 00fe 86       		.byte	0x86
 690 00ff 09010000 		.4byte	0x109
 691 0103 05       		.uleb128 0x5
 692 0104 03       		.byte	0x3
 693 0105 00000000 		.4byte	cy_meta_flashprotect
 694 0109 07       		.uleb128 0x7
 695 010a E8000000 		.4byte	0xe8
 696 010e 05       		.uleb128 0x5
 697 010f 91000000 		.4byte	0x91
 698 0113 1E010000 		.4byte	0x11e
 699 0117 09       		.uleb128 0x9
 700 0118 8A000000 		.4byte	0x8a
 701 011c 0B       		.byte	0xb
 702 011d 00       		.byte	0
 703 011e 08       		.uleb128 0x8
 704 011f 0A000000 		.4byte	.LASF16
 705 0123 03       		.byte	0x3
 706 0124 B3       		.byte	0xb3
 707 0125 2F010000 		.4byte	0x12f
 708 0129 05       		.uleb128 0x5
 709 012a 03       		.byte	0x3
 710 012b 00000000 		.4byte	cy_metadata
 711 012f 07       		.uleb128 0x7
 712 0130 0E010000 		.4byte	0x10e
 713 0134 00       		.byte	0
 714              		.section	.debug_abbrev,"",%progbits
 715              	.Ldebug_abbrev0:
 716 0000 01       		.uleb128 0x1
 717 0001 11       		.uleb128 0x11
 718 0002 01       		.byte	0x1
 719 0003 25       		.uleb128 0x25
 720 0004 0E       		.uleb128 0xe
 721 0005 13       		.uleb128 0x13
 722 0006 0B       		.uleb128 0xb
 723 0007 03       		.uleb128 0x3
 724 0008 0E       		.uleb128 0xe
 725 0009 1B       		.uleb128 0x1b
 726 000a 0E       		.uleb128 0xe
 727 000b 10       		.uleb128 0x10
 728 000c 17       		.uleb128 0x17
 729 000d 00       		.byte	0
 730 000e 00       		.byte	0
 731 000f 02       		.uleb128 0x2
 732 0010 24       		.uleb128 0x24
 733 0011 00       		.byte	0
 734 0012 0B       		.uleb128 0xb
 735 0013 0B       		.uleb128 0xb
 736 0014 3E       		.uleb128 0x3e
 737 0015 0B       		.uleb128 0xb
ARM GAS  C:\Users\Besitzer\AppData\Local\Temp\ccgvCytf.s 			page 14


 738 0016 03       		.uleb128 0x3
 739 0017 0E       		.uleb128 0xe
 740 0018 00       		.byte	0
 741 0019 00       		.byte	0
 742 001a 03       		.uleb128 0x3
 743 001b 16       		.uleb128 0x16
 744 001c 00       		.byte	0
 745 001d 03       		.uleb128 0x3
 746 001e 0E       		.uleb128 0xe
 747 001f 3A       		.uleb128 0x3a
 748 0020 0B       		.uleb128 0xb
 749 0021 3B       		.uleb128 0x3b
 750 0022 0B       		.uleb128 0xb
 751 0023 49       		.uleb128 0x49
 752 0024 13       		.uleb128 0x13
 753 0025 00       		.byte	0
 754 0026 00       		.byte	0
 755 0027 04       		.uleb128 0x4
 756 0028 24       		.uleb128 0x24
 757 0029 00       		.byte	0
 758 002a 0B       		.uleb128 0xb
 759 002b 0B       		.uleb128 0xb
 760 002c 3E       		.uleb128 0x3e
 761 002d 0B       		.uleb128 0xb
 762 002e 03       		.uleb128 0x3
 763 002f 08       		.uleb128 0x8
 764 0030 00       		.byte	0
 765 0031 00       		.byte	0
 766 0032 05       		.uleb128 0x5
 767 0033 01       		.uleb128 0x1
 768 0034 01       		.byte	0x1
 769 0035 49       		.uleb128 0x49
 770 0036 13       		.uleb128 0x13
 771 0037 01       		.uleb128 0x1
 772 0038 13       		.uleb128 0x13
 773 0039 00       		.byte	0
 774 003a 00       		.byte	0
 775 003b 06       		.uleb128 0x6
 776 003c 21       		.uleb128 0x21
 777 003d 00       		.byte	0
 778 003e 49       		.uleb128 0x49
 779 003f 13       		.uleb128 0x13
 780 0040 2F       		.uleb128 0x2f
 781 0041 05       		.uleb128 0x5
 782 0042 00       		.byte	0
 783 0043 00       		.byte	0
 784 0044 07       		.uleb128 0x7
 785 0045 26       		.uleb128 0x26
 786 0046 00       		.byte	0
 787 0047 49       		.uleb128 0x49
 788 0048 13       		.uleb128 0x13
 789 0049 00       		.byte	0
 790 004a 00       		.byte	0
 791 004b 08       		.uleb128 0x8
 792 004c 34       		.uleb128 0x34
 793 004d 00       		.byte	0
 794 004e 03       		.uleb128 0x3
ARM GAS  C:\Users\Besitzer\AppData\Local\Temp\ccgvCytf.s 			page 15


 795 004f 0E       		.uleb128 0xe
 796 0050 3A       		.uleb128 0x3a
 797 0051 0B       		.uleb128 0xb
 798 0052 3B       		.uleb128 0x3b
 799 0053 0B       		.uleb128 0xb
 800 0054 49       		.uleb128 0x49
 801 0055 13       		.uleb128 0x13
 802 0056 3F       		.uleb128 0x3f
 803 0057 19       		.uleb128 0x19
 804 0058 02       		.uleb128 0x2
 805 0059 18       		.uleb128 0x18
 806 005a 00       		.byte	0
 807 005b 00       		.byte	0
 808 005c 09       		.uleb128 0x9
 809 005d 21       		.uleb128 0x21
 810 005e 00       		.byte	0
 811 005f 49       		.uleb128 0x49
 812 0060 13       		.uleb128 0x13
 813 0061 2F       		.uleb128 0x2f
 814 0062 0B       		.uleb128 0xb
 815 0063 00       		.byte	0
 816 0064 00       		.byte	0
 817 0065 00       		.byte	0
 818              		.section	.debug_aranges,"",%progbits
 819 0000 14000000 		.4byte	0x14
 820 0004 0200     		.2byte	0x2
 821 0006 00000000 		.4byte	.Ldebug_info0
 822 000a 04       		.byte	0x4
 823 000b 00       		.byte	0
 824 000c 0000     		.2byte	0
 825 000e 0000     		.2byte	0
 826 0010 00000000 		.4byte	0
 827 0014 00000000 		.4byte	0
 828              		.section	.debug_line,"",%progbits
 829              	.Ldebug_line0:
 830 0000 3D010000 		.section	.debug_str,"MS",%progbits,1
 830      02003701 
 830      00000201 
 830      FB0E0D00 
 830      01010101 
 831              	.LASF9:
 832 0000 5F5F7569 		.ascii	"__uint8_t\000"
 832      6E74385F 
 832      7400
 833              	.LASF16:
 834 000a 63795F6D 		.ascii	"cy_metadata\000"
 834      65746164 
 834      61746100 
 835              	.LASF1:
 836 0016 756E7369 		.ascii	"unsigned char\000"
 836      676E6564 
 836      20636861 
 836      7200
 837              	.LASF17:
 838 0024 474E5520 		.ascii	"GNU C11 5.4.1 20160609 (release) [ARM/embedded-5-br"
 838      43313120 
 838      352E342E 
ARM GAS  C:\Users\Besitzer\AppData\Local\Temp\ccgvCytf.s 			page 16


 838      31203230 
 838      31363036 
 839 0057 616E6368 		.ascii	"anch revision 237715] -mcpu=cortex-m3 -mthumb -g -O"
 839      20726576 
 839      6973696F 
 839      6E203233 
 839      37373135 
 840 008a 67202D66 		.ascii	"g -ffunction-sections -ffat-lto-objects\000"
 840      66756E63 
 840      74696F6E 
 840      2D736563 
 840      74696F6E 
 841              	.LASF5:
 842 00b2 6C6F6E67 		.ascii	"long unsigned int\000"
 842      20756E73 
 842      69676E65 
 842      6420696E 
 842      7400
 843              	.LASF3:
 844 00c4 73686F72 		.ascii	"short unsigned int\000"
 844      7420756E 
 844      7369676E 
 844      65642069 
 844      6E7400
 845              	.LASF13:
 846 00d7 63795F6D 		.ascii	"cy_meta_custnvl\000"
 846      6574615F 
 846      63757374 
 846      6E766C00 
 847              	.LASF12:
 848 00e7 63795F6D 		.ascii	"cy_meta_configecc\000"
 848      6574615F 
 848      636F6E66 
 848      69676563 
 848      6300
 849              	.LASF8:
 850 00f9 756E7369 		.ascii	"unsigned int\000"
 850      676E6564 
 850      20696E74 
 850      00
 851              	.LASF19:
 852 0106 433A5C64 		.ascii	"C:\\data\\GitHub\\QuadroCopter\\Software\\Cypress_F"
 852      6174615C 
 852      47697448 
 852      75625C51 
 852      75616472 
 853 0134 6C696768 		.ascii	"lightController\\QuadrCopter\\Design01.cydsn\000"
 853      74436F6E 
 853      74726F6C 
 853      6C65725C 
 853      51756164 
 854              	.LASF7:
 855 015f 6C6F6E67 		.ascii	"long long unsigned int\000"
 855      206C6F6E 
 855      6720756E 
 855      7369676E 
 855      65642069 
ARM GAS  C:\Users\Besitzer\AppData\Local\Temp\ccgvCytf.s 			page 17


 856              	.LASF10:
 857 0176 75696E74 		.ascii	"uint8_t\000"
 857      385F7400 
 858              	.LASF15:
 859 017e 63795F6D 		.ascii	"cy_meta_flashprotect\000"
 859      6574615F 
 859      666C6173 
 859      6870726F 
 859      74656374 
 860              	.LASF14:
 861 0193 63795F6D 		.ascii	"cy_meta_wonvl\000"
 861      6574615F 
 861      776F6E76 
 861      6C00
 862              	.LASF11:
 863 01a1 73697A65 		.ascii	"sizetype\000"
 863      74797065 
 863      00
 864              	.LASF6:
 865 01aa 6C6F6E67 		.ascii	"long long int\000"
 865      206C6F6E 
 865      6720696E 
 865      7400
 866              	.LASF2:
 867 01b8 73686F72 		.ascii	"short int\000"
 867      7420696E 
 867      7400
 868              	.LASF4:
 869 01c2 6C6F6E67 		.ascii	"long int\000"
 869      20696E74 
 869      00
 870              	.LASF0:
 871 01cb 7369676E 		.ascii	"signed char\000"
 871      65642063 
 871      68617200 
 872              	.LASF18:
 873 01d7 47656E65 		.ascii	"Generated_Source\\PSoC5\\cymetadata.c\000"
 873      72617465 
 873      645F536F 
 873      75726365 
 873      5C50536F 
 874              		.ident	"GCC: (GNU Tools for ARM Embedded Processors) 5.4.1 20160609 (release) [ARM/embedded-5-bran
