ARM GAS  C:\Users\Besitzer\AppData\Local\Temp\ccujt3vf.s 			page 1


   1              		.syntax unified
   2              		.cpu cortex-m3
   3              		.fpu softvfp
   4              		.eabi_attribute 20, 1
   5              		.eabi_attribute 21, 1
   6              		.eabi_attribute 23, 3
   7              		.eabi_attribute 24, 1
   8              		.eabi_attribute 25, 1
   9              		.eabi_attribute 26, 1
  10              		.eabi_attribute 30, 1
  11              		.eabi_attribute 34, 1
  12              		.eabi_attribute 18, 4
  13              		.thumb
  14              		.syntax unified
  15              		.file	"debug_ISR.c"
  16              		.text
  17              	.Ltext0:
  18              		.cfi_sections	.debug_frame
  19              		.section	.text.debug_ISR_Interrupt,"ax",%progbits
  20              		.align	2
  21              		.global	debug_ISR_Interrupt
  22              		.thumb
  23              		.thumb_func
  24              		.type	debug_ISR_Interrupt, %function
  25              	debug_ISR_Interrupt:
  26              	.LFB3:
  27              		.file 1 "Generated_Source\\PSoC5\\debug_ISR.c"
   1:Generated_Source\PSoC5/debug_ISR.c **** /*******************************************************************************
   2:Generated_Source\PSoC5/debug_ISR.c **** * File Name: debug_ISR.c  
   3:Generated_Source\PSoC5/debug_ISR.c **** * Version 1.70
   4:Generated_Source\PSoC5/debug_ISR.c **** *
   5:Generated_Source\PSoC5/debug_ISR.c **** *  Description:
   6:Generated_Source\PSoC5/debug_ISR.c **** *   API for controlling the state of an interrupt.
   7:Generated_Source\PSoC5/debug_ISR.c **** *
   8:Generated_Source\PSoC5/debug_ISR.c **** *
   9:Generated_Source\PSoC5/debug_ISR.c **** *  Note:
  10:Generated_Source\PSoC5/debug_ISR.c **** *
  11:Generated_Source\PSoC5/debug_ISR.c **** ********************************************************************************
  12:Generated_Source\PSoC5/debug_ISR.c **** * Copyright 2008-2015, Cypress Semiconductor Corporation.  All rights reserved.
  13:Generated_Source\PSoC5/debug_ISR.c **** * You may use this file only in accordance with the license, terms, conditions, 
  14:Generated_Source\PSoC5/debug_ISR.c **** * disclaimers, and limitations in the end user license agreement accompanying 
  15:Generated_Source\PSoC5/debug_ISR.c **** * the software package with which this file was provided.
  16:Generated_Source\PSoC5/debug_ISR.c **** *******************************************************************************/
  17:Generated_Source\PSoC5/debug_ISR.c **** 
  18:Generated_Source\PSoC5/debug_ISR.c **** 
  19:Generated_Source\PSoC5/debug_ISR.c **** #include <cydevice_trm.h>
  20:Generated_Source\PSoC5/debug_ISR.c **** #include <CyLib.h>
  21:Generated_Source\PSoC5/debug_ISR.c **** #include <debug_ISR.h>
  22:Generated_Source\PSoC5/debug_ISR.c **** #include "cyapicallbacks.h"
  23:Generated_Source\PSoC5/debug_ISR.c **** 
  24:Generated_Source\PSoC5/debug_ISR.c **** #if !defined(debug_ISR__REMOVED) /* Check for removal by optimization */
  25:Generated_Source\PSoC5/debug_ISR.c **** 
  26:Generated_Source\PSoC5/debug_ISR.c **** /*******************************************************************************
  27:Generated_Source\PSoC5/debug_ISR.c **** *  Place your includes, defines and code here 
  28:Generated_Source\PSoC5/debug_ISR.c **** ********************************************************************************/
  29:Generated_Source\PSoC5/debug_ISR.c **** /* `#START debug_ISR_intc` */
  30:Generated_Source\PSoC5/debug_ISR.c **** #include "USB_CDC_1.h"
ARM GAS  C:\Users\Besitzer\AppData\Local\Temp\ccujt3vf.s 			page 2


  31:Generated_Source\PSoC5/debug_ISR.c **** #include "LED.h"
  32:Generated_Source\PSoC5/debug_ISR.c **** /* `#END` */
  33:Generated_Source\PSoC5/debug_ISR.c **** 
  34:Generated_Source\PSoC5/debug_ISR.c **** #ifndef CYINT_IRQ_BASE
  35:Generated_Source\PSoC5/debug_ISR.c **** #define CYINT_IRQ_BASE      16
  36:Generated_Source\PSoC5/debug_ISR.c **** #endif /* CYINT_IRQ_BASE */
  37:Generated_Source\PSoC5/debug_ISR.c **** #ifndef CYINT_VECT_TABLE
  38:Generated_Source\PSoC5/debug_ISR.c **** #define CYINT_VECT_TABLE    ((cyisraddress **) CYREG_NVIC_VECT_OFFSET)
  39:Generated_Source\PSoC5/debug_ISR.c **** #endif /* CYINT_VECT_TABLE */
  40:Generated_Source\PSoC5/debug_ISR.c **** 
  41:Generated_Source\PSoC5/debug_ISR.c **** /* Declared in startup, used to set unused interrupts to. */
  42:Generated_Source\PSoC5/debug_ISR.c **** CY_ISR_PROTO(IntDefaultHandler);
  43:Generated_Source\PSoC5/debug_ISR.c **** 
  44:Generated_Source\PSoC5/debug_ISR.c **** 
  45:Generated_Source\PSoC5/debug_ISR.c **** /*******************************************************************************
  46:Generated_Source\PSoC5/debug_ISR.c **** * Function Name: debug_ISR_Start
  47:Generated_Source\PSoC5/debug_ISR.c **** ********************************************************************************
  48:Generated_Source\PSoC5/debug_ISR.c **** *
  49:Generated_Source\PSoC5/debug_ISR.c **** * Summary:
  50:Generated_Source\PSoC5/debug_ISR.c **** *  Set up the interrupt and enable it. This function disables the interrupt, 
  51:Generated_Source\PSoC5/debug_ISR.c **** *  sets the default interrupt vector, sets the priority from the value in the
  52:Generated_Source\PSoC5/debug_ISR.c **** *  Design Wide Resources Interrupt Editor, then enables the interrupt to the 
  53:Generated_Source\PSoC5/debug_ISR.c **** *  interrupt controller.
  54:Generated_Source\PSoC5/debug_ISR.c **** *
  55:Generated_Source\PSoC5/debug_ISR.c **** * Parameters:  
  56:Generated_Source\PSoC5/debug_ISR.c **** *   None
  57:Generated_Source\PSoC5/debug_ISR.c **** *
  58:Generated_Source\PSoC5/debug_ISR.c **** * Return:
  59:Generated_Source\PSoC5/debug_ISR.c **** *   None
  60:Generated_Source\PSoC5/debug_ISR.c **** *
  61:Generated_Source\PSoC5/debug_ISR.c **** *******************************************************************************/
  62:Generated_Source\PSoC5/debug_ISR.c **** void debug_ISR_Start(void)
  63:Generated_Source\PSoC5/debug_ISR.c **** {
  64:Generated_Source\PSoC5/debug_ISR.c ****     /* For all we know the interrupt is active. */
  65:Generated_Source\PSoC5/debug_ISR.c ****     debug_ISR_Disable();
  66:Generated_Source\PSoC5/debug_ISR.c **** 
  67:Generated_Source\PSoC5/debug_ISR.c ****     /* Set the ISR to point to the debug_ISR Interrupt. */
  68:Generated_Source\PSoC5/debug_ISR.c ****     debug_ISR_SetVector(&debug_ISR_Interrupt);
  69:Generated_Source\PSoC5/debug_ISR.c **** 
  70:Generated_Source\PSoC5/debug_ISR.c ****     /* Set the priority. */
  71:Generated_Source\PSoC5/debug_ISR.c ****     debug_ISR_SetPriority((uint8)debug_ISR_INTC_PRIOR_NUMBER);
  72:Generated_Source\PSoC5/debug_ISR.c **** 
  73:Generated_Source\PSoC5/debug_ISR.c ****     /* Enable it. */
  74:Generated_Source\PSoC5/debug_ISR.c ****     debug_ISR_Enable();
  75:Generated_Source\PSoC5/debug_ISR.c **** }
  76:Generated_Source\PSoC5/debug_ISR.c **** 
  77:Generated_Source\PSoC5/debug_ISR.c **** 
  78:Generated_Source\PSoC5/debug_ISR.c **** /*******************************************************************************
  79:Generated_Source\PSoC5/debug_ISR.c **** * Function Name: debug_ISR_StartEx
  80:Generated_Source\PSoC5/debug_ISR.c **** ********************************************************************************
  81:Generated_Source\PSoC5/debug_ISR.c **** *
  82:Generated_Source\PSoC5/debug_ISR.c **** * Summary:
  83:Generated_Source\PSoC5/debug_ISR.c **** *  Sets up the interrupt and enables it. This function disables the interrupt,
  84:Generated_Source\PSoC5/debug_ISR.c **** *  sets the interrupt vector based on the address passed in, sets the priority 
  85:Generated_Source\PSoC5/debug_ISR.c **** *  from the value in the Design Wide Resources Interrupt Editor, then enables 
  86:Generated_Source\PSoC5/debug_ISR.c **** *  the interrupt to the interrupt controller.
  87:Generated_Source\PSoC5/debug_ISR.c **** *  
ARM GAS  C:\Users\Besitzer\AppData\Local\Temp\ccujt3vf.s 			page 3


  88:Generated_Source\PSoC5/debug_ISR.c **** *  When defining ISR functions, the CY_ISR and CY_ISR_PROTO macros should be 
  89:Generated_Source\PSoC5/debug_ISR.c **** *  used to provide consistent definition across compilers:
  90:Generated_Source\PSoC5/debug_ISR.c **** *  
  91:Generated_Source\PSoC5/debug_ISR.c **** *  Function definition example:
  92:Generated_Source\PSoC5/debug_ISR.c **** *   CY_ISR(MyISR)
  93:Generated_Source\PSoC5/debug_ISR.c **** *   {
  94:Generated_Source\PSoC5/debug_ISR.c **** *   }
  95:Generated_Source\PSoC5/debug_ISR.c **** *   Function prototype example:
  96:Generated_Source\PSoC5/debug_ISR.c **** *   CY_ISR_PROTO(MyISR);
  97:Generated_Source\PSoC5/debug_ISR.c **** *
  98:Generated_Source\PSoC5/debug_ISR.c **** * Parameters:  
  99:Generated_Source\PSoC5/debug_ISR.c **** *   address: Address of the ISR to set in the interrupt vector table.
 100:Generated_Source\PSoC5/debug_ISR.c **** *
 101:Generated_Source\PSoC5/debug_ISR.c **** * Return:
 102:Generated_Source\PSoC5/debug_ISR.c **** *   None
 103:Generated_Source\PSoC5/debug_ISR.c **** *
 104:Generated_Source\PSoC5/debug_ISR.c **** *******************************************************************************/
 105:Generated_Source\PSoC5/debug_ISR.c **** void debug_ISR_StartEx(cyisraddress address)
 106:Generated_Source\PSoC5/debug_ISR.c **** {
 107:Generated_Source\PSoC5/debug_ISR.c ****     /* For all we know the interrupt is active. */
 108:Generated_Source\PSoC5/debug_ISR.c ****     debug_ISR_Disable();
 109:Generated_Source\PSoC5/debug_ISR.c **** 
 110:Generated_Source\PSoC5/debug_ISR.c ****     /* Set the ISR to point to the debug_ISR Interrupt. */
 111:Generated_Source\PSoC5/debug_ISR.c ****     debug_ISR_SetVector(address);
 112:Generated_Source\PSoC5/debug_ISR.c **** 
 113:Generated_Source\PSoC5/debug_ISR.c ****     /* Set the priority. */
 114:Generated_Source\PSoC5/debug_ISR.c ****     debug_ISR_SetPriority((uint8)debug_ISR_INTC_PRIOR_NUMBER);
 115:Generated_Source\PSoC5/debug_ISR.c **** 
 116:Generated_Source\PSoC5/debug_ISR.c ****     /* Enable it. */
 117:Generated_Source\PSoC5/debug_ISR.c ****     debug_ISR_Enable();
 118:Generated_Source\PSoC5/debug_ISR.c **** }
 119:Generated_Source\PSoC5/debug_ISR.c **** 
 120:Generated_Source\PSoC5/debug_ISR.c **** 
 121:Generated_Source\PSoC5/debug_ISR.c **** /*******************************************************************************
 122:Generated_Source\PSoC5/debug_ISR.c **** * Function Name: debug_ISR_Stop
 123:Generated_Source\PSoC5/debug_ISR.c **** ********************************************************************************
 124:Generated_Source\PSoC5/debug_ISR.c **** *
 125:Generated_Source\PSoC5/debug_ISR.c **** * Summary:
 126:Generated_Source\PSoC5/debug_ISR.c **** *   Disables and removes the interrupt.
 127:Generated_Source\PSoC5/debug_ISR.c **** *
 128:Generated_Source\PSoC5/debug_ISR.c **** * Parameters:  
 129:Generated_Source\PSoC5/debug_ISR.c **** *   None
 130:Generated_Source\PSoC5/debug_ISR.c **** *
 131:Generated_Source\PSoC5/debug_ISR.c **** * Return:
 132:Generated_Source\PSoC5/debug_ISR.c **** *   None
 133:Generated_Source\PSoC5/debug_ISR.c **** *
 134:Generated_Source\PSoC5/debug_ISR.c **** *******************************************************************************/
 135:Generated_Source\PSoC5/debug_ISR.c **** void debug_ISR_Stop(void)
 136:Generated_Source\PSoC5/debug_ISR.c **** {
 137:Generated_Source\PSoC5/debug_ISR.c ****     /* Disable this interrupt. */
 138:Generated_Source\PSoC5/debug_ISR.c ****     debug_ISR_Disable();
 139:Generated_Source\PSoC5/debug_ISR.c **** 
 140:Generated_Source\PSoC5/debug_ISR.c ****     /* Set the ISR to point to the passive one. */
 141:Generated_Source\PSoC5/debug_ISR.c ****     debug_ISR_SetVector(&IntDefaultHandler);
 142:Generated_Source\PSoC5/debug_ISR.c **** }
 143:Generated_Source\PSoC5/debug_ISR.c **** 
 144:Generated_Source\PSoC5/debug_ISR.c **** 
ARM GAS  C:\Users\Besitzer\AppData\Local\Temp\ccujt3vf.s 			page 4


 145:Generated_Source\PSoC5/debug_ISR.c **** /*******************************************************************************
 146:Generated_Source\PSoC5/debug_ISR.c **** * Function Name: debug_ISR_Interrupt
 147:Generated_Source\PSoC5/debug_ISR.c **** ********************************************************************************
 148:Generated_Source\PSoC5/debug_ISR.c **** *
 149:Generated_Source\PSoC5/debug_ISR.c **** * Summary:
 150:Generated_Source\PSoC5/debug_ISR.c **** *   The default Interrupt Service Routine for debug_ISR.
 151:Generated_Source\PSoC5/debug_ISR.c **** *
 152:Generated_Source\PSoC5/debug_ISR.c **** *   Add custom code between the coments to keep the next version of this file
 153:Generated_Source\PSoC5/debug_ISR.c **** *   from over writting your code.
 154:Generated_Source\PSoC5/debug_ISR.c **** *
 155:Generated_Source\PSoC5/debug_ISR.c **** * Parameters:  
 156:Generated_Source\PSoC5/debug_ISR.c **** *
 157:Generated_Source\PSoC5/debug_ISR.c **** * Return:
 158:Generated_Source\PSoC5/debug_ISR.c **** *   None
 159:Generated_Source\PSoC5/debug_ISR.c **** *
 160:Generated_Source\PSoC5/debug_ISR.c **** *******************************************************************************/
 161:Generated_Source\PSoC5/debug_ISR.c **** CY_ISR(debug_ISR_Interrupt)
 162:Generated_Source\PSoC5/debug_ISR.c **** {
  28              		.loc 1 162 0
  29              		.cfi_startproc
  30              		@ args = 0, pretend = 0, frame = 0
  31              		@ frame_needed = 0, uses_anonymous_args = 0
  32              		@ link register save eliminated.
  33 0000 7047     		bx	lr
  34              		.cfi_endproc
  35              	.LFE3:
  36              		.size	debug_ISR_Interrupt, .-debug_ISR_Interrupt
  37 0002 00BF     		.section	.text.debug_ISR_SetVector,"ax",%progbits
  38              		.align	2
  39              		.global	debug_ISR_SetVector
  40              		.thumb
  41              		.thumb_func
  42              		.type	debug_ISR_SetVector, %function
  43              	debug_ISR_SetVector:
  44              	.LFB4:
 163:Generated_Source\PSoC5/debug_ISR.c ****     #ifdef debug_ISR_INTERRUPT_INTERRUPT_CALLBACK
 164:Generated_Source\PSoC5/debug_ISR.c ****         debug_ISR_Interrupt_InterruptCallback();
 165:Generated_Source\PSoC5/debug_ISR.c ****     #endif /* debug_ISR_INTERRUPT_INTERRUPT_CALLBACK */ 
 166:Generated_Source\PSoC5/debug_ISR.c **** 
 167:Generated_Source\PSoC5/debug_ISR.c ****     /*  Place your Interrupt code here. */
 168:Generated_Source\PSoC5/debug_ISR.c ****     /* `#START debug_ISR_Interrupt` */
 169:Generated_Source\PSoC5/debug_ISR.c **** 
 170:Generated_Source\PSoC5/debug_ISR.c ****     /* `#END` */
 171:Generated_Source\PSoC5/debug_ISR.c **** }
 172:Generated_Source\PSoC5/debug_ISR.c **** 
 173:Generated_Source\PSoC5/debug_ISR.c **** 
 174:Generated_Source\PSoC5/debug_ISR.c **** /*******************************************************************************
 175:Generated_Source\PSoC5/debug_ISR.c **** * Function Name: debug_ISR_SetVector
 176:Generated_Source\PSoC5/debug_ISR.c **** ********************************************************************************
 177:Generated_Source\PSoC5/debug_ISR.c **** *
 178:Generated_Source\PSoC5/debug_ISR.c **** * Summary:
 179:Generated_Source\PSoC5/debug_ISR.c **** *   Change the ISR vector for the Interrupt. Note calling debug_ISR_Start
 180:Generated_Source\PSoC5/debug_ISR.c **** *   will override any effect this method would have had. To set the vector 
 181:Generated_Source\PSoC5/debug_ISR.c **** *   before the component has been started use debug_ISR_StartEx instead.
 182:Generated_Source\PSoC5/debug_ISR.c **** * 
 183:Generated_Source\PSoC5/debug_ISR.c **** *   When defining ISR functions, the CY_ISR and CY_ISR_PROTO macros should be 
 184:Generated_Source\PSoC5/debug_ISR.c **** *   used to provide consistent definition across compilers:
ARM GAS  C:\Users\Besitzer\AppData\Local\Temp\ccujt3vf.s 			page 5


 185:Generated_Source\PSoC5/debug_ISR.c **** *
 186:Generated_Source\PSoC5/debug_ISR.c **** *   Function definition example:
 187:Generated_Source\PSoC5/debug_ISR.c **** *   CY_ISR(MyISR)
 188:Generated_Source\PSoC5/debug_ISR.c **** *   {
 189:Generated_Source\PSoC5/debug_ISR.c **** *   }
 190:Generated_Source\PSoC5/debug_ISR.c **** *
 191:Generated_Source\PSoC5/debug_ISR.c **** *   Function prototype example:
 192:Generated_Source\PSoC5/debug_ISR.c **** *     CY_ISR_PROTO(MyISR);
 193:Generated_Source\PSoC5/debug_ISR.c **** *
 194:Generated_Source\PSoC5/debug_ISR.c **** * Parameters:
 195:Generated_Source\PSoC5/debug_ISR.c **** *   address: Address of the ISR to set in the interrupt vector table.
 196:Generated_Source\PSoC5/debug_ISR.c **** *
 197:Generated_Source\PSoC5/debug_ISR.c **** * Return:
 198:Generated_Source\PSoC5/debug_ISR.c **** *   None
 199:Generated_Source\PSoC5/debug_ISR.c **** *
 200:Generated_Source\PSoC5/debug_ISR.c **** *******************************************************************************/
 201:Generated_Source\PSoC5/debug_ISR.c **** void debug_ISR_SetVector(cyisraddress address)
 202:Generated_Source\PSoC5/debug_ISR.c **** {
  45              		.loc 1 202 0
  46              		.cfi_startproc
  47              		@ args = 0, pretend = 0, frame = 0
  48              		@ frame_needed = 0, uses_anonymous_args = 0
  49              		@ link register save eliminated.
  50              	.LVL0:
 203:Generated_Source\PSoC5/debug_ISR.c ****     cyisraddress * ramVectorTable;
 204:Generated_Source\PSoC5/debug_ISR.c **** 
 205:Generated_Source\PSoC5/debug_ISR.c ****     ramVectorTable = (cyisraddress *) *CYINT_VECT_TABLE;
  51              		.loc 1 205 0
  52 0000 014B     		ldr	r3, .L3
  53 0002 1B68     		ldr	r3, [r3]
  54              	.LVL1:
 206:Generated_Source\PSoC5/debug_ISR.c **** 
 207:Generated_Source\PSoC5/debug_ISR.c ****     ramVectorTable[CYINT_IRQ_BASE + (uint32)debug_ISR__INTC_NUMBER] = address;
  55              		.loc 1 207 0
  56 0004 D864     		str	r0, [r3, #76]
  57 0006 7047     		bx	lr
  58              	.L4:
  59              		.align	2
  60              	.L3:
  61 0008 08ED00E0 		.word	-536810232
  62              		.cfi_endproc
  63              	.LFE4:
  64              		.size	debug_ISR_SetVector, .-debug_ISR_SetVector
  65              		.section	.text.debug_ISR_GetVector,"ax",%progbits
  66              		.align	2
  67              		.global	debug_ISR_GetVector
  68              		.thumb
  69              		.thumb_func
  70              		.type	debug_ISR_GetVector, %function
  71              	debug_ISR_GetVector:
  72              	.LFB5:
 208:Generated_Source\PSoC5/debug_ISR.c **** }
 209:Generated_Source\PSoC5/debug_ISR.c **** 
 210:Generated_Source\PSoC5/debug_ISR.c **** 
 211:Generated_Source\PSoC5/debug_ISR.c **** /*******************************************************************************
 212:Generated_Source\PSoC5/debug_ISR.c **** * Function Name: debug_ISR_GetVector
 213:Generated_Source\PSoC5/debug_ISR.c **** ********************************************************************************
ARM GAS  C:\Users\Besitzer\AppData\Local\Temp\ccujt3vf.s 			page 6


 214:Generated_Source\PSoC5/debug_ISR.c **** *
 215:Generated_Source\PSoC5/debug_ISR.c **** * Summary:
 216:Generated_Source\PSoC5/debug_ISR.c **** *   Gets the "address" of the current ISR vector for the Interrupt.
 217:Generated_Source\PSoC5/debug_ISR.c **** *
 218:Generated_Source\PSoC5/debug_ISR.c **** * Parameters:
 219:Generated_Source\PSoC5/debug_ISR.c **** *   None
 220:Generated_Source\PSoC5/debug_ISR.c **** *
 221:Generated_Source\PSoC5/debug_ISR.c **** * Return:
 222:Generated_Source\PSoC5/debug_ISR.c **** *   Address of the ISR in the interrupt vector table.
 223:Generated_Source\PSoC5/debug_ISR.c **** *
 224:Generated_Source\PSoC5/debug_ISR.c **** *******************************************************************************/
 225:Generated_Source\PSoC5/debug_ISR.c **** cyisraddress debug_ISR_GetVector(void)
 226:Generated_Source\PSoC5/debug_ISR.c **** {
  73              		.loc 1 226 0
  74              		.cfi_startproc
  75              		@ args = 0, pretend = 0, frame = 0
  76              		@ frame_needed = 0, uses_anonymous_args = 0
  77              		@ link register save eliminated.
 227:Generated_Source\PSoC5/debug_ISR.c ****     cyisraddress * ramVectorTable;
 228:Generated_Source\PSoC5/debug_ISR.c **** 
 229:Generated_Source\PSoC5/debug_ISR.c ****     ramVectorTable = (cyisraddress *) *CYINT_VECT_TABLE;
  78              		.loc 1 229 0
  79 0000 014B     		ldr	r3, .L6
  80 0002 1B68     		ldr	r3, [r3]
  81              	.LVL2:
 230:Generated_Source\PSoC5/debug_ISR.c **** 
 231:Generated_Source\PSoC5/debug_ISR.c ****     return ramVectorTable[CYINT_IRQ_BASE + (uint32)debug_ISR__INTC_NUMBER];
 232:Generated_Source\PSoC5/debug_ISR.c **** }
  82              		.loc 1 232 0
  83 0004 D86C     		ldr	r0, [r3, #76]
  84 0006 7047     		bx	lr
  85              	.L7:
  86              		.align	2
  87              	.L6:
  88 0008 08ED00E0 		.word	-536810232
  89              		.cfi_endproc
  90              	.LFE5:
  91              		.size	debug_ISR_GetVector, .-debug_ISR_GetVector
  92              		.section	.text.debug_ISR_SetPriority,"ax",%progbits
  93              		.align	2
  94              		.global	debug_ISR_SetPriority
  95              		.thumb
  96              		.thumb_func
  97              		.type	debug_ISR_SetPriority, %function
  98              	debug_ISR_SetPriority:
  99              	.LFB6:
 233:Generated_Source\PSoC5/debug_ISR.c **** 
 234:Generated_Source\PSoC5/debug_ISR.c **** 
 235:Generated_Source\PSoC5/debug_ISR.c **** /*******************************************************************************
 236:Generated_Source\PSoC5/debug_ISR.c **** * Function Name: debug_ISR_SetPriority
 237:Generated_Source\PSoC5/debug_ISR.c **** ********************************************************************************
 238:Generated_Source\PSoC5/debug_ISR.c **** *
 239:Generated_Source\PSoC5/debug_ISR.c **** * Summary:
 240:Generated_Source\PSoC5/debug_ISR.c **** *   Sets the Priority of the Interrupt. 
 241:Generated_Source\PSoC5/debug_ISR.c **** *
 242:Generated_Source\PSoC5/debug_ISR.c **** *   Note calling debug_ISR_Start or debug_ISR_StartEx will 
 243:Generated_Source\PSoC5/debug_ISR.c **** *   override any effect this API would have had. This API should only be called
ARM GAS  C:\Users\Besitzer\AppData\Local\Temp\ccujt3vf.s 			page 7


 244:Generated_Source\PSoC5/debug_ISR.c **** *   after debug_ISR_Start or debug_ISR_StartEx has been called. 
 245:Generated_Source\PSoC5/debug_ISR.c **** *   To set the initial priority for the component, use the Design-Wide Resources
 246:Generated_Source\PSoC5/debug_ISR.c **** *   Interrupt Editor.
 247:Generated_Source\PSoC5/debug_ISR.c **** *
 248:Generated_Source\PSoC5/debug_ISR.c **** *   Note This API has no effect on Non-maskable interrupt NMI).
 249:Generated_Source\PSoC5/debug_ISR.c **** *
 250:Generated_Source\PSoC5/debug_ISR.c **** * Parameters:
 251:Generated_Source\PSoC5/debug_ISR.c **** *   priority: Priority of the interrupt, 0 being the highest priority
 252:Generated_Source\PSoC5/debug_ISR.c **** *             PSoC 3 and PSoC 5LP: Priority is from 0 to 7.
 253:Generated_Source\PSoC5/debug_ISR.c **** *             PSoC 4: Priority is from 0 to 3.
 254:Generated_Source\PSoC5/debug_ISR.c **** *
 255:Generated_Source\PSoC5/debug_ISR.c **** * Return:
 256:Generated_Source\PSoC5/debug_ISR.c **** *   None
 257:Generated_Source\PSoC5/debug_ISR.c **** *
 258:Generated_Source\PSoC5/debug_ISR.c **** *******************************************************************************/
 259:Generated_Source\PSoC5/debug_ISR.c **** void debug_ISR_SetPriority(uint8 priority)
 260:Generated_Source\PSoC5/debug_ISR.c **** {
 100              		.loc 1 260 0
 101              		.cfi_startproc
 102              		@ args = 0, pretend = 0, frame = 0
 103              		@ frame_needed = 0, uses_anonymous_args = 0
 104              		@ link register save eliminated.
 105              	.LVL3:
 261:Generated_Source\PSoC5/debug_ISR.c ****     *debug_ISR_INTC_PRIOR = priority << 5;
 106              		.loc 1 261 0
 107 0000 4001     		lsls	r0, r0, #5
 108              	.LVL4:
 109 0002 C0B2     		uxtb	r0, r0
 110 0004 014B     		ldr	r3, .L9
 111 0006 1870     		strb	r0, [r3]
 112 0008 7047     		bx	lr
 113              	.L10:
 114 000a 00BF     		.align	2
 115              	.L9:
 116 000c 03E400E0 		.word	-536812541
 117              		.cfi_endproc
 118              	.LFE6:
 119              		.size	debug_ISR_SetPriority, .-debug_ISR_SetPriority
 120              		.section	.text.debug_ISR_GetPriority,"ax",%progbits
 121              		.align	2
 122              		.global	debug_ISR_GetPriority
 123              		.thumb
 124              		.thumb_func
 125              		.type	debug_ISR_GetPriority, %function
 126              	debug_ISR_GetPriority:
 127              	.LFB7:
 262:Generated_Source\PSoC5/debug_ISR.c **** }
 263:Generated_Source\PSoC5/debug_ISR.c **** 
 264:Generated_Source\PSoC5/debug_ISR.c **** 
 265:Generated_Source\PSoC5/debug_ISR.c **** /*******************************************************************************
 266:Generated_Source\PSoC5/debug_ISR.c **** * Function Name: debug_ISR_GetPriority
 267:Generated_Source\PSoC5/debug_ISR.c **** ********************************************************************************
 268:Generated_Source\PSoC5/debug_ISR.c **** *
 269:Generated_Source\PSoC5/debug_ISR.c **** * Summary:
 270:Generated_Source\PSoC5/debug_ISR.c **** *   Gets the Priority of the Interrupt.
 271:Generated_Source\PSoC5/debug_ISR.c **** *
 272:Generated_Source\PSoC5/debug_ISR.c **** * Parameters:
ARM GAS  C:\Users\Besitzer\AppData\Local\Temp\ccujt3vf.s 			page 8


 273:Generated_Source\PSoC5/debug_ISR.c **** *   None
 274:Generated_Source\PSoC5/debug_ISR.c **** *
 275:Generated_Source\PSoC5/debug_ISR.c **** * Return:
 276:Generated_Source\PSoC5/debug_ISR.c **** *   Priority of the interrupt, 0 being the highest priority
 277:Generated_Source\PSoC5/debug_ISR.c **** *    PSoC 3 and PSoC 5LP: Priority is from 0 to 7.
 278:Generated_Source\PSoC5/debug_ISR.c **** *    PSoC 4: Priority is from 0 to 3.
 279:Generated_Source\PSoC5/debug_ISR.c **** *
 280:Generated_Source\PSoC5/debug_ISR.c **** *******************************************************************************/
 281:Generated_Source\PSoC5/debug_ISR.c **** uint8 debug_ISR_GetPriority(void)
 282:Generated_Source\PSoC5/debug_ISR.c **** {
 128              		.loc 1 282 0
 129              		.cfi_startproc
 130              		@ args = 0, pretend = 0, frame = 0
 131              		@ frame_needed = 0, uses_anonymous_args = 0
 132              		@ link register save eliminated.
 283:Generated_Source\PSoC5/debug_ISR.c ****     uint8 priority;
 284:Generated_Source\PSoC5/debug_ISR.c **** 
 285:Generated_Source\PSoC5/debug_ISR.c **** 
 286:Generated_Source\PSoC5/debug_ISR.c ****     priority = *debug_ISR_INTC_PRIOR >> 5;
 133              		.loc 1 286 0
 134 0000 014B     		ldr	r3, .L12
 135 0002 1878     		ldrb	r0, [r3]	@ zero_extendqisi2
 136              	.LVL5:
 287:Generated_Source\PSoC5/debug_ISR.c **** 
 288:Generated_Source\PSoC5/debug_ISR.c ****     return priority;
 289:Generated_Source\PSoC5/debug_ISR.c **** }
 137              		.loc 1 289 0
 138 0004 4009     		lsrs	r0, r0, #5
 139              	.LVL6:
 140 0006 7047     		bx	lr
 141              	.L13:
 142              		.align	2
 143              	.L12:
 144 0008 03E400E0 		.word	-536812541
 145              		.cfi_endproc
 146              	.LFE7:
 147              		.size	debug_ISR_GetPriority, .-debug_ISR_GetPriority
 148              		.section	.text.debug_ISR_Enable,"ax",%progbits
 149              		.align	2
 150              		.global	debug_ISR_Enable
 151              		.thumb
 152              		.thumb_func
 153              		.type	debug_ISR_Enable, %function
 154              	debug_ISR_Enable:
 155              	.LFB8:
 290:Generated_Source\PSoC5/debug_ISR.c **** 
 291:Generated_Source\PSoC5/debug_ISR.c **** 
 292:Generated_Source\PSoC5/debug_ISR.c **** /*******************************************************************************
 293:Generated_Source\PSoC5/debug_ISR.c **** * Function Name: debug_ISR_Enable
 294:Generated_Source\PSoC5/debug_ISR.c **** ********************************************************************************
 295:Generated_Source\PSoC5/debug_ISR.c **** *
 296:Generated_Source\PSoC5/debug_ISR.c **** * Summary:
 297:Generated_Source\PSoC5/debug_ISR.c **** *   Enables the interrupt to the interrupt controller. Do not call this function
 298:Generated_Source\PSoC5/debug_ISR.c **** *   unless ISR_Start() has been called or the functionality of the ISR_Start() 
 299:Generated_Source\PSoC5/debug_ISR.c **** *   function, which sets the vector and the priority, has been called.
 300:Generated_Source\PSoC5/debug_ISR.c **** *
 301:Generated_Source\PSoC5/debug_ISR.c **** * Parameters:
ARM GAS  C:\Users\Besitzer\AppData\Local\Temp\ccujt3vf.s 			page 9


 302:Generated_Source\PSoC5/debug_ISR.c **** *   None
 303:Generated_Source\PSoC5/debug_ISR.c **** *
 304:Generated_Source\PSoC5/debug_ISR.c **** * Return:
 305:Generated_Source\PSoC5/debug_ISR.c **** *   None
 306:Generated_Source\PSoC5/debug_ISR.c **** *
 307:Generated_Source\PSoC5/debug_ISR.c **** *******************************************************************************/
 308:Generated_Source\PSoC5/debug_ISR.c **** void debug_ISR_Enable(void)
 309:Generated_Source\PSoC5/debug_ISR.c **** {
 156              		.loc 1 309 0
 157              		.cfi_startproc
 158              		@ args = 0, pretend = 0, frame = 0
 159              		@ frame_needed = 0, uses_anonymous_args = 0
 160              		@ link register save eliminated.
 310:Generated_Source\PSoC5/debug_ISR.c ****     /* Enable the general interrupt. */
 311:Generated_Source\PSoC5/debug_ISR.c ****     *debug_ISR_INTC_SET_EN = debug_ISR__INTC_MASK;
 161              		.loc 1 311 0
 162 0000 0822     		movs	r2, #8
 163 0002 014B     		ldr	r3, .L15
 164 0004 1A60     		str	r2, [r3]
 165 0006 7047     		bx	lr
 166              	.L16:
 167              		.align	2
 168              	.L15:
 169 0008 00E100E0 		.word	-536813312
 170              		.cfi_endproc
 171              	.LFE8:
 172              		.size	debug_ISR_Enable, .-debug_ISR_Enable
 173              		.section	.text.debug_ISR_GetState,"ax",%progbits
 174              		.align	2
 175              		.global	debug_ISR_GetState
 176              		.thumb
 177              		.thumb_func
 178              		.type	debug_ISR_GetState, %function
 179              	debug_ISR_GetState:
 180              	.LFB9:
 312:Generated_Source\PSoC5/debug_ISR.c **** }
 313:Generated_Source\PSoC5/debug_ISR.c **** 
 314:Generated_Source\PSoC5/debug_ISR.c **** 
 315:Generated_Source\PSoC5/debug_ISR.c **** /*******************************************************************************
 316:Generated_Source\PSoC5/debug_ISR.c **** * Function Name: debug_ISR_GetState
 317:Generated_Source\PSoC5/debug_ISR.c **** ********************************************************************************
 318:Generated_Source\PSoC5/debug_ISR.c **** *
 319:Generated_Source\PSoC5/debug_ISR.c **** * Summary:
 320:Generated_Source\PSoC5/debug_ISR.c **** *   Gets the state (enabled, disabled) of the Interrupt.
 321:Generated_Source\PSoC5/debug_ISR.c **** *
 322:Generated_Source\PSoC5/debug_ISR.c **** * Parameters:
 323:Generated_Source\PSoC5/debug_ISR.c **** *   None
 324:Generated_Source\PSoC5/debug_ISR.c **** *
 325:Generated_Source\PSoC5/debug_ISR.c **** * Return:
 326:Generated_Source\PSoC5/debug_ISR.c **** *   1 if enabled, 0 if disabled.
 327:Generated_Source\PSoC5/debug_ISR.c **** *
 328:Generated_Source\PSoC5/debug_ISR.c **** *******************************************************************************/
 329:Generated_Source\PSoC5/debug_ISR.c **** uint8 debug_ISR_GetState(void)
 330:Generated_Source\PSoC5/debug_ISR.c **** {
 181              		.loc 1 330 0
 182              		.cfi_startproc
 183              		@ args = 0, pretend = 0, frame = 0
ARM GAS  C:\Users\Besitzer\AppData\Local\Temp\ccujt3vf.s 			page 10


 184              		@ frame_needed = 0, uses_anonymous_args = 0
 185              		@ link register save eliminated.
 331:Generated_Source\PSoC5/debug_ISR.c ****     /* Get the state of the general interrupt. */
 332:Generated_Source\PSoC5/debug_ISR.c ****     return ((*debug_ISR_INTC_SET_EN & (uint32)debug_ISR__INTC_MASK) != 0u) ? 1u:0u;
 186              		.loc 1 332 0
 187 0000 044B     		ldr	r3, .L20
 188 0002 1B68     		ldr	r3, [r3]
 189 0004 13F0080F 		tst	r3, #8
 190 0008 01D0     		beq	.L19
 191 000a 0120     		movs	r0, #1
 192 000c 7047     		bx	lr
 193              	.L19:
 194 000e 0020     		movs	r0, #0
 333:Generated_Source\PSoC5/debug_ISR.c **** }
 195              		.loc 1 333 0
 196 0010 7047     		bx	lr
 197              	.L21:
 198 0012 00BF     		.align	2
 199              	.L20:
 200 0014 00E100E0 		.word	-536813312
 201              		.cfi_endproc
 202              	.LFE9:
 203              		.size	debug_ISR_GetState, .-debug_ISR_GetState
 204              		.section	.text.debug_ISR_Disable,"ax",%progbits
 205              		.align	2
 206              		.global	debug_ISR_Disable
 207              		.thumb
 208              		.thumb_func
 209              		.type	debug_ISR_Disable, %function
 210              	debug_ISR_Disable:
 211              	.LFB10:
 334:Generated_Source\PSoC5/debug_ISR.c **** 
 335:Generated_Source\PSoC5/debug_ISR.c **** 
 336:Generated_Source\PSoC5/debug_ISR.c **** /*******************************************************************************
 337:Generated_Source\PSoC5/debug_ISR.c **** * Function Name: debug_ISR_Disable
 338:Generated_Source\PSoC5/debug_ISR.c **** ********************************************************************************
 339:Generated_Source\PSoC5/debug_ISR.c **** *
 340:Generated_Source\PSoC5/debug_ISR.c **** * Summary:
 341:Generated_Source\PSoC5/debug_ISR.c **** *   Disables the Interrupt in the interrupt controller.
 342:Generated_Source\PSoC5/debug_ISR.c **** *
 343:Generated_Source\PSoC5/debug_ISR.c **** * Parameters:
 344:Generated_Source\PSoC5/debug_ISR.c **** *   None
 345:Generated_Source\PSoC5/debug_ISR.c **** *
 346:Generated_Source\PSoC5/debug_ISR.c **** * Return:
 347:Generated_Source\PSoC5/debug_ISR.c **** *   None
 348:Generated_Source\PSoC5/debug_ISR.c **** *
 349:Generated_Source\PSoC5/debug_ISR.c **** *******************************************************************************/
 350:Generated_Source\PSoC5/debug_ISR.c **** void debug_ISR_Disable(void)
 351:Generated_Source\PSoC5/debug_ISR.c **** {
 212              		.loc 1 351 0
 213              		.cfi_startproc
 214              		@ args = 0, pretend = 0, frame = 0
 215              		@ frame_needed = 0, uses_anonymous_args = 0
 216              		@ link register save eliminated.
 352:Generated_Source\PSoC5/debug_ISR.c ****     /* Disable the general interrupt. */
 353:Generated_Source\PSoC5/debug_ISR.c ****     *debug_ISR_INTC_CLR_EN = debug_ISR__INTC_MASK;
 217              		.loc 1 353 0
ARM GAS  C:\Users\Besitzer\AppData\Local\Temp\ccujt3vf.s 			page 11


 218 0000 0822     		movs	r2, #8
 219 0002 014B     		ldr	r3, .L23
 220 0004 1A60     		str	r2, [r3]
 221 0006 7047     		bx	lr
 222              	.L24:
 223              		.align	2
 224              	.L23:
 225 0008 80E100E0 		.word	-536813184
 226              		.cfi_endproc
 227              	.LFE10:
 228              		.size	debug_ISR_Disable, .-debug_ISR_Disable
 229              		.section	.text.debug_ISR_Start,"ax",%progbits
 230              		.align	2
 231              		.global	debug_ISR_Start
 232              		.thumb
 233              		.thumb_func
 234              		.type	debug_ISR_Start, %function
 235              	debug_ISR_Start:
 236              	.LFB0:
  63:Generated_Source\PSoC5/debug_ISR.c ****     /* For all we know the interrupt is active. */
 237              		.loc 1 63 0
 238              		.cfi_startproc
 239              		@ args = 0, pretend = 0, frame = 0
 240              		@ frame_needed = 0, uses_anonymous_args = 0
 241 0000 08B5     		push	{r3, lr}
 242              		.cfi_def_cfa_offset 8
 243              		.cfi_offset 3, -8
 244              		.cfi_offset 14, -4
  65:Generated_Source\PSoC5/debug_ISR.c **** 
 245              		.loc 1 65 0
 246 0002 FFF7FEFF 		bl	debug_ISR_Disable
 247              	.LVL7:
  68:Generated_Source\PSoC5/debug_ISR.c **** 
 248              		.loc 1 68 0
 249 0006 0448     		ldr	r0, .L27
 250 0008 FFF7FEFF 		bl	debug_ISR_SetVector
 251              	.LVL8:
  71:Generated_Source\PSoC5/debug_ISR.c **** 
 252              		.loc 1 71 0
 253 000c 0720     		movs	r0, #7
 254 000e FFF7FEFF 		bl	debug_ISR_SetPriority
 255              	.LVL9:
  74:Generated_Source\PSoC5/debug_ISR.c **** }
 256              		.loc 1 74 0
 257 0012 FFF7FEFF 		bl	debug_ISR_Enable
 258              	.LVL10:
 259 0016 08BD     		pop	{r3, pc}
 260              	.L28:
 261              		.align	2
 262              	.L27:
 263 0018 00000000 		.word	debug_ISR_Interrupt
 264              		.cfi_endproc
 265              	.LFE0:
 266              		.size	debug_ISR_Start, .-debug_ISR_Start
 267              		.section	.text.debug_ISR_StartEx,"ax",%progbits
 268              		.align	2
 269              		.global	debug_ISR_StartEx
ARM GAS  C:\Users\Besitzer\AppData\Local\Temp\ccujt3vf.s 			page 12


 270              		.thumb
 271              		.thumb_func
 272              		.type	debug_ISR_StartEx, %function
 273              	debug_ISR_StartEx:
 274              	.LFB1:
 106:Generated_Source\PSoC5/debug_ISR.c ****     /* For all we know the interrupt is active. */
 275              		.loc 1 106 0
 276              		.cfi_startproc
 277              		@ args = 0, pretend = 0, frame = 0
 278              		@ frame_needed = 0, uses_anonymous_args = 0
 279              	.LVL11:
 280 0000 10B5     		push	{r4, lr}
 281              		.cfi_def_cfa_offset 8
 282              		.cfi_offset 4, -8
 283              		.cfi_offset 14, -4
 284 0002 0446     		mov	r4, r0
 108:Generated_Source\PSoC5/debug_ISR.c **** 
 285              		.loc 1 108 0
 286 0004 FFF7FEFF 		bl	debug_ISR_Disable
 287              	.LVL12:
 111:Generated_Source\PSoC5/debug_ISR.c **** 
 288              		.loc 1 111 0
 289 0008 2046     		mov	r0, r4
 290 000a FFF7FEFF 		bl	debug_ISR_SetVector
 291              	.LVL13:
 114:Generated_Source\PSoC5/debug_ISR.c **** 
 292              		.loc 1 114 0
 293 000e 0720     		movs	r0, #7
 294 0010 FFF7FEFF 		bl	debug_ISR_SetPriority
 295              	.LVL14:
 117:Generated_Source\PSoC5/debug_ISR.c **** }
 296              		.loc 1 117 0
 297 0014 FFF7FEFF 		bl	debug_ISR_Enable
 298              	.LVL15:
 299 0018 10BD     		pop	{r4, pc}
 300              		.cfi_endproc
 301              	.LFE1:
 302              		.size	debug_ISR_StartEx, .-debug_ISR_StartEx
 303 001a 00BF     		.section	.text.debug_ISR_Stop,"ax",%progbits
 304              		.align	2
 305              		.global	debug_ISR_Stop
 306              		.thumb
 307              		.thumb_func
 308              		.type	debug_ISR_Stop, %function
 309              	debug_ISR_Stop:
 310              	.LFB2:
 136:Generated_Source\PSoC5/debug_ISR.c ****     /* Disable this interrupt. */
 311              		.loc 1 136 0
 312              		.cfi_startproc
 313              		@ args = 0, pretend = 0, frame = 0
 314              		@ frame_needed = 0, uses_anonymous_args = 0
 315 0000 08B5     		push	{r3, lr}
 316              		.cfi_def_cfa_offset 8
 317              		.cfi_offset 3, -8
 318              		.cfi_offset 14, -4
 138:Generated_Source\PSoC5/debug_ISR.c **** 
 319              		.loc 1 138 0
ARM GAS  C:\Users\Besitzer\AppData\Local\Temp\ccujt3vf.s 			page 13


 320 0002 FFF7FEFF 		bl	debug_ISR_Disable
 321              	.LVL16:
 141:Generated_Source\PSoC5/debug_ISR.c **** }
 322              		.loc 1 141 0
 323 0006 0248     		ldr	r0, .L33
 324 0008 FFF7FEFF 		bl	debug_ISR_SetVector
 325              	.LVL17:
 326 000c 08BD     		pop	{r3, pc}
 327              	.L34:
 328 000e 00BF     		.align	2
 329              	.L33:
 330 0010 00000000 		.word	IntDefaultHandler
 331              		.cfi_endproc
 332              	.LFE2:
 333              		.size	debug_ISR_Stop, .-debug_ISR_Stop
 334              		.section	.text.debug_ISR_SetPending,"ax",%progbits
 335              		.align	2
 336              		.global	debug_ISR_SetPending
 337              		.thumb
 338              		.thumb_func
 339              		.type	debug_ISR_SetPending, %function
 340              	debug_ISR_SetPending:
 341              	.LFB11:
 354:Generated_Source\PSoC5/debug_ISR.c **** }
 355:Generated_Source\PSoC5/debug_ISR.c **** 
 356:Generated_Source\PSoC5/debug_ISR.c **** 
 357:Generated_Source\PSoC5/debug_ISR.c **** /*******************************************************************************
 358:Generated_Source\PSoC5/debug_ISR.c **** * Function Name: debug_ISR_SetPending
 359:Generated_Source\PSoC5/debug_ISR.c **** ********************************************************************************
 360:Generated_Source\PSoC5/debug_ISR.c **** *
 361:Generated_Source\PSoC5/debug_ISR.c **** * Summary:
 362:Generated_Source\PSoC5/debug_ISR.c **** *   Causes the Interrupt to enter the pending state, a software method of
 363:Generated_Source\PSoC5/debug_ISR.c **** *   generating the interrupt.
 364:Generated_Source\PSoC5/debug_ISR.c **** *
 365:Generated_Source\PSoC5/debug_ISR.c **** * Parameters:
 366:Generated_Source\PSoC5/debug_ISR.c **** *   None
 367:Generated_Source\PSoC5/debug_ISR.c **** *
 368:Generated_Source\PSoC5/debug_ISR.c **** * Return:
 369:Generated_Source\PSoC5/debug_ISR.c **** *   None
 370:Generated_Source\PSoC5/debug_ISR.c **** *
 371:Generated_Source\PSoC5/debug_ISR.c **** * Side Effects:
 372:Generated_Source\PSoC5/debug_ISR.c **** *   If interrupts are enabled and the interrupt is set up properly, the ISR is
 373:Generated_Source\PSoC5/debug_ISR.c **** *   entered (depending on the priority of this interrupt and other pending 
 374:Generated_Source\PSoC5/debug_ISR.c **** *   interrupts).
 375:Generated_Source\PSoC5/debug_ISR.c **** *
 376:Generated_Source\PSoC5/debug_ISR.c **** *******************************************************************************/
 377:Generated_Source\PSoC5/debug_ISR.c **** void debug_ISR_SetPending(void)
 378:Generated_Source\PSoC5/debug_ISR.c **** {
 342              		.loc 1 378 0
 343              		.cfi_startproc
 344              		@ args = 0, pretend = 0, frame = 0
 345              		@ frame_needed = 0, uses_anonymous_args = 0
 346              		@ link register save eliminated.
 379:Generated_Source\PSoC5/debug_ISR.c ****     *debug_ISR_INTC_SET_PD = debug_ISR__INTC_MASK;
 347              		.loc 1 379 0
 348 0000 0822     		movs	r2, #8
 349 0002 014B     		ldr	r3, .L36
ARM GAS  C:\Users\Besitzer\AppData\Local\Temp\ccujt3vf.s 			page 14


 350 0004 1A60     		str	r2, [r3]
 351 0006 7047     		bx	lr
 352              	.L37:
 353              		.align	2
 354              	.L36:
 355 0008 00E200E0 		.word	-536813056
 356              		.cfi_endproc
 357              	.LFE11:
 358              		.size	debug_ISR_SetPending, .-debug_ISR_SetPending
 359              		.section	.text.debug_ISR_ClearPending,"ax",%progbits
 360              		.align	2
 361              		.global	debug_ISR_ClearPending
 362              		.thumb
 363              		.thumb_func
 364              		.type	debug_ISR_ClearPending, %function
 365              	debug_ISR_ClearPending:
 366              	.LFB12:
 380:Generated_Source\PSoC5/debug_ISR.c **** }
 381:Generated_Source\PSoC5/debug_ISR.c **** 
 382:Generated_Source\PSoC5/debug_ISR.c **** 
 383:Generated_Source\PSoC5/debug_ISR.c **** /*******************************************************************************
 384:Generated_Source\PSoC5/debug_ISR.c **** * Function Name: debug_ISR_ClearPending
 385:Generated_Source\PSoC5/debug_ISR.c **** ********************************************************************************
 386:Generated_Source\PSoC5/debug_ISR.c **** *
 387:Generated_Source\PSoC5/debug_ISR.c **** * Summary:
 388:Generated_Source\PSoC5/debug_ISR.c **** *   Clears a pending interrupt in the interrupt controller.
 389:Generated_Source\PSoC5/debug_ISR.c **** *
 390:Generated_Source\PSoC5/debug_ISR.c **** *   Note Some interrupt sources are clear-on-read and require the block 
 391:Generated_Source\PSoC5/debug_ISR.c **** *   interrupt/status register to be read/cleared with the appropriate block API 
 392:Generated_Source\PSoC5/debug_ISR.c **** *   (GPIO, UART, and so on). Otherwise the ISR will continue to remain in 
 393:Generated_Source\PSoC5/debug_ISR.c **** *   pending state even though the interrupt itself is cleared using this API.
 394:Generated_Source\PSoC5/debug_ISR.c **** *
 395:Generated_Source\PSoC5/debug_ISR.c **** * Parameters:
 396:Generated_Source\PSoC5/debug_ISR.c **** *   None
 397:Generated_Source\PSoC5/debug_ISR.c **** *
 398:Generated_Source\PSoC5/debug_ISR.c **** * Return:
 399:Generated_Source\PSoC5/debug_ISR.c **** *   None
 400:Generated_Source\PSoC5/debug_ISR.c **** *
 401:Generated_Source\PSoC5/debug_ISR.c **** *******************************************************************************/
 402:Generated_Source\PSoC5/debug_ISR.c **** void debug_ISR_ClearPending(void)
 403:Generated_Source\PSoC5/debug_ISR.c **** {
 367              		.loc 1 403 0
 368              		.cfi_startproc
 369              		@ args = 0, pretend = 0, frame = 0
 370              		@ frame_needed = 0, uses_anonymous_args = 0
 371              		@ link register save eliminated.
 404:Generated_Source\PSoC5/debug_ISR.c ****     *debug_ISR_INTC_CLR_PD = debug_ISR__INTC_MASK;
 372              		.loc 1 404 0
 373 0000 0822     		movs	r2, #8
 374 0002 014B     		ldr	r3, .L39
 375 0004 1A60     		str	r2, [r3]
 376 0006 7047     		bx	lr
 377              	.L40:
 378              		.align	2
 379              	.L39:
 380 0008 80E200E0 		.word	-536812928
 381              		.cfi_endproc
ARM GAS  C:\Users\Besitzer\AppData\Local\Temp\ccujt3vf.s 			page 15


 382              	.LFE12:
 383              		.size	debug_ISR_ClearPending, .-debug_ISR_ClearPending
 384              		.text
 385              	.Letext0:
 386              		.file 2 "Generated_Source\\PSoC5/cytypes.h"
 387              		.section	.debug_info,"",%progbits
 388              	.Ldebug_info0:
 389 0000 CE020000 		.4byte	0x2ce
 390 0004 0400     		.2byte	0x4
 391 0006 00000000 		.4byte	.Ldebug_abbrev0
 392 000a 04       		.byte	0x4
 393 000b 01       		.uleb128 0x1
 394 000c 57000000 		.4byte	.LASF34
 395 0010 0C       		.byte	0xc
 396 0011 E5000000 		.4byte	.LASF35
 397 0015 D1010000 		.4byte	.LASF36
 398 0019 00000000 		.4byte	.Ldebug_ranges0+0
 399 001d 00000000 		.4byte	0
 400 0021 00000000 		.4byte	.Ldebug_line0
 401 0025 02       		.uleb128 0x2
 402 0026 04       		.byte	0x4
 403 0027 05       		.byte	0x5
 404 0028 696E7400 		.ascii	"int\000"
 405 002c 03       		.uleb128 0x3
 406 002d 04       		.byte	0x4
 407 002e 07       		.byte	0x7
 408 002f C4010000 		.4byte	.LASF0
 409 0033 03       		.uleb128 0x3
 410 0034 08       		.byte	0x8
 411 0035 05       		.byte	0x5
 412 0036 75020000 		.4byte	.LASF1
 413 003a 03       		.uleb128 0x3
 414 003b 08       		.byte	0x8
 415 003c 04       		.byte	0x4
 416 003d DD020000 		.4byte	.LASF2
 417 0041 03       		.uleb128 0x3
 418 0042 01       		.byte	0x1
 419 0043 06       		.byte	0x6
 420 0044 E9020000 		.4byte	.LASF3
 421 0048 03       		.uleb128 0x3
 422 0049 01       		.byte	0x1
 423 004a 08       		.byte	0x8
 424 004b 61010000 		.4byte	.LASF4
 425 004f 03       		.uleb128 0x3
 426 0050 02       		.byte	0x2
 427 0051 05       		.byte	0x5
 428 0052 97020000 		.4byte	.LASF5
 429 0056 03       		.uleb128 0x3
 430 0057 02       		.byte	0x2
 431 0058 07       		.byte	0x7
 432 0059 2B000000 		.4byte	.LASF6
 433 005d 03       		.uleb128 0x3
 434 005e 04       		.byte	0x4
 435 005f 05       		.byte	0x5
 436 0060 D4020000 		.4byte	.LASF7
 437 0064 03       		.uleb128 0x3
 438 0065 04       		.byte	0x4
ARM GAS  C:\Users\Besitzer\AppData\Local\Temp\ccujt3vf.s 			page 16


 439 0066 07       		.byte	0x7
 440 0067 0D010000 		.4byte	.LASF8
 441 006b 03       		.uleb128 0x3
 442 006c 08       		.byte	0x8
 443 006d 07       		.byte	0x7
 444 006e 32020000 		.4byte	.LASF9
 445 0072 03       		.uleb128 0x3
 446 0073 04       		.byte	0x4
 447 0074 07       		.byte	0x7
 448 0075 6C020000 		.4byte	.LASF10
 449 0079 03       		.uleb128 0x3
 450 007a 01       		.byte	0x1
 451 007b 08       		.byte	0x8
 452 007c 83020000 		.4byte	.LASF11
 453 0080 04       		.uleb128 0x4
 454 0081 04       		.byte	0x4
 455 0082 86000000 		.4byte	0x86
 456 0086 05       		.uleb128 0x5
 457 0087 06       		.uleb128 0x6
 458 0088 1F010000 		.4byte	.LASF12
 459 008c 02       		.byte	0x2
 460 008d E401     		.2byte	0x1e4
 461 008f 48000000 		.4byte	0x48
 462 0093 06       		.uleb128 0x6
 463 0094 AB010000 		.4byte	.LASF13
 464 0098 02       		.byte	0x2
 465 0099 E601     		.2byte	0x1e6
 466 009b 64000000 		.4byte	0x64
 467 009f 03       		.uleb128 0x3
 468 00a0 04       		.byte	0x4
 469 00a1 04       		.byte	0x4
 470 00a2 3E000000 		.4byte	.LASF14
 471 00a6 03       		.uleb128 0x3
 472 00a7 08       		.byte	0x8
 473 00a8 04       		.byte	0x4
 474 00a9 84010000 		.4byte	.LASF15
 475 00ad 06       		.uleb128 0x6
 476 00ae 08010000 		.4byte	.LASF16
 477 00b2 02       		.byte	0x2
 478 00b3 8E02     		.2byte	0x28e
 479 00b5 B9000000 		.4byte	0xb9
 480 00b9 07       		.uleb128 0x7
 481 00ba 87000000 		.4byte	0x87
 482 00be 06       		.uleb128 0x6
 483 00bf 14000000 		.4byte	.LASF17
 484 00c3 02       		.byte	0x2
 485 00c4 9002     		.2byte	0x290
 486 00c6 CA000000 		.4byte	0xca
 487 00ca 07       		.uleb128 0x7
 488 00cb 93000000 		.4byte	0x93
 489 00cf 06       		.uleb128 0x6
 490 00d0 49020000 		.4byte	.LASF18
 491 00d4 02       		.byte	0x2
 492 00d5 A002     		.2byte	0x2a0
 493 00d7 80000000 		.4byte	0x80
 494 00db 08       		.uleb128 0x8
 495 00dc 4D010000 		.4byte	.LASF26
ARM GAS  C:\Users\Besitzer\AppData\Local\Temp\ccujt3vf.s 			page 17


 496 00e0 01       		.byte	0x1
 497 00e1 A1       		.byte	0xa1
 498 00e2 00000000 		.4byte	.LFB3
 499 00e6 02000000 		.4byte	.LFE3-.LFB3
 500 00ea 01       		.uleb128 0x1
 501 00eb 9C       		.byte	0x9c
 502 00ec 09       		.uleb128 0x9
 503 00ed 00000000 		.4byte	.LASF20
 504 00f1 01       		.byte	0x1
 505 00f2 C9       		.byte	0xc9
 506 00f3 00000000 		.4byte	.LFB4
 507 00f7 0C000000 		.4byte	.LFE4-.LFB4
 508 00fb 01       		.uleb128 0x1
 509 00fc 9C       		.byte	0x9c
 510 00fd 1C010000 		.4byte	0x11c
 511 0101 0A       		.uleb128 0xa
 512 0102 2A020000 		.4byte	.LASF22
 513 0106 01       		.byte	0x1
 514 0107 C9       		.byte	0xc9
 515 0108 CF000000 		.4byte	0xcf
 516 010c 01       		.uleb128 0x1
 517 010d 50       		.byte	0x50
 518 010e 0B       		.uleb128 0xb
 519 010f 88020000 		.4byte	.LASF19
 520 0113 01       		.byte	0x1
 521 0114 CB       		.byte	0xcb
 522 0115 1C010000 		.4byte	0x11c
 523 0119 01       		.uleb128 0x1
 524 011a 53       		.byte	0x53
 525 011b 00       		.byte	0
 526 011c 04       		.uleb128 0x4
 527 011d 04       		.byte	0x4
 528 011e CF000000 		.4byte	0xcf
 529 0122 0C       		.uleb128 0xc
 530 0123 B0020000 		.4byte	.LASF24
 531 0127 01       		.byte	0x1
 532 0128 E1       		.byte	0xe1
 533 0129 CF000000 		.4byte	0xcf
 534 012d 00000000 		.4byte	.LFB5
 535 0131 0C000000 		.4byte	.LFE5-.LFB5
 536 0135 01       		.uleb128 0x1
 537 0136 9C       		.byte	0x9c
 538 0137 49010000 		.4byte	0x149
 539 013b 0B       		.uleb128 0xb
 540 013c 88020000 		.4byte	.LASF19
 541 0140 01       		.byte	0x1
 542 0141 E3       		.byte	0xe3
 543 0142 1C010000 		.4byte	0x11c
 544 0146 01       		.uleb128 0x1
 545 0147 53       		.byte	0x53
 546 0148 00       		.byte	0
 547 0149 0D       		.uleb128 0xd
 548 014a 56020000 		.4byte	.LASF21
 549 014e 01       		.byte	0x1
 550 014f 0301     		.2byte	0x103
 551 0151 00000000 		.4byte	.LFB6
 552 0155 10000000 		.4byte	.LFE6-.LFB6
ARM GAS  C:\Users\Besitzer\AppData\Local\Temp\ccujt3vf.s 			page 18


 553 0159 01       		.uleb128 0x1
 554 015a 9C       		.byte	0x9c
 555 015b 70010000 		.4byte	0x170
 556 015f 0E       		.uleb128 0xe
 557 0160 8B010000 		.4byte	.LASF23
 558 0164 01       		.byte	0x1
 559 0165 0301     		.2byte	0x103
 560 0167 87000000 		.4byte	0x87
 561 016b 00000000 		.4byte	.LLST0
 562 016f 00       		.byte	0
 563 0170 0F       		.uleb128 0xf
 564 0171 25010000 		.4byte	.LASF25
 565 0175 01       		.byte	0x1
 566 0176 1901     		.2byte	0x119
 567 0178 87000000 		.4byte	0x87
 568 017c 00000000 		.4byte	.LFB7
 569 0180 0C000000 		.4byte	.LFE7-.LFB7
 570 0184 01       		.uleb128 0x1
 571 0185 9C       		.byte	0x9c
 572 0186 9B010000 		.4byte	0x19b
 573 018a 10       		.uleb128 0x10
 574 018b 8B010000 		.4byte	.LASF23
 575 018f 01       		.byte	0x1
 576 0190 1B01     		.2byte	0x11b
 577 0192 87000000 		.4byte	0x87
 578 0196 21000000 		.4byte	.LLST1
 579 019a 00       		.byte	0
 580 019b 11       		.uleb128 0x11
 581 019c 1A000000 		.4byte	.LASF27
 582 01a0 01       		.byte	0x1
 583 01a1 3401     		.2byte	0x134
 584 01a3 00000000 		.4byte	.LFB8
 585 01a7 0C000000 		.4byte	.LFE8-.LFB8
 586 01ab 01       		.uleb128 0x1
 587 01ac 9C       		.byte	0x9c
 588 01ad 12       		.uleb128 0x12
 589 01ae 44000000 		.4byte	.LASF37
 590 01b2 01       		.byte	0x1
 591 01b3 4901     		.2byte	0x149
 592 01b5 87000000 		.4byte	0x87
 593 01b9 00000000 		.4byte	.LFB9
 594 01bd 18000000 		.4byte	.LFE9-.LFB9
 595 01c1 01       		.uleb128 0x1
 596 01c2 9C       		.byte	0x9c
 597 01c3 11       		.uleb128 0x11
 598 01c4 B2010000 		.4byte	.LASF28
 599 01c8 01       		.byte	0x1
 600 01c9 5E01     		.2byte	0x15e
 601 01cb 00000000 		.4byte	.LFB10
 602 01cf 0C000000 		.4byte	.LFE10-.LFB10
 603 01d3 01       		.uleb128 0x1
 604 01d4 9C       		.byte	0x9c
 605 01d5 09       		.uleb128 0x9
 606 01d6 C4020000 		.4byte	.LASF29
 607 01da 01       		.byte	0x1
 608 01db 3E       		.byte	0x3e
 609 01dc 00000000 		.4byte	.LFB0
ARM GAS  C:\Users\Besitzer\AppData\Local\Temp\ccujt3vf.s 			page 19


 610 01e0 1C000000 		.4byte	.LFE0-.LFB0
 611 01e4 01       		.uleb128 0x1
 612 01e5 9C       		.byte	0x9c
 613 01e6 27020000 		.4byte	0x227
 614 01ea 13       		.uleb128 0x13
 615 01eb 06000000 		.4byte	.LVL7
 616 01ef C3010000 		.4byte	0x1c3
 617 01f3 14       		.uleb128 0x14
 618 01f4 0C000000 		.4byte	.LVL8
 619 01f8 EC000000 		.4byte	0xec
 620 01fc 0A020000 		.4byte	0x20a
 621 0200 15       		.uleb128 0x15
 622 0201 01       		.uleb128 0x1
 623 0202 50       		.byte	0x50
 624 0203 05       		.uleb128 0x5
 625 0204 03       		.byte	0x3
 626 0205 00000000 		.4byte	debug_ISR_Interrupt
 627 0209 00       		.byte	0
 628 020a 14       		.uleb128 0x14
 629 020b 12000000 		.4byte	.LVL9
 630 020f 49010000 		.4byte	0x149
 631 0213 1D020000 		.4byte	0x21d
 632 0217 15       		.uleb128 0x15
 633 0218 01       		.uleb128 0x1
 634 0219 50       		.byte	0x50
 635 021a 01       		.uleb128 0x1
 636 021b 37       		.byte	0x37
 637 021c 00       		.byte	0
 638 021d 13       		.uleb128 0x13
 639 021e 16000000 		.4byte	.LVL10
 640 0222 9B010000 		.4byte	0x19b
 641 0226 00       		.byte	0
 642 0227 09       		.uleb128 0x9
 643 0228 3B010000 		.4byte	.LASF30
 644 022c 01       		.byte	0x1
 645 022d 69       		.byte	0x69
 646 022e 00000000 		.4byte	.LFB1
 647 0232 1A000000 		.4byte	.LFE1-.LFB1
 648 0236 01       		.uleb128 0x1
 649 0237 9C       		.byte	0x9c
 650 0238 85020000 		.4byte	0x285
 651 023c 16       		.uleb128 0x16
 652 023d 2A020000 		.4byte	.LASF22
 653 0241 01       		.byte	0x1
 654 0242 69       		.byte	0x69
 655 0243 CF000000 		.4byte	0xcf
 656 0247 38000000 		.4byte	.LLST2
 657 024b 13       		.uleb128 0x13
 658 024c 08000000 		.4byte	.LVL12
 659 0250 C3010000 		.4byte	0x1c3
 660 0254 14       		.uleb128 0x14
 661 0255 0E000000 		.4byte	.LVL13
 662 0259 EC000000 		.4byte	0xec
 663 025d 68020000 		.4byte	0x268
 664 0261 15       		.uleb128 0x15
 665 0262 01       		.uleb128 0x1
 666 0263 50       		.byte	0x50
ARM GAS  C:\Users\Besitzer\AppData\Local\Temp\ccujt3vf.s 			page 20


 667 0264 02       		.uleb128 0x2
 668 0265 74       		.byte	0x74
 669 0266 00       		.sleb128 0
 670 0267 00       		.byte	0
 671 0268 14       		.uleb128 0x14
 672 0269 14000000 		.4byte	.LVL14
 673 026d 49010000 		.4byte	0x149
 674 0271 7B020000 		.4byte	0x27b
 675 0275 15       		.uleb128 0x15
 676 0276 01       		.uleb128 0x1
 677 0277 50       		.byte	0x50
 678 0278 01       		.uleb128 0x1
 679 0279 37       		.byte	0x37
 680 027a 00       		.byte	0
 681 027b 13       		.uleb128 0x13
 682 027c 18000000 		.4byte	.LVL15
 683 0280 9B010000 		.4byte	0x19b
 684 0284 00       		.byte	0
 685 0285 09       		.uleb128 0x9
 686 0286 A1020000 		.4byte	.LASF31
 687 028a 01       		.byte	0x1
 688 028b 87       		.byte	0x87
 689 028c 00000000 		.4byte	.LFB2
 690 0290 14000000 		.4byte	.LFE2-.LFB2
 691 0294 01       		.uleb128 0x1
 692 0295 9C       		.byte	0x9c
 693 0296 AD020000 		.4byte	0x2ad
 694 029a 13       		.uleb128 0x13
 695 029b 06000000 		.4byte	.LVL16
 696 029f C3010000 		.4byte	0x1c3
 697 02a3 13       		.uleb128 0x13
 698 02a4 0C000000 		.4byte	.LVL17
 699 02a8 EC000000 		.4byte	0xec
 700 02ac 00       		.byte	0
 701 02ad 11       		.uleb128 0x11
 702 02ae 6F010000 		.4byte	.LASF32
 703 02b2 01       		.byte	0x1
 704 02b3 7901     		.2byte	0x179
 705 02b5 00000000 		.4byte	.LFB11
 706 02b9 0C000000 		.4byte	.LFE11-.LFB11
 707 02bd 01       		.uleb128 0x1
 708 02be 9C       		.byte	0x9c
 709 02bf 11       		.uleb128 0x11
 710 02c0 94010000 		.4byte	.LASF33
 711 02c4 01       		.byte	0x1
 712 02c5 9201     		.2byte	0x192
 713 02c7 00000000 		.4byte	.LFB12
 714 02cb 0C000000 		.4byte	.LFE12-.LFB12
 715 02cf 01       		.uleb128 0x1
 716 02d0 9C       		.byte	0x9c
 717 02d1 00       		.byte	0
 718              		.section	.debug_abbrev,"",%progbits
 719              	.Ldebug_abbrev0:
 720 0000 01       		.uleb128 0x1
 721 0001 11       		.uleb128 0x11
 722 0002 01       		.byte	0x1
 723 0003 25       		.uleb128 0x25
ARM GAS  C:\Users\Besitzer\AppData\Local\Temp\ccujt3vf.s 			page 21


 724 0004 0E       		.uleb128 0xe
 725 0005 13       		.uleb128 0x13
 726 0006 0B       		.uleb128 0xb
 727 0007 03       		.uleb128 0x3
 728 0008 0E       		.uleb128 0xe
 729 0009 1B       		.uleb128 0x1b
 730 000a 0E       		.uleb128 0xe
 731 000b 55       		.uleb128 0x55
 732 000c 17       		.uleb128 0x17
 733 000d 11       		.uleb128 0x11
 734 000e 01       		.uleb128 0x1
 735 000f 10       		.uleb128 0x10
 736 0010 17       		.uleb128 0x17
 737 0011 00       		.byte	0
 738 0012 00       		.byte	0
 739 0013 02       		.uleb128 0x2
 740 0014 24       		.uleb128 0x24
 741 0015 00       		.byte	0
 742 0016 0B       		.uleb128 0xb
 743 0017 0B       		.uleb128 0xb
 744 0018 3E       		.uleb128 0x3e
 745 0019 0B       		.uleb128 0xb
 746 001a 03       		.uleb128 0x3
 747 001b 08       		.uleb128 0x8
 748 001c 00       		.byte	0
 749 001d 00       		.byte	0
 750 001e 03       		.uleb128 0x3
 751 001f 24       		.uleb128 0x24
 752 0020 00       		.byte	0
 753 0021 0B       		.uleb128 0xb
 754 0022 0B       		.uleb128 0xb
 755 0023 3E       		.uleb128 0x3e
 756 0024 0B       		.uleb128 0xb
 757 0025 03       		.uleb128 0x3
 758 0026 0E       		.uleb128 0xe
 759 0027 00       		.byte	0
 760 0028 00       		.byte	0
 761 0029 04       		.uleb128 0x4
 762 002a 0F       		.uleb128 0xf
 763 002b 00       		.byte	0
 764 002c 0B       		.uleb128 0xb
 765 002d 0B       		.uleb128 0xb
 766 002e 49       		.uleb128 0x49
 767 002f 13       		.uleb128 0x13
 768 0030 00       		.byte	0
 769 0031 00       		.byte	0
 770 0032 05       		.uleb128 0x5
 771 0033 15       		.uleb128 0x15
 772 0034 00       		.byte	0
 773 0035 27       		.uleb128 0x27
 774 0036 19       		.uleb128 0x19
 775 0037 00       		.byte	0
 776 0038 00       		.byte	0
 777 0039 06       		.uleb128 0x6
 778 003a 16       		.uleb128 0x16
 779 003b 00       		.byte	0
 780 003c 03       		.uleb128 0x3
ARM GAS  C:\Users\Besitzer\AppData\Local\Temp\ccujt3vf.s 			page 22


 781 003d 0E       		.uleb128 0xe
 782 003e 3A       		.uleb128 0x3a
 783 003f 0B       		.uleb128 0xb
 784 0040 3B       		.uleb128 0x3b
 785 0041 05       		.uleb128 0x5
 786 0042 49       		.uleb128 0x49
 787 0043 13       		.uleb128 0x13
 788 0044 00       		.byte	0
 789 0045 00       		.byte	0
 790 0046 07       		.uleb128 0x7
 791 0047 35       		.uleb128 0x35
 792 0048 00       		.byte	0
 793 0049 49       		.uleb128 0x49
 794 004a 13       		.uleb128 0x13
 795 004b 00       		.byte	0
 796 004c 00       		.byte	0
 797 004d 08       		.uleb128 0x8
 798 004e 2E       		.uleb128 0x2e
 799 004f 00       		.byte	0
 800 0050 3F       		.uleb128 0x3f
 801 0051 19       		.uleb128 0x19
 802 0052 03       		.uleb128 0x3
 803 0053 0E       		.uleb128 0xe
 804 0054 3A       		.uleb128 0x3a
 805 0055 0B       		.uleb128 0xb
 806 0056 3B       		.uleb128 0x3b
 807 0057 0B       		.uleb128 0xb
 808 0058 27       		.uleb128 0x27
 809 0059 19       		.uleb128 0x19
 810 005a 11       		.uleb128 0x11
 811 005b 01       		.uleb128 0x1
 812 005c 12       		.uleb128 0x12
 813 005d 06       		.uleb128 0x6
 814 005e 40       		.uleb128 0x40
 815 005f 18       		.uleb128 0x18
 816 0060 9742     		.uleb128 0x2117
 817 0062 19       		.uleb128 0x19
 818 0063 00       		.byte	0
 819 0064 00       		.byte	0
 820 0065 09       		.uleb128 0x9
 821 0066 2E       		.uleb128 0x2e
 822 0067 01       		.byte	0x1
 823 0068 3F       		.uleb128 0x3f
 824 0069 19       		.uleb128 0x19
 825 006a 03       		.uleb128 0x3
 826 006b 0E       		.uleb128 0xe
 827 006c 3A       		.uleb128 0x3a
 828 006d 0B       		.uleb128 0xb
 829 006e 3B       		.uleb128 0x3b
 830 006f 0B       		.uleb128 0xb
 831 0070 27       		.uleb128 0x27
 832 0071 19       		.uleb128 0x19
 833 0072 11       		.uleb128 0x11
 834 0073 01       		.uleb128 0x1
 835 0074 12       		.uleb128 0x12
 836 0075 06       		.uleb128 0x6
 837 0076 40       		.uleb128 0x40
ARM GAS  C:\Users\Besitzer\AppData\Local\Temp\ccujt3vf.s 			page 23


 838 0077 18       		.uleb128 0x18
 839 0078 9742     		.uleb128 0x2117
 840 007a 19       		.uleb128 0x19
 841 007b 01       		.uleb128 0x1
 842 007c 13       		.uleb128 0x13
 843 007d 00       		.byte	0
 844 007e 00       		.byte	0
 845 007f 0A       		.uleb128 0xa
 846 0080 05       		.uleb128 0x5
 847 0081 00       		.byte	0
 848 0082 03       		.uleb128 0x3
 849 0083 0E       		.uleb128 0xe
 850 0084 3A       		.uleb128 0x3a
 851 0085 0B       		.uleb128 0xb
 852 0086 3B       		.uleb128 0x3b
 853 0087 0B       		.uleb128 0xb
 854 0088 49       		.uleb128 0x49
 855 0089 13       		.uleb128 0x13
 856 008a 02       		.uleb128 0x2
 857 008b 18       		.uleb128 0x18
 858 008c 00       		.byte	0
 859 008d 00       		.byte	0
 860 008e 0B       		.uleb128 0xb
 861 008f 34       		.uleb128 0x34
 862 0090 00       		.byte	0
 863 0091 03       		.uleb128 0x3
 864 0092 0E       		.uleb128 0xe
 865 0093 3A       		.uleb128 0x3a
 866 0094 0B       		.uleb128 0xb
 867 0095 3B       		.uleb128 0x3b
 868 0096 0B       		.uleb128 0xb
 869 0097 49       		.uleb128 0x49
 870 0098 13       		.uleb128 0x13
 871 0099 02       		.uleb128 0x2
 872 009a 18       		.uleb128 0x18
 873 009b 00       		.byte	0
 874 009c 00       		.byte	0
 875 009d 0C       		.uleb128 0xc
 876 009e 2E       		.uleb128 0x2e
 877 009f 01       		.byte	0x1
 878 00a0 3F       		.uleb128 0x3f
 879 00a1 19       		.uleb128 0x19
 880 00a2 03       		.uleb128 0x3
 881 00a3 0E       		.uleb128 0xe
 882 00a4 3A       		.uleb128 0x3a
 883 00a5 0B       		.uleb128 0xb
 884 00a6 3B       		.uleb128 0x3b
 885 00a7 0B       		.uleb128 0xb
 886 00a8 27       		.uleb128 0x27
 887 00a9 19       		.uleb128 0x19
 888 00aa 49       		.uleb128 0x49
 889 00ab 13       		.uleb128 0x13
 890 00ac 11       		.uleb128 0x11
 891 00ad 01       		.uleb128 0x1
 892 00ae 12       		.uleb128 0x12
 893 00af 06       		.uleb128 0x6
 894 00b0 40       		.uleb128 0x40
ARM GAS  C:\Users\Besitzer\AppData\Local\Temp\ccujt3vf.s 			page 24


 895 00b1 18       		.uleb128 0x18
 896 00b2 9742     		.uleb128 0x2117
 897 00b4 19       		.uleb128 0x19
 898 00b5 01       		.uleb128 0x1
 899 00b6 13       		.uleb128 0x13
 900 00b7 00       		.byte	0
 901 00b8 00       		.byte	0
 902 00b9 0D       		.uleb128 0xd
 903 00ba 2E       		.uleb128 0x2e
 904 00bb 01       		.byte	0x1
 905 00bc 3F       		.uleb128 0x3f
 906 00bd 19       		.uleb128 0x19
 907 00be 03       		.uleb128 0x3
 908 00bf 0E       		.uleb128 0xe
 909 00c0 3A       		.uleb128 0x3a
 910 00c1 0B       		.uleb128 0xb
 911 00c2 3B       		.uleb128 0x3b
 912 00c3 05       		.uleb128 0x5
 913 00c4 27       		.uleb128 0x27
 914 00c5 19       		.uleb128 0x19
 915 00c6 11       		.uleb128 0x11
 916 00c7 01       		.uleb128 0x1
 917 00c8 12       		.uleb128 0x12
 918 00c9 06       		.uleb128 0x6
 919 00ca 40       		.uleb128 0x40
 920 00cb 18       		.uleb128 0x18
 921 00cc 9742     		.uleb128 0x2117
 922 00ce 19       		.uleb128 0x19
 923 00cf 01       		.uleb128 0x1
 924 00d0 13       		.uleb128 0x13
 925 00d1 00       		.byte	0
 926 00d2 00       		.byte	0
 927 00d3 0E       		.uleb128 0xe
 928 00d4 05       		.uleb128 0x5
 929 00d5 00       		.byte	0
 930 00d6 03       		.uleb128 0x3
 931 00d7 0E       		.uleb128 0xe
 932 00d8 3A       		.uleb128 0x3a
 933 00d9 0B       		.uleb128 0xb
 934 00da 3B       		.uleb128 0x3b
 935 00db 05       		.uleb128 0x5
 936 00dc 49       		.uleb128 0x49
 937 00dd 13       		.uleb128 0x13
 938 00de 02       		.uleb128 0x2
 939 00df 17       		.uleb128 0x17
 940 00e0 00       		.byte	0
 941 00e1 00       		.byte	0
 942 00e2 0F       		.uleb128 0xf
 943 00e3 2E       		.uleb128 0x2e
 944 00e4 01       		.byte	0x1
 945 00e5 3F       		.uleb128 0x3f
 946 00e6 19       		.uleb128 0x19
 947 00e7 03       		.uleb128 0x3
 948 00e8 0E       		.uleb128 0xe
 949 00e9 3A       		.uleb128 0x3a
 950 00ea 0B       		.uleb128 0xb
 951 00eb 3B       		.uleb128 0x3b
ARM GAS  C:\Users\Besitzer\AppData\Local\Temp\ccujt3vf.s 			page 25


 952 00ec 05       		.uleb128 0x5
 953 00ed 27       		.uleb128 0x27
 954 00ee 19       		.uleb128 0x19
 955 00ef 49       		.uleb128 0x49
 956 00f0 13       		.uleb128 0x13
 957 00f1 11       		.uleb128 0x11
 958 00f2 01       		.uleb128 0x1
 959 00f3 12       		.uleb128 0x12
 960 00f4 06       		.uleb128 0x6
 961 00f5 40       		.uleb128 0x40
 962 00f6 18       		.uleb128 0x18
 963 00f7 9742     		.uleb128 0x2117
 964 00f9 19       		.uleb128 0x19
 965 00fa 01       		.uleb128 0x1
 966 00fb 13       		.uleb128 0x13
 967 00fc 00       		.byte	0
 968 00fd 00       		.byte	0
 969 00fe 10       		.uleb128 0x10
 970 00ff 34       		.uleb128 0x34
 971 0100 00       		.byte	0
 972 0101 03       		.uleb128 0x3
 973 0102 0E       		.uleb128 0xe
 974 0103 3A       		.uleb128 0x3a
 975 0104 0B       		.uleb128 0xb
 976 0105 3B       		.uleb128 0x3b
 977 0106 05       		.uleb128 0x5
 978 0107 49       		.uleb128 0x49
 979 0108 13       		.uleb128 0x13
 980 0109 02       		.uleb128 0x2
 981 010a 17       		.uleb128 0x17
 982 010b 00       		.byte	0
 983 010c 00       		.byte	0
 984 010d 11       		.uleb128 0x11
 985 010e 2E       		.uleb128 0x2e
 986 010f 00       		.byte	0
 987 0110 3F       		.uleb128 0x3f
 988 0111 19       		.uleb128 0x19
 989 0112 03       		.uleb128 0x3
 990 0113 0E       		.uleb128 0xe
 991 0114 3A       		.uleb128 0x3a
 992 0115 0B       		.uleb128 0xb
 993 0116 3B       		.uleb128 0x3b
 994 0117 05       		.uleb128 0x5
 995 0118 27       		.uleb128 0x27
 996 0119 19       		.uleb128 0x19
 997 011a 11       		.uleb128 0x11
 998 011b 01       		.uleb128 0x1
 999 011c 12       		.uleb128 0x12
 1000 011d 06       		.uleb128 0x6
 1001 011e 40       		.uleb128 0x40
 1002 011f 18       		.uleb128 0x18
 1003 0120 9742     		.uleb128 0x2117
 1004 0122 19       		.uleb128 0x19
 1005 0123 00       		.byte	0
 1006 0124 00       		.byte	0
 1007 0125 12       		.uleb128 0x12
 1008 0126 2E       		.uleb128 0x2e
ARM GAS  C:\Users\Besitzer\AppData\Local\Temp\ccujt3vf.s 			page 26


 1009 0127 00       		.byte	0
 1010 0128 3F       		.uleb128 0x3f
 1011 0129 19       		.uleb128 0x19
 1012 012a 03       		.uleb128 0x3
 1013 012b 0E       		.uleb128 0xe
 1014 012c 3A       		.uleb128 0x3a
 1015 012d 0B       		.uleb128 0xb
 1016 012e 3B       		.uleb128 0x3b
 1017 012f 05       		.uleb128 0x5
 1018 0130 27       		.uleb128 0x27
 1019 0131 19       		.uleb128 0x19
 1020 0132 49       		.uleb128 0x49
 1021 0133 13       		.uleb128 0x13
 1022 0134 11       		.uleb128 0x11
 1023 0135 01       		.uleb128 0x1
 1024 0136 12       		.uleb128 0x12
 1025 0137 06       		.uleb128 0x6
 1026 0138 40       		.uleb128 0x40
 1027 0139 18       		.uleb128 0x18
 1028 013a 9742     		.uleb128 0x2117
 1029 013c 19       		.uleb128 0x19
 1030 013d 00       		.byte	0
 1031 013e 00       		.byte	0
 1032 013f 13       		.uleb128 0x13
 1033 0140 898201   		.uleb128 0x4109
 1034 0143 00       		.byte	0
 1035 0144 11       		.uleb128 0x11
 1036 0145 01       		.uleb128 0x1
 1037 0146 31       		.uleb128 0x31
 1038 0147 13       		.uleb128 0x13
 1039 0148 00       		.byte	0
 1040 0149 00       		.byte	0
 1041 014a 14       		.uleb128 0x14
 1042 014b 898201   		.uleb128 0x4109
 1043 014e 01       		.byte	0x1
 1044 014f 11       		.uleb128 0x11
 1045 0150 01       		.uleb128 0x1
 1046 0151 31       		.uleb128 0x31
 1047 0152 13       		.uleb128 0x13
 1048 0153 01       		.uleb128 0x1
 1049 0154 13       		.uleb128 0x13
 1050 0155 00       		.byte	0
 1051 0156 00       		.byte	0
 1052 0157 15       		.uleb128 0x15
 1053 0158 8A8201   		.uleb128 0x410a
 1054 015b 00       		.byte	0
 1055 015c 02       		.uleb128 0x2
 1056 015d 18       		.uleb128 0x18
 1057 015e 9142     		.uleb128 0x2111
 1058 0160 18       		.uleb128 0x18
 1059 0161 00       		.byte	0
 1060 0162 00       		.byte	0
 1061 0163 16       		.uleb128 0x16
 1062 0164 05       		.uleb128 0x5
 1063 0165 00       		.byte	0
 1064 0166 03       		.uleb128 0x3
 1065 0167 0E       		.uleb128 0xe
ARM GAS  C:\Users\Besitzer\AppData\Local\Temp\ccujt3vf.s 			page 27


 1066 0168 3A       		.uleb128 0x3a
 1067 0169 0B       		.uleb128 0xb
 1068 016a 3B       		.uleb128 0x3b
 1069 016b 0B       		.uleb128 0xb
 1070 016c 49       		.uleb128 0x49
 1071 016d 13       		.uleb128 0x13
 1072 016e 02       		.uleb128 0x2
 1073 016f 17       		.uleb128 0x17
 1074 0170 00       		.byte	0
 1075 0171 00       		.byte	0
 1076 0172 00       		.byte	0
 1077              		.section	.debug_loc,"",%progbits
 1078              	.Ldebug_loc0:
 1079              	.LLST0:
 1080 0000 00000000 		.4byte	.LVL3
 1081 0004 02000000 		.4byte	.LVL4
 1082 0008 0100     		.2byte	0x1
 1083 000a 50       		.byte	0x50
 1084 000b 02000000 		.4byte	.LVL4
 1085 000f 10000000 		.4byte	.LFE6
 1086 0013 0400     		.2byte	0x4
 1087 0015 F3       		.byte	0xf3
 1088 0016 01       		.uleb128 0x1
 1089 0017 50       		.byte	0x50
 1090 0018 9F       		.byte	0x9f
 1091 0019 00000000 		.4byte	0
 1092 001d 00000000 		.4byte	0
 1093              	.LLST1:
 1094 0021 04000000 		.4byte	.LVL5
 1095 0025 06000000 		.4byte	.LVL6
 1096 0029 0500     		.2byte	0x5
 1097 002b 70       		.byte	0x70
 1098 002c 00       		.sleb128 0
 1099 002d 35       		.byte	0x35
 1100 002e 25       		.byte	0x25
 1101 002f 9F       		.byte	0x9f
 1102 0030 00000000 		.4byte	0
 1103 0034 00000000 		.4byte	0
 1104              	.LLST2:
 1105 0038 00000000 		.4byte	.LVL11
 1106 003c 07000000 		.4byte	.LVL12-1
 1107 0040 0100     		.2byte	0x1
 1108 0042 50       		.byte	0x50
 1109 0043 07000000 		.4byte	.LVL12-1
 1110 0047 1A000000 		.4byte	.LFE1
 1111 004b 0100     		.2byte	0x1
 1112 004d 54       		.byte	0x54
 1113 004e 00000000 		.4byte	0
 1114 0052 00000000 		.4byte	0
 1115              		.section	.debug_aranges,"",%progbits
 1116 0000 7C000000 		.4byte	0x7c
 1117 0004 0200     		.2byte	0x2
 1118 0006 00000000 		.4byte	.Ldebug_info0
 1119 000a 04       		.byte	0x4
 1120 000b 00       		.byte	0
 1121 000c 0000     		.2byte	0
 1122 000e 0000     		.2byte	0
ARM GAS  C:\Users\Besitzer\AppData\Local\Temp\ccujt3vf.s 			page 28


 1123 0010 00000000 		.4byte	.LFB3
 1124 0014 02000000 		.4byte	.LFE3-.LFB3
 1125 0018 00000000 		.4byte	.LFB4
 1126 001c 0C000000 		.4byte	.LFE4-.LFB4
 1127 0020 00000000 		.4byte	.LFB5
 1128 0024 0C000000 		.4byte	.LFE5-.LFB5
 1129 0028 00000000 		.4byte	.LFB6
 1130 002c 10000000 		.4byte	.LFE6-.LFB6
 1131 0030 00000000 		.4byte	.LFB7
 1132 0034 0C000000 		.4byte	.LFE7-.LFB7
 1133 0038 00000000 		.4byte	.LFB8
 1134 003c 0C000000 		.4byte	.LFE8-.LFB8
 1135 0040 00000000 		.4byte	.LFB9
 1136 0044 18000000 		.4byte	.LFE9-.LFB9
 1137 0048 00000000 		.4byte	.LFB10
 1138 004c 0C000000 		.4byte	.LFE10-.LFB10
 1139 0050 00000000 		.4byte	.LFB0
 1140 0054 1C000000 		.4byte	.LFE0-.LFB0
 1141 0058 00000000 		.4byte	.LFB1
 1142 005c 1A000000 		.4byte	.LFE1-.LFB1
 1143 0060 00000000 		.4byte	.LFB2
 1144 0064 14000000 		.4byte	.LFE2-.LFB2
 1145 0068 00000000 		.4byte	.LFB11
 1146 006c 0C000000 		.4byte	.LFE11-.LFB11
 1147 0070 00000000 		.4byte	.LFB12
 1148 0074 0C000000 		.4byte	.LFE12-.LFB12
 1149 0078 00000000 		.4byte	0
 1150 007c 00000000 		.4byte	0
 1151              		.section	.debug_ranges,"",%progbits
 1152              	.Ldebug_ranges0:
 1153 0000 00000000 		.4byte	.LFB3
 1154 0004 02000000 		.4byte	.LFE3
 1155 0008 00000000 		.4byte	.LFB4
 1156 000c 0C000000 		.4byte	.LFE4
 1157 0010 00000000 		.4byte	.LFB5
 1158 0014 0C000000 		.4byte	.LFE5
 1159 0018 00000000 		.4byte	.LFB6
 1160 001c 10000000 		.4byte	.LFE6
 1161 0020 00000000 		.4byte	.LFB7
 1162 0024 0C000000 		.4byte	.LFE7
 1163 0028 00000000 		.4byte	.LFB8
 1164 002c 0C000000 		.4byte	.LFE8
 1165 0030 00000000 		.4byte	.LFB9
 1166 0034 18000000 		.4byte	.LFE9
 1167 0038 00000000 		.4byte	.LFB10
 1168 003c 0C000000 		.4byte	.LFE10
 1169 0040 00000000 		.4byte	.LFB0
 1170 0044 1C000000 		.4byte	.LFE0
 1171 0048 00000000 		.4byte	.LFB1
 1172 004c 1A000000 		.4byte	.LFE1
 1173 0050 00000000 		.4byte	.LFB2
 1174 0054 14000000 		.4byte	.LFE2
 1175 0058 00000000 		.4byte	.LFB11
 1176 005c 0C000000 		.4byte	.LFE11
 1177 0060 00000000 		.4byte	.LFB12
 1178 0064 0C000000 		.4byte	.LFE12
 1179 0068 00000000 		.4byte	0
ARM GAS  C:\Users\Besitzer\AppData\Local\Temp\ccujt3vf.s 			page 29


 1180 006c 00000000 		.4byte	0
 1181              		.section	.debug_line,"",%progbits
 1182              	.Ldebug_line0:
 1183 0000 32010000 		.section	.debug_str,"MS",%progbits,1
 1183      02004600 
 1183      00000201 
 1183      FB0E0D00 
 1183      01010101 
 1184              	.LASF20:
 1185 0000 64656275 		.ascii	"debug_ISR_SetVector\000"
 1185      675F4953 
 1185      525F5365 
 1185      74566563 
 1185      746F7200 
 1186              	.LASF17:
 1187 0014 72656733 		.ascii	"reg32\000"
 1187      3200
 1188              	.LASF27:
 1189 001a 64656275 		.ascii	"debug_ISR_Enable\000"
 1189      675F4953 
 1189      525F456E 
 1189      61626C65 
 1189      00
 1190              	.LASF6:
 1191 002b 73686F72 		.ascii	"short unsigned int\000"
 1191      7420756E 
 1191      7369676E 
 1191      65642069 
 1191      6E7400
 1192              	.LASF14:
 1193 003e 666C6F61 		.ascii	"float\000"
 1193      7400
 1194              	.LASF37:
 1195 0044 64656275 		.ascii	"debug_ISR_GetState\000"
 1195      675F4953 
 1195      525F4765 
 1195      74537461 
 1195      746500
 1196              	.LASF34:
 1197 0057 474E5520 		.ascii	"GNU C11 5.4.1 20160609 (release) [ARM/embedded-5-br"
 1197      43313120 
 1197      352E342E 
 1197      31203230 
 1197      31363036 
 1198 008a 616E6368 		.ascii	"anch revision 237715] -mcpu=cortex-m3 -mthumb -g -O"
 1198      20726576 
 1198      6973696F 
 1198      6E203233 
 1198      37373135 
 1199 00bd 67202D66 		.ascii	"g -ffunction-sections -ffat-lto-objects\000"
 1199      66756E63 
 1199      74696F6E 
 1199      2D736563 
 1199      74696F6E 
 1200              	.LASF35:
 1201 00e5 47656E65 		.ascii	"Generated_Source\\PSoC5\\debug_ISR.c\000"
 1201      72617465 
ARM GAS  C:\Users\Besitzer\AppData\Local\Temp\ccujt3vf.s 			page 30


 1201      645F536F 
 1201      75726365 
 1201      5C50536F 
 1202              	.LASF16:
 1203 0108 72656738 		.ascii	"reg8\000"
 1203      00
 1204              	.LASF8:
 1205 010d 6C6F6E67 		.ascii	"long unsigned int\000"
 1205      20756E73 
 1205      69676E65 
 1205      6420696E 
 1205      7400
 1206              	.LASF12:
 1207 011f 75696E74 		.ascii	"uint8\000"
 1207      3800
 1208              	.LASF25:
 1209 0125 64656275 		.ascii	"debug_ISR_GetPriority\000"
 1209      675F4953 
 1209      525F4765 
 1209      74507269 
 1209      6F726974 
 1210              	.LASF30:
 1211 013b 64656275 		.ascii	"debug_ISR_StartEx\000"
 1211      675F4953 
 1211      525F5374 
 1211      61727445 
 1211      7800
 1212              	.LASF26:
 1213 014d 64656275 		.ascii	"debug_ISR_Interrupt\000"
 1213      675F4953 
 1213      525F496E 
 1213      74657272 
 1213      75707400 
 1214              	.LASF4:
 1215 0161 756E7369 		.ascii	"unsigned char\000"
 1215      676E6564 
 1215      20636861 
 1215      7200
 1216              	.LASF32:
 1217 016f 64656275 		.ascii	"debug_ISR_SetPending\000"
 1217      675F4953 
 1217      525F5365 
 1217      7450656E 
 1217      64696E67 
 1218              	.LASF15:
 1219 0184 646F7562 		.ascii	"double\000"
 1219      6C6500
 1220              	.LASF23:
 1221 018b 7072696F 		.ascii	"priority\000"
 1221      72697479 
 1221      00
 1222              	.LASF33:
 1223 0194 64656275 		.ascii	"debug_ISR_ClearPending\000"
 1223      675F4953 
 1223      525F436C 
 1223      65617250 
 1223      656E6469 
ARM GAS  C:\Users\Besitzer\AppData\Local\Temp\ccujt3vf.s 			page 31


 1224              	.LASF13:
 1225 01ab 75696E74 		.ascii	"uint32\000"
 1225      333200
 1226              	.LASF28:
 1227 01b2 64656275 		.ascii	"debug_ISR_Disable\000"
 1227      675F4953 
 1227      525F4469 
 1227      7361626C 
 1227      6500
 1228              	.LASF0:
 1229 01c4 756E7369 		.ascii	"unsigned int\000"
 1229      676E6564 
 1229      20696E74 
 1229      00
 1230              	.LASF36:
 1231 01d1 433A5C64 		.ascii	"C:\\data\\GitHub\\QuadroCopter\\Software\\Cypress_F"
 1231      6174615C 
 1231      47697448 
 1231      75625C51 
 1231      75616472 
 1232 01ff 6C696768 		.ascii	"lightController\\QuadrCopter\\Design01.cydsn\000"
 1232      74436F6E 
 1232      74726F6C 
 1232      6C65725C 
 1232      51756164 
 1233              	.LASF22:
 1234 022a 61646472 		.ascii	"address\000"
 1234      65737300 
 1235              	.LASF9:
 1236 0232 6C6F6E67 		.ascii	"long long unsigned int\000"
 1236      206C6F6E 
 1236      6720756E 
 1236      7369676E 
 1236      65642069 
 1237              	.LASF18:
 1238 0249 63796973 		.ascii	"cyisraddress\000"
 1238      72616464 
 1238      72657373 
 1238      00
 1239              	.LASF21:
 1240 0256 64656275 		.ascii	"debug_ISR_SetPriority\000"
 1240      675F4953 
 1240      525F5365 
 1240      74507269 
 1240      6F726974 
 1241              	.LASF10:
 1242 026c 73697A65 		.ascii	"sizetype\000"
 1242      74797065 
 1242      00
 1243              	.LASF1:
 1244 0275 6C6F6E67 		.ascii	"long long int\000"
 1244      206C6F6E 
 1244      6720696E 
 1244      7400
 1245              	.LASF11:
 1246 0283 63686172 		.ascii	"char\000"
 1246      00
ARM GAS  C:\Users\Besitzer\AppData\Local\Temp\ccujt3vf.s 			page 32


 1247              	.LASF19:
 1248 0288 72616D56 		.ascii	"ramVectorTable\000"
 1248      6563746F 
 1248      72546162 
 1248      6C6500
 1249              	.LASF5:
 1250 0297 73686F72 		.ascii	"short int\000"
 1250      7420696E 
 1250      7400
 1251              	.LASF31:
 1252 02a1 64656275 		.ascii	"debug_ISR_Stop\000"
 1252      675F4953 
 1252      525F5374 
 1252      6F7000
 1253              	.LASF24:
 1254 02b0 64656275 		.ascii	"debug_ISR_GetVector\000"
 1254      675F4953 
 1254      525F4765 
 1254      74566563 
 1254      746F7200 
 1255              	.LASF29:
 1256 02c4 64656275 		.ascii	"debug_ISR_Start\000"
 1256      675F4953 
 1256      525F5374 
 1256      61727400 
 1257              	.LASF7:
 1258 02d4 6C6F6E67 		.ascii	"long int\000"
 1258      20696E74 
 1258      00
 1259              	.LASF2:
 1260 02dd 6C6F6E67 		.ascii	"long double\000"
 1260      20646F75 
 1260      626C6500 
 1261              	.LASF3:
 1262 02e9 7369676E 		.ascii	"signed char\000"
 1262      65642063 
 1262      68617200 
 1263              		.ident	"GCC: (GNU Tools for ARM Embedded Processors) 5.4.1 20160609 (release) [ARM/embedded-5-bran
