ARM GAS  C:\Users\rene_\AppData\Local\Temp\ccmrkU79.s 			page 1


   1              		.syntax unified
   2              		.cpu cortex-m3
   3              		.fpu softvfp
   4              		.eabi_attribute 20, 1
   5              		.eabi_attribute 21, 1
   6              		.eabi_attribute 23, 3
   7              		.eabi_attribute 24, 1
   8              		.eabi_attribute 25, 1
   9              		.eabi_attribute 26, 1
  10              		.eabi_attribute 30, 1
  11              		.eabi_attribute 34, 1
  12              		.eabi_attribute 18, 4
  13              		.thumb
  14              		.syntax unified
  15              		.file	"main.c"
  16              		.text
  17              	.Ltext0:
  18              		.cfi_sections	.debug_frame
  19              		.section	.text.DmaTxConfiguration,"ax",%progbits
  20              		.align	2
  21              		.global	DmaTxConfiguration
  22              		.thumb
  23              		.thumb_func
  24              		.type	DmaTxConfiguration, %function
  25              	DmaTxConfiguration:
  26              	.LFB64:
  27              		.file 1 "main.c"
   1:main.c        **** /* ========================================
   2:main.c        ****  *
   3:main.c        ****  * Copyright YOUR COMPANY, THE YEAR
   4:main.c        ****  * All Rights Reserved
   5:main.c        ****  * UNPUBLISHED, LICENSED SOFTWARE.
   6:main.c        ****  *
   7:main.c        ****  * CONFIDENTIAL AND PROPRIETARY INFORMATION
   8:main.c        ****  * WHICH IS THE PROPERTY OF your company.
   9:main.c        ****  *
  10:main.c        ****  * ========================================
  11:main.c        **** */
  12:main.c        **** #include "project.h"
  13:main.c        **** #include "ITG3200.h"
  14:main.c        **** #include "stdio.h"
  15:main.c        **** 
  16:main.c        **** void DmaTxConfiguration(void);
  17:main.c        **** void DmaRxConfiguration(void);
  18:main.c        **** 
  19:main.c        **** /* DMA Configuration for DMA_TX */
  20:main.c        **** #define DMA_TX_BYTES_PER_BURST      (1u)
  21:main.c        **** #define DMA_TX_REQUEST_PER_BURST    (1u)
  22:main.c        **** #define DMA_TX_SRC_BASE             (CYDEV_SRAM_BASE)
  23:main.c        **** #define DMA_TX_DST_BASE             (CYDEV_PERIPH_BASE)
  24:main.c        **** 
  25:main.c        **** #define BUFFER_SIZE                 (8u)
  26:main.c        **** #define STORE_TD_CFG_ONCMPLT        (1u)
  27:main.c        **** 
  28:main.c        **** #define USBFS_DEVICE    (0u)
  29:main.c        **** 
  30:main.c        **** /* The buffer size is equal to the maximum packet size of the IN and OUT bulk
ARM GAS  C:\Users\rene_\AppData\Local\Temp\ccmrkU79.s 			page 2


  31:main.c        **** * endpoints.
  32:main.c        **** */
  33:main.c        **** #define USBUART_BUFFER_SIZE (64u)
  34:main.c        **** #define LINE_STR_LENGTH     (20u)
  35:main.c        **** 
  36:main.c        **** /* Variable declarations for DMA_TX*/
  37:main.c        **** uint8 txChannel;
  38:main.c        **** uint8 txTD;
  39:main.c        **** 
  40:main.c        **** /* Data buffers */
  41:main.c        **** uint8 txBuffer [BUFFER_SIZE] = {0x0u, 0x01u, 0x02u, 0x03u, 0x04u, 0x05u, 0x06u, 0x07u};
  42:main.c        **** char USB_CDC_Buffer[USBUART_BUFFER_SIZE];
  43:main.c        **** 
  44:main.c        **** /* DIE TEMP */
  45:main.c        **** int16 DIEtemperature;
  46:main.c        **** 
  47:main.c        **** 
  48:main.c        **** /***********************************************************************
  49:main.c        **** *! \fn          void DmaTxConfiguration()
  50:main.c        **** *  \brief       Configures the DMA transfer for TX direction
  51:main.c        **** *  \param       none
  52:main.c        **** *  \exception   none
  53:main.c        **** *  \return      none
  54:main.c        **** ***********************************************************************/
  55:main.c        **** void DmaTxConfiguration()
  56:main.c        **** {
  28              		.loc 1 56 0
  29              		.cfi_startproc
  30              		@ args = 0, pretend = 0, frame = 0
  31              		@ frame_needed = 0, uses_anonymous_args = 0
  32 0000 38B5     		push	{r3, r4, r5, lr}
  33              		.cfi_def_cfa_offset 16
  34              		.cfi_offset 3, -16
  35              		.cfi_offset 4, -12
  36              		.cfi_offset 5, -8
  37              		.cfi_offset 14, -4
  57:main.c        ****     /* Init DMA, 1 byte bursts, each burst requires a request */ 
  58:main.c        ****     txChannel = DMA_UART_Tx(DMA_TX_BYTES_PER_BURST, DMA_TX_REQUEST_PER_BURST, 
  38              		.loc 1 58 0
  39 0002 4FF48043 		mov	r3, #16384
  40 0006 41F6FF72 		movw	r2, #8191
  41 000a 0121     		movs	r1, #1
  42 000c 0846     		mov	r0, r1
  43 000e FFF7FEFF 		bl	DMA_UART_Tx
  44              	.LVL0:
  45 0012 084C     		ldr	r4, .L3
  46 0014 2070     		strb	r0, [r4]
  59:main.c        ****                                         HI16(DMA_TX_SRC_BASE), HI16(DMA_TX_DST_BASE));
  60:main.c        **** 
  61:main.c        ****     txTD = CyDmaTdAllocate();
  47              		.loc 1 61 0
  48 0016 FFF7FEFF 		bl	CyDmaTdAllocate
  49              	.LVL1:
  50 001a 074D     		ldr	r5, .L3+4
  51 001c 2870     		strb	r0, [r5]
  62:main.c        **** 
  63:main.c        ****     /* Configure this Td as follows:
ARM GAS  C:\Users\rene_\AppData\Local\Temp\ccmrkU79.s 			page 3


  64:main.c        ****     *  - Increment the source address, but not the destination address   
  65:main.c        ****     */
  66:main.c        ****     CyDmaTdSetConfiguration(txTD, BUFFER_SIZE, CY_DMA_DISABLE_TD, TD_INC_SRC_ADR);
  52              		.loc 1 66 0
  53 001e 0123     		movs	r3, #1
  54 0020 FE22     		movs	r2, #254
  55 0022 0821     		movs	r1, #8
  56 0024 FFF7FEFF 		bl	CyDmaTdSetConfiguration
  57              	.LVL2:
  67:main.c        **** 
  68:main.c        ****     /* From the memory to the SPIM */
  69:main.c        ****     //CyDmaTdSetAddress(txTD, LO16((uint32)txBuffer), LO16((uint32) SPIM_TXDATA_PTR));
  70:main.c        ****     
  71:main.c        ****     /* Associate the TD with the channel */
  72:main.c        ****     CyDmaChSetInitialTd(txChannel, txTD); 
  58              		.loc 1 72 0
  59 0028 2978     		ldrb	r1, [r5]	@ zero_extendqisi2
  60 002a 2078     		ldrb	r0, [r4]	@ zero_extendqisi2
  61 002c FFF7FEFF 		bl	CyDmaChSetInitialTd
  62              	.LVL3:
  63 0030 38BD     		pop	{r3, r4, r5, pc}
  64              	.L4:
  65 0032 00BF     		.align	2
  66              	.L3:
  67 0034 00000000 		.word	txChannel
  68 0038 00000000 		.word	txTD
  69              		.cfi_endproc
  70              	.LFE64:
  71              		.size	DmaTxConfiguration, .-DmaTxConfiguration
  72              		.section	.text.main,"ax",%progbits
  73              		.align	2
  74              		.global	main
  75              		.thumb
  76              		.thumb_func
  77              		.type	main, %function
  78              	main:
  79              	.LFB65:
  73:main.c        **** } 
  74:main.c        **** 
  75:main.c        **** /***********************************************************************
  76:main.c        **** *! \fn          int main(void)
  77:main.c        **** *  \brief       Start Up Function 
  78:main.c        **** *  \param       none
  79:main.c        **** *  \exception   none
  80:main.c        **** *  \return      none
  81:main.c        **** ***********************************************************************/
  82:main.c        **** int main(void)
  83:main.c        **** {
  80              		.loc 1 83 0
  81              		.cfi_startproc
  82              		@ args = 0, pretend = 0, frame = 64
  83              		@ frame_needed = 0, uses_anonymous_args = 0
  84 0000 10B5     		push	{r4, lr}
  85              		.cfi_def_cfa_offset 8
  86              		.cfi_offset 4, -8
  87              		.cfi_offset 14, -4
  88 0002 90B0     		sub	sp, sp, #64
ARM GAS  C:\Users\rene_\AppData\Local\Temp\ccmrkU79.s 			page 4


  89              		.cfi_def_cfa_offset 72
  84:main.c        ****     uint16 count;
  85:main.c        ****     uint8 buffer[USBUART_BUFFER_SIZE];
  86:main.c        ****     uint8_t dummy;
  87:main.c        ****     CyGlobalIntEnable; /* Enable global interrupts. */
  90              		.loc 1 87 0
  91              		.syntax unified
  92              	@ 87 "main.c" 1
  93 0004 62B6     		CPSIE   i
  94              	@ 0 "" 2
  88:main.c        **** 
  89:main.c        ****     /* Place your initialization/startup code here (e.g. MyInst_Start()) */
  90:main.c        ****     Cycle_ISR_1_Start();
  95              		.loc 1 90 0
  96              		.thumb
  97              		.syntax unified
  98 0006 FFF7FEFF 		bl	Cycle_ISR_1_Start
  99              	.LVL4:
  91:main.c        ****     DMA_Timer_Start();
 100              		.loc 1 91 0
 101 000a FFF7FEFF 		bl	DMA_Timer_Start
 102              	.LVL5:
  92:main.c        ****     Timer_1_Start();
 103              		.loc 1 92 0
 104 000e FFF7FEFF 		bl	Timer_1_Start
 105              	.LVL6:
  93:main.c        ****     DieTemp_1_Start();
 106              		.loc 1 93 0
 107 0012 FFF7FEFF 		bl	DieTemp_1_Start
 108              	.LVL7:
  94:main.c        ****     //set to fullscale and 42HzFilrer
  95:main.c        ****     setup_itg3200(0, 0, (3<<3)|(3));
 109              		.loc 1 95 0
 110 0016 1B22     		movs	r2, #27
 111 0018 0021     		movs	r1, #0
 112 001a 0846     		mov	r0, r1
 113 001c FFF7FEFF 		bl	setup_itg3200
 114              	.LVL8:
  96:main.c        **** 
  97:main.c        ****     CyGlobalIntEnable;
 115              		.loc 1 97 0
 116              		.syntax unified
 117              	@ 97 "main.c" 1
 118 0020 62B6     		CPSIE   i
 119              	@ 0 "" 2
  98:main.c        ****     
  99:main.c        ****      /* Start USBFS operation with 5-V operation. */
 100:main.c        ****     USB_CDC_1_Start(USBFS_DEVICE, USB_CDC_1_5V_OPERATION);
 120              		.loc 1 100 0
 121              		.thumb
 122              		.syntax unified
 123 0022 0121     		movs	r1, #1
 124 0024 0020     		movs	r0, #0
 125 0026 FFF7FEFF 		bl	USB_CDC_1_Start
 126              	.LVL9:
 127              	.L7:
 101:main.c        ****     
ARM GAS  C:\Users\rene_\AppData\Local\Temp\ccmrkU79.s 			page 5


 102:main.c        ****     for(;;)
 103:main.c        ****     {
 104:main.c        ****         /* Place your application code here. */
 105:main.c        ****         /******  get Sensor Data *****************/
 106:main.c        ****         DieTemp_1_GetTemp(&DIEtemperature);
 128              		.loc 1 106 0
 129 002a 1648     		ldr	r0, .L15
 130 002c FFF7FEFF 		bl	DieTemp_1_GetTemp
 131              	.LVL10:
 107:main.c        ****         
 108:main.c        ****         /* Host can send double SET_INTERFACE request. */
 109:main.c        ****         if (0u != USB_CDC_1_IsConfigurationChanged())
 132              		.loc 1 109 0
 133 0030 FFF7FEFF 		bl	USB_CDC_1_IsConfigurationChanged
 134              	.LVL11:
 135 0034 20B1     		cbz	r0, .L6
 110:main.c        ****         {
 111:main.c        ****             /* Initialize IN endpoints when device is configured. */
 112:main.c        ****             if (0u != USB_CDC_1_GetConfiguration())
 136              		.loc 1 112 0
 137 0036 FFF7FEFF 		bl	USB_CDC_1_GetConfiguration
 138              	.LVL12:
 139 003a 08B1     		cbz	r0, .L6
 113:main.c        ****             {
 114:main.c        ****                 /* Enumeration is done, enable OUT endpoint to receive data 
 115:main.c        ****                  * from host. */
 116:main.c        ****                 USB_CDC_1_Init();
 140              		.loc 1 116 0
 141 003c FFF7FEFF 		bl	USB_CDC_1_Init
 142              	.LVL13:
 143              	.L6:
 117:main.c        ****             }
 118:main.c        ****         }
 119:main.c        ****         
 120:main.c        ****         /* Service USB CDC when device is configured. */
 121:main.c        ****         dummy = USB_CDC_1_GetConfiguration();
 144              		.loc 1 121 0
 145 0040 FFF7FEFF 		bl	USB_CDC_1_GetConfiguration
 146              	.LVL14:
 122:main.c        ****         if (0u != dummy){
 147              		.loc 1 122 0
 148 0044 0028     		cmp	r0, #0
 149 0046 F0D0     		beq	.L7
 123:main.c        ****             
 124:main.c        ****             /* Check for input data from host. */
 125:main.c        ****             if (0u != USB_CDC_1_DataIsReady())
 150              		.loc 1 125 0
 151 0048 FFF7FEFF 		bl	USB_CDC_1_DataIsReady
 152              	.LVL15:
 153 004c 0028     		cmp	r0, #0
 154 004e ECD0     		beq	.L7
 126:main.c        ****             {
 127:main.c        ****                 /* Read received data and re-enable OUT endpoint. */
 128:main.c        ****                 count = USB_CDC_1_GetAll(buffer);
 155              		.loc 1 128 0
 156 0050 6846     		mov	r0, sp
 157 0052 FFF7FEFF 		bl	USB_CDC_1_GetAll
ARM GAS  C:\Users\rene_\AppData\Local\Temp\ccmrkU79.s 			page 6


 158              	.LVL16:
 129:main.c        **** 
 130:main.c        ****                 if (0u != count)
 159              		.loc 1 130 0
 160 0056 0446     		mov	r4, r0
 161 0058 0028     		cmp	r0, #0
 162 005a E6D0     		beq	.L7
 163              	.LVL17:
 164              	.L10:
 131:main.c        ****                 {
 132:main.c        ****                     /* Wait until component is ready to send data to host. */
 133:main.c        ****                     while (0u == USB_CDC_1_CDCIsReady())
 165              		.loc 1 133 0 discriminator 1
 166 005c FFF7FEFF 		bl	USB_CDC_1_CDCIsReady
 167              	.LVL18:
 168 0060 0028     		cmp	r0, #0
 169 0062 FBD0     		beq	.L10
 134:main.c        ****                     {
 135:main.c        ****                     }
 136:main.c        **** 
 137:main.c        ****                     /* Send data back to host. */
 138:main.c        ****                     USB_CDC_1_PutData(buffer, count);
 170              		.loc 1 138 0
 171 0064 2146     		mov	r1, r4
 172 0066 6846     		mov	r0, sp
 173 0068 FFF7FEFF 		bl	USB_CDC_1_PutData
 174              	.LVL19:
 139:main.c        **** 
 140:main.c        ****                     /* If the last sent packet is exactly the maximum packet 
 141:main.c        ****                     *  size, it is followed by a zero-length packet to assure
 142:main.c        ****                     *  that the end of the segment is properly identified by 
 143:main.c        ****                     *  the terminal.
 144:main.c        ****                     */
 145:main.c        ****                     if (USBUART_BUFFER_SIZE == count)
 175              		.loc 1 145 0
 176 006c 402C     		cmp	r4, #64
 177 006e DCD1     		bne	.L7
 178              	.L12:
 146:main.c        ****                     {
 147:main.c        ****                         /* Wait until component is ready to send data to PC. */
 148:main.c        ****                         while (0u == USB_CDC_1_CDCIsReady())
 179              		.loc 1 148 0 discriminator 1
 180 0070 FFF7FEFF 		bl	USB_CDC_1_CDCIsReady
 181              	.LVL20:
 182 0074 0028     		cmp	r0, #0
 183 0076 FBD0     		beq	.L12
 149:main.c        ****                         {
 150:main.c        ****                         }
 151:main.c        **** 
 152:main.c        ****                         /* Send zero-length packet to PC. */
 153:main.c        ****                         USB_CDC_1_PutData(NULL, 0u);
 184              		.loc 1 153 0
 185 0078 0021     		movs	r1, #0
 186 007a 0846     		mov	r0, r1
 187 007c FFF7FEFF 		bl	USB_CDC_1_PutData
 188              	.LVL21:
 189 0080 D3E7     		b	.L7
ARM GAS  C:\Users\rene_\AppData\Local\Temp\ccmrkU79.s 			page 7


 190              	.L16:
 191 0082 00BF     		.align	2
 192              	.L15:
 193 0084 00000000 		.word	DIEtemperature
 194              		.cfi_endproc
 195              	.LFE65:
 196              		.size	main, .-main
 197              		.comm	DIEtemperature,2,2
 198              		.comm	USB_CDC_Buffer,64,4
 199              		.global	txBuffer
 200              		.comm	txTD,1,1
 201              		.comm	txChannel,1,1
 202              		.data
 203              		.align	2
 204              		.type	txBuffer, %object
 205              		.size	txBuffer, 8
 206              	txBuffer:
 207 0000 00       		.byte	0
 208 0001 01       		.byte	1
 209 0002 02       		.byte	2
 210 0003 03       		.byte	3
 211 0004 04       		.byte	4
 212 0005 05       		.byte	5
 213 0006 06       		.byte	6
 214 0007 07       		.byte	7
 215              		.text
 216              	.Letext0:
 217              		.file 2 "c:\\program files (x86)\\cypress\\psoc creator\\4.3\\psoc creator\\import\\gnu\\arm\\5.4.
 218              		.file 3 "c:\\program files (x86)\\cypress\\psoc creator\\4.3\\psoc creator\\import\\gnu\\arm\\5.4.
 219              		.file 4 "Generated_Source\\PSoC5/cytypes.h"
 220              		.file 5 "Generated_Source\\PSoC5/core_cm3.h"
 221              		.file 6 "Generated_Source\\PSoC5/CYDMAC.H"
 222              		.file 7 "Generated_Source\\PSoC5/Cycle_ISR_1.h"
 223              		.file 8 "Generated_Source\\PSoC5/DMA_Timer.h"
 224              		.file 9 "Generated_Source\\PSoC5/Timer_1.h"
 225              		.file 10 "Generated_Source\\PSoC5/DieTemp_1.h"
 226              		.file 11 "ITG3200.h"
 227              		.file 12 "Generated_Source\\PSoC5/USB_CDC_1.h"
 228              		.file 13 "Generated_Source\\PSoC5/USB_CDC_1_cdc.h"
 229              		.section	.debug_info,"",%progbits
 230              	.Ldebug_info0:
 231 0000 FC030000 		.4byte	0x3fc
 232 0004 0400     		.2byte	0x4
 233 0006 00000000 		.4byte	.Ldebug_abbrev0
 234 000a 04       		.byte	0x4
 235 000b 01       		.uleb128 0x1
 236 000c DD000000 		.4byte	.LASF49
 237 0010 0C       		.byte	0xc
 238 0011 51020000 		.4byte	.LASF50
 239 0015 66020000 		.4byte	.LASF51
 240 0019 00000000 		.4byte	.Ldebug_ranges0+0
 241 001d 00000000 		.4byte	0
 242 0021 00000000 		.4byte	.Ldebug_line0
 243 0025 02       		.uleb128 0x2
 244 0026 01       		.byte	0x1
 245 0027 06       		.byte	0x6
 246 0028 37030000 		.4byte	.LASF0
ARM GAS  C:\Users\rene_\AppData\Local\Temp\ccmrkU79.s 			page 8


 247 002c 03       		.uleb128 0x3
 248 002d 10000000 		.4byte	.LASF4
 249 0031 02       		.byte	0x2
 250 0032 1D       		.byte	0x1d
 251 0033 37000000 		.4byte	0x37
 252 0037 02       		.uleb128 0x2
 253 0038 01       		.byte	0x1
 254 0039 08       		.byte	0x8
 255 003a CF000000 		.4byte	.LASF1
 256 003e 02       		.uleb128 0x2
 257 003f 02       		.byte	0x2
 258 0040 05       		.byte	0x5
 259 0041 C7020000 		.4byte	.LASF2
 260 0045 02       		.uleb128 0x2
 261 0046 02       		.byte	0x2
 262 0047 07       		.byte	0x7
 263 0048 43030000 		.4byte	.LASF3
 264 004c 03       		.uleb128 0x3
 265 004d 32000000 		.4byte	.LASF5
 266 0051 02       		.byte	0x2
 267 0052 3F       		.byte	0x3f
 268 0053 57000000 		.4byte	0x57
 269 0057 02       		.uleb128 0x2
 270 0058 04       		.byte	0x4
 271 0059 05       		.byte	0x5
 272 005a 12030000 		.4byte	.LASF6
 273 005e 02       		.uleb128 0x2
 274 005f 04       		.byte	0x4
 275 0060 07       		.byte	0x7
 276 0061 83010000 		.4byte	.LASF7
 277 0065 02       		.uleb128 0x2
 278 0066 08       		.byte	0x8
 279 0067 05       		.byte	0x5
 280 0068 43020000 		.4byte	.LASF8
 281 006c 02       		.uleb128 0x2
 282 006d 08       		.byte	0x8
 283 006e 07       		.byte	0x7
 284 006f F2010000 		.4byte	.LASF9
 285 0073 04       		.uleb128 0x4
 286 0074 04       		.byte	0x4
 287 0075 05       		.byte	0x5
 288 0076 696E7400 		.ascii	"int\000"
 289 007a 02       		.uleb128 0x2
 290 007b 04       		.byte	0x4
 291 007c 07       		.byte	0x7
 292 007d E5010000 		.4byte	.LASF10
 293 0081 03       		.uleb128 0x3
 294 0082 09020000 		.4byte	.LASF11
 295 0086 03       		.byte	0x3
 296 0087 18       		.byte	0x18
 297 0088 2C000000 		.4byte	0x2c
 298 008c 03       		.uleb128 0x3
 299 008d 24020000 		.4byte	.LASF12
 300 0091 03       		.byte	0x3
 301 0092 2C       		.byte	0x2c
 302 0093 4C000000 		.4byte	0x4c
 303 0097 05       		.uleb128 0x5
ARM GAS  C:\Users\rene_\AppData\Local\Temp\ccmrkU79.s 			page 9


 304 0098 D8020000 		.4byte	.LASF13
 305 009c 04       		.byte	0x4
 306 009d E401     		.2byte	0x1e4
 307 009f 37000000 		.4byte	0x37
 308 00a3 05       		.uleb128 0x5
 309 00a4 C5010000 		.4byte	.LASF14
 310 00a8 04       		.byte	0x4
 311 00a9 E501     		.2byte	0x1e5
 312 00ab 45000000 		.4byte	0x45
 313 00af 05       		.uleb128 0x5
 314 00b0 CC010000 		.4byte	.LASF15
 315 00b4 04       		.byte	0x4
 316 00b5 E601     		.2byte	0x1e6
 317 00b7 5E000000 		.4byte	0x5e
 318 00bb 05       		.uleb128 0x5
 319 00bc 11020000 		.4byte	.LASF16
 320 00c0 04       		.byte	0x4
 321 00c1 E801     		.2byte	0x1e8
 322 00c3 3E000000 		.4byte	0x3e
 323 00c7 02       		.uleb128 0x2
 324 00c8 04       		.byte	0x4
 325 00c9 04       		.byte	0x4
 326 00ca C9000000 		.4byte	.LASF17
 327 00ce 02       		.uleb128 0x2
 328 00cf 08       		.byte	0x8
 329 00d0 04       		.byte	0x4
 330 00d1 83000000 		.4byte	.LASF18
 331 00d5 02       		.uleb128 0x2
 332 00d6 01       		.byte	0x1
 333 00d7 08       		.byte	0x8
 334 00d8 58020000 		.4byte	.LASF19
 335 00dc 02       		.uleb128 0x2
 336 00dd 08       		.byte	0x8
 337 00de 04       		.byte	0x4
 338 00df 2B030000 		.4byte	.LASF20
 339 00e3 02       		.uleb128 0x2
 340 00e4 04       		.byte	0x4
 341 00e5 07       		.byte	0x7
 342 00e6 2C020000 		.4byte	.LASF21
 343 00ea 06       		.uleb128 0x6
 344 00eb 97000000 		.4byte	0x97
 345 00ef FA000000 		.4byte	0xfa
 346 00f3 07       		.uleb128 0x7
 347 00f4 E3000000 		.4byte	0xe3
 348 00f8 07       		.byte	0x7
 349 00f9 00       		.byte	0
 350 00fa 08       		.uleb128 0x8
 351 00fb FF020000 		.4byte	.LASF52
 352 00ff 01       		.byte	0x1
 353 0100 37       		.byte	0x37
 354 0101 00000000 		.4byte	.LFB64
 355 0105 3C000000 		.4byte	.LFE64-.LFB64
 356 0109 01       		.uleb128 0x1
 357 010a 9C       		.byte	0x9c
 358 010b 77010000 		.4byte	0x177
 359 010f 09       		.uleb128 0x9
 360 0110 56030000 		.4byte	.LASF31
ARM GAS  C:\Users\rene_\AppData\Local\Temp\ccmrkU79.s 			page 10


 361 0114 01       		.byte	0x1
 362 0115 3A       		.byte	0x3a
 363 0116 73000000 		.4byte	0x73
 364 011a 20010000 		.4byte	0x120
 365 011e 0A       		.uleb128 0xa
 366 011f 00       		.byte	0
 367 0120 0B       		.uleb128 0xb
 368 0121 12000000 		.4byte	.LVL0
 369 0125 35030000 		.4byte	0x335
 370 0129 46010000 		.4byte	0x146
 371 012d 0C       		.uleb128 0xc
 372 012e 01       		.uleb128 0x1
 373 012f 50       		.byte	0x50
 374 0130 01       		.uleb128 0x1
 375 0131 31       		.byte	0x31
 376 0132 0C       		.uleb128 0xc
 377 0133 01       		.uleb128 0x1
 378 0134 51       		.byte	0x51
 379 0135 01       		.uleb128 0x1
 380 0136 31       		.byte	0x31
 381 0137 0C       		.uleb128 0xc
 382 0138 01       		.uleb128 0x1
 383 0139 52       		.byte	0x52
 384 013a 03       		.uleb128 0x3
 385 013b 0A       		.byte	0xa
 386 013c FF1F     		.2byte	0x1fff
 387 013e 0C       		.uleb128 0xc
 388 013f 01       		.uleb128 0x1
 389 0140 53       		.byte	0x53
 390 0141 03       		.uleb128 0x3
 391 0142 0A       		.byte	0xa
 392 0143 0040     		.2byte	0x4000
 393 0145 00       		.byte	0
 394 0146 0D       		.uleb128 0xd
 395 0147 1A000000 		.4byte	.LVL1
 396 014b 40030000 		.4byte	0x340
 397 014f 0B       		.uleb128 0xb
 398 0150 28000000 		.4byte	.LVL2
 399 0154 4B030000 		.4byte	0x34b
 400 0158 6D010000 		.4byte	0x16d
 401 015c 0C       		.uleb128 0xc
 402 015d 01       		.uleb128 0x1
 403 015e 51       		.byte	0x51
 404 015f 01       		.uleb128 0x1
 405 0160 38       		.byte	0x38
 406 0161 0C       		.uleb128 0xc
 407 0162 01       		.uleb128 0x1
 408 0163 52       		.byte	0x52
 409 0164 02       		.uleb128 0x2
 410 0165 09       		.byte	0x9
 411 0166 FE       		.byte	0xfe
 412 0167 0C       		.uleb128 0xc
 413 0168 01       		.uleb128 0x1
 414 0169 53       		.byte	0x53
 415 016a 01       		.uleb128 0x1
 416 016b 31       		.byte	0x31
 417 016c 00       		.byte	0
ARM GAS  C:\Users\rene_\AppData\Local\Temp\ccmrkU79.s 			page 11


 418 016d 0D       		.uleb128 0xd
 419 016e 30000000 		.4byte	.LVL3
 420 0172 56030000 		.4byte	0x356
 421 0176 00       		.byte	0
 422 0177 0E       		.uleb128 0xe
 423 0178 C0010000 		.4byte	.LASF53
 424 017c 01       		.byte	0x1
 425 017d 52       		.byte	0x52
 426 017e 73000000 		.4byte	0x73
 427 0182 00000000 		.4byte	.LFB65
 428 0186 88000000 		.4byte	.LFE65-.LFB65
 429 018a 01       		.uleb128 0x1
 430 018b 9C       		.byte	0x9c
 431 018c AF020000 		.4byte	0x2af
 432 0190 0F       		.uleb128 0xf
 433 0191 C1020000 		.4byte	.LASF22
 434 0195 01       		.byte	0x1
 435 0196 54       		.byte	0x54
 436 0197 A3000000 		.4byte	0xa3
 437 019b 00000000 		.4byte	.LLST0
 438 019f 10       		.uleb128 0x10
 439 01a0 D1020000 		.4byte	.LASF23
 440 01a4 01       		.byte	0x1
 441 01a5 55       		.byte	0x55
 442 01a6 AF020000 		.4byte	0x2af
 443 01aa 03       		.uleb128 0x3
 444 01ab 91       		.byte	0x91
 445 01ac B87F     		.sleb128 -72
 446 01ae 0F       		.uleb128 0xf
 447 01af 95010000 		.4byte	.LASF24
 448 01b3 01       		.byte	0x1
 449 01b4 56       		.byte	0x56
 450 01b5 81000000 		.4byte	0x81
 451 01b9 13000000 		.4byte	.LLST1
 452 01bd 0D       		.uleb128 0xd
 453 01be 0A000000 		.4byte	.LVL4
 454 01c2 61030000 		.4byte	0x361
 455 01c6 0D       		.uleb128 0xd
 456 01c7 0E000000 		.4byte	.LVL5
 457 01cb 6C030000 		.4byte	0x36c
 458 01cf 0D       		.uleb128 0xd
 459 01d0 12000000 		.4byte	.LVL6
 460 01d4 77030000 		.4byte	0x377
 461 01d8 0D       		.uleb128 0xd
 462 01d9 16000000 		.4byte	.LVL7
 463 01dd 82030000 		.4byte	0x382
 464 01e1 0B       		.uleb128 0xb
 465 01e2 20000000 		.4byte	.LVL8
 466 01e6 8D030000 		.4byte	0x38d
 467 01ea FE010000 		.4byte	0x1fe
 468 01ee 0C       		.uleb128 0xc
 469 01ef 01       		.uleb128 0x1
 470 01f0 50       		.byte	0x50
 471 01f1 01       		.uleb128 0x1
 472 01f2 30       		.byte	0x30
 473 01f3 0C       		.uleb128 0xc
 474 01f4 01       		.uleb128 0x1
ARM GAS  C:\Users\rene_\AppData\Local\Temp\ccmrkU79.s 			page 12


 475 01f5 51       		.byte	0x51
 476 01f6 01       		.uleb128 0x1
 477 01f7 30       		.byte	0x30
 478 01f8 0C       		.uleb128 0xc
 479 01f9 01       		.uleb128 0x1
 480 01fa 52       		.byte	0x52
 481 01fb 01       		.uleb128 0x1
 482 01fc 4B       		.byte	0x4b
 483 01fd 00       		.byte	0
 484 01fe 0B       		.uleb128 0xb
 485 01ff 2A000000 		.4byte	.LVL9
 486 0203 98030000 		.4byte	0x398
 487 0207 16020000 		.4byte	0x216
 488 020b 0C       		.uleb128 0xc
 489 020c 01       		.uleb128 0x1
 490 020d 50       		.byte	0x50
 491 020e 01       		.uleb128 0x1
 492 020f 30       		.byte	0x30
 493 0210 0C       		.uleb128 0xc
 494 0211 01       		.uleb128 0x1
 495 0212 51       		.byte	0x51
 496 0213 01       		.uleb128 0x1
 497 0214 31       		.byte	0x31
 498 0215 00       		.byte	0
 499 0216 0B       		.uleb128 0xb
 500 0217 30000000 		.4byte	.LVL10
 501 021b A4030000 		.4byte	0x3a4
 502 021f 2D020000 		.4byte	0x22d
 503 0223 0C       		.uleb128 0xc
 504 0224 01       		.uleb128 0x1
 505 0225 50       		.byte	0x50
 506 0226 05       		.uleb128 0x5
 507 0227 03       		.byte	0x3
 508 0228 00000000 		.4byte	DIEtemperature
 509 022c 00       		.byte	0
 510 022d 0D       		.uleb128 0xd
 511 022e 34000000 		.4byte	.LVL11
 512 0232 AF030000 		.4byte	0x3af
 513 0236 0D       		.uleb128 0xd
 514 0237 3A000000 		.4byte	.LVL12
 515 023b BB030000 		.4byte	0x3bb
 516 023f 0D       		.uleb128 0xd
 517 0240 40000000 		.4byte	.LVL13
 518 0244 C7030000 		.4byte	0x3c7
 519 0248 0D       		.uleb128 0xd
 520 0249 44000000 		.4byte	.LVL14
 521 024d BB030000 		.4byte	0x3bb
 522 0251 0D       		.uleb128 0xd
 523 0252 4C000000 		.4byte	.LVL15
 524 0256 D3030000 		.4byte	0x3d3
 525 025a 0B       		.uleb128 0xb
 526 025b 56000000 		.4byte	.LVL16
 527 025f DE030000 		.4byte	0x3de
 528 0263 6E020000 		.4byte	0x26e
 529 0267 0C       		.uleb128 0xc
 530 0268 01       		.uleb128 0x1
 531 0269 50       		.byte	0x50
ARM GAS  C:\Users\rene_\AppData\Local\Temp\ccmrkU79.s 			page 13


 532 026a 02       		.uleb128 0x2
 533 026b 7D       		.byte	0x7d
 534 026c 00       		.sleb128 0
 535 026d 00       		.byte	0
 536 026e 0D       		.uleb128 0xd
 537 026f 60000000 		.4byte	.LVL18
 538 0273 E9030000 		.4byte	0x3e9
 539 0277 0B       		.uleb128 0xb
 540 0278 6C000000 		.4byte	.LVL19
 541 027c F4030000 		.4byte	0x3f4
 542 0280 91020000 		.4byte	0x291
 543 0284 0C       		.uleb128 0xc
 544 0285 01       		.uleb128 0x1
 545 0286 50       		.byte	0x50
 546 0287 02       		.uleb128 0x2
 547 0288 7D       		.byte	0x7d
 548 0289 00       		.sleb128 0
 549 028a 0C       		.uleb128 0xc
 550 028b 01       		.uleb128 0x1
 551 028c 51       		.byte	0x51
 552 028d 02       		.uleb128 0x2
 553 028e 74       		.byte	0x74
 554 028f 00       		.sleb128 0
 555 0290 00       		.byte	0
 556 0291 0D       		.uleb128 0xd
 557 0292 74000000 		.4byte	.LVL20
 558 0296 E9030000 		.4byte	0x3e9
 559 029a 11       		.uleb128 0x11
 560 029b 80000000 		.4byte	.LVL21
 561 029f F4030000 		.4byte	0x3f4
 562 02a3 0C       		.uleb128 0xc
 563 02a4 01       		.uleb128 0x1
 564 02a5 50       		.byte	0x50
 565 02a6 01       		.uleb128 0x1
 566 02a7 30       		.byte	0x30
 567 02a8 0C       		.uleb128 0xc
 568 02a9 01       		.uleb128 0x1
 569 02aa 51       		.byte	0x51
 570 02ab 01       		.uleb128 0x1
 571 02ac 30       		.byte	0x30
 572 02ad 00       		.byte	0
 573 02ae 00       		.byte	0
 574 02af 06       		.uleb128 0x6
 575 02b0 97000000 		.4byte	0x97
 576 02b4 BF020000 		.4byte	0x2bf
 577 02b8 07       		.uleb128 0x7
 578 02b9 E3000000 		.4byte	0xe3
 579 02bd 3F       		.byte	0x3f
 580 02be 00       		.byte	0
 581 02bf 12       		.uleb128 0x12
 582 02c0 17020000 		.4byte	.LASF25
 583 02c4 05       		.byte	0x5
 584 02c5 1207     		.2byte	0x712
 585 02c7 CB020000 		.4byte	0x2cb
 586 02cb 13       		.uleb128 0x13
 587 02cc 8C000000 		.4byte	0x8c
 588 02d0 14       		.uleb128 0x14
ARM GAS  C:\Users\rene_\AppData\Local\Temp\ccmrkU79.s 			page 14


 589 02d1 28000000 		.4byte	.LASF26
 590 02d5 01       		.byte	0x1
 591 02d6 25       		.byte	0x25
 592 02d7 97000000 		.4byte	0x97
 593 02db 05       		.uleb128 0x5
 594 02dc 03       		.byte	0x3
 595 02dd 00000000 		.4byte	txChannel
 596 02e1 14       		.uleb128 0x14
 597 02e2 AA010000 		.4byte	.LASF27
 598 02e6 01       		.byte	0x1
 599 02e7 26       		.byte	0x26
 600 02e8 97000000 		.4byte	0x97
 601 02ec 05       		.uleb128 0x5
 602 02ed 03       		.byte	0x3
 603 02ee 00000000 		.4byte	txTD
 604 02f2 14       		.uleb128 0x14
 605 02f3 5D020000 		.4byte	.LASF28
 606 02f7 01       		.byte	0x1
 607 02f8 29       		.byte	0x29
 608 02f9 EA000000 		.4byte	0xea
 609 02fd 05       		.uleb128 0x5
 610 02fe 03       		.byte	0x3
 611 02ff 00000000 		.4byte	txBuffer
 612 0303 06       		.uleb128 0x6
 613 0304 D5000000 		.4byte	0xd5
 614 0308 13030000 		.4byte	0x313
 615 030c 07       		.uleb128 0x7
 616 030d E3000000 		.4byte	0xe3
 617 0311 3F       		.byte	0x3f
 618 0312 00       		.byte	0
 619 0313 14       		.uleb128 0x14
 620 0314 74000000 		.4byte	.LASF29
 621 0318 01       		.byte	0x1
 622 0319 2A       		.byte	0x2a
 623 031a 03030000 		.4byte	0x303
 624 031e 05       		.uleb128 0x5
 625 031f 03       		.byte	0x3
 626 0320 00000000 		.4byte	USB_CDC_Buffer
 627 0324 14       		.uleb128 0x14
 628 0325 9B010000 		.4byte	.LASF30
 629 0329 01       		.byte	0x1
 630 032a 2D       		.byte	0x2d
 631 032b BB000000 		.4byte	0xbb
 632 032f 05       		.uleb128 0x5
 633 0330 03       		.byte	0x3
 634 0331 00000000 		.4byte	DIEtemperature
 635 0335 15       		.uleb128 0x15
 636 0336 56030000 		.4byte	.LASF31
 637 033a 56030000 		.4byte	.LASF31
 638 033e 01       		.byte	0x1
 639 033f 3A       		.byte	0x3a
 640 0340 15       		.uleb128 0x15
 641 0341 1B030000 		.4byte	.LASF32
 642 0345 1B030000 		.4byte	.LASF32
 643 0349 06       		.byte	0x6
 644 034a 38       		.byte	0x38
 645 034b 15       		.uleb128 0x15
ARM GAS  C:\Users\rene_\AppData\Local\Temp\ccmrkU79.s 			page 15


 646 034c 6B010000 		.4byte	.LASF33
 647 0350 6B010000 		.4byte	.LASF33
 648 0354 06       		.byte	0x6
 649 0355 3B       		.byte	0x3b
 650 0356 15       		.uleb128 0x15
 651 0357 60000000 		.4byte	.LASF34
 652 035b 60000000 		.4byte	.LASF34
 653 035f 06       		.byte	0x6
 654 0360 2F       		.byte	0x2f
 655 0361 15       		.uleb128 0x15
 656 0362 D3010000 		.4byte	.LASF35
 657 0366 D3010000 		.4byte	.LASF35
 658 036a 07       		.byte	0x7
 659 036b 17       		.byte	0x17
 660 036c 15       		.uleb128 0x15
 661 036d 62030000 		.4byte	.LASF36
 662 0371 62030000 		.4byte	.LASF36
 663 0375 08       		.byte	0x8
 664 0376 27       		.byte	0x27
 665 0377 15       		.uleb128 0x15
 666 0378 1A000000 		.4byte	.LASF37
 667 037c 1A000000 		.4byte	.LASF37
 668 0380 09       		.byte	0x9
 669 0381 5A       		.byte	0x5a
 670 0382 15       		.uleb128 0x15
 671 0383 72030000 		.4byte	.LASF38
 672 0387 72030000 		.4byte	.LASF38
 673 038b 0A       		.byte	0xa
 674 038c 21       		.byte	0x21
 675 038d 15       		.uleb128 0x15
 676 038e 35020000 		.4byte	.LASF39
 677 0392 35020000 		.4byte	.LASF39
 678 0396 0B       		.byte	0xb
 679 0397 3D       		.byte	0x3d
 680 0398 16       		.uleb128 0x16
 681 0399 00000000 		.4byte	.LASF40
 682 039d 00000000 		.4byte	.LASF40
 683 03a1 0C       		.byte	0xc
 684 03a2 2A01     		.2byte	0x12a
 685 03a4 15       		.uleb128 0x15
 686 03a5 8A000000 		.4byte	.LASF41
 687 03a9 8A000000 		.4byte	.LASF41
 688 03ad 0A       		.byte	0xa
 689 03ae 23       		.byte	0x23
 690 03af 16       		.uleb128 0x16
 691 03b0 DE020000 		.4byte	.LASF42
 692 03b4 DE020000 		.4byte	.LASF42
 693 03b8 0C       		.byte	0xc
 694 03b9 2E01     		.2byte	0x12e
 695 03bb 16       		.uleb128 0x16
 696 03bc 9C000000 		.4byte	.LASF43
 697 03c0 9C000000 		.4byte	.LASF43
 698 03c4 0C       		.byte	0xc
 699 03c5 2D01     		.2byte	0x12d
 700 03c7 16       		.uleb128 0x16
 701 03c8 3C000000 		.4byte	.LASF44
 702 03cc 3C000000 		.4byte	.LASF44
ARM GAS  C:\Users\rene_\AppData\Local\Temp\ccmrkU79.s 			page 16


 703 03d0 0C       		.byte	0xc
 704 03d1 2B01     		.2byte	0x12b
 705 03d3 15       		.uleb128 0x15
 706 03d4 82030000 		.4byte	.LASF45
 707 03d8 82030000 		.4byte	.LASF45
 708 03dc 0D       		.byte	0xd
 709 03dd 29       		.byte	0x29
 710 03de 15       		.uleb128 0x15
 711 03df AF010000 		.4byte	.LASF46
 712 03e3 AF010000 		.4byte	.LASF46
 713 03e7 0D       		.byte	0xd
 714 03e8 2B       		.byte	0x2b
 715 03e9 15       		.uleb128 0x15
 716 03ea 4B000000 		.4byte	.LASF47
 717 03ee 4B000000 		.4byte	.LASF47
 718 03f2 0D       		.byte	0xd
 719 03f3 28       		.byte	0x28
 720 03f4 15       		.uleb128 0x15
 721 03f5 B7000000 		.4byte	.LASF48
 722 03f9 B7000000 		.4byte	.LASF48
 723 03fd 0D       		.byte	0xd
 724 03fe 23       		.byte	0x23
 725 03ff 00       		.byte	0
 726              		.section	.debug_abbrev,"",%progbits
 727              	.Ldebug_abbrev0:
 728 0000 01       		.uleb128 0x1
 729 0001 11       		.uleb128 0x11
 730 0002 01       		.byte	0x1
 731 0003 25       		.uleb128 0x25
 732 0004 0E       		.uleb128 0xe
 733 0005 13       		.uleb128 0x13
 734 0006 0B       		.uleb128 0xb
 735 0007 03       		.uleb128 0x3
 736 0008 0E       		.uleb128 0xe
 737 0009 1B       		.uleb128 0x1b
 738 000a 0E       		.uleb128 0xe
 739 000b 55       		.uleb128 0x55
 740 000c 17       		.uleb128 0x17
 741 000d 11       		.uleb128 0x11
 742 000e 01       		.uleb128 0x1
 743 000f 10       		.uleb128 0x10
 744 0010 17       		.uleb128 0x17
 745 0011 00       		.byte	0
 746 0012 00       		.byte	0
 747 0013 02       		.uleb128 0x2
 748 0014 24       		.uleb128 0x24
 749 0015 00       		.byte	0
 750 0016 0B       		.uleb128 0xb
 751 0017 0B       		.uleb128 0xb
 752 0018 3E       		.uleb128 0x3e
 753 0019 0B       		.uleb128 0xb
 754 001a 03       		.uleb128 0x3
 755 001b 0E       		.uleb128 0xe
 756 001c 00       		.byte	0
 757 001d 00       		.byte	0
 758 001e 03       		.uleb128 0x3
 759 001f 16       		.uleb128 0x16
ARM GAS  C:\Users\rene_\AppData\Local\Temp\ccmrkU79.s 			page 17


 760 0020 00       		.byte	0
 761 0021 03       		.uleb128 0x3
 762 0022 0E       		.uleb128 0xe
 763 0023 3A       		.uleb128 0x3a
 764 0024 0B       		.uleb128 0xb
 765 0025 3B       		.uleb128 0x3b
 766 0026 0B       		.uleb128 0xb
 767 0027 49       		.uleb128 0x49
 768 0028 13       		.uleb128 0x13
 769 0029 00       		.byte	0
 770 002a 00       		.byte	0
 771 002b 04       		.uleb128 0x4
 772 002c 24       		.uleb128 0x24
 773 002d 00       		.byte	0
 774 002e 0B       		.uleb128 0xb
 775 002f 0B       		.uleb128 0xb
 776 0030 3E       		.uleb128 0x3e
 777 0031 0B       		.uleb128 0xb
 778 0032 03       		.uleb128 0x3
 779 0033 08       		.uleb128 0x8
 780 0034 00       		.byte	0
 781 0035 00       		.byte	0
 782 0036 05       		.uleb128 0x5
 783 0037 16       		.uleb128 0x16
 784 0038 00       		.byte	0
 785 0039 03       		.uleb128 0x3
 786 003a 0E       		.uleb128 0xe
 787 003b 3A       		.uleb128 0x3a
 788 003c 0B       		.uleb128 0xb
 789 003d 3B       		.uleb128 0x3b
 790 003e 05       		.uleb128 0x5
 791 003f 49       		.uleb128 0x49
 792 0040 13       		.uleb128 0x13
 793 0041 00       		.byte	0
 794 0042 00       		.byte	0
 795 0043 06       		.uleb128 0x6
 796 0044 01       		.uleb128 0x1
 797 0045 01       		.byte	0x1
 798 0046 49       		.uleb128 0x49
 799 0047 13       		.uleb128 0x13
 800 0048 01       		.uleb128 0x1
 801 0049 13       		.uleb128 0x13
 802 004a 00       		.byte	0
 803 004b 00       		.byte	0
 804 004c 07       		.uleb128 0x7
 805 004d 21       		.uleb128 0x21
 806 004e 00       		.byte	0
 807 004f 49       		.uleb128 0x49
 808 0050 13       		.uleb128 0x13
 809 0051 2F       		.uleb128 0x2f
 810 0052 0B       		.uleb128 0xb
 811 0053 00       		.byte	0
 812 0054 00       		.byte	0
 813 0055 08       		.uleb128 0x8
 814 0056 2E       		.uleb128 0x2e
 815 0057 01       		.byte	0x1
 816 0058 3F       		.uleb128 0x3f
ARM GAS  C:\Users\rene_\AppData\Local\Temp\ccmrkU79.s 			page 18


 817 0059 19       		.uleb128 0x19
 818 005a 03       		.uleb128 0x3
 819 005b 0E       		.uleb128 0xe
 820 005c 3A       		.uleb128 0x3a
 821 005d 0B       		.uleb128 0xb
 822 005e 3B       		.uleb128 0x3b
 823 005f 0B       		.uleb128 0xb
 824 0060 27       		.uleb128 0x27
 825 0061 19       		.uleb128 0x19
 826 0062 11       		.uleb128 0x11
 827 0063 01       		.uleb128 0x1
 828 0064 12       		.uleb128 0x12
 829 0065 06       		.uleb128 0x6
 830 0066 40       		.uleb128 0x40
 831 0067 18       		.uleb128 0x18
 832 0068 9742     		.uleb128 0x2117
 833 006a 19       		.uleb128 0x19
 834 006b 01       		.uleb128 0x1
 835 006c 13       		.uleb128 0x13
 836 006d 00       		.byte	0
 837 006e 00       		.byte	0
 838 006f 09       		.uleb128 0x9
 839 0070 2E       		.uleb128 0x2e
 840 0071 01       		.byte	0x1
 841 0072 3F       		.uleb128 0x3f
 842 0073 19       		.uleb128 0x19
 843 0074 03       		.uleb128 0x3
 844 0075 0E       		.uleb128 0xe
 845 0076 3A       		.uleb128 0x3a
 846 0077 0B       		.uleb128 0xb
 847 0078 3B       		.uleb128 0x3b
 848 0079 0B       		.uleb128 0xb
 849 007a 49       		.uleb128 0x49
 850 007b 13       		.uleb128 0x13
 851 007c 3C       		.uleb128 0x3c
 852 007d 19       		.uleb128 0x19
 853 007e 01       		.uleb128 0x1
 854 007f 13       		.uleb128 0x13
 855 0080 00       		.byte	0
 856 0081 00       		.byte	0
 857 0082 0A       		.uleb128 0xa
 858 0083 18       		.uleb128 0x18
 859 0084 00       		.byte	0
 860 0085 00       		.byte	0
 861 0086 00       		.byte	0
 862 0087 0B       		.uleb128 0xb
 863 0088 898201   		.uleb128 0x4109
 864 008b 01       		.byte	0x1
 865 008c 11       		.uleb128 0x11
 866 008d 01       		.uleb128 0x1
 867 008e 31       		.uleb128 0x31
 868 008f 13       		.uleb128 0x13
 869 0090 01       		.uleb128 0x1
 870 0091 13       		.uleb128 0x13
 871 0092 00       		.byte	0
 872 0093 00       		.byte	0
 873 0094 0C       		.uleb128 0xc
ARM GAS  C:\Users\rene_\AppData\Local\Temp\ccmrkU79.s 			page 19


 874 0095 8A8201   		.uleb128 0x410a
 875 0098 00       		.byte	0
 876 0099 02       		.uleb128 0x2
 877 009a 18       		.uleb128 0x18
 878 009b 9142     		.uleb128 0x2111
 879 009d 18       		.uleb128 0x18
 880 009e 00       		.byte	0
 881 009f 00       		.byte	0
 882 00a0 0D       		.uleb128 0xd
 883 00a1 898201   		.uleb128 0x4109
 884 00a4 00       		.byte	0
 885 00a5 11       		.uleb128 0x11
 886 00a6 01       		.uleb128 0x1
 887 00a7 31       		.uleb128 0x31
 888 00a8 13       		.uleb128 0x13
 889 00a9 00       		.byte	0
 890 00aa 00       		.byte	0
 891 00ab 0E       		.uleb128 0xe
 892 00ac 2E       		.uleb128 0x2e
 893 00ad 01       		.byte	0x1
 894 00ae 3F       		.uleb128 0x3f
 895 00af 19       		.uleb128 0x19
 896 00b0 03       		.uleb128 0x3
 897 00b1 0E       		.uleb128 0xe
 898 00b2 3A       		.uleb128 0x3a
 899 00b3 0B       		.uleb128 0xb
 900 00b4 3B       		.uleb128 0x3b
 901 00b5 0B       		.uleb128 0xb
 902 00b6 27       		.uleb128 0x27
 903 00b7 19       		.uleb128 0x19
 904 00b8 49       		.uleb128 0x49
 905 00b9 13       		.uleb128 0x13
 906 00ba 8701     		.uleb128 0x87
 907 00bc 19       		.uleb128 0x19
 908 00bd 11       		.uleb128 0x11
 909 00be 01       		.uleb128 0x1
 910 00bf 12       		.uleb128 0x12
 911 00c0 06       		.uleb128 0x6
 912 00c1 40       		.uleb128 0x40
 913 00c2 18       		.uleb128 0x18
 914 00c3 9742     		.uleb128 0x2117
 915 00c5 19       		.uleb128 0x19
 916 00c6 01       		.uleb128 0x1
 917 00c7 13       		.uleb128 0x13
 918 00c8 00       		.byte	0
 919 00c9 00       		.byte	0
 920 00ca 0F       		.uleb128 0xf
 921 00cb 34       		.uleb128 0x34
 922 00cc 00       		.byte	0
 923 00cd 03       		.uleb128 0x3
 924 00ce 0E       		.uleb128 0xe
 925 00cf 3A       		.uleb128 0x3a
 926 00d0 0B       		.uleb128 0xb
 927 00d1 3B       		.uleb128 0x3b
 928 00d2 0B       		.uleb128 0xb
 929 00d3 49       		.uleb128 0x49
 930 00d4 13       		.uleb128 0x13
ARM GAS  C:\Users\rene_\AppData\Local\Temp\ccmrkU79.s 			page 20


 931 00d5 02       		.uleb128 0x2
 932 00d6 17       		.uleb128 0x17
 933 00d7 00       		.byte	0
 934 00d8 00       		.byte	0
 935 00d9 10       		.uleb128 0x10
 936 00da 34       		.uleb128 0x34
 937 00db 00       		.byte	0
 938 00dc 03       		.uleb128 0x3
 939 00dd 0E       		.uleb128 0xe
 940 00de 3A       		.uleb128 0x3a
 941 00df 0B       		.uleb128 0xb
 942 00e0 3B       		.uleb128 0x3b
 943 00e1 0B       		.uleb128 0xb
 944 00e2 49       		.uleb128 0x49
 945 00e3 13       		.uleb128 0x13
 946 00e4 02       		.uleb128 0x2
 947 00e5 18       		.uleb128 0x18
 948 00e6 00       		.byte	0
 949 00e7 00       		.byte	0
 950 00e8 11       		.uleb128 0x11
 951 00e9 898201   		.uleb128 0x4109
 952 00ec 01       		.byte	0x1
 953 00ed 11       		.uleb128 0x11
 954 00ee 01       		.uleb128 0x1
 955 00ef 31       		.uleb128 0x31
 956 00f0 13       		.uleb128 0x13
 957 00f1 00       		.byte	0
 958 00f2 00       		.byte	0
 959 00f3 12       		.uleb128 0x12
 960 00f4 34       		.uleb128 0x34
 961 00f5 00       		.byte	0
 962 00f6 03       		.uleb128 0x3
 963 00f7 0E       		.uleb128 0xe
 964 00f8 3A       		.uleb128 0x3a
 965 00f9 0B       		.uleb128 0xb
 966 00fa 3B       		.uleb128 0x3b
 967 00fb 05       		.uleb128 0x5
 968 00fc 49       		.uleb128 0x49
 969 00fd 13       		.uleb128 0x13
 970 00fe 3F       		.uleb128 0x3f
 971 00ff 19       		.uleb128 0x19
 972 0100 3C       		.uleb128 0x3c
 973 0101 19       		.uleb128 0x19
 974 0102 00       		.byte	0
 975 0103 00       		.byte	0
 976 0104 13       		.uleb128 0x13
 977 0105 35       		.uleb128 0x35
 978 0106 00       		.byte	0
 979 0107 49       		.uleb128 0x49
 980 0108 13       		.uleb128 0x13
 981 0109 00       		.byte	0
 982 010a 00       		.byte	0
 983 010b 14       		.uleb128 0x14
 984 010c 34       		.uleb128 0x34
 985 010d 00       		.byte	0
 986 010e 03       		.uleb128 0x3
 987 010f 0E       		.uleb128 0xe
ARM GAS  C:\Users\rene_\AppData\Local\Temp\ccmrkU79.s 			page 21


 988 0110 3A       		.uleb128 0x3a
 989 0111 0B       		.uleb128 0xb
 990 0112 3B       		.uleb128 0x3b
 991 0113 0B       		.uleb128 0xb
 992 0114 49       		.uleb128 0x49
 993 0115 13       		.uleb128 0x13
 994 0116 3F       		.uleb128 0x3f
 995 0117 19       		.uleb128 0x19
 996 0118 02       		.uleb128 0x2
 997 0119 18       		.uleb128 0x18
 998 011a 00       		.byte	0
 999 011b 00       		.byte	0
 1000 011c 15       		.uleb128 0x15
 1001 011d 2E       		.uleb128 0x2e
 1002 011e 00       		.byte	0
 1003 011f 3F       		.uleb128 0x3f
 1004 0120 19       		.uleb128 0x19
 1005 0121 3C       		.uleb128 0x3c
 1006 0122 19       		.uleb128 0x19
 1007 0123 6E       		.uleb128 0x6e
 1008 0124 0E       		.uleb128 0xe
 1009 0125 03       		.uleb128 0x3
 1010 0126 0E       		.uleb128 0xe
 1011 0127 3A       		.uleb128 0x3a
 1012 0128 0B       		.uleb128 0xb
 1013 0129 3B       		.uleb128 0x3b
 1014 012a 0B       		.uleb128 0xb
 1015 012b 00       		.byte	0
 1016 012c 00       		.byte	0
 1017 012d 16       		.uleb128 0x16
 1018 012e 2E       		.uleb128 0x2e
 1019 012f 00       		.byte	0
 1020 0130 3F       		.uleb128 0x3f
 1021 0131 19       		.uleb128 0x19
 1022 0132 3C       		.uleb128 0x3c
 1023 0133 19       		.uleb128 0x19
 1024 0134 6E       		.uleb128 0x6e
 1025 0135 0E       		.uleb128 0xe
 1026 0136 03       		.uleb128 0x3
 1027 0137 0E       		.uleb128 0xe
 1028 0138 3A       		.uleb128 0x3a
 1029 0139 0B       		.uleb128 0xb
 1030 013a 3B       		.uleb128 0x3b
 1031 013b 05       		.uleb128 0x5
 1032 013c 00       		.byte	0
 1033 013d 00       		.byte	0
 1034 013e 00       		.byte	0
 1035              		.section	.debug_loc,"",%progbits
 1036              	.Ldebug_loc0:
 1037              	.LLST0:
 1038 0000 56000000 		.4byte	.LVL16
 1039 0004 5C000000 		.4byte	.LVL17
 1040 0008 0100     		.2byte	0x1
 1041 000a 50       		.byte	0x50
 1042 000b 00000000 		.4byte	0
 1043 000f 00000000 		.4byte	0
 1044              	.LLST1:
ARM GAS  C:\Users\rene_\AppData\Local\Temp\ccmrkU79.s 			page 22


 1045 0013 44000000 		.4byte	.LVL14
 1046 0017 4B000000 		.4byte	.LVL15-1
 1047 001b 0100     		.2byte	0x1
 1048 001d 50       		.byte	0x50
 1049 001e 00000000 		.4byte	0
 1050 0022 00000000 		.4byte	0
 1051              		.section	.debug_aranges,"",%progbits
 1052 0000 24000000 		.4byte	0x24
 1053 0004 0200     		.2byte	0x2
 1054 0006 00000000 		.4byte	.Ldebug_info0
 1055 000a 04       		.byte	0x4
 1056 000b 00       		.byte	0
 1057 000c 0000     		.2byte	0
 1058 000e 0000     		.2byte	0
 1059 0010 00000000 		.4byte	.LFB64
 1060 0014 3C000000 		.4byte	.LFE64-.LFB64
 1061 0018 00000000 		.4byte	.LFB65
 1062 001c 88000000 		.4byte	.LFE65-.LFB65
 1063 0020 00000000 		.4byte	0
 1064 0024 00000000 		.4byte	0
 1065              		.section	.debug_ranges,"",%progbits
 1066              	.Ldebug_ranges0:
 1067 0000 00000000 		.4byte	.LFB64
 1068 0004 3C000000 		.4byte	.LFE64
 1069 0008 00000000 		.4byte	.LFB65
 1070 000c 88000000 		.4byte	.LFE65
 1071 0010 00000000 		.4byte	0
 1072 0014 00000000 		.4byte	0
 1073              		.section	.debug_line,"",%progbits
 1074              	.Ldebug_line0:
 1075 0000 0A020000 		.section	.debug_str,"MS",%progbits,1
 1075      0200C301 
 1075      00000201 
 1075      FB0E0D00 
 1075      01010101 
 1076              	.LASF40:
 1077 0000 5553425F 		.ascii	"USB_CDC_1_Start\000"
 1077      4344435F 
 1077      315F5374 
 1077      61727400 
 1078              	.LASF4:
 1079 0010 5F5F7569 		.ascii	"__uint8_t\000"
 1079      6E74385F 
 1079      7400
 1080              	.LASF37:
 1081 001a 54696D65 		.ascii	"Timer_1_Start\000"
 1081      725F315F 
 1081      53746172 
 1081      7400
 1082              	.LASF26:
 1083 0028 74784368 		.ascii	"txChannel\000"
 1083      616E6E65 
 1083      6C00
 1084              	.LASF5:
 1085 0032 5F5F696E 		.ascii	"__int32_t\000"
 1085      7433325F 
 1085      7400
ARM GAS  C:\Users\rene_\AppData\Local\Temp\ccmrkU79.s 			page 23


 1086              	.LASF44:
 1087 003c 5553425F 		.ascii	"USB_CDC_1_Init\000"
 1087      4344435F 
 1087      315F496E 
 1087      697400
 1088              	.LASF47:
 1089 004b 5553425F 		.ascii	"USB_CDC_1_CDCIsReady\000"
 1089      4344435F 
 1089      315F4344 
 1089      43497352 
 1089      65616479 
 1090              	.LASF34:
 1091 0060 4379446D 		.ascii	"CyDmaChSetInitialTd\000"
 1091      61436853 
 1091      6574496E 
 1091      69746961 
 1091      6C546400 
 1092              	.LASF29:
 1093 0074 5553425F 		.ascii	"USB_CDC_Buffer\000"
 1093      4344435F 
 1093      42756666 
 1093      657200
 1094              	.LASF18:
 1095 0083 646F7562 		.ascii	"double\000"
 1095      6C6500
 1096              	.LASF41:
 1097 008a 44696554 		.ascii	"DieTemp_1_GetTemp\000"
 1097      656D705F 
 1097      315F4765 
 1097      7454656D 
 1097      7000
 1098              	.LASF43:
 1099 009c 5553425F 		.ascii	"USB_CDC_1_GetConfiguration\000"
 1099      4344435F 
 1099      315F4765 
 1099      74436F6E 
 1099      66696775 
 1100              	.LASF48:
 1101 00b7 5553425F 		.ascii	"USB_CDC_1_PutData\000"
 1101      4344435F 
 1101      315F5075 
 1101      74446174 
 1101      6100
 1102              	.LASF17:
 1103 00c9 666C6F61 		.ascii	"float\000"
 1103      7400
 1104              	.LASF1:
 1105 00cf 756E7369 		.ascii	"unsigned char\000"
 1105      676E6564 
 1105      20636861 
 1105      7200
 1106              	.LASF49:
 1107 00dd 474E5520 		.ascii	"GNU C11 5.4.1 20160609 (release) [ARM/embedded-5-br"
 1107      43313120 
 1107      352E342E 
 1107      31203230 
 1107      31363036 
ARM GAS  C:\Users\rene_\AppData\Local\Temp\ccmrkU79.s 			page 24


 1108 0110 616E6368 		.ascii	"anch revision 237715] -mcpu=cortex-m3 -mthumb -g -O"
 1108      20726576 
 1108      6973696F 
 1108      6E203233 
 1108      37373135 
 1109 0143 67202D66 		.ascii	"g -ffunction-sections -ffat-lto-objects\000"
 1109      66756E63 
 1109      74696F6E 
 1109      2D736563 
 1109      74696F6E 
 1110              	.LASF33:
 1111 016b 4379446D 		.ascii	"CyDmaTdSetConfiguration\000"
 1111      61546453 
 1111      6574436F 
 1111      6E666967 
 1111      75726174 
 1112              	.LASF7:
 1113 0183 6C6F6E67 		.ascii	"long unsigned int\000"
 1113      20756E73 
 1113      69676E65 
 1113      6420696E 
 1113      7400
 1114              	.LASF24:
 1115 0195 64756D6D 		.ascii	"dummy\000"
 1115      7900
 1116              	.LASF30:
 1117 019b 44494574 		.ascii	"DIEtemperature\000"
 1117      656D7065 
 1117      72617475 
 1117      726500
 1118              	.LASF27:
 1119 01aa 74785444 		.ascii	"txTD\000"
 1119      00
 1120              	.LASF46:
 1121 01af 5553425F 		.ascii	"USB_CDC_1_GetAll\000"
 1121      4344435F 
 1121      315F4765 
 1121      74416C6C 
 1121      00
 1122              	.LASF53:
 1123 01c0 6D61696E 		.ascii	"main\000"
 1123      00
 1124              	.LASF14:
 1125 01c5 75696E74 		.ascii	"uint16\000"
 1125      313600
 1126              	.LASF15:
 1127 01cc 75696E74 		.ascii	"uint32\000"
 1127      333200
 1128              	.LASF35:
 1129 01d3 4379636C 		.ascii	"Cycle_ISR_1_Start\000"
 1129      655F4953 
 1129      525F315F 
 1129      53746172 
 1129      7400
 1130              	.LASF10:
 1131 01e5 756E7369 		.ascii	"unsigned int\000"
 1131      676E6564 
ARM GAS  C:\Users\rene_\AppData\Local\Temp\ccmrkU79.s 			page 25


 1131      20696E74 
 1131      00
 1132              	.LASF9:
 1133 01f2 6C6F6E67 		.ascii	"long long unsigned int\000"
 1133      206C6F6E 
 1133      6720756E 
 1133      7369676E 
 1133      65642069 
 1134              	.LASF11:
 1135 0209 75696E74 		.ascii	"uint8_t\000"
 1135      385F7400 
 1136              	.LASF16:
 1137 0211 696E7431 		.ascii	"int16\000"
 1137      3600
 1138              	.LASF25:
 1139 0217 49544D5F 		.ascii	"ITM_RxBuffer\000"
 1139      52784275 
 1139      66666572 
 1139      00
 1140              	.LASF12:
 1141 0224 696E7433 		.ascii	"int32_t\000"
 1141      325F7400 
 1142              	.LASF21:
 1143 022c 73697A65 		.ascii	"sizetype\000"
 1143      74797065 
 1143      00
 1144              	.LASF39:
 1145 0235 73657475 		.ascii	"setup_itg3200\000"
 1145      705F6974 
 1145      67333230 
 1145      3000
 1146              	.LASF8:
 1147 0243 6C6F6E67 		.ascii	"long long int\000"
 1147      206C6F6E 
 1147      6720696E 
 1147      7400
 1148              	.LASF50:
 1149 0251 6D61696E 		.ascii	"main.c\000"
 1149      2E6300
 1150              	.LASF19:
 1151 0258 63686172 		.ascii	"char\000"
 1151      00
 1152              	.LASF28:
 1153 025d 74784275 		.ascii	"txBuffer\000"
 1153      66666572 
 1153      00
 1154              	.LASF51:
 1155 0266 433A5C70 		.ascii	"C:\\projekte\\repo\\QuadroCopter\\Software\\Cypress"
 1155      726F6A65 
 1155      6B74655C 
 1155      7265706F 
 1155      5C517561 
 1156 0294 5F466C69 		.ascii	"_FlightController\\QuadrCopter\\Design01.cydsn\000"
 1156      67687443 
 1156      6F6E7472 
 1156      6F6C6C65 
 1156      725C5175 
ARM GAS  C:\Users\rene_\AppData\Local\Temp\ccmrkU79.s 			page 26


 1157              	.LASF22:
 1158 02c1 636F756E 		.ascii	"count\000"
 1158      7400
 1159              	.LASF2:
 1160 02c7 73686F72 		.ascii	"short int\000"
 1160      7420696E 
 1160      7400
 1161              	.LASF23:
 1162 02d1 62756666 		.ascii	"buffer\000"
 1162      657200
 1163              	.LASF13:
 1164 02d8 75696E74 		.ascii	"uint8\000"
 1164      3800
 1165              	.LASF42:
 1166 02de 5553425F 		.ascii	"USB_CDC_1_IsConfigurationChanged\000"
 1166      4344435F 
 1166      315F4973 
 1166      436F6E66 
 1166      69677572 
 1167              	.LASF52:
 1168 02ff 446D6154 		.ascii	"DmaTxConfiguration\000"
 1168      78436F6E 
 1168      66696775 
 1168      72617469 
 1168      6F6E00
 1169              	.LASF6:
 1170 0312 6C6F6E67 		.ascii	"long int\000"
 1170      20696E74 
 1170      00
 1171              	.LASF32:
 1172 031b 4379446D 		.ascii	"CyDmaTdAllocate\000"
 1172      61546441 
 1172      6C6C6F63 
 1172      61746500 
 1173              	.LASF20:
 1174 032b 6C6F6E67 		.ascii	"long double\000"
 1174      20646F75 
 1174      626C6500 
 1175              	.LASF0:
 1176 0337 7369676E 		.ascii	"signed char\000"
 1176      65642063 
 1176      68617200 
 1177              	.LASF3:
 1178 0343 73686F72 		.ascii	"short unsigned int\000"
 1178      7420756E 
 1178      7369676E 
 1178      65642069 
 1178      6E7400
 1179              	.LASF31:
 1180 0356 444D415F 		.ascii	"DMA_UART_Tx\000"
 1180      55415254 
 1180      5F547800 
 1181              	.LASF36:
 1182 0362 444D415F 		.ascii	"DMA_Timer_Start\000"
 1182      54696D65 
 1182      725F5374 
 1182      61727400 
ARM GAS  C:\Users\rene_\AppData\Local\Temp\ccmrkU79.s 			page 27


 1183              	.LASF38:
 1184 0372 44696554 		.ascii	"DieTemp_1_Start\000"
 1184      656D705F 
 1184      315F5374 
 1184      61727400 
 1185              	.LASF45:
 1186 0382 5553425F 		.ascii	"USB_CDC_1_DataIsReady\000"
 1186      4344435F 
 1186      315F4461 
 1186      74614973 
 1186      52656164 
 1187              		.ident	"GCC: (GNU Tools for ARM Embedded Processors) 5.4.1 20160609 (release) [ARM/embedded-5-bran
