ARM GAS  C:\Users\rene_\AppData\Local\Temp\ccba02vO.s 			page 1


   1              		.syntax unified
   2              		.cpu cortex-m3
   3              		.fpu softvfp
   4              		.eabi_attribute 20, 1
   5              		.eabi_attribute 21, 1
   6              		.eabi_attribute 23, 3
   7              		.eabi_attribute 24, 1
   8              		.eabi_attribute 25, 1
   9              		.eabi_attribute 26, 1
  10              		.eabi_attribute 30, 6
  11              		.eabi_attribute 34, 1
  12              		.eabi_attribute 18, 4
  13              		.thumb
  14              		.syntax unified
  15              		.file	"main.c"
  16              		.text
  17              	.Ltext0:
  18              		.cfi_sections	.debug_frame
  19              		.syntax unified
  20              		.global _printf_float
  21              		.thumb
  22              		.syntax unified
  23              		.global	parity
  24              		.section	.rodata
  25              		.align	2
  26              	.LC0:
  27 0000 4E6F6E65 		.ascii	"None\000"
  27      00
  28 0005 000000   		.align	2
  29              	.LC1:
  30 0008 4F646400 		.ascii	"Odd\000"
  31              		.align	2
  32              	.LC2:
  33 000c 4576656E 		.ascii	"Even\000"
  33      00
  34 0011 000000   		.align	2
  35              	.LC3:
  36 0014 4D61726B 		.ascii	"Mark\000"
  36      00
  37 0019 000000   		.align	2
  38              	.LC4:
  39 001c 53706163 		.ascii	"Space\000"
  39      6500
  40              		.data
  41              		.align	2
  42              		.type	parity, %object
  43              		.size	parity, 20
  44              	parity:
  45 0000 00000000 		.word	.LC0
  46 0004 08000000 		.word	.LC1
  47 0008 0C000000 		.word	.LC2
  48 000c 14000000 		.word	.LC3
  49 0010 1C000000 		.word	.LC4
  50              		.global	stop
  51              		.section	.rodata
  52 0022 0000     		.align	2
  53              	.LC5:
ARM GAS  C:\Users\rene_\AppData\Local\Temp\ccba02vO.s 			page 2


  54 0024 3100     		.ascii	"1\000"
  55 0026 0000     		.align	2
  56              	.LC6:
  57 0028 312E3500 		.ascii	"1.5\000"
  58              		.align	2
  59              	.LC7:
  60 002c 3200     		.ascii	"2\000"
  61              		.data
  62              		.align	2
  63              		.type	stop, %object
  64              		.size	stop, 12
  65              	stop:
  66 0014 24000000 		.word	.LC5
  67 0018 28000000 		.word	.LC6
  68 001c 2C000000 		.word	.LC7
  69              		.section	.rodata
  70 002e 0000     		.align	2
  71              	.LC8:
  72 0030 42523A25 		.ascii	"BR:%4ld %d%c%s\000"
  72      346C6420 
  72      25642563 
  72      257300
  73 003f 00       		.align	2
  74              	.LC9:
  75 0040 20202020 		.ascii	"                    \000"
  75      20202020 
  75      20202020 
  75      20202020 
  75      20202020 
  76 0055 000000   		.align	2
  77              	.LC10:
  78 0058 4F4E00   		.ascii	"ON\000"
  79 005b 00       		.align	2
  80              	.LC11:
  81 005c 4F464600 		.ascii	"OFF\000"
  82              		.align	2
  83              	.LC12:
  84 0060 4454523A 		.ascii	"DTR:%s,RTS:%s\000"
  84      25732C52 
  84      54533A25 
  84      7300
  85              		.section	.text.main,"ax",%progbits
  86              		.align	2
  87              		.global	main
  88              		.thumb
  89              		.thumb_func
  90              		.type	main, %function
  91              	main:
  92              	.LFB64:
  93              		.file 1 "main.c"
   1:main.c        **** /*******************************************************************************
   2:main.c        **** * File Name: main.c
   3:main.c        **** *
   4:main.c        **** * Version: 2.0
   5:main.c        **** *
   6:main.c        **** * Description:
   7:main.c        **** *   The component is enumerated as a Virtual Com port. Receives data from the 
ARM GAS  C:\Users\rene_\AppData\Local\Temp\ccba02vO.s 			page 3


   8:main.c        **** *   hyper terminal, then sends back the received data.
   9:main.c        **** *   For PSoC3/PSoC5LP, the LCD shows the line settings.
  10:main.c        **** *
  11:main.c        **** * Related Document:
  12:main.c        **** *  Universal Serial Bus Specification Revision 2.0
  13:main.c        **** *  Universal Serial Bus Class Definitions for Communications Devices
  14:main.c        **** *  Revision 1.2
  15:main.c        **** *
  16:main.c        **** ********************************************************************************
  17:main.c        **** * Copyright 2015, Cypress Semiconductor Corporation. All rights reserved.
  18:main.c        **** * This software is owned by Cypress Semiconductor Corporation and is protected
  19:main.c        **** * by and subject to worldwide patent and copyright laws and treaties.
  20:main.c        **** * Therefore, you may use this software only as provided in the license agreement
  21:main.c        **** * accompanying the software package from which you obtained this software.
  22:main.c        **** * CYPRESS AND ITS SUPPLIERS MAKE NO WARRANTY OF ANY KIND, EXPRESS OR IMPLIED,
  23:main.c        **** * WITH REGARD TO THIS SOFTWARE, INCLUDING, BUT NOT LIMITED TO, NONINFRINGEMENT,
  24:main.c        **** * IMPLIED WARRANTIES OF MERCHANTABILITY AND FITNESS FOR A PARTICULAR PURPOSE.
  25:main.c        **** *******************************************************************************/
  26:main.c        **** 
  27:main.c        **** #include <project.h>
  28:main.c        **** #include "stdio.h"
  29:main.c        **** 
  30:main.c        **** #if defined (__GNUC__)
  31:main.c        ****     /* Add an explicit reference to the floating point printf library */
  32:main.c        ****     /* to allow usage of the floating point conversion specifiers. */
  33:main.c        ****     /* This is not linked in by default with the newlib-nano library. */
  34:main.c        ****     asm (".global _printf_float");
  35:main.c        **** #endif
  36:main.c        **** 
  37:main.c        **** #define USBFS_DEVICE    (0u)
  38:main.c        **** 
  39:main.c        **** /* The buffer size is equal to the maximum packet size of the IN and OUT bulk
  40:main.c        **** * endpoints.
  41:main.c        **** */
  42:main.c        **** #define USBUART_BUFFER_SIZE (64u)
  43:main.c        **** #define LINE_STR_LENGTH     (20u)
  44:main.c        **** 
  45:main.c        **** char8* parity[] = {"None", "Odd", "Even", "Mark", "Space"};
  46:main.c        **** char8* stop[]   = {"1", "1.5", "2"};
  47:main.c        **** 
  48:main.c        **** 
  49:main.c        **** /*******************************************************************************
  50:main.c        **** * Function Name: main
  51:main.c        **** ********************************************************************************
  52:main.c        **** *
  53:main.c        **** * Summary:
  54:main.c        **** *  The main function performs the following actions:
  55:main.c        **** *   1. Waits until VBUS becomes valid and starts the USBFS component which is
  56:main.c        **** *      enumerated as virtual Com port.
  57:main.c        **** *   2. Waits until the device is enumerated by the host.
  58:main.c        **** *   3. Waits for data coming from the hyper terminal and sends it back.
  59:main.c        **** *   4. PSoC3/PSoC5LP: the LCD shows the line settings.
  60:main.c        **** *
  61:main.c        **** * Parameters:
  62:main.c        **** *  None.
  63:main.c        **** *
  64:main.c        **** * Return:
ARM GAS  C:\Users\rene_\AppData\Local\Temp\ccba02vO.s 			page 4


  65:main.c        **** *  None.
  66:main.c        **** *
  67:main.c        **** *******************************************************************************/
  68:main.c        **** int main()
  69:main.c        **** {
  94              		.loc 1 69 0
  95              		.cfi_startproc
  96              		@ args = 0, pretend = 0, frame = 88
  97              		@ frame_needed = 1, uses_anonymous_args = 0
  98 0000 F0B5     		push	{r4, r5, r6, r7, lr}
  99              		.cfi_def_cfa_offset 20
 100              		.cfi_offset 4, -20
 101              		.cfi_offset 5, -16
 102              		.cfi_offset 6, -12
 103              		.cfi_offset 7, -8
 104              		.cfi_offset 14, -4
 105 0002 99B0     		sub	sp, sp, #100
 106              		.cfi_def_cfa_offset 120
 107 0004 02AF     		add	r7, sp, #8
 108              		.cfi_def_cfa 7, 112
  70:main.c        ****     uint16 count;
  71:main.c        ****     uint8 buffer[USBUART_BUFFER_SIZE];
  72:main.c        ****     
  73:main.c        **** #if (CY_PSOC3 || CY_PSOC5LP)
  74:main.c        ****     uint8 state;
  75:main.c        ****     char8 lineStr[LINE_STR_LENGTH];
  76:main.c        ****     
  77:main.c        ****     LCD_Start();
 109              		.loc 1 77 0
 110 0006 FFF7FEFF 		bl	LCD_Start
  78:main.c        **** #endif /* (CY_PSOC3 || CY_PSOC5LP) */
  79:main.c        ****     
  80:main.c        ****     CyGlobalIntEnable;
 111              		.loc 1 80 0
 112              		.syntax unified
 113              	@ 80 "main.c" 1
 114 000a 62B6     		CPSIE   i
 115              	@ 0 "" 2
  81:main.c        **** 
  82:main.c        ****     /* Start USBFS operation with 5-V operation. */
  83:main.c        ****     USBUART_Start(USBFS_DEVICE, USBUART_5V_OPERATION);
 116              		.loc 1 83 0
 117              		.thumb
 118              		.syntax unified
 119 000c 0121     		movs	r1, #1
 120 000e 0020     		movs	r0, #0
 121 0010 FFF7FEFF 		bl	USBUART_Start
 122              	.L12:
  84:main.c        ****     
  85:main.c        ****     for(;;)
  86:main.c        ****     {
  87:main.c        ****         /* Host can send double SET_INTERFACE request. */
  88:main.c        ****         if (0u != USBUART_IsConfigurationChanged())
 123              		.loc 1 88 0
 124 0014 FFF7FEFF 		bl	USBUART_IsConfigurationChanged
 125 0018 0346     		mov	r3, r0
 126 001a 002B     		cmp	r3, #0
ARM GAS  C:\Users\rene_\AppData\Local\Temp\ccba02vO.s 			page 5


 127 001c 06D0     		beq	.L2
  89:main.c        ****         {
  90:main.c        ****             /* Initialize IN endpoints when device is configured. */
  91:main.c        ****             if (0u != USBUART_GetConfiguration())
 128              		.loc 1 91 0
 129 001e FFF7FEFF 		bl	USBUART_GetConfiguration
 130 0022 0346     		mov	r3, r0
 131 0024 002B     		cmp	r3, #0
 132 0026 01D0     		beq	.L2
  92:main.c        ****             {
  93:main.c        ****                 /* Enumeration is done, enable OUT endpoint to receive data 
  94:main.c        ****                  * from host. */
  95:main.c        ****                 USBUART_CDC_Init();
 133              		.loc 1 95 0
 134 0028 FFF7FEFF 		bl	USBUART_CDC_Init
 135              	.L2:
  96:main.c        ****             }
  97:main.c        ****         }
  98:main.c        **** 
  99:main.c        ****         /* Service USB CDC when device is configured. */
 100:main.c        ****         if (0u != USBUART_GetConfiguration())
 136              		.loc 1 100 0
 137 002c FFF7FEFF 		bl	USBUART_GetConfiguration
 138 0030 0346     		mov	r3, r0
 139 0032 002B     		cmp	r3, #0
 140 0034 EED0     		beq	.L12
 101:main.c        ****         {
 102:main.c        ****             /* Check for input data from host. */
 103:main.c        ****             if (0u != USBUART_DataIsReady())
 141              		.loc 1 103 0
 142 0036 FFF7FEFF 		bl	USBUART_DataIsReady
 143 003a 0346     		mov	r3, r0
 144 003c 002B     		cmp	r3, #0
 145 003e 27D0     		beq	.L4
 104:main.c        ****             {
 105:main.c        ****                 /* Read received data and re-enable OUT endpoint. */
 106:main.c        ****                 count = USBUART_GetAll(buffer);
 146              		.loc 1 106 0
 147 0040 07F11403 		add	r3, r7, #20
 148 0044 1846     		mov	r0, r3
 149 0046 FFF7FEFF 		bl	USBUART_GetAll
 150 004a 0346     		mov	r3, r0
 151 004c A7F85430 		strh	r3, [r7, #84]	@ movhi
 107:main.c        **** 
 108:main.c        ****                 if (0u != count)
 152              		.loc 1 108 0
 153 0050 B7F85430 		ldrh	r3, [r7, #84]
 154 0054 002B     		cmp	r3, #0
 155 0056 1BD0     		beq	.L4
 109:main.c        ****                 {
 110:main.c        ****                     /* Wait until component is ready to send data to host. */
 111:main.c        ****                     while (0u == USBUART_CDCIsReady())
 156              		.loc 1 111 0
 157 0058 00BF     		nop
 158              	.L5:
 159              		.loc 1 111 0 is_stmt 0 discriminator 1
 160 005a FFF7FEFF 		bl	USBUART_CDCIsReady
ARM GAS  C:\Users\rene_\AppData\Local\Temp\ccba02vO.s 			page 6


 161 005e 0346     		mov	r3, r0
 162 0060 002B     		cmp	r3, #0
 163 0062 FAD0     		beq	.L5
 112:main.c        ****                     {
 113:main.c        ****                     }
 114:main.c        **** 
 115:main.c        ****                     /* Send data back to host. */
 116:main.c        ****                     USBUART_PutData(buffer, count);
 164              		.loc 1 116 0 is_stmt 1
 165 0064 B7F85420 		ldrh	r2, [r7, #84]
 166 0068 07F11403 		add	r3, r7, #20
 167 006c 1146     		mov	r1, r2
 168 006e 1846     		mov	r0, r3
 169 0070 FFF7FEFF 		bl	USBUART_PutData
 117:main.c        **** 
 118:main.c        ****                     /* If the last sent packet is exactly the maximum packet 
 119:main.c        ****                     *  size, it is followed by a zero-length packet to assure
 120:main.c        ****                     *  that the end of the segment is properly identified by 
 121:main.c        ****                     *  the terminal.
 122:main.c        ****                     */
 123:main.c        ****                     if (USBUART_BUFFER_SIZE == count)
 170              		.loc 1 123 0
 171 0074 B7F85430 		ldrh	r3, [r7, #84]
 172 0078 402B     		cmp	r3, #64
 173 007a 09D1     		bne	.L4
 124:main.c        ****                     {
 125:main.c        ****                         /* Wait until component is ready to send data to PC. */
 126:main.c        ****                         while (0u == USBUART_CDCIsReady())
 174              		.loc 1 126 0
 175 007c 00BF     		nop
 176              	.L6:
 177              		.loc 1 126 0 is_stmt 0 discriminator 1
 178 007e FFF7FEFF 		bl	USBUART_CDCIsReady
 179 0082 0346     		mov	r3, r0
 180 0084 002B     		cmp	r3, #0
 181 0086 FAD0     		beq	.L6
 127:main.c        ****                         {
 128:main.c        ****                         }
 129:main.c        **** 
 130:main.c        ****                         /* Send zero-length packet to PC. */
 131:main.c        ****                         USBUART_PutData(NULL, 0u);
 182              		.loc 1 131 0 is_stmt 1
 183 0088 0021     		movs	r1, #0
 184 008a 0020     		movs	r0, #0
 185 008c FFF7FEFF 		bl	USBUART_PutData
 186              	.L4:
 132:main.c        ****                     }
 133:main.c        ****                 }
 134:main.c        ****             }
 135:main.c        **** 
 136:main.c        **** 
 137:main.c        ****         #if (CY_PSOC3 || CY_PSOC5LP)
 138:main.c        ****             /* Check for Line settings change. */
 139:main.c        ****             state = USBUART_IsLineChanged();
 187              		.loc 1 139 0
 188 0090 FFF7FEFF 		bl	USBUART_IsLineChanged
 189 0094 0346     		mov	r3, r0
ARM GAS  C:\Users\rene_\AppData\Local\Temp\ccba02vO.s 			page 7


 190 0096 87F85730 		strb	r3, [r7, #87]
 140:main.c        ****             if (0u != state)
 191              		.loc 1 140 0
 192 009a 97F85730 		ldrb	r3, [r7, #87]	@ zero_extendqisi2
 193 009e 002B     		cmp	r3, #0
 194 00a0 B8D0     		beq	.L12
 141:main.c        ****             {
 142:main.c        ****                 /* Output on LCD Line Coding settings. */
 143:main.c        ****                 if (0u != (state & USBUART_LINE_CODING_CHANGED))
 195              		.loc 1 143 0
 196 00a2 97F85730 		ldrb	r3, [r7, #87]	@ zero_extendqisi2
 197 00a6 03F00103 		and	r3, r3, #1
 198 00aa 002B     		cmp	r3, #0
 199 00ac 2DD0     		beq	.L7
 144:main.c        ****                 {                  
 145:main.c        ****                     /* Get string to output. */
 146:main.c        ****                     sprintf(lineStr,"BR:%4ld %d%c%s", USBUART_GetDTERate(),\
 200              		.loc 1 146 0
 201 00ae FFF7FEFF 		bl	USBUART_GetDTERate
 202 00b2 0546     		mov	r5, r0
 147:main.c        ****                                    (uint16) USBUART_GetDataBits(),\
 203              		.loc 1 147 0
 204 00b4 FFF7FEFF 		bl	USBUART_GetDataBits
 205 00b8 0346     		mov	r3, r0
 146:main.c        ****                                    (uint16) USBUART_GetDataBits(),\
 206              		.loc 1 146 0
 207 00ba 1E46     		mov	r6, r3
 148:main.c        ****                                    parity[(uint16) USBUART_GetParityType()][0],\
 208              		.loc 1 148 0
 209 00bc FFF7FEFF 		bl	USBUART_GetParityType
 210 00c0 0346     		mov	r3, r0
 211 00c2 1A46     		mov	r2, r3
 212 00c4 2A4B     		ldr	r3, .L13
 213 00c6 53F82230 		ldr	r3, [r3, r2, lsl #2]
 214 00ca 1B78     		ldrb	r3, [r3]	@ zero_extendqisi2
 146:main.c        ****                                    (uint16) USBUART_GetDataBits(),\
 215              		.loc 1 146 0
 216 00cc 1C46     		mov	r4, r3
 149:main.c        ****                                    stop[(uint16) USBUART_GetCharFormat()]);
 217              		.loc 1 149 0
 218 00ce FFF7FEFF 		bl	USBUART_GetCharFormat
 219 00d2 0346     		mov	r3, r0
 146:main.c        ****                                    (uint16) USBUART_GetDataBits(),\
 220              		.loc 1 146 0
 221 00d4 1A46     		mov	r2, r3
 222 00d6 274B     		ldr	r3, .L13+4
 223 00d8 53F82230 		ldr	r3, [r3, r2, lsl #2]
 224 00dc 3846     		mov	r0, r7
 225 00de 0193     		str	r3, [sp, #4]
 226 00e0 0094     		str	r4, [sp]
 227 00e2 3346     		mov	r3, r6
 228 00e4 2A46     		mov	r2, r5
 229 00e6 2449     		ldr	r1, .L13+8
 230 00e8 FFF7FEFF 		bl	sprintf
 150:main.c        **** 
 151:main.c        ****                     /* Clear LCD line. */
 152:main.c        ****                     LCD_Position(0u, 0u);
ARM GAS  C:\Users\rene_\AppData\Local\Temp\ccba02vO.s 			page 8


 231              		.loc 1 152 0
 232 00ec 0021     		movs	r1, #0
 233 00ee 0020     		movs	r0, #0
 234 00f0 FFF7FEFF 		bl	LCD_Position
 153:main.c        ****                     LCD_PrintString("                    ");
 235              		.loc 1 153 0
 236 00f4 2148     		ldr	r0, .L13+12
 237 00f6 FFF7FEFF 		bl	LCD_PrintString
 154:main.c        **** 
 155:main.c        ****                     /* Output string on LCD. */
 156:main.c        ****                     LCD_Position(0u, 0u);
 238              		.loc 1 156 0
 239 00fa 0021     		movs	r1, #0
 240 00fc 0020     		movs	r0, #0
 241 00fe FFF7FEFF 		bl	LCD_Position
 157:main.c        ****                     LCD_PrintString(lineStr);
 242              		.loc 1 157 0
 243 0102 3B46     		mov	r3, r7
 244 0104 1846     		mov	r0, r3
 245 0106 FFF7FEFF 		bl	LCD_PrintString
 246              	.L7:
 158:main.c        ****                 }
 159:main.c        **** 
 160:main.c        ****                 /* Output on LCD Line Control settings. */
 161:main.c        ****                 if (0u != (state & USBUART_LINE_CONTROL_CHANGED))
 247              		.loc 1 161 0
 248 010a 97F85730 		ldrb	r3, [r7, #87]	@ zero_extendqisi2
 249 010e 03F00203 		and	r3, r3, #2
 250 0112 002B     		cmp	r3, #0
 251 0114 3FF47EAF 		beq	.L12
 162:main.c        ****                 {                   
 163:main.c        ****                     /* Get string to output. */
 164:main.c        ****                     state = USBUART_GetLineControl();
 252              		.loc 1 164 0
 253 0118 FFF7FEFF 		bl	USBUART_GetLineControl
 254 011c 0346     		mov	r3, r0
 255 011e 87F85730 		strb	r3, [r7, #87]
 165:main.c        ****                     sprintf(lineStr,"DTR:%s,RTS:%s",  (0u != (state & USBUART_LINE_CONTROL_DTR)) ? 
 256              		.loc 1 165 0
 257 0122 97F85730 		ldrb	r3, [r7, #87]	@ zero_extendqisi2
 258 0126 03F00103 		and	r3, r3, #1
 259 012a 002B     		cmp	r3, #0
 260 012c 01D0     		beq	.L8
 261              		.loc 1 165 0 is_stmt 0 discriminator 1
 262 012e 144A     		ldr	r2, .L13+16
 263 0130 00E0     		b	.L9
 264              	.L8:
 265              		.loc 1 165 0 discriminator 2
 266 0132 144A     		ldr	r2, .L13+20
 267              	.L9:
 166:main.c        ****                                                       (0u != (state & USBUART_LINE_CONTROL_RTS)) ? 
 268              		.loc 1 166 0 is_stmt 1 discriminator 4
 269 0134 97F85730 		ldrb	r3, [r7, #87]	@ zero_extendqisi2
 270 0138 03F00203 		and	r3, r3, #2
 165:main.c        ****                     sprintf(lineStr,"DTR:%s,RTS:%s",  (0u != (state & USBUART_LINE_CONTROL_DTR)) ? 
 271              		.loc 1 165 0 discriminator 4
 272 013c 002B     		cmp	r3, #0
ARM GAS  C:\Users\rene_\AppData\Local\Temp\ccba02vO.s 			page 9


 273 013e 01D0     		beq	.L10
 165:main.c        ****                     sprintf(lineStr,"DTR:%s,RTS:%s",  (0u != (state & USBUART_LINE_CONTROL_DTR)) ? 
 274              		.loc 1 165 0 is_stmt 0 discriminator 5
 275 0140 0F4B     		ldr	r3, .L13+16
 276 0142 00E0     		b	.L11
 277              	.L10:
 165:main.c        ****                     sprintf(lineStr,"DTR:%s,RTS:%s",  (0u != (state & USBUART_LINE_CONTROL_DTR)) ? 
 278              		.loc 1 165 0 discriminator 6
 279 0144 0F4B     		ldr	r3, .L13+20
 280              	.L11:
 165:main.c        ****                     sprintf(lineStr,"DTR:%s,RTS:%s",  (0u != (state & USBUART_LINE_CONTROL_DTR)) ? 
 281              		.loc 1 165 0 discriminator 8
 282 0146 3846     		mov	r0, r7
 283 0148 0F49     		ldr	r1, .L13+24
 284 014a FFF7FEFF 		bl	sprintf
 167:main.c        **** 
 168:main.c        ****                     /* Clear LCD line. */
 169:main.c        ****                     LCD_Position(1u, 0u);
 285              		.loc 1 169 0 is_stmt 1 discriminator 8
 286 014e 0021     		movs	r1, #0
 287 0150 0120     		movs	r0, #1
 288 0152 FFF7FEFF 		bl	LCD_Position
 170:main.c        ****                     LCD_PrintString("                    ");
 289              		.loc 1 170 0 discriminator 8
 290 0156 0948     		ldr	r0, .L13+12
 291 0158 FFF7FEFF 		bl	LCD_PrintString
 171:main.c        **** 
 172:main.c        ****                     /* Output string on LCD. */
 173:main.c        ****                     LCD_Position(1u, 0u);
 292              		.loc 1 173 0 discriminator 8
 293 015c 0021     		movs	r1, #0
 294 015e 0120     		movs	r0, #1
 295 0160 FFF7FEFF 		bl	LCD_Position
 174:main.c        ****                     LCD_PrintString(lineStr);
 296              		.loc 1 174 0 discriminator 8
 297 0164 3B46     		mov	r3, r7
 298 0166 1846     		mov	r0, r3
 299 0168 FFF7FEFF 		bl	LCD_PrintString
 175:main.c        ****                 }
 176:main.c        ****             }
 177:main.c        ****         #endif /* (CY_PSOC3 || CY_PSOC5LP) */
 178:main.c        ****         }
 179:main.c        ****     }
 300              		.loc 1 179 0 discriminator 8
 301 016c 52E7     		b	.L12
 302              	.L14:
 303 016e 00BF     		.align	2
 304              	.L13:
 305 0170 00000000 		.word	parity
 306 0174 00000000 		.word	stop
 307 0178 30000000 		.word	.LC8
 308 017c 40000000 		.word	.LC9
 309 0180 58000000 		.word	.LC10
 310 0184 5C000000 		.word	.LC11
 311 0188 60000000 		.word	.LC12
 312              		.cfi_endproc
 313              	.LFE64:
ARM GAS  C:\Users\rene_\AppData\Local\Temp\ccba02vO.s 			page 10


 314              		.size	main, .-main
 315              		.text
 316              	.Letext0:
 317              		.file 2 "c:\\program files (x86)\\cypress\\psoc creator\\4.3\\psoc creator\\import\\gnu\\arm\\5.4.
 318              		.file 3 "c:\\program files (x86)\\cypress\\psoc creator\\4.3\\psoc creator\\import\\gnu\\arm\\5.4.
 319              		.file 4 "Generated_Source\\PSoC5/cytypes.h"
 320              		.file 5 "Generated_Source\\PSoC5/core_cm3.h"
 321              		.section	.debug_info,"",%progbits
 322              	.Ldebug_info0:
 323 0000 92010000 		.4byte	0x192
 324 0004 0400     		.2byte	0x4
 325 0006 00000000 		.4byte	.Ldebug_abbrev0
 326 000a 04       		.byte	0x4
 327 000b 01       		.uleb128 0x1
 328 000c 00000000 		.4byte	.LASF26
 329 0010 0C       		.byte	0xc
 330 0011 A4010000 		.4byte	.LASF27
 331 0015 9E000000 		.4byte	.LASF28
 332 0019 00000000 		.4byte	.Ldebug_ranges0+0
 333 001d 00000000 		.4byte	0
 334 0021 00000000 		.4byte	.Ldebug_line0
 335 0025 02       		.uleb128 0x2
 336 0026 01       		.byte	0x1
 337 0027 06       		.byte	0x6
 338 0028 E2010000 		.4byte	.LASF0
 339 002c 02       		.uleb128 0x2
 340 002d 01       		.byte	0x1
 341 002e 08       		.byte	0x8
 342 002f 03010000 		.4byte	.LASF1
 343 0033 02       		.uleb128 0x2
 344 0034 02       		.byte	0x2
 345 0035 05       		.byte	0x5
 346 0036 B6010000 		.4byte	.LASF2
 347 003a 02       		.uleb128 0x2
 348 003b 02       		.byte	0x2
 349 003c 07       		.byte	0x7
 350 003d 29010000 		.4byte	.LASF3
 351 0041 03       		.uleb128 0x3
 352 0042 94000000 		.4byte	.LASF9
 353 0046 02       		.byte	0x2
 354 0047 3F       		.byte	0x3f
 355 0048 4C000000 		.4byte	0x4c
 356 004c 02       		.uleb128 0x2
 357 004d 04       		.byte	0x4
 358 004e 05       		.byte	0x5
 359 004f CD010000 		.4byte	.LASF4
 360 0053 02       		.uleb128 0x2
 361 0054 04       		.byte	0x4
 362 0055 07       		.byte	0x7
 363 0056 17010000 		.4byte	.LASF5
 364 005a 02       		.uleb128 0x2
 365 005b 08       		.byte	0x8
 366 005c 05       		.byte	0x5
 367 005d 96010000 		.4byte	.LASF6
 368 0061 02       		.uleb128 0x2
 369 0062 08       		.byte	0x8
 370 0063 07       		.byte	0x7
ARM GAS  C:\Users\rene_\AppData\Local\Temp\ccba02vO.s 			page 11


 371 0064 6E010000 		.4byte	.LASF7
 372 0068 04       		.uleb128 0x4
 373 0069 04       		.byte	0x4
 374 006a 05       		.byte	0x5
 375 006b 696E7400 		.ascii	"int\000"
 376 006f 02       		.uleb128 0x2
 377 0070 04       		.byte	0x4
 378 0071 07       		.byte	0x7
 379 0072 61010000 		.4byte	.LASF8
 380 0076 03       		.uleb128 0x3
 381 0077 85010000 		.4byte	.LASF10
 382 007b 03       		.byte	0x3
 383 007c 2C       		.byte	0x2c
 384 007d 41000000 		.4byte	0x41
 385 0081 05       		.uleb128 0x5
 386 0082 C7010000 		.4byte	.LASF11
 387 0086 04       		.byte	0x4
 388 0087 9201     		.2byte	0x192
 389 0089 2C000000 		.4byte	0x2c
 390 008d 05       		.uleb128 0x5
 391 008e 5A010000 		.4byte	.LASF12
 392 0092 04       		.byte	0x4
 393 0093 9301     		.2byte	0x193
 394 0095 3A000000 		.4byte	0x3a
 395 0099 02       		.uleb128 0x2
 396 009a 04       		.byte	0x4
 397 009b 04       		.byte	0x4
 398 009c FD000000 		.4byte	.LASF13
 399 00a0 02       		.uleb128 0x2
 400 00a1 08       		.byte	0x8
 401 00a2 04       		.byte	0x4
 402 00a3 4E010000 		.4byte	.LASF14
 403 00a7 05       		.uleb128 0x5
 404 00a8 11010000 		.4byte	.LASF15
 405 00ac 04       		.byte	0x4
 406 00ad A301     		.2byte	0x1a3
 407 00af B3000000 		.4byte	0xb3
 408 00b3 02       		.uleb128 0x2
 409 00b4 01       		.byte	0x1
 410 00b5 08       		.byte	0x8
 411 00b6 AB010000 		.4byte	.LASF16
 412 00ba 02       		.uleb128 0x2
 413 00bb 08       		.byte	0x8
 414 00bc 04       		.byte	0x4
 415 00bd D6010000 		.4byte	.LASF17
 416 00c1 02       		.uleb128 0x2
 417 00c2 04       		.byte	0x4
 418 00c3 07       		.byte	0x7
 419 00c4 8D010000 		.4byte	.LASF18
 420 00c8 06       		.uleb128 0x6
 421 00c9 55010000 		.4byte	.LASF29
 422 00cd 01       		.byte	0x1
 423 00ce 44       		.byte	0x44
 424 00cf 68000000 		.4byte	0x68
 425 00d3 00000000 		.4byte	.LFB64
 426 00d7 8C010000 		.4byte	.LFE64-.LFB64
 427 00db 01       		.uleb128 0x1
ARM GAS  C:\Users\rene_\AppData\Local\Temp\ccba02vO.s 			page 12


 428 00dc 9C       		.byte	0x9c
 429 00dd 1C010000 		.4byte	0x11c
 430 00e1 07       		.uleb128 0x7
 431 00e2 B0010000 		.4byte	.LASF19
 432 00e6 01       		.byte	0x1
 433 00e7 46       		.byte	0x46
 434 00e8 8D000000 		.4byte	0x8d
 435 00ec 02       		.uleb128 0x2
 436 00ed 91       		.byte	0x91
 437 00ee 64       		.sleb128 -28
 438 00ef 07       		.uleb128 0x7
 439 00f0 C0010000 		.4byte	.LASF20
 440 00f4 01       		.byte	0x1
 441 00f5 47       		.byte	0x47
 442 00f6 1C010000 		.4byte	0x11c
 443 00fa 03       		.uleb128 0x3
 444 00fb 91       		.byte	0x91
 445 00fc A47F     		.sleb128 -92
 446 00fe 07       		.uleb128 0x7
 447 00ff 8E000000 		.4byte	.LASF21
 448 0103 01       		.byte	0x1
 449 0104 4A       		.byte	0x4a
 450 0105 81000000 		.4byte	0x81
 451 0109 02       		.uleb128 0x2
 452 010a 91       		.byte	0x91
 453 010b 67       		.sleb128 -25
 454 010c 07       		.uleb128 0x7
 455 010d F5010000 		.4byte	.LASF22
 456 0111 01       		.byte	0x1
 457 0112 4B       		.byte	0x4b
 458 0113 2C010000 		.4byte	0x12c
 459 0117 03       		.uleb128 0x3
 460 0118 91       		.byte	0x91
 461 0119 907F     		.sleb128 -112
 462 011b 00       		.byte	0
 463 011c 08       		.uleb128 0x8
 464 011d 81000000 		.4byte	0x81
 465 0121 2C010000 		.4byte	0x12c
 466 0125 09       		.uleb128 0x9
 467 0126 C1000000 		.4byte	0xc1
 468 012a 3F       		.byte	0x3f
 469 012b 00       		.byte	0
 470 012c 08       		.uleb128 0x8
 471 012d A7000000 		.4byte	0xa7
 472 0131 3C010000 		.4byte	0x13c
 473 0135 09       		.uleb128 0x9
 474 0136 C1000000 		.4byte	0xc1
 475 013a 13       		.byte	0x13
 476 013b 00       		.byte	0
 477 013c 0A       		.uleb128 0xa
 478 013d 41010000 		.4byte	.LASF23
 479 0141 05       		.byte	0x5
 480 0142 1207     		.2byte	0x712
 481 0144 48010000 		.4byte	0x148
 482 0148 0B       		.uleb128 0xb
 483 0149 76000000 		.4byte	0x76
 484 014d 08       		.uleb128 0x8
ARM GAS  C:\Users\rene_\AppData\Local\Temp\ccba02vO.s 			page 13


 485 014e 5D010000 		.4byte	0x15d
 486 0152 5D010000 		.4byte	0x15d
 487 0156 09       		.uleb128 0x9
 488 0157 C1000000 		.4byte	0xc1
 489 015b 04       		.byte	0x4
 490 015c 00       		.byte	0
 491 015d 0C       		.uleb128 0xc
 492 015e 04       		.byte	0x4
 493 015f A7000000 		.4byte	0xa7
 494 0163 0D       		.uleb128 0xd
 495 0164 EE010000 		.4byte	.LASF24
 496 0168 01       		.byte	0x1
 497 0169 2D       		.byte	0x2d
 498 016a 4D010000 		.4byte	0x14d
 499 016e 05       		.uleb128 0x5
 500 016f 03       		.byte	0x3
 501 0170 00000000 		.4byte	parity
 502 0174 08       		.uleb128 0x8
 503 0175 5D010000 		.4byte	0x15d
 504 0179 84010000 		.4byte	0x184
 505 017d 09       		.uleb128 0x9
 506 017e C1000000 		.4byte	0xc1
 507 0182 02       		.byte	0x2
 508 0183 00       		.byte	0
 509 0184 0D       		.uleb128 0xd
 510 0185 3C010000 		.4byte	.LASF25
 511 0189 01       		.byte	0x1
 512 018a 2E       		.byte	0x2e
 513 018b 74010000 		.4byte	0x174
 514 018f 05       		.uleb128 0x5
 515 0190 03       		.byte	0x3
 516 0191 00000000 		.4byte	stop
 517 0195 00       		.byte	0
 518              		.section	.debug_abbrev,"",%progbits
 519              	.Ldebug_abbrev0:
 520 0000 01       		.uleb128 0x1
 521 0001 11       		.uleb128 0x11
 522 0002 01       		.byte	0x1
 523 0003 25       		.uleb128 0x25
 524 0004 0E       		.uleb128 0xe
 525 0005 13       		.uleb128 0x13
 526 0006 0B       		.uleb128 0xb
 527 0007 03       		.uleb128 0x3
 528 0008 0E       		.uleb128 0xe
 529 0009 1B       		.uleb128 0x1b
 530 000a 0E       		.uleb128 0xe
 531 000b 55       		.uleb128 0x55
 532 000c 17       		.uleb128 0x17
 533 000d 11       		.uleb128 0x11
 534 000e 01       		.uleb128 0x1
 535 000f 10       		.uleb128 0x10
 536 0010 17       		.uleb128 0x17
 537 0011 00       		.byte	0
 538 0012 00       		.byte	0
 539 0013 02       		.uleb128 0x2
 540 0014 24       		.uleb128 0x24
 541 0015 00       		.byte	0
ARM GAS  C:\Users\rene_\AppData\Local\Temp\ccba02vO.s 			page 14


 542 0016 0B       		.uleb128 0xb
 543 0017 0B       		.uleb128 0xb
 544 0018 3E       		.uleb128 0x3e
 545 0019 0B       		.uleb128 0xb
 546 001a 03       		.uleb128 0x3
 547 001b 0E       		.uleb128 0xe
 548 001c 00       		.byte	0
 549 001d 00       		.byte	0
 550 001e 03       		.uleb128 0x3
 551 001f 16       		.uleb128 0x16
 552 0020 00       		.byte	0
 553 0021 03       		.uleb128 0x3
 554 0022 0E       		.uleb128 0xe
 555 0023 3A       		.uleb128 0x3a
 556 0024 0B       		.uleb128 0xb
 557 0025 3B       		.uleb128 0x3b
 558 0026 0B       		.uleb128 0xb
 559 0027 49       		.uleb128 0x49
 560 0028 13       		.uleb128 0x13
 561 0029 00       		.byte	0
 562 002a 00       		.byte	0
 563 002b 04       		.uleb128 0x4
 564 002c 24       		.uleb128 0x24
 565 002d 00       		.byte	0
 566 002e 0B       		.uleb128 0xb
 567 002f 0B       		.uleb128 0xb
 568 0030 3E       		.uleb128 0x3e
 569 0031 0B       		.uleb128 0xb
 570 0032 03       		.uleb128 0x3
 571 0033 08       		.uleb128 0x8
 572 0034 00       		.byte	0
 573 0035 00       		.byte	0
 574 0036 05       		.uleb128 0x5
 575 0037 16       		.uleb128 0x16
 576 0038 00       		.byte	0
 577 0039 03       		.uleb128 0x3
 578 003a 0E       		.uleb128 0xe
 579 003b 3A       		.uleb128 0x3a
 580 003c 0B       		.uleb128 0xb
 581 003d 3B       		.uleb128 0x3b
 582 003e 05       		.uleb128 0x5
 583 003f 49       		.uleb128 0x49
 584 0040 13       		.uleb128 0x13
 585 0041 00       		.byte	0
 586 0042 00       		.byte	0
 587 0043 06       		.uleb128 0x6
 588 0044 2E       		.uleb128 0x2e
 589 0045 01       		.byte	0x1
 590 0046 3F       		.uleb128 0x3f
 591 0047 19       		.uleb128 0x19
 592 0048 03       		.uleb128 0x3
 593 0049 0E       		.uleb128 0xe
 594 004a 3A       		.uleb128 0x3a
 595 004b 0B       		.uleb128 0xb
 596 004c 3B       		.uleb128 0x3b
 597 004d 0B       		.uleb128 0xb
 598 004e 49       		.uleb128 0x49
ARM GAS  C:\Users\rene_\AppData\Local\Temp\ccba02vO.s 			page 15


 599 004f 13       		.uleb128 0x13
 600 0050 11       		.uleb128 0x11
 601 0051 01       		.uleb128 0x1
 602 0052 12       		.uleb128 0x12
 603 0053 06       		.uleb128 0x6
 604 0054 40       		.uleb128 0x40
 605 0055 18       		.uleb128 0x18
 606 0056 9642     		.uleb128 0x2116
 607 0058 19       		.uleb128 0x19
 608 0059 01       		.uleb128 0x1
 609 005a 13       		.uleb128 0x13
 610 005b 00       		.byte	0
 611 005c 00       		.byte	0
 612 005d 07       		.uleb128 0x7
 613 005e 34       		.uleb128 0x34
 614 005f 00       		.byte	0
 615 0060 03       		.uleb128 0x3
 616 0061 0E       		.uleb128 0xe
 617 0062 3A       		.uleb128 0x3a
 618 0063 0B       		.uleb128 0xb
 619 0064 3B       		.uleb128 0x3b
 620 0065 0B       		.uleb128 0xb
 621 0066 49       		.uleb128 0x49
 622 0067 13       		.uleb128 0x13
 623 0068 02       		.uleb128 0x2
 624 0069 18       		.uleb128 0x18
 625 006a 00       		.byte	0
 626 006b 00       		.byte	0
 627 006c 08       		.uleb128 0x8
 628 006d 01       		.uleb128 0x1
 629 006e 01       		.byte	0x1
 630 006f 49       		.uleb128 0x49
 631 0070 13       		.uleb128 0x13
 632 0071 01       		.uleb128 0x1
 633 0072 13       		.uleb128 0x13
 634 0073 00       		.byte	0
 635 0074 00       		.byte	0
 636 0075 09       		.uleb128 0x9
 637 0076 21       		.uleb128 0x21
 638 0077 00       		.byte	0
 639 0078 49       		.uleb128 0x49
 640 0079 13       		.uleb128 0x13
 641 007a 2F       		.uleb128 0x2f
 642 007b 0B       		.uleb128 0xb
 643 007c 00       		.byte	0
 644 007d 00       		.byte	0
 645 007e 0A       		.uleb128 0xa
 646 007f 34       		.uleb128 0x34
 647 0080 00       		.byte	0
 648 0081 03       		.uleb128 0x3
 649 0082 0E       		.uleb128 0xe
 650 0083 3A       		.uleb128 0x3a
 651 0084 0B       		.uleb128 0xb
 652 0085 3B       		.uleb128 0x3b
 653 0086 05       		.uleb128 0x5
 654 0087 49       		.uleb128 0x49
 655 0088 13       		.uleb128 0x13
ARM GAS  C:\Users\rene_\AppData\Local\Temp\ccba02vO.s 			page 16


 656 0089 3F       		.uleb128 0x3f
 657 008a 19       		.uleb128 0x19
 658 008b 3C       		.uleb128 0x3c
 659 008c 19       		.uleb128 0x19
 660 008d 00       		.byte	0
 661 008e 00       		.byte	0
 662 008f 0B       		.uleb128 0xb
 663 0090 35       		.uleb128 0x35
 664 0091 00       		.byte	0
 665 0092 49       		.uleb128 0x49
 666 0093 13       		.uleb128 0x13
 667 0094 00       		.byte	0
 668 0095 00       		.byte	0
 669 0096 0C       		.uleb128 0xc
 670 0097 0F       		.uleb128 0xf
 671 0098 00       		.byte	0
 672 0099 0B       		.uleb128 0xb
 673 009a 0B       		.uleb128 0xb
 674 009b 49       		.uleb128 0x49
 675 009c 13       		.uleb128 0x13
 676 009d 00       		.byte	0
 677 009e 00       		.byte	0
 678 009f 0D       		.uleb128 0xd
 679 00a0 34       		.uleb128 0x34
 680 00a1 00       		.byte	0
 681 00a2 03       		.uleb128 0x3
 682 00a3 0E       		.uleb128 0xe
 683 00a4 3A       		.uleb128 0x3a
 684 00a5 0B       		.uleb128 0xb
 685 00a6 3B       		.uleb128 0x3b
 686 00a7 0B       		.uleb128 0xb
 687 00a8 49       		.uleb128 0x49
 688 00a9 13       		.uleb128 0x13
 689 00aa 3F       		.uleb128 0x3f
 690 00ab 19       		.uleb128 0x19
 691 00ac 02       		.uleb128 0x2
 692 00ad 18       		.uleb128 0x18
 693 00ae 00       		.byte	0
 694 00af 00       		.byte	0
 695 00b0 00       		.byte	0
 696              		.section	.debug_aranges,"",%progbits
 697 0000 1C000000 		.4byte	0x1c
 698 0004 0200     		.2byte	0x2
 699 0006 00000000 		.4byte	.Ldebug_info0
 700 000a 04       		.byte	0x4
 701 000b 00       		.byte	0
 702 000c 0000     		.2byte	0
 703 000e 0000     		.2byte	0
 704 0010 00000000 		.4byte	.LFB64
 705 0014 8C010000 		.4byte	.LFE64-.LFB64
 706 0018 00000000 		.4byte	0
 707 001c 00000000 		.4byte	0
 708              		.section	.debug_ranges,"",%progbits
 709              	.Ldebug_ranges0:
 710 0000 00000000 		.4byte	.LFB64
 711 0004 8C010000 		.4byte	.LFE64
 712 0008 00000000 		.4byte	0
ARM GAS  C:\Users\rene_\AppData\Local\Temp\ccba02vO.s 			page 17


 713 000c 00000000 		.4byte	0
 714              		.section	.debug_line,"",%progbits
 715              	.Ldebug_line0:
 716 0000 D0010000 		.section	.debug_str,"MS",%progbits,1
 716      02004C01 
 716      00000201 
 716      FB0E0D00 
 716      01010101 
 717              	.LASF26:
 718 0000 474E5520 		.ascii	"GNU C11 5.4.1 20160609 (release) [ARM/embedded-5-br"
 718      43313120 
 718      352E342E 
 718      31203230 
 718      31363036 
 719 0033 616E6368 		.ascii	"anch revision 237715] -mcpu=cortex-m3 -mthumb -g -O"
 719      20726576 
 719      6973696F 
 719      6E203233 
 719      37373135 
 720 0066 30202D66 		.ascii	"0 -ffunction-sections -ffat-lto-objects\000"
 720      66756E63 
 720      74696F6E 
 720      2D736563 
 720      74696F6E 
 721              	.LASF21:
 722 008e 73746174 		.ascii	"state\000"
 722      6500
 723              	.LASF9:
 724 0094 5F5F696E 		.ascii	"__int32_t\000"
 724      7433325F 
 724      7400
 725              	.LASF28:
 726 009e 433A5C70 		.ascii	"C:\\projekte\\repo\\QuadroCopter\\Software\\Cypress"
 726      726F6A65 
 726      6B74655C 
 726      7265706F 
 726      5C517561 
 727 00cc 5F466C69 		.ascii	"_FlightController\\QuadrCopter\\USBFS_UART01.cydsn\000"
 727      67687443 
 727      6F6E7472 
 727      6F6C6C65 
 727      725C5175 
 728              	.LASF13:
 729 00fd 666C6F61 		.ascii	"float\000"
 729      7400
 730              	.LASF1:
 731 0103 756E7369 		.ascii	"unsigned char\000"
 731      676E6564 
 731      20636861 
 731      7200
 732              	.LASF15:
 733 0111 63686172 		.ascii	"char8\000"
 733      3800
 734              	.LASF5:
 735 0117 6C6F6E67 		.ascii	"long unsigned int\000"
 735      20756E73 
 735      69676E65 
ARM GAS  C:\Users\rene_\AppData\Local\Temp\ccba02vO.s 			page 18


 735      6420696E 
 735      7400
 736              	.LASF3:
 737 0129 73686F72 		.ascii	"short unsigned int\000"
 737      7420756E 
 737      7369676E 
 737      65642069 
 737      6E7400
 738              	.LASF25:
 739 013c 73746F70 		.ascii	"stop\000"
 739      00
 740              	.LASF23:
 741 0141 49544D5F 		.ascii	"ITM_RxBuffer\000"
 741      52784275 
 741      66666572 
 741      00
 742              	.LASF14:
 743 014e 646F7562 		.ascii	"double\000"
 743      6C6500
 744              	.LASF29:
 745 0155 6D61696E 		.ascii	"main\000"
 745      00
 746              	.LASF12:
 747 015a 75696E74 		.ascii	"uint16\000"
 747      313600
 748              	.LASF8:
 749 0161 756E7369 		.ascii	"unsigned int\000"
 749      676E6564 
 749      20696E74 
 749      00
 750              	.LASF7:
 751 016e 6C6F6E67 		.ascii	"long long unsigned int\000"
 751      206C6F6E 
 751      6720756E 
 751      7369676E 
 751      65642069 
 752              	.LASF10:
 753 0185 696E7433 		.ascii	"int32_t\000"
 753      325F7400 
 754              	.LASF18:
 755 018d 73697A65 		.ascii	"sizetype\000"
 755      74797065 
 755      00
 756              	.LASF6:
 757 0196 6C6F6E67 		.ascii	"long long int\000"
 757      206C6F6E 
 757      6720696E 
 757      7400
 758              	.LASF27:
 759 01a4 6D61696E 		.ascii	"main.c\000"
 759      2E6300
 760              	.LASF16:
 761 01ab 63686172 		.ascii	"char\000"
 761      00
 762              	.LASF19:
 763 01b0 636F756E 		.ascii	"count\000"
 763      7400
ARM GAS  C:\Users\rene_\AppData\Local\Temp\ccba02vO.s 			page 19


 764              	.LASF2:
 765 01b6 73686F72 		.ascii	"short int\000"
 765      7420696E 
 765      7400
 766              	.LASF20:
 767 01c0 62756666 		.ascii	"buffer\000"
 767      657200
 768              	.LASF11:
 769 01c7 75696E74 		.ascii	"uint8\000"
 769      3800
 770              	.LASF4:
 771 01cd 6C6F6E67 		.ascii	"long int\000"
 771      20696E74 
 771      00
 772              	.LASF17:
 773 01d6 6C6F6E67 		.ascii	"long double\000"
 773      20646F75 
 773      626C6500 
 774              	.LASF0:
 775 01e2 7369676E 		.ascii	"signed char\000"
 775      65642063 
 775      68617200 
 776              	.LASF24:
 777 01ee 70617269 		.ascii	"parity\000"
 777      747900
 778              	.LASF22:
 779 01f5 6C696E65 		.ascii	"lineStr\000"
 779      53747200 
 780              		.ident	"GCC: (GNU Tools for ARM Embedded Processors) 5.4.1 20160609 (release) [ARM/embedded-5-bran
