ARM GAS  C:\Users\Besitzer\AppData\Local\Temp\cccEiiPL.s 			page 1


   1              		.syntax unified
   2              		.cpu cortex-m3
   3              		.fpu softvfp
   4              		.eabi_attribute 20, 1
   5              		.eabi_attribute 21, 1
   6              		.eabi_attribute 23, 3
   7              		.eabi_attribute 24, 1
   8              		.eabi_attribute 25, 1
   9              		.eabi_attribute 26, 1
  10              		.eabi_attribute 30, 1
  11              		.eabi_attribute 34, 1
  12              		.eabi_attribute 18, 4
  13              		.thumb
  14              		.syntax unified
  15              		.file	"cymetadata.c"
  16              		.text
  17              	.Ltext0:
  18              		.cfi_sections	.debug_frame
  19              		.global	cy_metadata
  20              		.global	cy_meta_flashprotect
  21              		.global	cy_meta_wonvl
  22              		.global	cy_meta_custnvl
  23              		.global	cy_meta_configecc
  24              		.section	.cyconfigecc,"a",%progbits
  25              		.align	2
  26              		.type	cy_meta_configecc, %object
  27              		.size	cy_meta_configecc, 908
  28              	cy_meta_configecc:
  29 0000 01       		.byte	1
  30 0001 45       		.byte	69
  31 0002 00       		.byte	0
  32 0003 40       		.byte	64
  33 0004 02       		.byte	2
  34 0005 52       		.byte	82
  35 0006 00       		.byte	0
  36 0007 40       		.byte	64
  37 0008 03       		.byte	3
  38 0009 64       		.byte	100
  39 000a 00       		.byte	0
  40 000b 40       		.byte	64
  41 000c 5D       		.byte	93
  42 000d 00       		.byte	0
  43 000e 01       		.byte	1
  44 000f 40       		.byte	64
  45 0010 37       		.byte	55
  46 0011 01       		.byte	1
  47 0012 01       		.byte	1
  48 0013 40       		.byte	64
  49 0014 65       		.byte	101
  50 0015 02       		.byte	2
  51 0016 01       		.byte	1
  52 0017 40       		.byte	64
  53 0018 4C       		.byte	76
  54 0019 03       		.byte	3
  55 001a 01       		.byte	1
  56 001b 40       		.byte	64
  57 001c 03       		.byte	3
ARM GAS  C:\Users\Besitzer\AppData\Local\Temp\cccEiiPL.s 			page 2


  58 001d 05       		.byte	5
  59 001e 01       		.byte	1
  60 001f 40       		.byte	64
  61 0020 03       		.byte	3
  62 0021 15       		.byte	21
  63 0022 01       		.byte	1
  64 0023 40       		.byte	64
  65 0024 01       		.byte	1
  66 0025 17       		.byte	23
  67 0026 01       		.byte	1
  68 0027 40       		.byte	64
  69 0028 01       		.byte	1
  70 0029 19       		.byte	25
  71 002a 01       		.byte	1
  72 002b 40       		.byte	64
  73 002c 03       		.byte	3
  74 002d 1B       		.byte	27
  75 002e 01       		.byte	1
  76 002f 40       		.byte	64
  77 0030 04       		.byte	4
  78 0031 40       		.byte	64
  79 0032 01       		.byte	1
  80 0033 40       		.byte	64
  81 0034 03       		.byte	3
  82 0035 41       		.byte	65
  83 0036 01       		.byte	1
  84 0037 40       		.byte	64
  85 0038 04       		.byte	4
  86 0039 42       		.byte	66
  87 003a 01       		.byte	1
  88 003b 40       		.byte	64
  89 003c 01       		.byte	1
  90 003d 43       		.byte	67
  91 003e 01       		.byte	1
  92 003f 40       		.byte	64
  93 0040 03       		.byte	3
  94 0041 48       		.byte	72
  95 0042 01       		.byte	1
  96 0043 40       		.byte	64
  97 0044 10       		.byte	16
  98 0045 49       		.byte	73
  99 0046 01       		.byte	1
 100 0047 40       		.byte	64
 101 0048 08       		.byte	8
 102 0049 4C       		.byte	76
 103 004a 01       		.byte	1
 104 004b 40       		.byte	64
 105 004c 05       		.byte	5
 106 004d 4D       		.byte	77
 107 004e 01       		.byte	1
 108 004f 40       		.byte	64
 109 0050 02       		.byte	2
 110 0051 50       		.byte	80
 111 0052 01       		.byte	1
 112 0053 40       		.byte	64
 113 0054 01       		.byte	1
 114 0055 51       		.byte	81
ARM GAS  C:\Users\Besitzer\AppData\Local\Temp\cccEiiPL.s 			page 3


 115 0056 01       		.byte	1
 116 0057 40       		.byte	64
 117 0058 0A       		.byte	10
 118 0059 02       		.byte	2
 119 005a 24       		.byte	36
 120 005b 01       		.byte	1
 121 005c 60       		.byte	96
 122 005d 02       		.byte	2
 123 005e 80       		.byte	-128
 124 005f 72       		.byte	114
 125 0060 82       		.byte	-126
 126 0061 38       		.byte	56
 127 0062 83       		.byte	-125
 128 0063 0F       		.byte	15
 129 0064 00       		.byte	0
 130 0065 10       		.byte	16
 131 0066 05       		.byte	5
 132 0067 2C       		.byte	44
 133 0068 07       		.byte	7
 134 0069 43       		.byte	67
 135 006a 09       		.byte	9
 136 006b 80       		.byte	-128
 137 006c 0B       		.byte	11
 138 006d 13       		.byte	19
 139 006e 0C       		.byte	12
 140 006f 24       		.byte	36
 141 0070 0E       		.byte	14
 142 0071 42       		.byte	66
 143 0072 10       		.byte	16
 144 0073 48       		.byte	72
 145 0074 12       		.byte	18
 146 0075 22       		.byte	34
 147 0076 13       		.byte	19
 148 0077 0C       		.byte	12
 149 0078 15       		.byte	21
 150 0079 71       		.byte	113
 151 007a 17       		.byte	23
 152 007b 0E       		.byte	14
 153 007c 1B       		.byte	27
 154 007d 08       		.byte	8
 155 007e 20       		.byte	32
 156 007f 02       		.byte	2
 157 0080 22       		.byte	34
 158 0081 0C       		.byte	12
 159 0082 24       		.byte	36
 160 0083 6F       		.byte	111
 161 0084 25       		.byte	37
 162 0085 71       		.byte	113
 163 0086 27       		.byte	39
 164 0087 06       		.byte	6
 165 0088 28       		.byte	40
 166 0089 6F       		.byte	111
 167 008a 2C       		.byte	44
 168 008b 01       		.byte	1
 169 008c 30       		.byte	48
 170 008d 60       		.byte	96
 171 008e 31       		.byte	49
ARM GAS  C:\Users\Besitzer\AppData\Local\Temp\cccEiiPL.s 			page 4


 172 008f C0       		.byte	-64
 173 0090 32       		.byte	50
 174 0091 10       		.byte	16
 175 0092 33       		.byte	51
 176 0093 0F       		.byte	15
 177 0094 34       		.byte	52
 178 0095 01       		.byte	1
 179 0096 35       		.byte	53
 180 0097 30       		.byte	48
 181 0098 36       		.byte	54
 182 0099 0E       		.byte	14
 183 009a 39       		.byte	57
 184 009b 22       		.byte	34
 185 009c 3B       		.byte	59
 186 009d 08       		.byte	8
 187 009e 3E       		.byte	62
 188 009f 04       		.byte	4
 189 00a0 3F       		.byte	63
 190 00a1 10       		.byte	16
 191 00a2 40       		.byte	64
 192 00a3 02       		.byte	2
 193 00a4 45       		.byte	69
 194 00a5 04       		.byte	4
 195 00a6 49       		.byte	73
 196 00a7 FF       		.byte	-1
 197 00a8 4A       		.byte	74
 198 00a9 07       		.byte	7
 199 00aa 4B       		.byte	75
 200 00ab FF       		.byte	-1
 201 00ac 4C       		.byte	76
 202 00ad 40       		.byte	64
 203 00ae 4D       		.byte	77
 204 00af 20       		.byte	32
 205 00b0 4E       		.byte	78
 206 00b1 F0       		.byte	-16
 207 00b2 4F       		.byte	79
 208 00b3 05       		.byte	5
 209 00b4 50       		.byte	80
 210 00b5 08       		.byte	8
 211 00b6 56       		.byte	86
 212 00b7 02       		.byte	2
 213 00b8 57       		.byte	87
 214 00b9 13       		.byte	19
 215 00ba 58       		.byte	88
 216 00bb 04       		.byte	4
 217 00bc 59       		.byte	89
 218 00bd 04       		.byte	4
 219 00be 5A       		.byte	90
 220 00bf 04       		.byte	4
 221 00c0 5B       		.byte	91
 222 00c1 04       		.byte	4
 223 00c2 5F       		.byte	95
 224 00c3 01       		.byte	1
 225 00c4 60       		.byte	96
 226 00c5 40       		.byte	64
 227 00c6 61       		.byte	97
 228 00c7 A8       		.byte	-88
ARM GAS  C:\Users\Besitzer\AppData\Local\Temp\cccEiiPL.s 			page 5


 229 00c8 62       		.byte	98
 230 00c9 40       		.byte	64
 231 00ca 63       		.byte	99
 232 00cb 20       		.byte	32
 233 00cc 80       		.byte	-128
 234 00cd E7       		.byte	-25
 235 00ce 81       		.byte	-127
 236 00cf 08       		.byte	8
 237 00d0 82       		.byte	-126
 238 00d1 18       		.byte	24
 239 00d2 84       		.byte	-124
 240 00d3 1C       		.byte	28
 241 00d4 85       		.byte	-123
 242 00d5 04       		.byte	4
 243 00d6 86       		.byte	-122
 244 00d7 E2       		.byte	-30
 245 00d8 88       		.byte	-120
 246 00d9 44       		.byte	68
 247 00da 8B       		.byte	-117
 248 00db 23       		.byte	35
 249 00dc 8D       		.byte	-115
 250 00dd 02       		.byte	2
 251 00de 8E       		.byte	-114
 252 00df 04       		.byte	4
 253 00e0 90       		.byte	-112
 254 00e1 80       		.byte	-128
 255 00e2 91       		.byte	-111
 256 00e3 03       		.byte	3
 257 00e4 95       		.byte	-107
 258 00e5 01       		.byte	1
 259 00e6 96       		.byte	-106
 260 00e7 E3       		.byte	-29
 261 00e8 98       		.byte	-104
 262 00e9 08       		.byte	8
 263 00ea 99       		.byte	-103
 264 00eb 0C       		.byte	12
 265 00ec 9C       		.byte	-100
 266 00ed FF       		.byte	-1
 267 00ee 9D       		.byte	-99
 268 00ef 33       		.byte	51
 269 00f0 9F       		.byte	-97
 270 00f1 0C       		.byte	12
 271 00f2 A0       		.byte	-96
 272 00f3 10       		.byte	16
 273 00f4 A4       		.byte	-92
 274 00f5 1C       		.byte	28
 275 00f6 A5       		.byte	-91
 276 00f7 3F       		.byte	63
 277 00f8 A6       		.byte	-90
 278 00f9 E1       		.byte	-31
 279 00fa A8       		.byte	-88
 280 00fb 18       		.byte	24
 281 00fc A9       		.byte	-87
 282 00fd 1F       		.byte	31
 283 00fe AB       		.byte	-85
 284 00ff 20       		.byte	32
 285 0100 AC       		.byte	-84
ARM GAS  C:\Users\Besitzer\AppData\Local\Temp\cccEiiPL.s 			page 6


 286 0101 C0       		.byte	-64
 287 0102 AD       		.byte	-83
 288 0103 3C       		.byte	60
 289 0104 AF       		.byte	-81
 290 0105 03       		.byte	3
 291 0106 B0       		.byte	-80
 292 0107 1F       		.byte	31
 293 0108 B1       		.byte	-79
 294 0109 0F       		.byte	15
 295 010a B2       		.byte	-78
 296 010b 38       		.byte	56
 297 010c B3       		.byte	-77
 298 010d 2C       		.byte	44
 299 010e B6       		.byte	-74
 300 010f C0       		.byte	-64
 301 0110 B7       		.byte	-73
 302 0111 10       		.byte	16
 303 0112 BA       		.byte	-70
 304 0113 0A       		.byte	10
 305 0114 BB       		.byte	-69
 306 0115 02       		.byte	2
 307 0116 BF       		.byte	-65
 308 0117 40       		.byte	64
 309 0118 D8       		.byte	-40
 310 0119 04       		.byte	4
 311 011a D9       		.byte	-39
 312 011b 04       		.byte	4
 313 011c DF       		.byte	-33
 314 011d 01       		.byte	1
 315 011e 02       		.byte	2
 316 011f 81       		.byte	-127
 317 0120 04       		.byte	4
 318 0121 40       		.byte	64
 319 0122 07       		.byte	7
 320 0123 58       		.byte	88
 321 0124 0A       		.byte	10
 322 0125 40       		.byte	64
 323 0126 0E       		.byte	14
 324 0127 40       		.byte	64
 325 0128 0F       		.byte	15
 326 0129 26       		.byte	38
 327 012a 10       		.byte	16
 328 012b 28       		.byte	40
 329 012c 11       		.byte	17
 330 012d 40       		.byte	64
 331 012e 12       		.byte	18
 332 012f 40       		.byte	64
 333 0130 14       		.byte	20
 334 0131 02       		.byte	2
 335 0132 16       		.byte	22
 336 0133 20       		.byte	32
 337 0134 17       		.byte	23
 338 0135 22       		.byte	34
 339 0136 19       		.byte	25
 340 0137 44       		.byte	68
 341 0138 1A       		.byte	26
 342 0139 40       		.byte	64
ARM GAS  C:\Users\Besitzer\AppData\Local\Temp\cccEiiPL.s 			page 7


 343 013a 1B       		.byte	27
 344 013b 10       		.byte	16
 345 013c 1E       		.byte	30
 346 013d 02       		.byte	2
 347 013e 1F       		.byte	31
 348 013f 0A       		.byte	10
 349 0140 20       		.byte	32
 350 0141 24       		.byte	36
 351 0142 21       		.byte	33
 352 0143 04       		.byte	4
 353 0144 22       		.byte	34
 354 0145 01       		.byte	1
 355 0146 25       		.byte	37
 356 0147 04       		.byte	4
 357 0148 26       		.byte	38
 358 0149 0A       		.byte	10
 359 014a 27       		.byte	39
 360 014b 41       		.byte	65
 361 014c 28       		.byte	40
 362 014d 02       		.byte	2
 363 014e 29       		.byte	41
 364 014f 48       		.byte	72
 365 0150 2A       		.byte	42
 366 0151 40       		.byte	64
 367 0152 2E       		.byte	46
 368 0153 20       		.byte	32
 369 0154 2F       		.byte	47
 370 0155 2A       		.byte	42
 371 0156 31       		.byte	49
 372 0157 08       		.byte	8
 373 0158 32       		.byte	50
 374 0159 21       		.byte	33
 375 015a 34       		.byte	52
 376 015b 02       		.byte	2
 377 015c 37       		.byte	55
 378 015d 68       		.byte	104
 379 015e 38       		.byte	56
 380 015f 20       		.byte	32
 381 0160 39       		.byte	57
 382 0161 08       		.byte	8
 383 0162 3E       		.byte	62
 384 0163 40       		.byte	64
 385 0164 3F       		.byte	63
 386 0165 25       		.byte	37
 387 0166 40       		.byte	64
 388 0167 04       		.byte	4
 389 0168 4A       		.byte	74
 390 0169 20       		.byte	32
 391 016a 50       		.byte	80
 392 016b 10       		.byte	16
 393 016c 52       		.byte	82
 394 016d 10       		.byte	16
 395 016e 53       		.byte	83
 396 016f 10       		.byte	16
 397 0170 5B       		.byte	91
 398 0171 01       		.byte	1
 399 0172 68       		.byte	104
ARM GAS  C:\Users\Besitzer\AppData\Local\Temp\cccEiiPL.s 			page 8


 400 0173 28       		.byte	40
 401 0174 69       		.byte	105
 402 0175 40       		.byte	64
 403 0176 73       		.byte	115
 404 0177 27       		.byte	39
 405 0178 83       		.byte	-125
 406 0179 12       		.byte	18
 407 017a 87       		.byte	-121
 408 017b 21       		.byte	33
 409 017c C0       		.byte	-64
 410 017d F9       		.byte	-7
 411 017e C2       		.byte	-62
 412 017f F8       		.byte	-8
 413 0180 C4       		.byte	-60
 414 0181 FF       		.byte	-1
 415 0182 CA       		.byte	-54
 416 0183 72       		.byte	114
 417 0184 CC       		.byte	-52
 418 0185 F7       		.byte	-9
 419 0186 CE       		.byte	-50
 420 0187 F6       		.byte	-10
 421 0188 D0       		.byte	-48
 422 0189 04       		.byte	4
 423 018a D6       		.byte	-42
 424 018b 01       		.byte	1
 425 018c 01       		.byte	1
 426 018d 02       		.byte	2
 427 018e 0A       		.byte	10
 428 018f 08       		.byte	8
 429 0190 0E       		.byte	14
 430 0191 02       		.byte	2
 431 0192 11       		.byte	17
 432 0193 01       		.byte	1
 433 0194 12       		.byte	18
 434 0195 04       		.byte	4
 435 0196 1A       		.byte	26
 436 0197 08       		.byte	8
 437 0198 1B       		.byte	27
 438 0199 01       		.byte	1
 439 019a 25       		.byte	37
 440 019b 01       		.byte	1
 441 019c 26       		.byte	38
 442 019d 05       		.byte	5
 443 019e 2B       		.byte	43
 444 019f 01       		.byte	1
 445 01a0 30       		.byte	48
 446 01a1 01       		.byte	1
 447 01a2 31       		.byte	49
 448 01a3 02       		.byte	2
 449 01a4 32       		.byte	50
 450 01a5 08       		.byte	8
 451 01a6 33       		.byte	51
 452 01a7 01       		.byte	1
 453 01a8 36       		.byte	54
 454 01a9 06       		.byte	6
 455 01aa 39       		.byte	57
 456 01ab 08       		.byte	8
ARM GAS  C:\Users\Besitzer\AppData\Local\Temp\cccEiiPL.s 			page 9


 457 01ac 3A       		.byte	58
 458 01ad 20       		.byte	32
 459 01ae 3E       		.byte	62
 460 01af 44       		.byte	68
 461 01b0 3F       		.byte	63
 462 01b1 01       		.byte	1
 463 01b2 40       		.byte	64
 464 01b3 56       		.byte	86
 465 01b4 41       		.byte	65
 466 01b5 02       		.byte	2
 467 01b6 42       		.byte	66
 468 01b7 03       		.byte	3
 469 01b8 44       		.byte	68
 470 01b9 01       		.byte	1
 471 01ba 45       		.byte	69
 472 01bb CE       		.byte	-50
 473 01bc 48       		.byte	72
 474 01bd 03       		.byte	3
 475 01be 49       		.byte	73
 476 01bf FF       		.byte	-1
 477 01c0 4A       		.byte	74
 478 01c1 FF       		.byte	-1
 479 01c2 4B       		.byte	75
 480 01c3 FF       		.byte	-1
 481 01c4 4C       		.byte	76
 482 01c5 62       		.byte	98
 483 01c6 4D       		.byte	77
 484 01c7 A0       		.byte	-96
 485 01c8 4E       		.byte	78
 486 01c9 F0       		.byte	-16
 487 01ca 4F       		.byte	79
 488 01cb 41       		.byte	65
 489 01cc 50       		.byte	80
 490 01cd 0C       		.byte	12
 491 01ce 54       		.byte	84
 492 01cf 18       		.byte	24
 493 01d0 58       		.byte	88
 494 01d1 04       		.byte	4
 495 01d2 59       		.byte	89
 496 01d3 04       		.byte	4
 497 01d4 5A       		.byte	90
 498 01d5 04       		.byte	4
 499 01d6 5B       		.byte	91
 500 01d7 04       		.byte	4
 501 01d8 5F       		.byte	95
 502 01d9 01       		.byte	1
 503 01da 66       		.byte	102
 504 01db 40       		.byte	64
 505 01dc 67       		.byte	103
 506 01dd 02       		.byte	2
 507 01de 69       		.byte	105
 508 01df 10       		.byte	16
 509 01e0 6A       		.byte	106
 510 01e1 30       		.byte	48
 511 01e2 6B       		.byte	107
 512 01e3 10       		.byte	16
 513 01e4 6D       		.byte	109
ARM GAS  C:\Users\Besitzer\AppData\Local\Temp\cccEiiPL.s 			page 10


 514 01e5 10       		.byte	16
 515 01e6 6E       		.byte	110
 516 01e7 10       		.byte	16
 517 01e8 6F       		.byte	111
 518 01e9 12       		.byte	18
 519 01ea 80       		.byte	-128
 520 01eb 03       		.byte	3
 521 01ec 82       		.byte	-126
 522 01ed 14       		.byte	20
 523 01ee 84       		.byte	-124
 524 01ef 13       		.byte	19
 525 01f0 85       		.byte	-123
 526 01f1 DC       		.byte	-36
 527 01f2 86       		.byte	-122
 528 01f3 0C       		.byte	12
 529 01f4 87       		.byte	-121
 530 01f5 22       		.byte	34
 531 01f6 88       		.byte	-120
 532 01f7 0A       		.byte	10
 533 01f8 8A       		.byte	-118
 534 01f9 14       		.byte	20
 535 01fa 8B       		.byte	-117
 536 01fb 20       		.byte	32
 537 01fc 8F       		.byte	-113
 538 01fd 03       		.byte	3
 539 01fe 94       		.byte	-108
 540 01ff 13       		.byte	19
 541 0200 95       		.byte	-107
 542 0201 0C       		.byte	12
 543 0202 96       		.byte	-106
 544 0203 04       		.byte	4
 545 0204 97       		.byte	-105
 546 0205 71       		.byte	113
 547 0206 99       		.byte	-103
 548 0207 10       		.byte	16
 549 0208 9B       		.byte	-101
 550 0209 40       		.byte	64
 551 020a 9D       		.byte	-99
 552 020b 09       		.byte	9
 553 020c 9E       		.byte	-98
 554 020d 08       		.byte	8
 555 020e 9F       		.byte	-97
 556 020f D0       		.byte	-48
 557 0210 A1       		.byte	-95
 558 0211 14       		.byte	20
 559 0212 A2       		.byte	-94
 560 0213 20       		.byte	32
 561 0214 A5       		.byte	-91
 562 0215 10       		.byte	16
 563 0216 A6       		.byte	-90
 564 0217 15       		.byte	21
 565 0218 A7       		.byte	-89
 566 0219 AC       		.byte	-84
 567 021a AA       		.byte	-86
 568 021b 20       		.byte	32
 569 021c B0       		.byte	-80
 570 021d 20       		.byte	32
ARM GAS  C:\Users\Besitzer\AppData\Local\Temp\cccEiiPL.s 			page 11


 571 021e B2       		.byte	-78
 572 021f 0F       		.byte	15
 573 0220 B3       		.byte	-77
 574 0221 E0       		.byte	-32
 575 0222 B6       		.byte	-74
 576 0223 10       		.byte	16
 577 0224 B7       		.byte	-73
 578 0225 1F       		.byte	31
 579 0226 BA       		.byte	-70
 580 0227 08       		.byte	8
 581 0228 BB       		.byte	-69
 582 0229 08       		.byte	8
 583 022a BE       		.byte	-66
 584 022b 41       		.byte	65
 585 022c C0       		.byte	-64
 586 022d 26       		.byte	38
 587 022e C1       		.byte	-63
 588 022f 03       		.byte	3
 589 0230 C5       		.byte	-59
 590 0231 E0       		.byte	-32
 591 0232 C6       		.byte	-58
 592 0233 0C       		.byte	12
 593 0234 C7       		.byte	-57
 594 0235 B0       		.byte	-80
 595 0236 C8       		.byte	-56
 596 0237 26       		.byte	38
 597 0238 C9       		.byte	-55
 598 0239 FF       		.byte	-1
 599 023a CA       		.byte	-54
 600 023b FF       		.byte	-1
 601 023c CB       		.byte	-53
 602 023d FF       		.byte	-1
 603 023e CE       		.byte	-50
 604 023f F0       		.byte	-16
 605 0240 CF       		.byte	-49
 606 0241 44       		.byte	68
 607 0242 D0       		.byte	-48
 608 0243 0C       		.byte	12
 609 0244 D4       		.byte	-44
 610 0245 01       		.byte	1
 611 0246 D8       		.byte	-40
 612 0247 04       		.byte	4
 613 0248 D9       		.byte	-39
 614 0249 04       		.byte	4
 615 024a DA       		.byte	-38
 616 024b 04       		.byte	4
 617 024c DB       		.byte	-37
 618 024d 04       		.byte	4
 619 024e DF       		.byte	-33
 620 024f 01       		.byte	1
 621 0250 E6       		.byte	-26
 622 0251 C0       		.byte	-64
 623 0252 EA       		.byte	-22
 624 0253 40       		.byte	64
 625 0254 EB       		.byte	-21
 626 0255 02       		.byte	2
 627 0256 00       		.byte	0
ARM GAS  C:\Users\Besitzer\AppData\Local\Temp\cccEiiPL.s 			page 12


 628 0257 24       		.byte	36
 629 0258 01       		.byte	1
 630 0259 08       		.byte	8
 631 025a 02       		.byte	2
 632 025b 40       		.byte	64
 633 025c 04       		.byte	4
 634 025d 10       		.byte	16
 635 025e 05       		.byte	5
 636 025f 40       		.byte	64
 637 0260 08       		.byte	8
 638 0261 40       		.byte	64
 639 0262 09       		.byte	9
 640 0263 08       		.byte	8
 641 0264 0A       		.byte	10
 642 0265 02       		.byte	2
 643 0266 0E       		.byte	14
 644 0267 40       		.byte	64
 645 0268 0F       		.byte	15
 646 0269 08       		.byte	8
 647 026a 10       		.byte	16
 648 026b 80       		.byte	-128
 649 026c 12       		.byte	18
 650 026d 18       		.byte	24
 651 026e 17       		.byte	23
 652 026f 08       		.byte	8
 653 0270 19       		.byte	25
 654 0271 88       		.byte	-120
 655 0272 1B       		.byte	27
 656 0273 01       		.byte	1
 657 0274 1C       		.byte	28
 658 0275 40       		.byte	64
 659 0276 1D       		.byte	29
 660 0277 A0       		.byte	-96
 661 0278 1F       		.byte	31
 662 0279 24       		.byte	36
 663 027a 20       		.byte	32
 664 027b 02       		.byte	2
 665 027c 21       		.byte	33
 666 027d 48       		.byte	72
 667 027e 24       		.byte	36
 668 027f 10       		.byte	16
 669 0280 27       		.byte	39
 670 0281 40       		.byte	64
 671 0282 29       		.byte	41
 672 0283 08       		.byte	8
 673 0284 2A       		.byte	42
 674 0285 01       		.byte	1
 675 0286 2F       		.byte	47
 676 0287 28       		.byte	40
 677 0288 30       		.byte	48
 678 0289 40       		.byte	64
 679 028a 31       		.byte	49
 680 028b 08       		.byte	8
 681 028c 32       		.byte	50
 682 028d 20       		.byte	32
 683 028e 36       		.byte	54
 684 028f 02       		.byte	2
ARM GAS  C:\Users\Besitzer\AppData\Local\Temp\cccEiiPL.s 			page 13


 685 0290 37       		.byte	55
 686 0291 10       		.byte	16
 687 0292 39       		.byte	57
 688 0293 88       		.byte	-120
 689 0294 3B       		.byte	59
 690 0295 20       		.byte	32
 691 0296 3C       		.byte	60
 692 0297 02       		.byte	2
 693 0298 40       		.byte	64
 694 0299 04       		.byte	4
 695 029a 41       		.byte	65
 696 029b 08       		.byte	8
 697 029c 45       		.byte	69
 698 029d A4       		.byte	-92
 699 029e 49       		.byte	73
 700 029f 02       		.byte	2
 701 02a0 4A       		.byte	74
 702 02a1 80       		.byte	-128
 703 02a2 4B       		.byte	75
 704 02a3 20       		.byte	32
 705 02a4 4C       		.byte	76
 706 02a5 80       		.byte	-128
 707 02a6 4E       		.byte	78
 708 02a7 02       		.byte	2
 709 02a8 4F       		.byte	79
 710 02a9 28       		.byte	40
 711 02aa 52       		.byte	82
 712 02ab 41       		.byte	65
 713 02ac 53       		.byte	83
 714 02ad 80       		.byte	-128
 715 02ae 58       		.byte	88
 716 02af 20       		.byte	32
 717 02b0 59       		.byte	89
 718 02b1 86       		.byte	-122
 719 02b2 5E       		.byte	94
 720 02b3 02       		.byte	2
 721 02b4 63       		.byte	99
 722 02b5 03       		.byte	3
 723 02b6 67       		.byte	103
 724 02b7 09       		.byte	9
 725 02b8 91       		.byte	-111
 726 02b9 08       		.byte	8
 727 02ba 92       		.byte	-110
 728 02bb 42       		.byte	66
 729 02bc 93       		.byte	-109
 730 02bd 20       		.byte	32
 731 02be 94       		.byte	-108
 732 02bf 40       		.byte	64
 733 02c0 99       		.byte	-103
 734 02c1 44       		.byte	68
 735 02c2 9A       		.byte	-102
 736 02c3 10       		.byte	16
 737 02c4 9B       		.byte	-101
 738 02c5 18       		.byte	24
 739 02c6 9D       		.byte	-99
 740 02c7 08       		.byte	8
 741 02c8 A0       		.byte	-96
ARM GAS  C:\Users\Besitzer\AppData\Local\Temp\cccEiiPL.s 			page 14


 742 02c9 10       		.byte	16
 743 02ca A1       		.byte	-95
 744 02cb 04       		.byte	4
 745 02cc A2       		.byte	-94
 746 02cd 2B       		.byte	43
 747 02ce A3       		.byte	-93
 748 02cf 18       		.byte	24
 749 02d0 A5       		.byte	-91
 750 02d1 08       		.byte	8
 751 02d2 A6       		.byte	-90
 752 02d3 80       		.byte	-128
 753 02d4 A7       		.byte	-89
 754 02d5 20       		.byte	32
 755 02d6 AA       		.byte	-86
 756 02d7 01       		.byte	1
 757 02d8 AB       		.byte	-85
 758 02d9 08       		.byte	8
 759 02da C0       		.byte	-64
 760 02db CE       		.byte	-50
 761 02dc C2       		.byte	-62
 762 02dd 55       		.byte	85
 763 02de C4       		.byte	-60
 764 02df 2E       		.byte	46
 765 02e0 CA       		.byte	-54
 766 02e1 63       		.byte	99
 767 02e2 CC       		.byte	-52
 768 02e3 AE       		.byte	-82
 769 02e4 CE       		.byte	-50
 770 02e5 8E       		.byte	-114
 771 02e6 D0       		.byte	-48
 772 02e7 76       		.byte	118
 773 02e8 D2       		.byte	-46
 774 02e9 34       		.byte	52
 775 02ea D6       		.byte	-42
 776 02eb 8F       		.byte	-113
 777 02ec D8       		.byte	-40
 778 02ed 30       		.byte	48
 779 02ee AB       		.byte	-85
 780 02ef 40       		.byte	64
 781 02f0 B0       		.byte	-80
 782 02f1 20       		.byte	32
 783 02f2 B3       		.byte	-77
 784 02f3 80       		.byte	-128
 785 02f4 E0       		.byte	-32
 786 02f5 08       		.byte	8
 787 02f6 E4       		.byte	-28
 788 02f7 01       		.byte	1
 789 02f8 EA       		.byte	-22
 790 02f9 05       		.byte	5
 791 02fa E6       		.byte	-26
 792 02fb 04       		.byte	4
 793 02fc E6       		.byte	-26
 794 02fd 04       		.byte	4
 795 02fe E0       		.byte	-32
 796 02ff 08       		.byte	8
 797 0300 E4       		.byte	-28
 798 0301 01       		.byte	1
ARM GAS  C:\Users\Besitzer\AppData\Local\Temp\cccEiiPL.s 			page 15


 799 0302 EA       		.byte	-22
 800 0303 05       		.byte	5
 801 0304 03       		.byte	3
 802 0305 10       		.byte	16
 803 0306 5B       		.byte	91
 804 0307 02       		.byte	2
 805 0308 C0       		.byte	-64
 806 0309 10       		.byte	16
 807 030a D6       		.byte	-42
 808 030b 40       		.byte	64
 809 030c 9F       		.byte	-97
 810 030d 02       		.byte	2
 811 030e AB       		.byte	-85
 812 030f 10       		.byte	16
 813 0310 E8       		.byte	-24
 814 0311 20       		.byte	32
 815 0312 3E       		.byte	62
 816 0313 10       		.byte	16
 817 0314 AB       		.byte	-85
 818 0315 02       		.byte	2
 819 0316 CE       		.byte	-50
 820 0317 20       		.byte	32
 821 0318 EE       		.byte	-18
 822 0319 80       		.byte	-128
 823 031a 96       		.byte	-106
 824 031b 10       		.byte	16
 825 031c 80       		.byte	-128
 826 031d 01       		.byte	1
 827 031e 96       		.byte	-106
 828 031f 10       		.byte	16
 829 0320 E6       		.byte	-26
 830 0321 20       		.byte	32
 831 0322 12       		.byte	18
 832 0323 20       		.byte	32
 833 0324 16       		.byte	22
 834 0325 40       		.byte	64
 835 0326 70       		.byte	112
 836 0327 01       		.byte	1
 837 0328 77       		.byte	119
 838 0329 10       		.byte	16
 839 032a 82       		.byte	-126
 840 032b 20       		.byte	32
 841 032c 86       		.byte	-122
 842 032d 40       		.byte	64
 843 032e 90       		.byte	-112
 844 032f 02       		.byte	2
 845 0330 9B       		.byte	-101
 846 0331 10       		.byte	16
 847 0332 AA       		.byte	-86
 848 0333 10       		.byte	16
 849 0334 AB       		.byte	-85
 850 0335 10       		.byte	16
 851 0336 C4       		.byte	-60
 852 0337 30       		.byte	48
 853 0338 DC       		.byte	-36
 854 0339 80       		.byte	-128
 855 033a DE       		.byte	-34
ARM GAS  C:\Users\Besitzer\AppData\Local\Temp\cccEiiPL.s 			page 16


 856 033b 20       		.byte	32
 857 033c E0       		.byte	-32
 858 033d 10       		.byte	16
 859 033e E4       		.byte	-28
 860 033f 80       		.byte	-128
 861 0340 EA       		.byte	-22
 862 0341 A0       		.byte	-96
 863 0342 12       		.byte	18
 864 0343 80       		.byte	-128
 865 0344 13       		.byte	19
 866 0345 20       		.byte	32
 867 0346 17       		.byte	23
 868 0347 08       		.byte	8
 869 0348 7B       		.byte	123
 870 0349 10       		.byte	16
 871 034a 7F       		.byte	127
 872 034b 40       		.byte	64
 873 034c 82       		.byte	-126
 874 034d 80       		.byte	-128
 875 034e C4       		.byte	-60
 876 034f 0E       		.byte	14
 877 0350 DE       		.byte	-34
 878 0351 03       		.byte	3
 879 0352 83       		.byte	-125
 880 0353 10       		.byte	16
 881 0354 87       		.byte	-121
 882 0355 40       		.byte	64
 883 0356 97       		.byte	-105
 884 0357 80       		.byte	-128
 885 0358 A7       		.byte	-89
 886 0359 10       		.byte	16
 887 035a AB       		.byte	-85
 888 035b 28       		.byte	40
 889 035c 00       		.byte	0
 890 035d 01       		.byte	1
 891 035e 08       		.byte	8
 892 035f 01       		.byte	1
 893 0360 03       		.byte	3
 894 0361 C0       		.byte	-64
 895 0362 00       		.byte	0
 896 0363 00       		.byte	0
 897 0364 00       		.byte	0
 898 0365 04       		.byte	4
 899 0366 07       		.byte	7
 900 0367 00       		.byte	0
 901 0368 03       		.byte	3
 902 0369 00       		.byte	0
 903 036a 00       		.byte	0
 904 036b 00       		.byte	0
 905 036c 04       		.byte	4
 906 036d 00       		.byte	0
 907 036e 00       		.byte	0
 908 036f 0F       		.byte	15
 909 0370 0B       		.byte	11
 910 0371 00       		.byte	0
 911 0372 00       		.byte	0
 912 0373 00       		.byte	0
ARM GAS  C:\Users\Besitzer\AppData\Local\Temp\cccEiiPL.s 			page 17


 913 0374 00       		.byte	0
 914 0375 00       		.byte	0
 915 0376 00       		.byte	0
 916 0377 00       		.byte	0
 917 0378 20       		.byte	32
 918 0379 00       		.byte	0
 919 037a 01       		.byte	1
 920 037b 20       		.byte	32
 921 037c 20       		.byte	32
 922 037d 00       		.byte	0
 923 037e 20       		.byte	32
 924 037f 00       		.byte	0
 925 0380 00       		.byte	0
 926 0381 00       		.byte	0
 927 0382 00       		.byte	0
 928 0383 00       		.byte	0
 929 0384 00       		.byte	0
 930 0385 80       		.byte	-128
 931 0386 80       		.byte	-128
 932 0387 00       		.byte	0
 933 0388 00       		.byte	0
 934 0389 00       		.byte	0
 935 038a 00       		.byte	0
 936 038b 00       		.byte	0
 937              		.section	.cywolatch,"a",%progbits
 938              		.align	2
 939              		.type	cy_meta_wonvl, %object
 940              		.size	cy_meta_wonvl, 4
 941              	cy_meta_wonvl:
 942 0000 BC       		.byte	-68
 943 0001 90       		.byte	-112
 944 0002 AC       		.byte	-84
 945 0003 AF       		.byte	-81
 946              		.section	.cycustnvl,"a",%progbits
 947              		.align	2
 948              		.type	cy_meta_custnvl, %object
 949              		.size	cy_meta_custnvl, 4
 950              	cy_meta_custnvl:
 951 0000 00       		.byte	0
 952 0001 00       		.byte	0
 953 0002 40       		.byte	64
 954 0003 05       		.byte	5
 955              		.section	.cymeta,"a",%progbits
 956              		.align	2
 957              		.type	cy_metadata, %object
 958              		.size	cy_metadata, 12
 959              	cy_metadata:
 960 0000 00       		.byte	0
 961 0001 01       		.byte	1
 962 0002 2E       		.byte	46
 963 0003 16       		.byte	22
 964 0004 00       		.byte	0
 965 0005 69       		.byte	105
 966 0006 00       		.byte	0
 967 0007 01       		.byte	1
 968 0008 00       		.byte	0
 969 0009 00       		.byte	0
ARM GAS  C:\Users\Besitzer\AppData\Local\Temp\cccEiiPL.s 			page 18


 970 000a 00       		.byte	0
 971 000b 00       		.byte	0
 972              		.section	.cyflashprotect,"a",%progbits
 973              		.align	2
 974              		.type	cy_meta_flashprotect, %object
 975              		.size	cy_meta_flashprotect, 256
 976              	cy_meta_flashprotect:
 977 0000 00000000 		.space	256
 977      00000000 
 977      00000000 
 977      00000000 
 977      00000000 
 978              		.text
 979              	.Letext0:
 980              		.file 1 "c:\\program files (x86)\\cypress\\psoc creator\\4.4\\psoc creator\\import\\gnu\\arm\\5.4.
 981              		.file 2 "c:\\program files (x86)\\cypress\\psoc creator\\4.4\\psoc creator\\import\\gnu\\arm\\5.4.
 982              		.file 3 "Generated_Source\\PSoC5\\cymetadata.c"
 983              		.section	.debug_info,"",%progbits
 984              	.Ldebug_info0:
 985 0000 31010000 		.4byte	0x131
 986 0004 0400     		.2byte	0x4
 987 0006 00000000 		.4byte	.Ldebug_abbrev0
 988 000a 04       		.byte	0x4
 989 000b 01       		.uleb128 0x1
 990 000c 37000000 		.4byte	.LASF17
 991 0010 0C       		.byte	0xc
 992 0011 BC010000 		.4byte	.LASF18
 993 0015 D7000000 		.4byte	.LASF19
 994 0019 00000000 		.4byte	.Ldebug_line0
 995 001d 02       		.uleb128 0x2
 996 001e 01       		.byte	0x1
 997 001f 06       		.byte	0x6
 998 0020 B0010000 		.4byte	.LASF0
 999 0024 03       		.uleb128 0x3
 1000 0025 00000000 		.4byte	.LASF9
 1001 0029 01       		.byte	0x1
 1002 002a 1D       		.byte	0x1d
 1003 002b 2F000000 		.4byte	0x2f
 1004 002f 02       		.uleb128 0x2
 1005 0030 01       		.byte	0x1
 1006 0031 08       		.byte	0x8
 1007 0032 29000000 		.4byte	.LASF1
 1008 0036 02       		.uleb128 0x2
 1009 0037 02       		.byte	0x2
 1010 0038 05       		.byte	0x5
 1011 0039 9D010000 		.4byte	.LASF2
 1012 003d 02       		.uleb128 0x2
 1013 003e 02       		.byte	0x2
 1014 003f 07       		.byte	0x7
 1015 0040 0A000000 		.4byte	.LASF3
 1016 0044 02       		.uleb128 0x2
 1017 0045 04       		.byte	0x4
 1018 0046 05       		.byte	0x5
 1019 0047 A7010000 		.4byte	.LASF4
 1020 004b 02       		.uleb128 0x2
 1021 004c 04       		.byte	0x4
 1022 004d 07       		.byte	0x7
ARM GAS  C:\Users\Besitzer\AppData\Local\Temp\cccEiiPL.s 			page 19


 1023 004e C5000000 		.4byte	.LASF5
 1024 0052 02       		.uleb128 0x2
 1025 0053 08       		.byte	0x8
 1026 0054 05       		.byte	0x5
 1027 0055 8F010000 		.4byte	.LASF6
 1028 0059 02       		.uleb128 0x2
 1029 005a 08       		.byte	0x8
 1030 005b 07       		.byte	0x7
 1031 005c 44010000 		.4byte	.LASF7
 1032 0060 04       		.uleb128 0x4
 1033 0061 04       		.byte	0x4
 1034 0062 05       		.byte	0x5
 1035 0063 696E7400 		.ascii	"int\000"
 1036 0067 02       		.uleb128 0x2
 1037 0068 04       		.byte	0x4
 1038 0069 07       		.byte	0x7
 1039 006a 37010000 		.4byte	.LASF8
 1040 006e 03       		.uleb128 0x3
 1041 006f 5B010000 		.4byte	.LASF10
 1042 0073 02       		.byte	0x2
 1043 0074 18       		.byte	0x18
 1044 0075 24000000 		.4byte	0x24
 1045 0079 05       		.uleb128 0x5
 1046 007a 91000000 		.4byte	0x91
 1047 007e 8A000000 		.4byte	0x8a
 1048 0082 06       		.uleb128 0x6
 1049 0083 8A000000 		.4byte	0x8a
 1050 0087 8B03     		.2byte	0x38b
 1051 0089 00       		.byte	0
 1052 008a 02       		.uleb128 0x2
 1053 008b 04       		.byte	0x4
 1054 008c 07       		.byte	0x7
 1055 008d 86010000 		.4byte	.LASF11
 1056 0091 07       		.uleb128 0x7
 1057 0092 6E000000 		.4byte	0x6e
 1058 0096 08       		.uleb128 0x8
 1059 0097 25010000 		.4byte	.LASF12
 1060 009b 03       		.byte	0x3
 1061 009c 1F       		.byte	0x1f
 1062 009d A7000000 		.4byte	0xa7
 1063 00a1 05       		.uleb128 0x5
 1064 00a2 03       		.byte	0x3
 1065 00a3 00000000 		.4byte	cy_meta_configecc
 1066 00a7 07       		.uleb128 0x7
 1067 00a8 79000000 		.4byte	0x79
 1068 00ac 05       		.uleb128 0x5
 1069 00ad 91000000 		.4byte	0x91
 1070 00b1 BC000000 		.4byte	0xbc
 1071 00b5 09       		.uleb128 0x9
 1072 00b6 8A000000 		.4byte	0x8a
 1073 00ba 03       		.byte	0x3
 1074 00bb 00       		.byte	0
 1075 00bc 08       		.uleb128 0x8
 1076 00bd 15010000 		.4byte	.LASF13
 1077 00c1 03       		.byte	0x3
 1078 00c2 9E       		.byte	0x9e
 1079 00c3 CD000000 		.4byte	0xcd
ARM GAS  C:\Users\Besitzer\AppData\Local\Temp\cccEiiPL.s 			page 20


 1080 00c7 05       		.uleb128 0x5
 1081 00c8 03       		.byte	0x3
 1082 00c9 00000000 		.4byte	cy_meta_custnvl
 1083 00cd 07       		.uleb128 0x7
 1084 00ce AC000000 		.4byte	0xac
 1085 00d2 08       		.uleb128 0x8
 1086 00d3 78010000 		.4byte	.LASF14
 1087 00d7 03       		.byte	0x3
 1088 00d8 AC       		.byte	0xac
 1089 00d9 E3000000 		.4byte	0xe3
 1090 00dd 05       		.uleb128 0x5
 1091 00de 03       		.byte	0x3
 1092 00df 00000000 		.4byte	cy_meta_wonvl
 1093 00e3 07       		.uleb128 0x7
 1094 00e4 AC000000 		.4byte	0xac
 1095 00e8 05       		.uleb128 0x5
 1096 00e9 91000000 		.4byte	0x91
 1097 00ed F8000000 		.4byte	0xf8
 1098 00f1 09       		.uleb128 0x9
 1099 00f2 8A000000 		.4byte	0x8a
 1100 00f6 FF       		.byte	0xff
 1101 00f7 00       		.byte	0
 1102 00f8 08       		.uleb128 0x8
 1103 00f9 63010000 		.4byte	.LASF15
 1104 00fd 03       		.byte	0x3
 1105 00fe BA       		.byte	0xba
 1106 00ff 09010000 		.4byte	0x109
 1107 0103 05       		.uleb128 0x5
 1108 0104 03       		.byte	0x3
 1109 0105 00000000 		.4byte	cy_meta_flashprotect
 1110 0109 07       		.uleb128 0x7
 1111 010a E8000000 		.4byte	0xe8
 1112 010e 05       		.uleb128 0x5
 1113 010f 91000000 		.4byte	0x91
 1114 0113 1E010000 		.4byte	0x11e
 1115 0117 09       		.uleb128 0x9
 1116 0118 8A000000 		.4byte	0x8a
 1117 011c 0B       		.byte	0xb
 1118 011d 00       		.byte	0
 1119 011e 08       		.uleb128 0x8
 1120 011f 1D000000 		.4byte	.LASF16
 1121 0123 03       		.byte	0x3
 1122 0124 E7       		.byte	0xe7
 1123 0125 2F010000 		.4byte	0x12f
 1124 0129 05       		.uleb128 0x5
 1125 012a 03       		.byte	0x3
 1126 012b 00000000 		.4byte	cy_metadata
 1127 012f 07       		.uleb128 0x7
 1128 0130 0E010000 		.4byte	0x10e
 1129 0134 00       		.byte	0
 1130              		.section	.debug_abbrev,"",%progbits
 1131              	.Ldebug_abbrev0:
 1132 0000 01       		.uleb128 0x1
 1133 0001 11       		.uleb128 0x11
 1134 0002 01       		.byte	0x1
 1135 0003 25       		.uleb128 0x25
 1136 0004 0E       		.uleb128 0xe
ARM GAS  C:\Users\Besitzer\AppData\Local\Temp\cccEiiPL.s 			page 21


 1137 0005 13       		.uleb128 0x13
 1138 0006 0B       		.uleb128 0xb
 1139 0007 03       		.uleb128 0x3
 1140 0008 0E       		.uleb128 0xe
 1141 0009 1B       		.uleb128 0x1b
 1142 000a 0E       		.uleb128 0xe
 1143 000b 10       		.uleb128 0x10
 1144 000c 17       		.uleb128 0x17
 1145 000d 00       		.byte	0
 1146 000e 00       		.byte	0
 1147 000f 02       		.uleb128 0x2
 1148 0010 24       		.uleb128 0x24
 1149 0011 00       		.byte	0
 1150 0012 0B       		.uleb128 0xb
 1151 0013 0B       		.uleb128 0xb
 1152 0014 3E       		.uleb128 0x3e
 1153 0015 0B       		.uleb128 0xb
 1154 0016 03       		.uleb128 0x3
 1155 0017 0E       		.uleb128 0xe
 1156 0018 00       		.byte	0
 1157 0019 00       		.byte	0
 1158 001a 03       		.uleb128 0x3
 1159 001b 16       		.uleb128 0x16
 1160 001c 00       		.byte	0
 1161 001d 03       		.uleb128 0x3
 1162 001e 0E       		.uleb128 0xe
 1163 001f 3A       		.uleb128 0x3a
 1164 0020 0B       		.uleb128 0xb
 1165 0021 3B       		.uleb128 0x3b
 1166 0022 0B       		.uleb128 0xb
 1167 0023 49       		.uleb128 0x49
 1168 0024 13       		.uleb128 0x13
 1169 0025 00       		.byte	0
 1170 0026 00       		.byte	0
 1171 0027 04       		.uleb128 0x4
 1172 0028 24       		.uleb128 0x24
 1173 0029 00       		.byte	0
 1174 002a 0B       		.uleb128 0xb
 1175 002b 0B       		.uleb128 0xb
 1176 002c 3E       		.uleb128 0x3e
 1177 002d 0B       		.uleb128 0xb
 1178 002e 03       		.uleb128 0x3
 1179 002f 08       		.uleb128 0x8
 1180 0030 00       		.byte	0
 1181 0031 00       		.byte	0
 1182 0032 05       		.uleb128 0x5
 1183 0033 01       		.uleb128 0x1
 1184 0034 01       		.byte	0x1
 1185 0035 49       		.uleb128 0x49
 1186 0036 13       		.uleb128 0x13
 1187 0037 01       		.uleb128 0x1
 1188 0038 13       		.uleb128 0x13
 1189 0039 00       		.byte	0
 1190 003a 00       		.byte	0
 1191 003b 06       		.uleb128 0x6
 1192 003c 21       		.uleb128 0x21
 1193 003d 00       		.byte	0
ARM GAS  C:\Users\Besitzer\AppData\Local\Temp\cccEiiPL.s 			page 22


 1194 003e 49       		.uleb128 0x49
 1195 003f 13       		.uleb128 0x13
 1196 0040 2F       		.uleb128 0x2f
 1197 0041 05       		.uleb128 0x5
 1198 0042 00       		.byte	0
 1199 0043 00       		.byte	0
 1200 0044 07       		.uleb128 0x7
 1201 0045 26       		.uleb128 0x26
 1202 0046 00       		.byte	0
 1203 0047 49       		.uleb128 0x49
 1204 0048 13       		.uleb128 0x13
 1205 0049 00       		.byte	0
 1206 004a 00       		.byte	0
 1207 004b 08       		.uleb128 0x8
 1208 004c 34       		.uleb128 0x34
 1209 004d 00       		.byte	0
 1210 004e 03       		.uleb128 0x3
 1211 004f 0E       		.uleb128 0xe
 1212 0050 3A       		.uleb128 0x3a
 1213 0051 0B       		.uleb128 0xb
 1214 0052 3B       		.uleb128 0x3b
 1215 0053 0B       		.uleb128 0xb
 1216 0054 49       		.uleb128 0x49
 1217 0055 13       		.uleb128 0x13
 1218 0056 3F       		.uleb128 0x3f
 1219 0057 19       		.uleb128 0x19
 1220 0058 02       		.uleb128 0x2
 1221 0059 18       		.uleb128 0x18
 1222 005a 00       		.byte	0
 1223 005b 00       		.byte	0
 1224 005c 09       		.uleb128 0x9
 1225 005d 21       		.uleb128 0x21
 1226 005e 00       		.byte	0
 1227 005f 49       		.uleb128 0x49
 1228 0060 13       		.uleb128 0x13
 1229 0061 2F       		.uleb128 0x2f
 1230 0062 0B       		.uleb128 0xb
 1231 0063 00       		.byte	0
 1232 0064 00       		.byte	0
 1233 0065 00       		.byte	0
 1234              		.section	.debug_aranges,"",%progbits
 1235 0000 14000000 		.4byte	0x14
 1236 0004 0200     		.2byte	0x2
 1237 0006 00000000 		.4byte	.Ldebug_info0
 1238 000a 04       		.byte	0x4
 1239 000b 00       		.byte	0
 1240 000c 0000     		.2byte	0
 1241 000e 0000     		.2byte	0
 1242 0010 00000000 		.4byte	0
 1243 0014 00000000 		.4byte	0
 1244              		.section	.debug_line,"",%progbits
 1245              	.Ldebug_line0:
 1246 0000 3D010000 		.section	.debug_str,"MS",%progbits,1
 1246      02003701 
 1246      00000201 
 1246      FB0E0D00 
 1246      01010101 
ARM GAS  C:\Users\Besitzer\AppData\Local\Temp\cccEiiPL.s 			page 23


 1247              	.LASF9:
 1248 0000 5F5F7569 		.ascii	"__uint8_t\000"
 1248      6E74385F 
 1248      7400
 1249              	.LASF3:
 1250 000a 73686F72 		.ascii	"short unsigned int\000"
 1250      7420756E 
 1250      7369676E 
 1250      65642069 
 1250      6E7400
 1251              	.LASF16:
 1252 001d 63795F6D 		.ascii	"cy_metadata\000"
 1252      65746164 
 1252      61746100 
 1253              	.LASF1:
 1254 0029 756E7369 		.ascii	"unsigned char\000"
 1254      676E6564 
 1254      20636861 
 1254      7200
 1255              	.LASF17:
 1256 0037 474E5520 		.ascii	"GNU C11 5.4.1 20160609 (release) [ARM/embedded-5-br"
 1256      43313120 
 1256      352E342E 
 1256      31203230 
 1256      31363036 
 1257 006a 616E6368 		.ascii	"anch revision 237715] -mcpu=cortex-m3 -mthumb -g -O"
 1257      20726576 
 1257      6973696F 
 1257      6E203233 
 1257      37373135 
 1258 009d 67202D66 		.ascii	"g -ffunction-sections -ffat-lto-objects\000"
 1258      66756E63 
 1258      74696F6E 
 1258      2D736563 
 1258      74696F6E 
 1259              	.LASF5:
 1260 00c5 6C6F6E67 		.ascii	"long unsigned int\000"
 1260      20756E73 
 1260      69676E65 
 1260      6420696E 
 1260      7400
 1261              	.LASF19:
 1262 00d7 443A5C52 		.ascii	"D:\\Repos\\QuadroCopter\\Software\\FlightController"
 1262      65706F73 
 1262      5C517561 
 1262      64726F43 
 1262      6F707465 
 1263 0106 5C535344 		.ascii	"\\SSD1306.cydsn\000"
 1263      31333036 
 1263      2E637964 
 1263      736E00
 1264              	.LASF13:
 1265 0115 63795F6D 		.ascii	"cy_meta_custnvl\000"
 1265      6574615F 
 1265      63757374 
 1265      6E766C00 
 1266              	.LASF12:
ARM GAS  C:\Users\Besitzer\AppData\Local\Temp\cccEiiPL.s 			page 24


 1267 0125 63795F6D 		.ascii	"cy_meta_configecc\000"
 1267      6574615F 
 1267      636F6E66 
 1267      69676563 
 1267      6300
 1268              	.LASF8:
 1269 0137 756E7369 		.ascii	"unsigned int\000"
 1269      676E6564 
 1269      20696E74 
 1269      00
 1270              	.LASF7:
 1271 0144 6C6F6E67 		.ascii	"long long unsigned int\000"
 1271      206C6F6E 
 1271      6720756E 
 1271      7369676E 
 1271      65642069 
 1272              	.LASF10:
 1273 015b 75696E74 		.ascii	"uint8_t\000"
 1273      385F7400 
 1274              	.LASF15:
 1275 0163 63795F6D 		.ascii	"cy_meta_flashprotect\000"
 1275      6574615F 
 1275      666C6173 
 1275      6870726F 
 1275      74656374 
 1276              	.LASF14:
 1277 0178 63795F6D 		.ascii	"cy_meta_wonvl\000"
 1277      6574615F 
 1277      776F6E76 
 1277      6C00
 1278              	.LASF11:
 1279 0186 73697A65 		.ascii	"sizetype\000"
 1279      74797065 
 1279      00
 1280              	.LASF6:
 1281 018f 6C6F6E67 		.ascii	"long long int\000"
 1281      206C6F6E 
 1281      6720696E 
 1281      7400
 1282              	.LASF2:
 1283 019d 73686F72 		.ascii	"short int\000"
 1283      7420696E 
 1283      7400
 1284              	.LASF4:
 1285 01a7 6C6F6E67 		.ascii	"long int\000"
 1285      20696E74 
 1285      00
 1286              	.LASF0:
 1287 01b0 7369676E 		.ascii	"signed char\000"
 1287      65642063 
 1287      68617200 
 1288              	.LASF18:
 1289 01bc 47656E65 		.ascii	"Generated_Source\\PSoC5\\cymetadata.c\000"
 1289      72617465 
 1289      645F536F 
 1289      75726365 
 1289      5C50536F 
ARM GAS  C:\Users\Besitzer\AppData\Local\Temp\cccEiiPL.s 			page 25


 1290              		.ident	"GCC: (GNU Tools for ARM Embedded Processors) 5.4.1 20160609 (release) [ARM/embedded-5-bran
