ARM GAS  C:\Users\Besitzer\AppData\Local\Temp\ccGsX76J.s 			page 1


   1              		.syntax unified
   2              		.cpu cortex-m3
   3              		.fpu softvfp
   4              		.eabi_attribute 20, 1
   5              		.eabi_attribute 21, 1
   6              		.eabi_attribute 23, 3
   7              		.eabi_attribute 24, 1
   8              		.eabi_attribute 25, 1
   9              		.eabi_attribute 26, 1
  10              		.eabi_attribute 30, 1
  11              		.eabi_attribute 34, 1
  12              		.eabi_attribute 18, 4
  13              		.thumb
  14              		.syntax unified
  15              		.file	"error_handling.c"
  16              		.text
  17              	.Ltext0:
  18              		.cfi_sections	.debug_frame
  19              	.Letext0:
  20              		.section	.debug_info,"",%progbits
  21              	.Ldebug_info0:
  22 0000 60000000 		.4byte	0x60
  23 0004 0400     		.2byte	0x4
  24 0006 00000000 		.4byte	.Ldebug_abbrev0
  25 000a 04       		.byte	0x4
  26 000b 01       		.uleb128 0x1
  27 000c C5000000 		.4byte	.LASF9
  28 0010 0C       		.byte	0xc
  29 0011 1F000000 		.4byte	.LASF10
  30 0015 30000000 		.4byte	.LASF11
  31 0019 00000000 		.4byte	.Ldebug_line0
  32 001d 02       		.uleb128 0x2
  33 001e 01       		.byte	0x1
  34 001f 06       		.byte	0x6
  35 0020 6E000000 		.4byte	.LASF0
  36 0024 02       		.uleb128 0x2
  37 0025 01       		.byte	0x1
  38 0026 08       		.byte	0x8
  39 0027 AE000000 		.4byte	.LASF1
  40 002b 02       		.uleb128 0x2
  41 002c 02       		.byte	0x2
  42 002d 05       		.byte	0x5
  43 002e 8D000000 		.4byte	.LASF2
  44 0032 02       		.uleb128 0x2
  45 0033 02       		.byte	0x2
  46 0034 07       		.byte	0x7
  47 0035 7A000000 		.4byte	.LASF3
  48 0039 02       		.uleb128 0x2
  49 003a 04       		.byte	0x4
  50 003b 05       		.byte	0x5
  51 003c BC000000 		.4byte	.LASF4
  52 0040 02       		.uleb128 0x2
  53 0041 04       		.byte	0x4
  54 0042 07       		.byte	0x7
  55 0043 0D000000 		.4byte	.LASF5
  56 0047 02       		.uleb128 0x2
  57 0048 08       		.byte	0x8
ARM GAS  C:\Users\Besitzer\AppData\Local\Temp\ccGsX76J.s 			page 2


  58 0049 05       		.byte	0x5
  59 004a 53010000 		.4byte	.LASF6
  60 004e 02       		.uleb128 0x2
  61 004f 08       		.byte	0x8
  62 0050 07       		.byte	0x7
  63 0051 97000000 		.4byte	.LASF7
  64 0055 03       		.uleb128 0x3
  65 0056 04       		.byte	0x4
  66 0057 05       		.byte	0x5
  67 0058 696E7400 		.ascii	"int\000"
  68 005c 02       		.uleb128 0x2
  69 005d 04       		.byte	0x4
  70 005e 07       		.byte	0x7
  71 005f 00000000 		.4byte	.LASF8
  72 0063 00       		.byte	0
  73              		.section	.debug_abbrev,"",%progbits
  74              	.Ldebug_abbrev0:
  75 0000 01       		.uleb128 0x1
  76 0001 11       		.uleb128 0x11
  77 0002 01       		.byte	0x1
  78 0003 25       		.uleb128 0x25
  79 0004 0E       		.uleb128 0xe
  80 0005 13       		.uleb128 0x13
  81 0006 0B       		.uleb128 0xb
  82 0007 03       		.uleb128 0x3
  83 0008 0E       		.uleb128 0xe
  84 0009 1B       		.uleb128 0x1b
  85 000a 0E       		.uleb128 0xe
  86 000b 10       		.uleb128 0x10
  87 000c 17       		.uleb128 0x17
  88 000d 00       		.byte	0
  89 000e 00       		.byte	0
  90 000f 02       		.uleb128 0x2
  91 0010 24       		.uleb128 0x24
  92 0011 00       		.byte	0
  93 0012 0B       		.uleb128 0xb
  94 0013 0B       		.uleb128 0xb
  95 0014 3E       		.uleb128 0x3e
  96 0015 0B       		.uleb128 0xb
  97 0016 03       		.uleb128 0x3
  98 0017 0E       		.uleb128 0xe
  99 0018 00       		.byte	0
 100 0019 00       		.byte	0
 101 001a 03       		.uleb128 0x3
 102 001b 24       		.uleb128 0x24
 103 001c 00       		.byte	0
 104 001d 0B       		.uleb128 0xb
 105 001e 0B       		.uleb128 0xb
 106 001f 3E       		.uleb128 0x3e
 107 0020 0B       		.uleb128 0xb
 108 0021 03       		.uleb128 0x3
 109 0022 08       		.uleb128 0x8
 110 0023 00       		.byte	0
 111 0024 00       		.byte	0
 112 0025 00       		.byte	0
 113              		.section	.debug_aranges,"",%progbits
 114 0000 14000000 		.4byte	0x14
ARM GAS  C:\Users\Besitzer\AppData\Local\Temp\ccGsX76J.s 			page 3


 115 0004 0200     		.2byte	0x2
 116 0006 00000000 		.4byte	.Ldebug_info0
 117 000a 04       		.byte	0x4
 118 000b 00       		.byte	0
 119 000c 0000     		.2byte	0
 120 000e 0000     		.2byte	0
 121 0010 00000000 		.4byte	0
 122 0014 00000000 		.4byte	0
 123              		.section	.debug_line,"",%progbits
 124              	.Ldebug_line0:
 125 0000 19000000 		.section	.debug_str,"MS",%progbits,1
 125      02001300 
 125      00000201 
 125      FB0E0D00 
 125      01010101 
 126              	.LASF8:
 127 0000 756E7369 		.ascii	"unsigned int\000"
 127      676E6564 
 127      20696E74 
 127      00
 128              	.LASF5:
 129 000d 6C6F6E67 		.ascii	"long unsigned int\000"
 129      20756E73 
 129      69676E65 
 129      6420696E 
 129      7400
 130              	.LASF10:
 131 001f 6572726F 		.ascii	"error_handling.c\000"
 131      725F6861 
 131      6E646C69 
 131      6E672E63 
 131      00
 132              	.LASF11:
 133 0030 443A5C52 		.ascii	"D:\\Repos\\QuadroCopter\\Software\\FlightController"
 133      65706F73 
 133      5C517561 
 133      64726F43 
 133      6F707465 
 134 005f 5C535344 		.ascii	"\\SSD1306.cydsn\000"
 134      31333036 
 134      2E637964 
 134      736E00
 135              	.LASF0:
 136 006e 7369676E 		.ascii	"signed char\000"
 136      65642063 
 136      68617200 
 137              	.LASF3:
 138 007a 73686F72 		.ascii	"short unsigned int\000"
 138      7420756E 
 138      7369676E 
 138      65642069 
 138      6E7400
 139              	.LASF2:
 140 008d 73686F72 		.ascii	"short int\000"
 140      7420696E 
 140      7400
 141              	.LASF7:
ARM GAS  C:\Users\Besitzer\AppData\Local\Temp\ccGsX76J.s 			page 4


 142 0097 6C6F6E67 		.ascii	"long long unsigned int\000"
 142      206C6F6E 
 142      6720756E 
 142      7369676E 
 142      65642069 
 143              	.LASF1:
 144 00ae 756E7369 		.ascii	"unsigned char\000"
 144      676E6564 
 144      20636861 
 144      7200
 145              	.LASF4:
 146 00bc 6C6F6E67 		.ascii	"long int\000"
 146      20696E74 
 146      00
 147              	.LASF9:
 148 00c5 474E5520 		.ascii	"GNU C11 5.4.1 20160609 (release) [ARM/embedded-5-br"
 148      43313120 
 148      352E342E 
 148      31203230 
 148      31363036 
 149 00f8 616E6368 		.ascii	"anch revision 237715] -mcpu=cortex-m3 -mthumb -g -O"
 149      20726576 
 149      6973696F 
 149      6E203233 
 149      37373135 
 150 012b 67202D66 		.ascii	"g -ffunction-sections -ffat-lto-objects\000"
 150      66756E63 
 150      74696F6E 
 150      2D736563 
 150      74696F6E 
 151              	.LASF6:
 152 0153 6C6F6E67 		.ascii	"long long int\000"
 152      206C6F6E 
 152      6720696E 
 152      7400
 153              		.ident	"GCC: (GNU Tools for ARM Embedded Processors) 5.4.1 20160609 (release) [ARM/embedded-5-bran
