ARM GAS  C:\Users\Besitzer\AppData\Local\Temp\ccENVgMx.s 			page 1


   1              		.syntax unified
   2              		.cpu cortex-m3
   3              		.fpu softvfp
   4              		.eabi_attribute 20, 1
   5              		.eabi_attribute 21, 1
   6              		.eabi_attribute 23, 3
   7              		.eabi_attribute 24, 1
   8              		.eabi_attribute 25, 1
   9              		.eabi_attribute 26, 1
  10              		.eabi_attribute 30, 1
  11              		.eabi_attribute 34, 1
  12              		.eabi_attribute 18, 4
  13              		.thumb
  14              		.syntax unified
  15              		.file	"interrupts.c"
  16              		.text
  17              	.Ltext0:
  18              		.cfi_sections	.debug_frame
  19              		.section	.text.isr_usr_btn_handling,"ax",%progbits
  20              		.align	2
  21              		.global	isr_usr_btn_handling
  22              		.thumb
  23              		.thumb_func
  24              		.type	isr_usr_btn_handling, %function
  25              	isr_usr_btn_handling:
  26              	.LFB63:
  27              		.file 1 "interrupts.c"
   1:interrupts.c  **** /***********************************************************************
   2:interrupts.c  **** *! \file:                   interrupts.c
   3:interrupts.c  **** *  \projekt:                ESP32 Basic Style
   4:interrupts.c  **** *  \created on:             26.07.2020
   5:interrupts.c  **** *  \author:                 R. Gräber
   6:interrupts.c  **** *  \version:                0
   7:interrupts.c  **** *  \history:                0
   8:interrupts.c  **** *  \brief                   handles interrupt functions
   9:interrupts.c  **** ***********************************************************************/
  10:interrupts.c  ****  
  11:interrupts.c  **** /***********************************************************************
  12:interrupts.c  **** * Includes
  13:interrupts.c  **** ***********************************************************************/
  14:interrupts.c  **** #include "interrutps.h"
  15:interrupts.c  **** #include "USR_LED.h"
  16:interrupts.c  **** /***********************************************************************
  17:interrupts.c  **** * Informations
  18:interrupts.c  **** ***********************************************************************/
  19:interrupts.c  **** //http://rtds.cse.tamu.edu/wp-content/uploads/2013/03/interrupts.pdf
  20:interrupts.c  **** /***********************************************************************
  21:interrupts.c  **** * Declarations
  22:interrupts.c  **** ***********************************************************************/
  23:interrupts.c  **** 
  24:interrupts.c  **** /***********************************************************************
  25:interrupts.c  **** * local Variable
  26:interrupts.c  **** ***********************************************************************/
  27:interrupts.c  **** 
  28:interrupts.c  **** /***********************************************************************
  29:interrupts.c  **** * Global Variable
  30:interrupts.c  **** ***********************************************************************/
ARM GAS  C:\Users\Besitzer\AppData\Local\Temp\ccENVgMx.s 			page 2


  31:interrupts.c  **** 
  32:interrupts.c  **** 
  33:interrupts.c  **** /***********************************************************************
  34:interrupts.c  **** * Constant
  35:interrupts.c  **** ***********************************************************************/
  36:interrupts.c  **** 
  37:interrupts.c  **** 
  38:interrupts.c  **** 
  39:interrupts.c  **** /***********************************************************************
  40:interrupts.c  **** *! \fn          error_type
  41:interrupts.c  **** *  \brief       return requestet boolean parameter
  42:interrupts.c  **** *  \param       uint8_t parameter
  43:interrupts.c  **** *  \exception   none
  44:interrupts.c  **** *  \return      error_type return error codes
  45:interrupts.c  **** ***********************************************************************/
  46:interrupts.c  **** CY_ISR(isr_usr_btn_handling){
  28              		.loc 1 46 0
  29              		.cfi_startproc
  30              		@ args = 0, pretend = 0, frame = 0
  31              		@ frame_needed = 0, uses_anonymous_args = 0
  32 0000 08B5     		push	{r3, lr}
  33              		.cfi_def_cfa_offset 8
  34              		.cfi_offset 3, -8
  35              		.cfi_offset 14, -4
  47:interrupts.c  ****     
  48:interrupts.c  ****     if(USR_LED_Read()){
  36              		.loc 1 48 0
  37 0002 FFF7FEFF 		bl	USR_LED_Read
  38              	.LVL0:
  39 0006 18B1     		cbz	r0, .L2
  49:interrupts.c  ****         USR_LED_Write(0);
  40              		.loc 1 49 0
  41 0008 0020     		movs	r0, #0
  42 000a FFF7FEFF 		bl	USR_LED_Write
  43              	.LVL1:
  44 000e 02E0     		b	.L3
  45              	.L2:
  50:interrupts.c  ****     }
  51:interrupts.c  ****     else{
  52:interrupts.c  ****         USR_LED_Write(1);
  46              		.loc 1 52 0
  47 0010 0120     		movs	r0, #1
  48 0012 FFF7FEFF 		bl	USR_LED_Write
  49              	.LVL2:
  50              	.L3:
  53:interrupts.c  ****     }
  54:interrupts.c  ****     CyDelay(1000);
  51              		.loc 1 54 0
  52 0016 4FF47A70 		mov	r0, #1000
  53 001a FFF7FEFF 		bl	CyDelay
  54              	.LVL3:
  55:interrupts.c  ****     USR_BTN_ClearInterrupt();
  55              		.loc 1 55 0
  56 001e FFF7FEFF 		bl	USR_BTN_ClearInterrupt
  57              	.LVL4:
  58 0022 08BD     		pop	{r3, pc}
  59              		.cfi_endproc
ARM GAS  C:\Users\Besitzer\AppData\Local\Temp\ccENVgMx.s 			page 3


  60              	.LFE63:
  61              		.size	isr_usr_btn_handling, .-isr_usr_btn_handling
  62              		.text
  63              	.Letext0:
  64              		.file 2 "c:\\program files (x86)\\cypress\\psoc creator\\4.4\\psoc creator\\import\\gnu\\arm\\5.4.
  65              		.file 3 "c:\\program files (x86)\\cypress\\psoc creator\\4.4\\psoc creator\\import\\gnu\\arm\\5.4.
  66              		.file 4 "Generated_Source\\PSoC5/USR_LED.h"
  67              		.file 5 "Generated_Source\\PSoC5/CyLib.h"
  68              		.file 6 "Generated_Source\\PSoC5/USR_BTN.h"
  69              		.file 7 "Generated_Source\\PSoC5/core_cm3.h"
  70              		.section	.debug_info,"",%progbits
  71              	.Ldebug_info0:
  72 0000 41010000 		.4byte	0x141
  73 0004 0400     		.2byte	0x4
  74 0006 00000000 		.4byte	.Ldebug_abbrev0
  75 000a 04       		.byte	0x4
  76 000b 01       		.uleb128 0x1
  77 000c 4A000000 		.4byte	.LASF20
  78 0010 0C       		.byte	0xc
  79 0011 40010000 		.4byte	.LASF21
  80 0015 B4010000 		.4byte	.LASF22
  81 0019 00000000 		.4byte	.Ldebug_ranges0+0
  82 001d 00000000 		.4byte	0
  83 0021 00000000 		.4byte	.Ldebug_line0
  84 0025 02       		.uleb128 0x2
  85 0026 01       		.byte	0x1
  86 0027 06       		.byte	0x6
  87 0028 71010000 		.4byte	.LASF0
  88 002c 02       		.uleb128 0x2
  89 002d 01       		.byte	0x1
  90 002e 08       		.byte	0x8
  91 002f 2E000000 		.4byte	.LASF1
  92 0033 02       		.uleb128 0x2
  93 0034 02       		.byte	0x2
  94 0035 05       		.byte	0x5
  95 0036 99010000 		.4byte	.LASF2
  96 003a 02       		.uleb128 0x2
  97 003b 02       		.byte	0x2
  98 003c 07       		.byte	0x7
  99 003d 0E000000 		.4byte	.LASF3
 100 0041 03       		.uleb128 0x3
 101 0042 89010000 		.4byte	.LASF9
 102 0046 02       		.byte	0x2
 103 0047 3F       		.byte	0x3f
 104 0048 4C000000 		.4byte	0x4c
 105 004c 02       		.uleb128 0x2
 106 004d 04       		.byte	0x4
 107 004e 05       		.byte	0x5
 108 004f 1B010000 		.4byte	.LASF4
 109 0053 02       		.uleb128 0x2
 110 0054 04       		.byte	0x4
 111 0055 07       		.byte	0x7
 112 0056 E0000000 		.4byte	.LASF5
 113 005a 02       		.uleb128 0x2
 114 005b 08       		.byte	0x8
 115 005c 05       		.byte	0x5
 116 005d 00000000 		.4byte	.LASF6
ARM GAS  C:\Users\Besitzer\AppData\Local\Temp\ccENVgMx.s 			page 4


 117 0061 02       		.uleb128 0x2
 118 0062 08       		.byte	0x8
 119 0063 07       		.byte	0x7
 120 0064 F2000000 		.4byte	.LASF7
 121 0068 04       		.uleb128 0x4
 122 0069 04       		.byte	0x4
 123 006a 05       		.byte	0x5
 124 006b 696E7400 		.ascii	"int\000"
 125 006f 02       		.uleb128 0x2
 126 0070 04       		.byte	0x4
 127 0071 07       		.byte	0x7
 128 0072 21000000 		.4byte	.LASF8
 129 0076 03       		.uleb128 0x3
 130 0077 A3010000 		.4byte	.LASF10
 131 007b 03       		.byte	0x3
 132 007c 2C       		.byte	0x2c
 133 007d 41000000 		.4byte	0x41
 134 0081 02       		.uleb128 0x2
 135 0082 04       		.byte	0x4
 136 0083 04       		.byte	0x4
 137 0084 93010000 		.4byte	.LASF11
 138 0088 02       		.uleb128 0x2
 139 0089 08       		.byte	0x8
 140 008a 04       		.byte	0x4
 141 008b 24010000 		.4byte	.LASF12
 142 008f 02       		.uleb128 0x2
 143 0090 01       		.byte	0x1
 144 0091 08       		.byte	0x8
 145 0092 16010000 		.4byte	.LASF13
 146 0096 02       		.uleb128 0x2
 147 0097 08       		.byte	0x8
 148 0098 04       		.byte	0x4
 149 0099 7D010000 		.4byte	.LASF14
 150 009d 02       		.uleb128 0x2
 151 009e 04       		.byte	0x4
 152 009f 07       		.byte	0x7
 153 00a0 AB010000 		.4byte	.LASF15
 154 00a4 05       		.uleb128 0x5
 155 00a5 2B010000 		.4byte	.LASF23
 156 00a9 01       		.byte	0x1
 157 00aa 2E       		.byte	0x2e
 158 00ab 00000000 		.4byte	.LFB63
 159 00af 24000000 		.4byte	.LFE63-.LFB63
 160 00b3 01       		.uleb128 0x1
 161 00b4 9C       		.byte	0x9c
 162 00b5 07010000 		.4byte	0x107
 163 00b9 06       		.uleb128 0x6
 164 00ba 06000000 		.4byte	.LVL0
 165 00be 18010000 		.4byte	0x118
 166 00c2 07       		.uleb128 0x7
 167 00c3 0E000000 		.4byte	.LVL1
 168 00c7 23010000 		.4byte	0x123
 169 00cb D5000000 		.4byte	0xd5
 170 00cf 08       		.uleb128 0x8
 171 00d0 01       		.uleb128 0x1
 172 00d1 50       		.byte	0x50
 173 00d2 01       		.uleb128 0x1
ARM GAS  C:\Users\Besitzer\AppData\Local\Temp\ccENVgMx.s 			page 5


 174 00d3 30       		.byte	0x30
 175 00d4 00       		.byte	0
 176 00d5 07       		.uleb128 0x7
 177 00d6 16000000 		.4byte	.LVL2
 178 00da 23010000 		.4byte	0x123
 179 00de E8000000 		.4byte	0xe8
 180 00e2 08       		.uleb128 0x8
 181 00e3 01       		.uleb128 0x1
 182 00e4 50       		.byte	0x50
 183 00e5 01       		.uleb128 0x1
 184 00e6 31       		.byte	0x31
 185 00e7 00       		.byte	0
 186 00e8 07       		.uleb128 0x7
 187 00e9 1E000000 		.4byte	.LVL3
 188 00ed 2E010000 		.4byte	0x12e
 189 00f1 FD000000 		.4byte	0xfd
 190 00f5 08       		.uleb128 0x8
 191 00f6 01       		.uleb128 0x1
 192 00f7 50       		.byte	0x50
 193 00f8 03       		.uleb128 0x3
 194 00f9 0A       		.byte	0xa
 195 00fa E803     		.2byte	0x3e8
 196 00fc 00       		.byte	0
 197 00fd 06       		.uleb128 0x6
 198 00fe 22000000 		.4byte	.LVL4
 199 0102 39010000 		.4byte	0x139
 200 0106 00       		.byte	0
 201 0107 09       		.uleb128 0x9
 202 0108 64010000 		.4byte	.LASF24
 203 010c 07       		.byte	0x7
 204 010d 1207     		.2byte	0x712
 205 010f 13010000 		.4byte	0x113
 206 0113 0A       		.uleb128 0xa
 207 0114 76000000 		.4byte	0x76
 208 0118 0B       		.uleb128 0xb
 209 0119 09010000 		.4byte	.LASF16
 210 011d 09010000 		.4byte	.LASF16
 211 0121 04       		.byte	0x4
 212 0122 29       		.byte	0x29
 213 0123 0B       		.uleb128 0xb
 214 0124 3C000000 		.4byte	.LASF17
 215 0128 3C000000 		.4byte	.LASF17
 216 012c 04       		.byte	0x4
 217 012d 26       		.byte	0x26
 218 012e 0B       		.uleb128 0xb
 219 012f D8000000 		.4byte	.LASF18
 220 0133 D8000000 		.4byte	.LASF18
 221 0137 05       		.byte	0x5
 222 0138 76       		.byte	0x76
 223 0139 0B       		.uleb128 0xb
 224 013a 4D010000 		.4byte	.LASF19
 225 013e 4D010000 		.4byte	.LASF19
 226 0142 06       		.byte	0x6
 227 0143 2B       		.byte	0x2b
 228 0144 00       		.byte	0
 229              		.section	.debug_abbrev,"",%progbits
 230              	.Ldebug_abbrev0:
ARM GAS  C:\Users\Besitzer\AppData\Local\Temp\ccENVgMx.s 			page 6


 231 0000 01       		.uleb128 0x1
 232 0001 11       		.uleb128 0x11
 233 0002 01       		.byte	0x1
 234 0003 25       		.uleb128 0x25
 235 0004 0E       		.uleb128 0xe
 236 0005 13       		.uleb128 0x13
 237 0006 0B       		.uleb128 0xb
 238 0007 03       		.uleb128 0x3
 239 0008 0E       		.uleb128 0xe
 240 0009 1B       		.uleb128 0x1b
 241 000a 0E       		.uleb128 0xe
 242 000b 55       		.uleb128 0x55
 243 000c 17       		.uleb128 0x17
 244 000d 11       		.uleb128 0x11
 245 000e 01       		.uleb128 0x1
 246 000f 10       		.uleb128 0x10
 247 0010 17       		.uleb128 0x17
 248 0011 00       		.byte	0
 249 0012 00       		.byte	0
 250 0013 02       		.uleb128 0x2
 251 0014 24       		.uleb128 0x24
 252 0015 00       		.byte	0
 253 0016 0B       		.uleb128 0xb
 254 0017 0B       		.uleb128 0xb
 255 0018 3E       		.uleb128 0x3e
 256 0019 0B       		.uleb128 0xb
 257 001a 03       		.uleb128 0x3
 258 001b 0E       		.uleb128 0xe
 259 001c 00       		.byte	0
 260 001d 00       		.byte	0
 261 001e 03       		.uleb128 0x3
 262 001f 16       		.uleb128 0x16
 263 0020 00       		.byte	0
 264 0021 03       		.uleb128 0x3
 265 0022 0E       		.uleb128 0xe
 266 0023 3A       		.uleb128 0x3a
 267 0024 0B       		.uleb128 0xb
 268 0025 3B       		.uleb128 0x3b
 269 0026 0B       		.uleb128 0xb
 270 0027 49       		.uleb128 0x49
 271 0028 13       		.uleb128 0x13
 272 0029 00       		.byte	0
 273 002a 00       		.byte	0
 274 002b 04       		.uleb128 0x4
 275 002c 24       		.uleb128 0x24
 276 002d 00       		.byte	0
 277 002e 0B       		.uleb128 0xb
 278 002f 0B       		.uleb128 0xb
 279 0030 3E       		.uleb128 0x3e
 280 0031 0B       		.uleb128 0xb
 281 0032 03       		.uleb128 0x3
 282 0033 08       		.uleb128 0x8
 283 0034 00       		.byte	0
 284 0035 00       		.byte	0
 285 0036 05       		.uleb128 0x5
 286 0037 2E       		.uleb128 0x2e
 287 0038 01       		.byte	0x1
ARM GAS  C:\Users\Besitzer\AppData\Local\Temp\ccENVgMx.s 			page 7


 288 0039 3F       		.uleb128 0x3f
 289 003a 19       		.uleb128 0x19
 290 003b 03       		.uleb128 0x3
 291 003c 0E       		.uleb128 0xe
 292 003d 3A       		.uleb128 0x3a
 293 003e 0B       		.uleb128 0xb
 294 003f 3B       		.uleb128 0x3b
 295 0040 0B       		.uleb128 0xb
 296 0041 27       		.uleb128 0x27
 297 0042 19       		.uleb128 0x19
 298 0043 11       		.uleb128 0x11
 299 0044 01       		.uleb128 0x1
 300 0045 12       		.uleb128 0x12
 301 0046 06       		.uleb128 0x6
 302 0047 40       		.uleb128 0x40
 303 0048 18       		.uleb128 0x18
 304 0049 9742     		.uleb128 0x2117
 305 004b 19       		.uleb128 0x19
 306 004c 01       		.uleb128 0x1
 307 004d 13       		.uleb128 0x13
 308 004e 00       		.byte	0
 309 004f 00       		.byte	0
 310 0050 06       		.uleb128 0x6
 311 0051 898201   		.uleb128 0x4109
 312 0054 00       		.byte	0
 313 0055 11       		.uleb128 0x11
 314 0056 01       		.uleb128 0x1
 315 0057 31       		.uleb128 0x31
 316 0058 13       		.uleb128 0x13
 317 0059 00       		.byte	0
 318 005a 00       		.byte	0
 319 005b 07       		.uleb128 0x7
 320 005c 898201   		.uleb128 0x4109
 321 005f 01       		.byte	0x1
 322 0060 11       		.uleb128 0x11
 323 0061 01       		.uleb128 0x1
 324 0062 31       		.uleb128 0x31
 325 0063 13       		.uleb128 0x13
 326 0064 01       		.uleb128 0x1
 327 0065 13       		.uleb128 0x13
 328 0066 00       		.byte	0
 329 0067 00       		.byte	0
 330 0068 08       		.uleb128 0x8
 331 0069 8A8201   		.uleb128 0x410a
 332 006c 00       		.byte	0
 333 006d 02       		.uleb128 0x2
 334 006e 18       		.uleb128 0x18
 335 006f 9142     		.uleb128 0x2111
 336 0071 18       		.uleb128 0x18
 337 0072 00       		.byte	0
 338 0073 00       		.byte	0
 339 0074 09       		.uleb128 0x9
 340 0075 34       		.uleb128 0x34
 341 0076 00       		.byte	0
 342 0077 03       		.uleb128 0x3
 343 0078 0E       		.uleb128 0xe
 344 0079 3A       		.uleb128 0x3a
ARM GAS  C:\Users\Besitzer\AppData\Local\Temp\ccENVgMx.s 			page 8


 345 007a 0B       		.uleb128 0xb
 346 007b 3B       		.uleb128 0x3b
 347 007c 05       		.uleb128 0x5
 348 007d 49       		.uleb128 0x49
 349 007e 13       		.uleb128 0x13
 350 007f 3F       		.uleb128 0x3f
 351 0080 19       		.uleb128 0x19
 352 0081 3C       		.uleb128 0x3c
 353 0082 19       		.uleb128 0x19
 354 0083 00       		.byte	0
 355 0084 00       		.byte	0
 356 0085 0A       		.uleb128 0xa
 357 0086 35       		.uleb128 0x35
 358 0087 00       		.byte	0
 359 0088 49       		.uleb128 0x49
 360 0089 13       		.uleb128 0x13
 361 008a 00       		.byte	0
 362 008b 00       		.byte	0
 363 008c 0B       		.uleb128 0xb
 364 008d 2E       		.uleb128 0x2e
 365 008e 00       		.byte	0
 366 008f 3F       		.uleb128 0x3f
 367 0090 19       		.uleb128 0x19
 368 0091 3C       		.uleb128 0x3c
 369 0092 19       		.uleb128 0x19
 370 0093 6E       		.uleb128 0x6e
 371 0094 0E       		.uleb128 0xe
 372 0095 03       		.uleb128 0x3
 373 0096 0E       		.uleb128 0xe
 374 0097 3A       		.uleb128 0x3a
 375 0098 0B       		.uleb128 0xb
 376 0099 3B       		.uleb128 0x3b
 377 009a 0B       		.uleb128 0xb
 378 009b 00       		.byte	0
 379 009c 00       		.byte	0
 380 009d 00       		.byte	0
 381              		.section	.debug_aranges,"",%progbits
 382 0000 1C000000 		.4byte	0x1c
 383 0004 0200     		.2byte	0x2
 384 0006 00000000 		.4byte	.Ldebug_info0
 385 000a 04       		.byte	0x4
 386 000b 00       		.byte	0
 387 000c 0000     		.2byte	0
 388 000e 0000     		.2byte	0
 389 0010 00000000 		.4byte	.LFB63
 390 0014 24000000 		.4byte	.LFE63-.LFB63
 391 0018 00000000 		.4byte	0
 392 001c 00000000 		.4byte	0
 393              		.section	.debug_ranges,"",%progbits
 394              	.Ldebug_ranges0:
 395 0000 00000000 		.4byte	.LFB63
 396 0004 24000000 		.4byte	.LFE63
 397 0008 00000000 		.4byte	0
 398 000c 00000000 		.4byte	0
 399              		.section	.debug_line,"",%progbits
 400              	.Ldebug_line0:
 401 0000 84010000 		.section	.debug_str,"MS",%progbits,1
ARM GAS  C:\Users\Besitzer\AppData\Local\Temp\ccENVgMx.s 			page 9


 401      02006A01 
 401      00000201 
 401      FB0E0D00 
 401      01010101 
 402              	.LASF6:
 403 0000 6C6F6E67 		.ascii	"long long int\000"
 403      206C6F6E 
 403      6720696E 
 403      7400
 404              	.LASF3:
 405 000e 73686F72 		.ascii	"short unsigned int\000"
 405      7420756E 
 405      7369676E 
 405      65642069 
 405      6E7400
 406              	.LASF8:
 407 0021 756E7369 		.ascii	"unsigned int\000"
 407      676E6564 
 407      20696E74 
 407      00
 408              	.LASF1:
 409 002e 756E7369 		.ascii	"unsigned char\000"
 409      676E6564 
 409      20636861 
 409      7200
 410              	.LASF17:
 411 003c 5553525F 		.ascii	"USR_LED_Write\000"
 411      4C45445F 
 411      57726974 
 411      6500
 412              	.LASF20:
 413 004a 474E5520 		.ascii	"GNU C11 5.4.1 20160609 (release) [ARM/embedded-5-br"
 413      43313120 
 413      352E342E 
 413      31203230 
 413      31363036 
 414 007d 616E6368 		.ascii	"anch revision 237715] -mcpu=cortex-m3 -mthumb -g -O"
 414      20726576 
 414      6973696F 
 414      6E203233 
 414      37373135 
 415 00b0 67202D66 		.ascii	"g -ffunction-sections -ffat-lto-objects\000"
 415      66756E63 
 415      74696F6E 
 415      2D736563 
 415      74696F6E 
 416              	.LASF18:
 417 00d8 43794465 		.ascii	"CyDelay\000"
 417      6C617900 
 418              	.LASF5:
 419 00e0 6C6F6E67 		.ascii	"long unsigned int\000"
 419      20756E73 
 419      69676E65 
 419      6420696E 
 419      7400
 420              	.LASF7:
 421 00f2 6C6F6E67 		.ascii	"long long unsigned int\000"
ARM GAS  C:\Users\Besitzer\AppData\Local\Temp\ccENVgMx.s 			page 10


 421      206C6F6E 
 421      6720756E 
 421      7369676E 
 421      65642069 
 422              	.LASF16:
 423 0109 5553525F 		.ascii	"USR_LED_Read\000"
 423      4C45445F 
 423      52656164 
 423      00
 424              	.LASF13:
 425 0116 63686172 		.ascii	"char\000"
 425      00
 426              	.LASF4:
 427 011b 6C6F6E67 		.ascii	"long int\000"
 427      20696E74 
 427      00
 428              	.LASF12:
 429 0124 646F7562 		.ascii	"double\000"
 429      6C6500
 430              	.LASF23:
 431 012b 6973725F 		.ascii	"isr_usr_btn_handling\000"
 431      7573725F 
 431      62746E5F 
 431      68616E64 
 431      6C696E67 
 432              	.LASF21:
 433 0140 696E7465 		.ascii	"interrupts.c\000"
 433      72727570 
 433      74732E63 
 433      00
 434              	.LASF19:
 435 014d 5553525F 		.ascii	"USR_BTN_ClearInterrupt\000"
 435      42544E5F 
 435      436C6561 
 435      72496E74 
 435      65727275 
 436              	.LASF24:
 437 0164 49544D5F 		.ascii	"ITM_RxBuffer\000"
 437      52784275 
 437      66666572 
 437      00
 438              	.LASF0:
 439 0171 7369676E 		.ascii	"signed char\000"
 439      65642063 
 439      68617200 
 440              	.LASF14:
 441 017d 6C6F6E67 		.ascii	"long double\000"
 441      20646F75 
 441      626C6500 
 442              	.LASF9:
 443 0189 5F5F696E 		.ascii	"__int32_t\000"
 443      7433325F 
 443      7400
 444              	.LASF11:
 445 0193 666C6F61 		.ascii	"float\000"
 445      7400
 446              	.LASF2:
ARM GAS  C:\Users\Besitzer\AppData\Local\Temp\ccENVgMx.s 			page 11


 447 0199 73686F72 		.ascii	"short int\000"
 447      7420696E 
 447      7400
 448              	.LASF10:
 449 01a3 696E7433 		.ascii	"int32_t\000"
 449      325F7400 
 450              	.LASF15:
 451 01ab 73697A65 		.ascii	"sizetype\000"
 451      74797065 
 451      00
 452              	.LASF22:
 453 01b4 443A5C52 		.ascii	"D:\\Repos\\QuadroCopter\\Software\\FlightController"
 453      65706F73 
 453      5C517561 
 453      64726F43 
 453      6F707465 
 454 01e3 5C535344 		.ascii	"\\SSD1306.cydsn\000"
 454      31333036 
 454      2E637964 
 454      736E00
 455              		.ident	"GCC: (GNU Tools for ARM Embedded Processors) 5.4.1 20160609 (release) [ARM/embedded-5-bran
