ARM GAS  C:\Users\rene_\AppData\Local\Temp\ccbhKpYh.s 			page 1


   1              		.syntax unified
   2              		.cpu cortex-m3
   3              		.fpu softvfp
   4              		.eabi_attribute 20, 1
   5              		.eabi_attribute 21, 1
   6              		.eabi_attribute 23, 3
   7              		.eabi_attribute 24, 1
   8              		.eabi_attribute 25, 1
   9              		.eabi_attribute 26, 1
  10              		.eabi_attribute 30, 1
  11              		.eabi_attribute 34, 1
  12              		.eabi_attribute 18, 4
  13              		.thumb
  14              		.syntax unified
  15              		.file	"main.c"
  16              		.text
  17              	.Ltext0:
  18              		.cfi_sections	.debug_frame
  19              		.section	.text.main,"ax",%progbits
  20              		.align	2
  21              		.global	main
  22              		.thumb
  23              		.thumb_func
  24              		.type	main, %function
  25              	main:
  26              	.LFB63:
  27              		.file 1 "main.c"
   1:main.c        **** /* ========================================
   2:main.c        ****  *
   3:main.c        ****  * Copyright YOUR COMPANY, THE YEAR
   4:main.c        ****  * All Rights Reserved
   5:main.c        ****  * UNPUBLISHED, LICENSED SOFTWARE.
   6:main.c        ****  *
   7:main.c        ****  * CONFIDENTIAL AND PROPRIETARY INFORMATION
   8:main.c        ****  * WHICH IS THE PROPERTY OF your company.
   9:main.c        ****  *
  10:main.c        ****  * ========================================
  11:main.c        **** */
  12:main.c        **** #include "project.h"
  13:main.c        **** 
  14:main.c        **** int main(void)
  15:main.c        **** {
  28              		.loc 1 15 0
  29              		.cfi_startproc
  30              		@ Volatile: function does not return.
  31              		@ args = 0, pretend = 0, frame = 0
  32              		@ frame_needed = 0, uses_anonymous_args = 0
  33 0000 08B5     		push	{r3, lr}
  34              		.cfi_def_cfa_offset 8
  35              		.cfi_offset 3, -8
  36              		.cfi_offset 14, -4
  16:main.c        ****     CyGlobalIntEnable; /* Enable global interrupts. */
  37              		.loc 1 16 0
  38              		.syntax unified
  39              	@ 16 "main.c" 1
  40 0002 62B6     		CPSIE   i
  41              	@ 0 "" 2
ARM GAS  C:\Users\rene_\AppData\Local\Temp\ccbhKpYh.s 			page 2


  17:main.c        **** 
  18:main.c        ****     /* Place your initialization/startup code here (e.g. MyInst_Start()) */
  19:main.c        ****     /*############## INIT #############################*/
  20:main.c        ****     UART_Start();
  42              		.loc 1 20 0
  43              		.thumb
  44              		.syntax unified
  45 0004 FFF7FEFF 		bl	UART_Start
  46              	.LVL0:
  21:main.c        ****     UART_PutString("QuadroCopterController E00 Start\r\n");
  47              		.loc 1 21 0
  48 0008 0948     		ldr	r0, .L4
  49 000a FFF7FEFF 		bl	UART_PutString
  50              	.LVL1:
  22:main.c        ****     UART_PutString("Init Start \r\n");
  51              		.loc 1 22 0
  52 000e 0948     		ldr	r0, .L4+4
  53 0010 FFF7FEFF 		bl	UART_PutString
  54              	.LVL2:
  23:main.c        ****     UART_DMA_TIMER_TC_ISR_Start();
  55              		.loc 1 23 0
  56 0014 FFF7FEFF 		bl	UART_DMA_TIMER_TC_ISR_Start
  57              	.LVL3:
  24:main.c        ****     UART_DMA_Clock_Start();
  58              		.loc 1 24 0
  59 0018 FFF7FEFF 		bl	UART_DMA_Clock_Start
  60              	.LVL4:
  25:main.c        ****     UART_PutString(".");
  61              		.loc 1 25 0
  62 001c 064C     		ldr	r4, .L4+8
  63 001e 2046     		mov	r0, r4
  64 0020 FFF7FEFF 		bl	UART_PutString
  65              	.LVL5:
  26:main.c        ****     UART_DMA_TIMER_Start();
  66              		.loc 1 26 0
  67 0024 FFF7FEFF 		bl	UART_DMA_TIMER_Start
  68              	.LVL6:
  27:main.c        ****     UART_PutString(".");
  69              		.loc 1 27 0
  70 0028 2046     		mov	r0, r4
  71 002a FFF7FEFF 		bl	UART_PutString
  72              	.LVL7:
  73              	.L2:
  74 002e FEE7     		b	.L2
  75              	.L5:
  76              		.align	2
  77              	.L4:
  78 0030 00000000 		.word	.LC0
  79 0034 24000000 		.word	.LC1
  80 0038 34000000 		.word	.LC2
  81              		.cfi_endproc
  82              	.LFE63:
  83              		.size	main, .-main
  84              		.section	.rodata.str1.4,"aMS",%progbits,1
  85              		.align	2
  86              	.LC0:
  87 0000 51756164 		.ascii	"QuadroCopterController E00 Start\015\012\000"
ARM GAS  C:\Users\rene_\AppData\Local\Temp\ccbhKpYh.s 			page 3


  87      726F436F 
  87      70746572 
  87      436F6E74 
  87      726F6C6C 
  88 0023 00       		.space	1
  89              	.LC1:
  90 0024 496E6974 		.ascii	"Init Start \015\012\000"
  90      20537461 
  90      7274200D 
  90      0A00
  91 0032 0000     		.space	2
  92              	.LC2:
  93 0034 2E00     		.ascii	".\000"
  94              		.text
  95              	.Letext0:
  96              		.file 2 "c:\\program files (x86)\\cypress\\psoc creator\\4.3\\psoc creator\\import\\gnu\\arm\\5.4.
  97              		.file 3 "c:\\program files (x86)\\cypress\\psoc creator\\4.3\\psoc creator\\import\\gnu\\arm\\5.4.
  98              		.file 4 "Generated_Source\\PSoC5/UART.h"
  99              		.file 5 "Generated_Source\\PSoC5/UART_DMA_TIMER_TC_ISR.h"
 100              		.file 6 "Generated_Source\\PSoC5/UART_DMA_Clock.h"
 101              		.file 7 "Generated_Source\\PSoC5/UART_DMA_TIMER.h"
 102              		.file 8 "Generated_Source\\PSoC5/core_cm3.h"
 103              		.section	.debug_info,"",%progbits
 104              	.Ldebug_info0:
 105 0000 79010000 		.4byte	0x179
 106 0004 0400     		.2byte	0x4
 107 0006 00000000 		.4byte	.Ldebug_abbrev0
 108 000a 04       		.byte	0x4
 109 000b 01       		.uleb128 0x1
 110 000c 49000000 		.4byte	.LASF21
 111 0010 0C       		.byte	0xc
 112 0011 3D000000 		.4byte	.LASF22
 113 0015 56010000 		.4byte	.LASF23
 114 0019 00000000 		.4byte	.Ldebug_ranges0+0
 115 001d 00000000 		.4byte	0
 116 0021 00000000 		.4byte	.Ldebug_line0
 117 0025 02       		.uleb128 0x2
 118 0026 01       		.byte	0x1
 119 0027 06       		.byte	0x6
 120 0028 DC010000 		.4byte	.LASF0
 121 002c 02       		.uleb128 0x2
 122 002d 01       		.byte	0x1
 123 002e 08       		.byte	0x8
 124 002f 1E010000 		.4byte	.LASF1
 125 0033 02       		.uleb128 0x2
 126 0034 02       		.byte	0x2
 127 0035 05       		.byte	0x5
 128 0036 04020000 		.4byte	.LASF2
 129 003a 02       		.uleb128 0x2
 130 003b 02       		.byte	0x2
 131 003c 07       		.byte	0x7
 132 003d 00010000 		.4byte	.LASF3
 133 0041 03       		.uleb128 0x3
 134 0042 F4010000 		.4byte	.LASF9
 135 0046 02       		.byte	0x2
 136 0047 3F       		.byte	0x3f
 137 0048 4C000000 		.4byte	0x4c
ARM GAS  C:\Users\rene_\AppData\Local\Temp\ccbhKpYh.s 			page 4


 138 004c 02       		.uleb128 0x2
 139 004d 04       		.byte	0x4
 140 004e 05       		.byte	0x5
 141 004f 4D010000 		.4byte	.LASF4
 142 0053 02       		.uleb128 0x2
 143 0054 04       		.byte	0x4
 144 0055 07       		.byte	0x7
 145 0056 D7000000 		.4byte	.LASF5
 146 005a 02       		.uleb128 0x2
 147 005b 08       		.byte	0x8
 148 005c 05       		.byte	0x5
 149 005d 00000000 		.4byte	.LASF6
 150 0061 02       		.uleb128 0x2
 151 0062 08       		.byte	0x8
 152 0063 07       		.byte	0x7
 153 0064 E9000000 		.4byte	.LASF7
 154 0068 04       		.uleb128 0x4
 155 0069 04       		.byte	0x4
 156 006a 05       		.byte	0x5
 157 006b 696E7400 		.ascii	"int\000"
 158 006f 02       		.uleb128 0x2
 159 0070 04       		.byte	0x4
 160 0071 07       		.byte	0x7
 161 0072 30000000 		.4byte	.LASF8
 162 0076 03       		.uleb128 0x3
 163 0077 0E020000 		.4byte	.LASF10
 164 007b 03       		.byte	0x3
 165 007c 2C       		.byte	0x2c
 166 007d 41000000 		.4byte	0x41
 167 0081 02       		.uleb128 0x2
 168 0082 04       		.byte	0x4
 169 0083 04       		.byte	0x4
 170 0084 FE010000 		.4byte	.LASF11
 171 0088 02       		.uleb128 0x2
 172 0089 08       		.byte	0x8
 173 008a 04       		.byte	0x4
 174 008b B1010000 		.4byte	.LASF12
 175 008f 02       		.uleb128 0x2
 176 0090 01       		.byte	0x1
 177 0091 08       		.byte	0x8
 178 0092 2C010000 		.4byte	.LASF13
 179 0096 02       		.uleb128 0x2
 180 0097 08       		.byte	0x8
 181 0098 04       		.byte	0x4
 182 0099 E8010000 		.4byte	.LASF14
 183 009d 02       		.uleb128 0x2
 184 009e 04       		.byte	0x4
 185 009f 07       		.byte	0x7
 186 00a0 16020000 		.4byte	.LASF15
 187 00a4 05       		.uleb128 0x5
 188 00a5 44000000 		.4byte	.LASF24
 189 00a9 01       		.byte	0x1
 190 00aa 0E       		.byte	0xe
 191 00ab 68000000 		.4byte	0x68
 192 00af 00000000 		.4byte	.LFB63
 193 00b3 3C000000 		.4byte	.LFE63-.LFB63
 194 00b7 01       		.uleb128 0x1
ARM GAS  C:\Users\rene_\AppData\Local\Temp\ccbhKpYh.s 			page 5


 195 00b8 9C       		.byte	0x9c
 196 00b9 34010000 		.4byte	0x134
 197 00bd 06       		.uleb128 0x6
 198 00be 08000000 		.4byte	.LVL0
 199 00c2 45010000 		.4byte	0x145
 200 00c6 07       		.uleb128 0x7
 201 00c7 0E000000 		.4byte	.LVL1
 202 00cb 50010000 		.4byte	0x150
 203 00cf DD000000 		.4byte	0xdd
 204 00d3 08       		.uleb128 0x8
 205 00d4 01       		.uleb128 0x1
 206 00d5 50       		.byte	0x50
 207 00d6 05       		.uleb128 0x5
 208 00d7 03       		.byte	0x3
 209 00d8 00000000 		.4byte	.LC0
 210 00dc 00       		.byte	0
 211 00dd 07       		.uleb128 0x7
 212 00de 14000000 		.4byte	.LVL2
 213 00e2 50010000 		.4byte	0x150
 214 00e6 F4000000 		.4byte	0xf4
 215 00ea 08       		.uleb128 0x8
 216 00eb 01       		.uleb128 0x1
 217 00ec 50       		.byte	0x50
 218 00ed 05       		.uleb128 0x5
 219 00ee 03       		.byte	0x3
 220 00ef 24000000 		.4byte	.LC1
 221 00f3 00       		.byte	0
 222 00f4 06       		.uleb128 0x6
 223 00f5 18000000 		.4byte	.LVL3
 224 00f9 5B010000 		.4byte	0x15b
 225 00fd 06       		.uleb128 0x6
 226 00fe 1C000000 		.4byte	.LVL4
 227 0102 66010000 		.4byte	0x166
 228 0106 07       		.uleb128 0x7
 229 0107 24000000 		.4byte	.LVL5
 230 010b 50010000 		.4byte	0x150
 231 010f 1A010000 		.4byte	0x11a
 232 0113 08       		.uleb128 0x8
 233 0114 01       		.uleb128 0x1
 234 0115 50       		.byte	0x50
 235 0116 02       		.uleb128 0x2
 236 0117 74       		.byte	0x74
 237 0118 00       		.sleb128 0
 238 0119 00       		.byte	0
 239 011a 06       		.uleb128 0x6
 240 011b 28000000 		.4byte	.LVL6
 241 011f 71010000 		.4byte	0x171
 242 0123 09       		.uleb128 0x9
 243 0124 2E000000 		.4byte	.LVL7
 244 0128 50010000 		.4byte	0x150
 245 012c 08       		.uleb128 0x8
 246 012d 01       		.uleb128 0x1
 247 012e 50       		.byte	0x50
 248 012f 02       		.uleb128 0x2
 249 0130 74       		.byte	0x74
 250 0131 00       		.sleb128 0
 251 0132 00       		.byte	0
ARM GAS  C:\Users\rene_\AppData\Local\Temp\ccbhKpYh.s 			page 6


 252 0133 00       		.byte	0
 253 0134 0A       		.uleb128 0xa
 254 0135 23000000 		.4byte	.LASF25
 255 0139 08       		.byte	0x8
 256 013a 1207     		.2byte	0x712
 257 013c 40010000 		.4byte	0x140
 258 0140 0B       		.uleb128 0xb
 259 0141 76000000 		.4byte	0x76
 260 0145 0C       		.uleb128 0xc
 261 0146 13010000 		.4byte	.LASF16
 262 014a 13010000 		.4byte	.LASF16
 263 014e 04       		.byte	0x4
 264 014f 54       		.byte	0x54
 265 0150 0C       		.uleb128 0xc
 266 0151 B8010000 		.4byte	.LASF17
 267 0155 B8010000 		.4byte	.LASF17
 268 0159 04       		.byte	0x4
 269 015a 8B       		.byte	0x8b
 270 015b 0C       		.uleb128 0xc
 271 015c 31010000 		.4byte	.LASF18
 272 0160 31010000 		.4byte	.LASF18
 273 0164 05       		.byte	0x5
 274 0165 17       		.byte	0x17
 275 0166 0C       		.uleb128 0xc
 276 0167 C7010000 		.4byte	.LASF19
 277 016b C7010000 		.4byte	.LASF19
 278 016f 06       		.byte	0x6
 279 0170 27       		.byte	0x27
 280 0171 0C       		.uleb128 0xc
 281 0172 0E000000 		.4byte	.LASF20
 282 0176 0E000000 		.4byte	.LASF20
 283 017a 07       		.byte	0x7
 284 017b 5A       		.byte	0x5a
 285 017c 00       		.byte	0
 286              		.section	.debug_abbrev,"",%progbits
 287              	.Ldebug_abbrev0:
 288 0000 01       		.uleb128 0x1
 289 0001 11       		.uleb128 0x11
 290 0002 01       		.byte	0x1
 291 0003 25       		.uleb128 0x25
 292 0004 0E       		.uleb128 0xe
 293 0005 13       		.uleb128 0x13
 294 0006 0B       		.uleb128 0xb
 295 0007 03       		.uleb128 0x3
 296 0008 0E       		.uleb128 0xe
 297 0009 1B       		.uleb128 0x1b
 298 000a 0E       		.uleb128 0xe
 299 000b 55       		.uleb128 0x55
 300 000c 17       		.uleb128 0x17
 301 000d 11       		.uleb128 0x11
 302 000e 01       		.uleb128 0x1
 303 000f 10       		.uleb128 0x10
 304 0010 17       		.uleb128 0x17
 305 0011 00       		.byte	0
 306 0012 00       		.byte	0
 307 0013 02       		.uleb128 0x2
 308 0014 24       		.uleb128 0x24
ARM GAS  C:\Users\rene_\AppData\Local\Temp\ccbhKpYh.s 			page 7


 309 0015 00       		.byte	0
 310 0016 0B       		.uleb128 0xb
 311 0017 0B       		.uleb128 0xb
 312 0018 3E       		.uleb128 0x3e
 313 0019 0B       		.uleb128 0xb
 314 001a 03       		.uleb128 0x3
 315 001b 0E       		.uleb128 0xe
 316 001c 00       		.byte	0
 317 001d 00       		.byte	0
 318 001e 03       		.uleb128 0x3
 319 001f 16       		.uleb128 0x16
 320 0020 00       		.byte	0
 321 0021 03       		.uleb128 0x3
 322 0022 0E       		.uleb128 0xe
 323 0023 3A       		.uleb128 0x3a
 324 0024 0B       		.uleb128 0xb
 325 0025 3B       		.uleb128 0x3b
 326 0026 0B       		.uleb128 0xb
 327 0027 49       		.uleb128 0x49
 328 0028 13       		.uleb128 0x13
 329 0029 00       		.byte	0
 330 002a 00       		.byte	0
 331 002b 04       		.uleb128 0x4
 332 002c 24       		.uleb128 0x24
 333 002d 00       		.byte	0
 334 002e 0B       		.uleb128 0xb
 335 002f 0B       		.uleb128 0xb
 336 0030 3E       		.uleb128 0x3e
 337 0031 0B       		.uleb128 0xb
 338 0032 03       		.uleb128 0x3
 339 0033 08       		.uleb128 0x8
 340 0034 00       		.byte	0
 341 0035 00       		.byte	0
 342 0036 05       		.uleb128 0x5
 343 0037 2E       		.uleb128 0x2e
 344 0038 01       		.byte	0x1
 345 0039 3F       		.uleb128 0x3f
 346 003a 19       		.uleb128 0x19
 347 003b 03       		.uleb128 0x3
 348 003c 0E       		.uleb128 0xe
 349 003d 3A       		.uleb128 0x3a
 350 003e 0B       		.uleb128 0xb
 351 003f 3B       		.uleb128 0x3b
 352 0040 0B       		.uleb128 0xb
 353 0041 27       		.uleb128 0x27
 354 0042 19       		.uleb128 0x19
 355 0043 49       		.uleb128 0x49
 356 0044 13       		.uleb128 0x13
 357 0045 8701     		.uleb128 0x87
 358 0047 19       		.uleb128 0x19
 359 0048 11       		.uleb128 0x11
 360 0049 01       		.uleb128 0x1
 361 004a 12       		.uleb128 0x12
 362 004b 06       		.uleb128 0x6
 363 004c 40       		.uleb128 0x40
 364 004d 18       		.uleb128 0x18
 365 004e 9742     		.uleb128 0x2117
ARM GAS  C:\Users\rene_\AppData\Local\Temp\ccbhKpYh.s 			page 8


 366 0050 19       		.uleb128 0x19
 367 0051 01       		.uleb128 0x1
 368 0052 13       		.uleb128 0x13
 369 0053 00       		.byte	0
 370 0054 00       		.byte	0
 371 0055 06       		.uleb128 0x6
 372 0056 898201   		.uleb128 0x4109
 373 0059 00       		.byte	0
 374 005a 11       		.uleb128 0x11
 375 005b 01       		.uleb128 0x1
 376 005c 31       		.uleb128 0x31
 377 005d 13       		.uleb128 0x13
 378 005e 00       		.byte	0
 379 005f 00       		.byte	0
 380 0060 07       		.uleb128 0x7
 381 0061 898201   		.uleb128 0x4109
 382 0064 01       		.byte	0x1
 383 0065 11       		.uleb128 0x11
 384 0066 01       		.uleb128 0x1
 385 0067 31       		.uleb128 0x31
 386 0068 13       		.uleb128 0x13
 387 0069 01       		.uleb128 0x1
 388 006a 13       		.uleb128 0x13
 389 006b 00       		.byte	0
 390 006c 00       		.byte	0
 391 006d 08       		.uleb128 0x8
 392 006e 8A8201   		.uleb128 0x410a
 393 0071 00       		.byte	0
 394 0072 02       		.uleb128 0x2
 395 0073 18       		.uleb128 0x18
 396 0074 9142     		.uleb128 0x2111
 397 0076 18       		.uleb128 0x18
 398 0077 00       		.byte	0
 399 0078 00       		.byte	0
 400 0079 09       		.uleb128 0x9
 401 007a 898201   		.uleb128 0x4109
 402 007d 01       		.byte	0x1
 403 007e 11       		.uleb128 0x11
 404 007f 01       		.uleb128 0x1
 405 0080 31       		.uleb128 0x31
 406 0081 13       		.uleb128 0x13
 407 0082 00       		.byte	0
 408 0083 00       		.byte	0
 409 0084 0A       		.uleb128 0xa
 410 0085 34       		.uleb128 0x34
 411 0086 00       		.byte	0
 412 0087 03       		.uleb128 0x3
 413 0088 0E       		.uleb128 0xe
 414 0089 3A       		.uleb128 0x3a
 415 008a 0B       		.uleb128 0xb
 416 008b 3B       		.uleb128 0x3b
 417 008c 05       		.uleb128 0x5
 418 008d 49       		.uleb128 0x49
 419 008e 13       		.uleb128 0x13
 420 008f 3F       		.uleb128 0x3f
 421 0090 19       		.uleb128 0x19
 422 0091 3C       		.uleb128 0x3c
ARM GAS  C:\Users\rene_\AppData\Local\Temp\ccbhKpYh.s 			page 9


 423 0092 19       		.uleb128 0x19
 424 0093 00       		.byte	0
 425 0094 00       		.byte	0
 426 0095 0B       		.uleb128 0xb
 427 0096 35       		.uleb128 0x35
 428 0097 00       		.byte	0
 429 0098 49       		.uleb128 0x49
 430 0099 13       		.uleb128 0x13
 431 009a 00       		.byte	0
 432 009b 00       		.byte	0
 433 009c 0C       		.uleb128 0xc
 434 009d 2E       		.uleb128 0x2e
 435 009e 00       		.byte	0
 436 009f 3F       		.uleb128 0x3f
 437 00a0 19       		.uleb128 0x19
 438 00a1 3C       		.uleb128 0x3c
 439 00a2 19       		.uleb128 0x19
 440 00a3 6E       		.uleb128 0x6e
 441 00a4 0E       		.uleb128 0xe
 442 00a5 03       		.uleb128 0x3
 443 00a6 0E       		.uleb128 0xe
 444 00a7 3A       		.uleb128 0x3a
 445 00a8 0B       		.uleb128 0xb
 446 00a9 3B       		.uleb128 0x3b
 447 00aa 0B       		.uleb128 0xb
 448 00ab 00       		.byte	0
 449 00ac 00       		.byte	0
 450 00ad 00       		.byte	0
 451              		.section	.debug_aranges,"",%progbits
 452 0000 1C000000 		.4byte	0x1c
 453 0004 0200     		.2byte	0x2
 454 0006 00000000 		.4byte	.Ldebug_info0
 455 000a 04       		.byte	0x4
 456 000b 00       		.byte	0
 457 000c 0000     		.2byte	0
 458 000e 0000     		.2byte	0
 459 0010 00000000 		.4byte	.LFB63
 460 0014 3C000000 		.4byte	.LFE63-.LFB63
 461 0018 00000000 		.4byte	0
 462 001c 00000000 		.4byte	0
 463              		.section	.debug_ranges,"",%progbits
 464              	.Ldebug_ranges0:
 465 0000 00000000 		.4byte	.LFB63
 466 0004 3C000000 		.4byte	.LFE63
 467 0008 00000000 		.4byte	0
 468 000c 00000000 		.4byte	0
 469              		.section	.debug_line,"",%progbits
 470              	.Ldebug_line0:
 471 0000 AA010000 		.section	.debug_str,"MS",%progbits,1
 471      02008C01 
 471      00000201 
 471      FB0E0D00 
 471      01010101 
 472              	.LASF6:
 473 0000 6C6F6E67 		.ascii	"long long int\000"
 473      206C6F6E 
 473      6720696E 
ARM GAS  C:\Users\rene_\AppData\Local\Temp\ccbhKpYh.s 			page 10


 473      7400
 474              	.LASF20:
 475 000e 55415254 		.ascii	"UART_DMA_TIMER_Start\000"
 475      5F444D41 
 475      5F54494D 
 475      45525F53 
 475      74617274 
 476              	.LASF25:
 477 0023 49544D5F 		.ascii	"ITM_RxBuffer\000"
 477      52784275 
 477      66666572 
 477      00
 478              	.LASF8:
 479 0030 756E7369 		.ascii	"unsigned int\000"
 479      676E6564 
 479      20696E74 
 479      00
 480              	.LASF22:
 481 003d 6D61696E 		.ascii	"main.c\000"
 481      2E6300
 482              	.LASF24:
 483 0044 6D61696E 		.ascii	"main\000"
 483      00
 484              	.LASF21:
 485 0049 474E5520 		.ascii	"GNU C11 5.4.1 20160609 (release) [ARM/embedded-5-br"
 485      43313120 
 485      352E342E 
 485      31203230 
 485      31363036 
 486 007c 616E6368 		.ascii	"anch revision 237715] -mcpu=cortex-m3 -mthumb -g -O"
 486      20726576 
 486      6973696F 
 486      6E203233 
 486      37373135 
 487 00af 67202D66 		.ascii	"g -ffunction-sections -ffat-lto-objects\000"
 487      66756E63 
 487      74696F6E 
 487      2D736563 
 487      74696F6E 
 488              	.LASF5:
 489 00d7 6C6F6E67 		.ascii	"long unsigned int\000"
 489      20756E73 
 489      69676E65 
 489      6420696E 
 489      7400
 490              	.LASF7:
 491 00e9 6C6F6E67 		.ascii	"long long unsigned int\000"
 491      206C6F6E 
 491      6720756E 
 491      7369676E 
 491      65642069 
 492              	.LASF3:
 493 0100 73686F72 		.ascii	"short unsigned int\000"
 493      7420756E 
 493      7369676E 
 493      65642069 
 493      6E7400
ARM GAS  C:\Users\rene_\AppData\Local\Temp\ccbhKpYh.s 			page 11


 494              	.LASF16:
 495 0113 55415254 		.ascii	"UART_Start\000"
 495      5F537461 
 495      727400
 496              	.LASF1:
 497 011e 756E7369 		.ascii	"unsigned char\000"
 497      676E6564 
 497      20636861 
 497      7200
 498              	.LASF13:
 499 012c 63686172 		.ascii	"char\000"
 499      00
 500              	.LASF18:
 501 0131 55415254 		.ascii	"UART_DMA_TIMER_TC_ISR_Start\000"
 501      5F444D41 
 501      5F54494D 
 501      45525F54 
 501      435F4953 
 502              	.LASF4:
 503 014d 6C6F6E67 		.ascii	"long int\000"
 503      20696E74 
 503      00
 504              	.LASF23:
 505 0156 433A5C70 		.ascii	"C:\\projekte\\repo\\QuadroCopter\\Software\\Cypress"
 505      726F6A65 
 505      6B74655C 
 505      7265706F 
 505      5C517561 
 506 0184 5F466C69 		.ascii	"_FlightController\\QuadrCopter\\Design02.cydsn\000"
 506      67687443 
 506      6F6E7472 
 506      6F6C6C65 
 506      725C5175 
 507              	.LASF12:
 508 01b1 646F7562 		.ascii	"double\000"
 508      6C6500
 509              	.LASF17:
 510 01b8 55415254 		.ascii	"UART_PutString\000"
 510      5F507574 
 510      53747269 
 510      6E6700
 511              	.LASF19:
 512 01c7 55415254 		.ascii	"UART_DMA_Clock_Start\000"
 512      5F444D41 
 512      5F436C6F 
 512      636B5F53 
 512      74617274 
 513              	.LASF0:
 514 01dc 7369676E 		.ascii	"signed char\000"
 514      65642063 
 514      68617200 
 515              	.LASF14:
 516 01e8 6C6F6E67 		.ascii	"long double\000"
 516      20646F75 
 516      626C6500 
 517              	.LASF9:
 518 01f4 5F5F696E 		.ascii	"__int32_t\000"
ARM GAS  C:\Users\rene_\AppData\Local\Temp\ccbhKpYh.s 			page 12


 518      7433325F 
 518      7400
 519              	.LASF11:
 520 01fe 666C6F61 		.ascii	"float\000"
 520      7400
 521              	.LASF2:
 522 0204 73686F72 		.ascii	"short int\000"
 522      7420696E 
 522      7400
 523              	.LASF10:
 524 020e 696E7433 		.ascii	"int32_t\000"
 524      325F7400 
 525              	.LASF15:
 526 0216 73697A65 		.ascii	"sizetype\000"
 526      74797065 
 526      00
 527              		.ident	"GCC: (GNU Tools for ARM Embedded Processors) 5.4.1 20160609 (release) [ARM/embedded-5-bran
