ARM GAS  C:\Users\rene_\AppData\Local\Temp\cchmTSk6.s 			page 1


   1              		.syntax unified
   2              		.cpu cortex-m3
   3              		.fpu softvfp
   4              		.eabi_attribute 20, 1
   5              		.eabi_attribute 21, 1
   6              		.eabi_attribute 23, 3
   7              		.eabi_attribute 24, 1
   8              		.eabi_attribute 25, 1
   9              		.eabi_attribute 26, 1
  10              		.eabi_attribute 30, 1
  11              		.eabi_attribute 34, 1
  12              		.eabi_attribute 18, 4
  13              		.thumb
  14              		.syntax unified
  15              		.file	"UART_DMA_TIMER_TC_ISR.c"
  16              		.text
  17              	.Ltext0:
  18              		.cfi_sections	.debug_frame
  19              		.section	.text.UART_DMA_TIMER_TC_ISR_SetVector,"ax",%progbits
  20              		.align	2
  21              		.global	UART_DMA_TIMER_TC_ISR_SetVector
  22              		.thumb
  23              		.thumb_func
  24              		.type	UART_DMA_TIMER_TC_ISR_SetVector, %function
  25              	UART_DMA_TIMER_TC_ISR_SetVector:
  26              	.LFB67:
  27              		.file 1 "Generated_Source\\PSoC5\\UART_DMA_TIMER_TC_ISR.c"
   1:Generated_Source\PSoC5/UART_DMA_TIMER_TC_ISR.c **** /*******************************************************************************
   2:Generated_Source\PSoC5/UART_DMA_TIMER_TC_ISR.c **** * File Name: UART_DMA_TIMER_TC_ISR.c  
   3:Generated_Source\PSoC5/UART_DMA_TIMER_TC_ISR.c **** * Version 1.70
   4:Generated_Source\PSoC5/UART_DMA_TIMER_TC_ISR.c **** *
   5:Generated_Source\PSoC5/UART_DMA_TIMER_TC_ISR.c **** *  Description:
   6:Generated_Source\PSoC5/UART_DMA_TIMER_TC_ISR.c **** *   API for controlling the state of an interrupt.
   7:Generated_Source\PSoC5/UART_DMA_TIMER_TC_ISR.c **** *
   8:Generated_Source\PSoC5/UART_DMA_TIMER_TC_ISR.c **** *
   9:Generated_Source\PSoC5/UART_DMA_TIMER_TC_ISR.c **** *  Note:
  10:Generated_Source\PSoC5/UART_DMA_TIMER_TC_ISR.c **** *
  11:Generated_Source\PSoC5/UART_DMA_TIMER_TC_ISR.c **** ********************************************************************************
  12:Generated_Source\PSoC5/UART_DMA_TIMER_TC_ISR.c **** * Copyright 2008-2015, Cypress Semiconductor Corporation.  All rights reserved.
  13:Generated_Source\PSoC5/UART_DMA_TIMER_TC_ISR.c **** * You may use this file only in accordance with the license, terms, conditions, 
  14:Generated_Source\PSoC5/UART_DMA_TIMER_TC_ISR.c **** * disclaimers, and limitations in the end user license agreement accompanying 
  15:Generated_Source\PSoC5/UART_DMA_TIMER_TC_ISR.c **** * the software package with which this file was provided.
  16:Generated_Source\PSoC5/UART_DMA_TIMER_TC_ISR.c **** *******************************************************************************/
  17:Generated_Source\PSoC5/UART_DMA_TIMER_TC_ISR.c **** 
  18:Generated_Source\PSoC5/UART_DMA_TIMER_TC_ISR.c **** 
  19:Generated_Source\PSoC5/UART_DMA_TIMER_TC_ISR.c **** #include <cydevice_trm.h>
  20:Generated_Source\PSoC5/UART_DMA_TIMER_TC_ISR.c **** #include <CyLib.h>
  21:Generated_Source\PSoC5/UART_DMA_TIMER_TC_ISR.c **** #include <UART_DMA_TIMER_TC_ISR.h>
  22:Generated_Source\PSoC5/UART_DMA_TIMER_TC_ISR.c **** #include "cyapicallbacks.h"
  23:Generated_Source\PSoC5/UART_DMA_TIMER_TC_ISR.c **** 
  24:Generated_Source\PSoC5/UART_DMA_TIMER_TC_ISR.c **** #if !defined(UART_DMA_TIMER_TC_ISR__REMOVED) /* Check for removal by optimization */
  25:Generated_Source\PSoC5/UART_DMA_TIMER_TC_ISR.c **** 
  26:Generated_Source\PSoC5/UART_DMA_TIMER_TC_ISR.c **** /*******************************************************************************
  27:Generated_Source\PSoC5/UART_DMA_TIMER_TC_ISR.c **** *  Place your includes, defines and code here 
  28:Generated_Source\PSoC5/UART_DMA_TIMER_TC_ISR.c **** ********************************************************************************/
  29:Generated_Source\PSoC5/UART_DMA_TIMER_TC_ISR.c **** /* `#START UART_DMA_TIMER_TC_ISR_intc` */
  30:Generated_Source\PSoC5/UART_DMA_TIMER_TC_ISR.c **** #include "project.h"
ARM GAS  C:\Users\rene_\AppData\Local\Temp\cchmTSk6.s 			page 2


  31:Generated_Source\PSoC5/UART_DMA_TIMER_TC_ISR.c **** /* `#END` */
  32:Generated_Source\PSoC5/UART_DMA_TIMER_TC_ISR.c **** 
  33:Generated_Source\PSoC5/UART_DMA_TIMER_TC_ISR.c **** #ifndef CYINT_IRQ_BASE
  34:Generated_Source\PSoC5/UART_DMA_TIMER_TC_ISR.c **** #define CYINT_IRQ_BASE      16
  35:Generated_Source\PSoC5/UART_DMA_TIMER_TC_ISR.c **** #endif /* CYINT_IRQ_BASE */
  36:Generated_Source\PSoC5/UART_DMA_TIMER_TC_ISR.c **** #ifndef CYINT_VECT_TABLE
  37:Generated_Source\PSoC5/UART_DMA_TIMER_TC_ISR.c **** #define CYINT_VECT_TABLE    ((cyisraddress **) CYREG_NVIC_VECT_OFFSET)
  38:Generated_Source\PSoC5/UART_DMA_TIMER_TC_ISR.c **** #endif /* CYINT_VECT_TABLE */
  39:Generated_Source\PSoC5/UART_DMA_TIMER_TC_ISR.c **** 
  40:Generated_Source\PSoC5/UART_DMA_TIMER_TC_ISR.c **** /* Declared in startup, used to set unused interrupts to. */
  41:Generated_Source\PSoC5/UART_DMA_TIMER_TC_ISR.c **** CY_ISR_PROTO(IntDefaultHandler);
  42:Generated_Source\PSoC5/UART_DMA_TIMER_TC_ISR.c **** 
  43:Generated_Source\PSoC5/UART_DMA_TIMER_TC_ISR.c **** 
  44:Generated_Source\PSoC5/UART_DMA_TIMER_TC_ISR.c **** /*******************************************************************************
  45:Generated_Source\PSoC5/UART_DMA_TIMER_TC_ISR.c **** * Function Name: UART_DMA_TIMER_TC_ISR_Start
  46:Generated_Source\PSoC5/UART_DMA_TIMER_TC_ISR.c **** ********************************************************************************
  47:Generated_Source\PSoC5/UART_DMA_TIMER_TC_ISR.c **** *
  48:Generated_Source\PSoC5/UART_DMA_TIMER_TC_ISR.c **** * Summary:
  49:Generated_Source\PSoC5/UART_DMA_TIMER_TC_ISR.c **** *  Set up the interrupt and enable it. This function disables the interrupt, 
  50:Generated_Source\PSoC5/UART_DMA_TIMER_TC_ISR.c **** *  sets the default interrupt vector, sets the priority from the value in the
  51:Generated_Source\PSoC5/UART_DMA_TIMER_TC_ISR.c **** *  Design Wide Resources Interrupt Editor, then enables the interrupt to the 
  52:Generated_Source\PSoC5/UART_DMA_TIMER_TC_ISR.c **** *  interrupt controller.
  53:Generated_Source\PSoC5/UART_DMA_TIMER_TC_ISR.c **** *
  54:Generated_Source\PSoC5/UART_DMA_TIMER_TC_ISR.c **** * Parameters:  
  55:Generated_Source\PSoC5/UART_DMA_TIMER_TC_ISR.c **** *   None
  56:Generated_Source\PSoC5/UART_DMA_TIMER_TC_ISR.c **** *
  57:Generated_Source\PSoC5/UART_DMA_TIMER_TC_ISR.c **** * Return:
  58:Generated_Source\PSoC5/UART_DMA_TIMER_TC_ISR.c **** *   None
  59:Generated_Source\PSoC5/UART_DMA_TIMER_TC_ISR.c **** *
  60:Generated_Source\PSoC5/UART_DMA_TIMER_TC_ISR.c **** *******************************************************************************/
  61:Generated_Source\PSoC5/UART_DMA_TIMER_TC_ISR.c **** void UART_DMA_TIMER_TC_ISR_Start(void)
  62:Generated_Source\PSoC5/UART_DMA_TIMER_TC_ISR.c **** {
  63:Generated_Source\PSoC5/UART_DMA_TIMER_TC_ISR.c ****     /* For all we know the interrupt is active. */
  64:Generated_Source\PSoC5/UART_DMA_TIMER_TC_ISR.c ****     UART_DMA_TIMER_TC_ISR_Disable();
  65:Generated_Source\PSoC5/UART_DMA_TIMER_TC_ISR.c **** 
  66:Generated_Source\PSoC5/UART_DMA_TIMER_TC_ISR.c ****     /* Set the ISR to point to the UART_DMA_TIMER_TC_ISR Interrupt. */
  67:Generated_Source\PSoC5/UART_DMA_TIMER_TC_ISR.c ****     UART_DMA_TIMER_TC_ISR_SetVector(&UART_DMA_TIMER_TC_ISR_Interrupt);
  68:Generated_Source\PSoC5/UART_DMA_TIMER_TC_ISR.c **** 
  69:Generated_Source\PSoC5/UART_DMA_TIMER_TC_ISR.c ****     /* Set the priority. */
  70:Generated_Source\PSoC5/UART_DMA_TIMER_TC_ISR.c ****     UART_DMA_TIMER_TC_ISR_SetPriority((uint8)UART_DMA_TIMER_TC_ISR_INTC_PRIOR_NUMBER);
  71:Generated_Source\PSoC5/UART_DMA_TIMER_TC_ISR.c **** 
  72:Generated_Source\PSoC5/UART_DMA_TIMER_TC_ISR.c ****     /* Enable it. */
  73:Generated_Source\PSoC5/UART_DMA_TIMER_TC_ISR.c ****     UART_DMA_TIMER_TC_ISR_Enable();
  74:Generated_Source\PSoC5/UART_DMA_TIMER_TC_ISR.c **** }
  75:Generated_Source\PSoC5/UART_DMA_TIMER_TC_ISR.c **** 
  76:Generated_Source\PSoC5/UART_DMA_TIMER_TC_ISR.c **** 
  77:Generated_Source\PSoC5/UART_DMA_TIMER_TC_ISR.c **** /*******************************************************************************
  78:Generated_Source\PSoC5/UART_DMA_TIMER_TC_ISR.c **** * Function Name: UART_DMA_TIMER_TC_ISR_StartEx
  79:Generated_Source\PSoC5/UART_DMA_TIMER_TC_ISR.c **** ********************************************************************************
  80:Generated_Source\PSoC5/UART_DMA_TIMER_TC_ISR.c **** *
  81:Generated_Source\PSoC5/UART_DMA_TIMER_TC_ISR.c **** * Summary:
  82:Generated_Source\PSoC5/UART_DMA_TIMER_TC_ISR.c **** *  Sets up the interrupt and enables it. This function disables the interrupt,
  83:Generated_Source\PSoC5/UART_DMA_TIMER_TC_ISR.c **** *  sets the interrupt vector based on the address passed in, sets the priority 
  84:Generated_Source\PSoC5/UART_DMA_TIMER_TC_ISR.c **** *  from the value in the Design Wide Resources Interrupt Editor, then enables 
  85:Generated_Source\PSoC5/UART_DMA_TIMER_TC_ISR.c **** *  the interrupt to the interrupt controller.
  86:Generated_Source\PSoC5/UART_DMA_TIMER_TC_ISR.c **** *  
  87:Generated_Source\PSoC5/UART_DMA_TIMER_TC_ISR.c **** *  When defining ISR functions, the CY_ISR and CY_ISR_PROTO macros should be 
ARM GAS  C:\Users\rene_\AppData\Local\Temp\cchmTSk6.s 			page 3


  88:Generated_Source\PSoC5/UART_DMA_TIMER_TC_ISR.c **** *  used to provide consistent definition across compilers:
  89:Generated_Source\PSoC5/UART_DMA_TIMER_TC_ISR.c **** *  
  90:Generated_Source\PSoC5/UART_DMA_TIMER_TC_ISR.c **** *  Function definition example:
  91:Generated_Source\PSoC5/UART_DMA_TIMER_TC_ISR.c **** *   CY_ISR(MyISR)
  92:Generated_Source\PSoC5/UART_DMA_TIMER_TC_ISR.c **** *   {
  93:Generated_Source\PSoC5/UART_DMA_TIMER_TC_ISR.c **** *   }
  94:Generated_Source\PSoC5/UART_DMA_TIMER_TC_ISR.c **** *   Function prototype example:
  95:Generated_Source\PSoC5/UART_DMA_TIMER_TC_ISR.c **** *   CY_ISR_PROTO(MyISR);
  96:Generated_Source\PSoC5/UART_DMA_TIMER_TC_ISR.c **** *
  97:Generated_Source\PSoC5/UART_DMA_TIMER_TC_ISR.c **** * Parameters:  
  98:Generated_Source\PSoC5/UART_DMA_TIMER_TC_ISR.c **** *   address: Address of the ISR to set in the interrupt vector table.
  99:Generated_Source\PSoC5/UART_DMA_TIMER_TC_ISR.c **** *
 100:Generated_Source\PSoC5/UART_DMA_TIMER_TC_ISR.c **** * Return:
 101:Generated_Source\PSoC5/UART_DMA_TIMER_TC_ISR.c **** *   None
 102:Generated_Source\PSoC5/UART_DMA_TIMER_TC_ISR.c **** *
 103:Generated_Source\PSoC5/UART_DMA_TIMER_TC_ISR.c **** *******************************************************************************/
 104:Generated_Source\PSoC5/UART_DMA_TIMER_TC_ISR.c **** void UART_DMA_TIMER_TC_ISR_StartEx(cyisraddress address)
 105:Generated_Source\PSoC5/UART_DMA_TIMER_TC_ISR.c **** {
 106:Generated_Source\PSoC5/UART_DMA_TIMER_TC_ISR.c ****     /* For all we know the interrupt is active. */
 107:Generated_Source\PSoC5/UART_DMA_TIMER_TC_ISR.c ****     UART_DMA_TIMER_TC_ISR_Disable();
 108:Generated_Source\PSoC5/UART_DMA_TIMER_TC_ISR.c **** 
 109:Generated_Source\PSoC5/UART_DMA_TIMER_TC_ISR.c ****     /* Set the ISR to point to the UART_DMA_TIMER_TC_ISR Interrupt. */
 110:Generated_Source\PSoC5/UART_DMA_TIMER_TC_ISR.c ****     UART_DMA_TIMER_TC_ISR_SetVector(address);
 111:Generated_Source\PSoC5/UART_DMA_TIMER_TC_ISR.c **** 
 112:Generated_Source\PSoC5/UART_DMA_TIMER_TC_ISR.c ****     /* Set the priority. */
 113:Generated_Source\PSoC5/UART_DMA_TIMER_TC_ISR.c ****     UART_DMA_TIMER_TC_ISR_SetPriority((uint8)UART_DMA_TIMER_TC_ISR_INTC_PRIOR_NUMBER);
 114:Generated_Source\PSoC5/UART_DMA_TIMER_TC_ISR.c **** 
 115:Generated_Source\PSoC5/UART_DMA_TIMER_TC_ISR.c ****     /* Enable it. */
 116:Generated_Source\PSoC5/UART_DMA_TIMER_TC_ISR.c ****     UART_DMA_TIMER_TC_ISR_Enable();
 117:Generated_Source\PSoC5/UART_DMA_TIMER_TC_ISR.c **** }
 118:Generated_Source\PSoC5/UART_DMA_TIMER_TC_ISR.c **** 
 119:Generated_Source\PSoC5/UART_DMA_TIMER_TC_ISR.c **** 
 120:Generated_Source\PSoC5/UART_DMA_TIMER_TC_ISR.c **** /*******************************************************************************
 121:Generated_Source\PSoC5/UART_DMA_TIMER_TC_ISR.c **** * Function Name: UART_DMA_TIMER_TC_ISR_Stop
 122:Generated_Source\PSoC5/UART_DMA_TIMER_TC_ISR.c **** ********************************************************************************
 123:Generated_Source\PSoC5/UART_DMA_TIMER_TC_ISR.c **** *
 124:Generated_Source\PSoC5/UART_DMA_TIMER_TC_ISR.c **** * Summary:
 125:Generated_Source\PSoC5/UART_DMA_TIMER_TC_ISR.c **** *   Disables and removes the interrupt.
 126:Generated_Source\PSoC5/UART_DMA_TIMER_TC_ISR.c **** *
 127:Generated_Source\PSoC5/UART_DMA_TIMER_TC_ISR.c **** * Parameters:  
 128:Generated_Source\PSoC5/UART_DMA_TIMER_TC_ISR.c **** *   None
 129:Generated_Source\PSoC5/UART_DMA_TIMER_TC_ISR.c **** *
 130:Generated_Source\PSoC5/UART_DMA_TIMER_TC_ISR.c **** * Return:
 131:Generated_Source\PSoC5/UART_DMA_TIMER_TC_ISR.c **** *   None
 132:Generated_Source\PSoC5/UART_DMA_TIMER_TC_ISR.c **** *
 133:Generated_Source\PSoC5/UART_DMA_TIMER_TC_ISR.c **** *******************************************************************************/
 134:Generated_Source\PSoC5/UART_DMA_TIMER_TC_ISR.c **** void UART_DMA_TIMER_TC_ISR_Stop(void)
 135:Generated_Source\PSoC5/UART_DMA_TIMER_TC_ISR.c **** {
 136:Generated_Source\PSoC5/UART_DMA_TIMER_TC_ISR.c ****     /* Disable this interrupt. */
 137:Generated_Source\PSoC5/UART_DMA_TIMER_TC_ISR.c ****     UART_DMA_TIMER_TC_ISR_Disable();
 138:Generated_Source\PSoC5/UART_DMA_TIMER_TC_ISR.c **** 
 139:Generated_Source\PSoC5/UART_DMA_TIMER_TC_ISR.c ****     /* Set the ISR to point to the passive one. */
 140:Generated_Source\PSoC5/UART_DMA_TIMER_TC_ISR.c ****     UART_DMA_TIMER_TC_ISR_SetVector(&IntDefaultHandler);
 141:Generated_Source\PSoC5/UART_DMA_TIMER_TC_ISR.c **** }
 142:Generated_Source\PSoC5/UART_DMA_TIMER_TC_ISR.c **** 
 143:Generated_Source\PSoC5/UART_DMA_TIMER_TC_ISR.c **** 
 144:Generated_Source\PSoC5/UART_DMA_TIMER_TC_ISR.c **** /*******************************************************************************
ARM GAS  C:\Users\rene_\AppData\Local\Temp\cchmTSk6.s 			page 4


 145:Generated_Source\PSoC5/UART_DMA_TIMER_TC_ISR.c **** * Function Name: UART_DMA_TIMER_TC_ISR_Interrupt
 146:Generated_Source\PSoC5/UART_DMA_TIMER_TC_ISR.c **** ********************************************************************************
 147:Generated_Source\PSoC5/UART_DMA_TIMER_TC_ISR.c **** *
 148:Generated_Source\PSoC5/UART_DMA_TIMER_TC_ISR.c **** * Summary:
 149:Generated_Source\PSoC5/UART_DMA_TIMER_TC_ISR.c **** *   The default Interrupt Service Routine for UART_DMA_TIMER_TC_ISR.
 150:Generated_Source\PSoC5/UART_DMA_TIMER_TC_ISR.c **** *
 151:Generated_Source\PSoC5/UART_DMA_TIMER_TC_ISR.c **** *   Add custom code between the coments to keep the next version of this file
 152:Generated_Source\PSoC5/UART_DMA_TIMER_TC_ISR.c **** *   from over writting your code.
 153:Generated_Source\PSoC5/UART_DMA_TIMER_TC_ISR.c **** *
 154:Generated_Source\PSoC5/UART_DMA_TIMER_TC_ISR.c **** * Parameters:  
 155:Generated_Source\PSoC5/UART_DMA_TIMER_TC_ISR.c **** *
 156:Generated_Source\PSoC5/UART_DMA_TIMER_TC_ISR.c **** * Return:
 157:Generated_Source\PSoC5/UART_DMA_TIMER_TC_ISR.c **** *   None
 158:Generated_Source\PSoC5/UART_DMA_TIMER_TC_ISR.c **** *
 159:Generated_Source\PSoC5/UART_DMA_TIMER_TC_ISR.c **** *******************************************************************************/
 160:Generated_Source\PSoC5/UART_DMA_TIMER_TC_ISR.c **** CY_ISR(UART_DMA_TIMER_TC_ISR_Interrupt)
 161:Generated_Source\PSoC5/UART_DMA_TIMER_TC_ISR.c **** {
 162:Generated_Source\PSoC5/UART_DMA_TIMER_TC_ISR.c ****     #ifdef UART_DMA_TIMER_TC_ISR_INTERRUPT_INTERRUPT_CALLBACK
 163:Generated_Source\PSoC5/UART_DMA_TIMER_TC_ISR.c ****         UART_DMA_TIMER_TC_ISR_Interrupt_InterruptCallback();
 164:Generated_Source\PSoC5/UART_DMA_TIMER_TC_ISR.c ****     #endif /* UART_DMA_TIMER_TC_ISR_INTERRUPT_INTERRUPT_CALLBACK */ 
 165:Generated_Source\PSoC5/UART_DMA_TIMER_TC_ISR.c **** 
 166:Generated_Source\PSoC5/UART_DMA_TIMER_TC_ISR.c ****     /*  Place your Interrupt code here. */
 167:Generated_Source\PSoC5/UART_DMA_TIMER_TC_ISR.c ****     /***************** Clear Pending INterrupts *****************************/
 168:Generated_Source\PSoC5/UART_DMA_TIMER_TC_ISR.c ****     UART_DMA_TIMER_TC_ISR_ClearPending();
 169:Generated_Source\PSoC5/UART_DMA_TIMER_TC_ISR.c ****     /*********** Read Interruptsource to Bring Trigger Down *****************/
 170:Generated_Source\PSoC5/UART_DMA_TIMER_TC_ISR.c ****     UART_DMA_TIMER_ReadStatusRegister();
 171:Generated_Source\PSoC5/UART_DMA_TIMER_TC_ISR.c ****     /************** Do Interruptaction *****/
 172:Generated_Source\PSoC5/UART_DMA_TIMER_TC_ISR.c ****     /* `#START UART_DMA_TIMER_TC_ISR_Interrupt` */
 173:Generated_Source\PSoC5/UART_DMA_TIMER_TC_ISR.c ****     LED_on_Board_Write(!LED_on_Board_Read());
 174:Generated_Source\PSoC5/UART_DMA_TIMER_TC_ISR.c ****     /* `#END` */
 175:Generated_Source\PSoC5/UART_DMA_TIMER_TC_ISR.c **** }
 176:Generated_Source\PSoC5/UART_DMA_TIMER_TC_ISR.c **** 
 177:Generated_Source\PSoC5/UART_DMA_TIMER_TC_ISR.c **** 
 178:Generated_Source\PSoC5/UART_DMA_TIMER_TC_ISR.c **** /*******************************************************************************
 179:Generated_Source\PSoC5/UART_DMA_TIMER_TC_ISR.c **** * Function Name: UART_DMA_TIMER_TC_ISR_SetVector
 180:Generated_Source\PSoC5/UART_DMA_TIMER_TC_ISR.c **** ********************************************************************************
 181:Generated_Source\PSoC5/UART_DMA_TIMER_TC_ISR.c **** *
 182:Generated_Source\PSoC5/UART_DMA_TIMER_TC_ISR.c **** * Summary:
 183:Generated_Source\PSoC5/UART_DMA_TIMER_TC_ISR.c **** *   Change the ISR vector for the Interrupt. Note calling UART_DMA_TIMER_TC_ISR_Start
 184:Generated_Source\PSoC5/UART_DMA_TIMER_TC_ISR.c **** *   will override any effect this method would have had. To set the vector 
 185:Generated_Source\PSoC5/UART_DMA_TIMER_TC_ISR.c **** *   before the component has been started use UART_DMA_TIMER_TC_ISR_StartEx instead.
 186:Generated_Source\PSoC5/UART_DMA_TIMER_TC_ISR.c **** * 
 187:Generated_Source\PSoC5/UART_DMA_TIMER_TC_ISR.c **** *   When defining ISR functions, the CY_ISR and CY_ISR_PROTO macros should be 
 188:Generated_Source\PSoC5/UART_DMA_TIMER_TC_ISR.c **** *   used to provide consistent definition across compilers:
 189:Generated_Source\PSoC5/UART_DMA_TIMER_TC_ISR.c **** *
 190:Generated_Source\PSoC5/UART_DMA_TIMER_TC_ISR.c **** *   Function definition example:
 191:Generated_Source\PSoC5/UART_DMA_TIMER_TC_ISR.c **** *   CY_ISR(MyISR)
 192:Generated_Source\PSoC5/UART_DMA_TIMER_TC_ISR.c **** *   {
 193:Generated_Source\PSoC5/UART_DMA_TIMER_TC_ISR.c **** *   }
 194:Generated_Source\PSoC5/UART_DMA_TIMER_TC_ISR.c **** *
 195:Generated_Source\PSoC5/UART_DMA_TIMER_TC_ISR.c **** *   Function prototype example:
 196:Generated_Source\PSoC5/UART_DMA_TIMER_TC_ISR.c **** *     CY_ISR_PROTO(MyISR);
 197:Generated_Source\PSoC5/UART_DMA_TIMER_TC_ISR.c **** *
 198:Generated_Source\PSoC5/UART_DMA_TIMER_TC_ISR.c **** * Parameters:
 199:Generated_Source\PSoC5/UART_DMA_TIMER_TC_ISR.c **** *   address: Address of the ISR to set in the interrupt vector table.
 200:Generated_Source\PSoC5/UART_DMA_TIMER_TC_ISR.c **** *
 201:Generated_Source\PSoC5/UART_DMA_TIMER_TC_ISR.c **** * Return:
ARM GAS  C:\Users\rene_\AppData\Local\Temp\cchmTSk6.s 			page 5


 202:Generated_Source\PSoC5/UART_DMA_TIMER_TC_ISR.c **** *   None
 203:Generated_Source\PSoC5/UART_DMA_TIMER_TC_ISR.c **** *
 204:Generated_Source\PSoC5/UART_DMA_TIMER_TC_ISR.c **** *******************************************************************************/
 205:Generated_Source\PSoC5/UART_DMA_TIMER_TC_ISR.c **** void UART_DMA_TIMER_TC_ISR_SetVector(cyisraddress address)
 206:Generated_Source\PSoC5/UART_DMA_TIMER_TC_ISR.c **** {
  28              		.loc 1 206 0
  29              		.cfi_startproc
  30              		@ args = 0, pretend = 0, frame = 0
  31              		@ frame_needed = 0, uses_anonymous_args = 0
  32              		@ link register save eliminated.
  33              	.LVL0:
 207:Generated_Source\PSoC5/UART_DMA_TIMER_TC_ISR.c ****     cyisraddress * ramVectorTable;
 208:Generated_Source\PSoC5/UART_DMA_TIMER_TC_ISR.c **** 
 209:Generated_Source\PSoC5/UART_DMA_TIMER_TC_ISR.c ****     ramVectorTable = (cyisraddress *) *CYINT_VECT_TABLE;
  34              		.loc 1 209 0
  35 0000 024B     		ldr	r3, .L2
  36 0002 1B68     		ldr	r3, [r3]
  37              	.LVL1:
 210:Generated_Source\PSoC5/UART_DMA_TIMER_TC_ISR.c **** 
 211:Generated_Source\PSoC5/UART_DMA_TIMER_TC_ISR.c ****     ramVectorTable[CYINT_IRQ_BASE + (uint32)UART_DMA_TIMER_TC_ISR__INTC_NUMBER] = address;
  38              		.loc 1 211 0
  39 0004 C3F88400 		str	r0, [r3, #132]
  40 0008 7047     		bx	lr
  41              	.L3:
  42 000a 00BF     		.align	2
  43              	.L2:
  44 000c 08ED00E0 		.word	-536810232
  45              		.cfi_endproc
  46              	.LFE67:
  47              		.size	UART_DMA_TIMER_TC_ISR_SetVector, .-UART_DMA_TIMER_TC_ISR_SetVector
  48              		.section	.text.UART_DMA_TIMER_TC_ISR_GetVector,"ax",%progbits
  49              		.align	2
  50              		.global	UART_DMA_TIMER_TC_ISR_GetVector
  51              		.thumb
  52              		.thumb_func
  53              		.type	UART_DMA_TIMER_TC_ISR_GetVector, %function
  54              	UART_DMA_TIMER_TC_ISR_GetVector:
  55              	.LFB68:
 212:Generated_Source\PSoC5/UART_DMA_TIMER_TC_ISR.c **** }
 213:Generated_Source\PSoC5/UART_DMA_TIMER_TC_ISR.c **** 
 214:Generated_Source\PSoC5/UART_DMA_TIMER_TC_ISR.c **** 
 215:Generated_Source\PSoC5/UART_DMA_TIMER_TC_ISR.c **** /*******************************************************************************
 216:Generated_Source\PSoC5/UART_DMA_TIMER_TC_ISR.c **** * Function Name: UART_DMA_TIMER_TC_ISR_GetVector
 217:Generated_Source\PSoC5/UART_DMA_TIMER_TC_ISR.c **** ********************************************************************************
 218:Generated_Source\PSoC5/UART_DMA_TIMER_TC_ISR.c **** *
 219:Generated_Source\PSoC5/UART_DMA_TIMER_TC_ISR.c **** * Summary:
 220:Generated_Source\PSoC5/UART_DMA_TIMER_TC_ISR.c **** *   Gets the "address" of the current ISR vector for the Interrupt.
 221:Generated_Source\PSoC5/UART_DMA_TIMER_TC_ISR.c **** *
 222:Generated_Source\PSoC5/UART_DMA_TIMER_TC_ISR.c **** * Parameters:
 223:Generated_Source\PSoC5/UART_DMA_TIMER_TC_ISR.c **** *   None
 224:Generated_Source\PSoC5/UART_DMA_TIMER_TC_ISR.c **** *
 225:Generated_Source\PSoC5/UART_DMA_TIMER_TC_ISR.c **** * Return:
 226:Generated_Source\PSoC5/UART_DMA_TIMER_TC_ISR.c **** *   Address of the ISR in the interrupt vector table.
 227:Generated_Source\PSoC5/UART_DMA_TIMER_TC_ISR.c **** *
 228:Generated_Source\PSoC5/UART_DMA_TIMER_TC_ISR.c **** *******************************************************************************/
 229:Generated_Source\PSoC5/UART_DMA_TIMER_TC_ISR.c **** cyisraddress UART_DMA_TIMER_TC_ISR_GetVector(void)
 230:Generated_Source\PSoC5/UART_DMA_TIMER_TC_ISR.c **** {
ARM GAS  C:\Users\rene_\AppData\Local\Temp\cchmTSk6.s 			page 6


  56              		.loc 1 230 0
  57              		.cfi_startproc
  58              		@ args = 0, pretend = 0, frame = 0
  59              		@ frame_needed = 0, uses_anonymous_args = 0
  60              		@ link register save eliminated.
 231:Generated_Source\PSoC5/UART_DMA_TIMER_TC_ISR.c ****     cyisraddress * ramVectorTable;
 232:Generated_Source\PSoC5/UART_DMA_TIMER_TC_ISR.c **** 
 233:Generated_Source\PSoC5/UART_DMA_TIMER_TC_ISR.c ****     ramVectorTable = (cyisraddress *) *CYINT_VECT_TABLE;
  61              		.loc 1 233 0
  62 0000 024B     		ldr	r3, .L5
  63 0002 1B68     		ldr	r3, [r3]
  64              	.LVL2:
 234:Generated_Source\PSoC5/UART_DMA_TIMER_TC_ISR.c **** 
 235:Generated_Source\PSoC5/UART_DMA_TIMER_TC_ISR.c ****     return ramVectorTable[CYINT_IRQ_BASE + (uint32)UART_DMA_TIMER_TC_ISR__INTC_NUMBER];
 236:Generated_Source\PSoC5/UART_DMA_TIMER_TC_ISR.c **** }
  65              		.loc 1 236 0
  66 0004 D3F88400 		ldr	r0, [r3, #132]
  67 0008 7047     		bx	lr
  68              	.L6:
  69 000a 00BF     		.align	2
  70              	.L5:
  71 000c 08ED00E0 		.word	-536810232
  72              		.cfi_endproc
  73              	.LFE68:
  74              		.size	UART_DMA_TIMER_TC_ISR_GetVector, .-UART_DMA_TIMER_TC_ISR_GetVector
  75              		.section	.text.UART_DMA_TIMER_TC_ISR_SetPriority,"ax",%progbits
  76              		.align	2
  77              		.global	UART_DMA_TIMER_TC_ISR_SetPriority
  78              		.thumb
  79              		.thumb_func
  80              		.type	UART_DMA_TIMER_TC_ISR_SetPriority, %function
  81              	UART_DMA_TIMER_TC_ISR_SetPriority:
  82              	.LFB69:
 237:Generated_Source\PSoC5/UART_DMA_TIMER_TC_ISR.c **** 
 238:Generated_Source\PSoC5/UART_DMA_TIMER_TC_ISR.c **** 
 239:Generated_Source\PSoC5/UART_DMA_TIMER_TC_ISR.c **** /*******************************************************************************
 240:Generated_Source\PSoC5/UART_DMA_TIMER_TC_ISR.c **** * Function Name: UART_DMA_TIMER_TC_ISR_SetPriority
 241:Generated_Source\PSoC5/UART_DMA_TIMER_TC_ISR.c **** ********************************************************************************
 242:Generated_Source\PSoC5/UART_DMA_TIMER_TC_ISR.c **** *
 243:Generated_Source\PSoC5/UART_DMA_TIMER_TC_ISR.c **** * Summary:
 244:Generated_Source\PSoC5/UART_DMA_TIMER_TC_ISR.c **** *   Sets the Priority of the Interrupt. 
 245:Generated_Source\PSoC5/UART_DMA_TIMER_TC_ISR.c **** *
 246:Generated_Source\PSoC5/UART_DMA_TIMER_TC_ISR.c **** *   Note calling UART_DMA_TIMER_TC_ISR_Start or UART_DMA_TIMER_TC_ISR_StartEx will 
 247:Generated_Source\PSoC5/UART_DMA_TIMER_TC_ISR.c **** *   override any effect this API would have had. This API should only be called
 248:Generated_Source\PSoC5/UART_DMA_TIMER_TC_ISR.c **** *   after UART_DMA_TIMER_TC_ISR_Start or UART_DMA_TIMER_TC_ISR_StartEx has been called. 
 249:Generated_Source\PSoC5/UART_DMA_TIMER_TC_ISR.c **** *   To set the initial priority for the component, use the Design-Wide Resources
 250:Generated_Source\PSoC5/UART_DMA_TIMER_TC_ISR.c **** *   Interrupt Editor.
 251:Generated_Source\PSoC5/UART_DMA_TIMER_TC_ISR.c **** *
 252:Generated_Source\PSoC5/UART_DMA_TIMER_TC_ISR.c **** *   Note This API has no effect on Non-maskable interrupt NMI).
 253:Generated_Source\PSoC5/UART_DMA_TIMER_TC_ISR.c **** *
 254:Generated_Source\PSoC5/UART_DMA_TIMER_TC_ISR.c **** * Parameters:
 255:Generated_Source\PSoC5/UART_DMA_TIMER_TC_ISR.c **** *   priority: Priority of the interrupt, 0 being the highest priority
 256:Generated_Source\PSoC5/UART_DMA_TIMER_TC_ISR.c **** *             PSoC 3 and PSoC 5LP: Priority is from 0 to 7.
 257:Generated_Source\PSoC5/UART_DMA_TIMER_TC_ISR.c **** *             PSoC 4: Priority is from 0 to 3.
 258:Generated_Source\PSoC5/UART_DMA_TIMER_TC_ISR.c **** *
 259:Generated_Source\PSoC5/UART_DMA_TIMER_TC_ISR.c **** * Return:
 260:Generated_Source\PSoC5/UART_DMA_TIMER_TC_ISR.c **** *   None
ARM GAS  C:\Users\rene_\AppData\Local\Temp\cchmTSk6.s 			page 7


 261:Generated_Source\PSoC5/UART_DMA_TIMER_TC_ISR.c **** *
 262:Generated_Source\PSoC5/UART_DMA_TIMER_TC_ISR.c **** *******************************************************************************/
 263:Generated_Source\PSoC5/UART_DMA_TIMER_TC_ISR.c **** void UART_DMA_TIMER_TC_ISR_SetPriority(uint8 priority)
 264:Generated_Source\PSoC5/UART_DMA_TIMER_TC_ISR.c **** {
  83              		.loc 1 264 0
  84              		.cfi_startproc
  85              		@ args = 0, pretend = 0, frame = 0
  86              		@ frame_needed = 0, uses_anonymous_args = 0
  87              		@ link register save eliminated.
  88              	.LVL3:
 265:Generated_Source\PSoC5/UART_DMA_TIMER_TC_ISR.c ****     *UART_DMA_TIMER_TC_ISR_INTC_PRIOR = priority << 5;
  89              		.loc 1 265 0
  90 0000 4001     		lsls	r0, r0, #5
  91              	.LVL4:
  92 0002 C0B2     		uxtb	r0, r0
  93 0004 014B     		ldr	r3, .L8
  94 0006 1870     		strb	r0, [r3]
  95 0008 7047     		bx	lr
  96              	.L9:
  97 000a 00BF     		.align	2
  98              	.L8:
  99 000c 11E400E0 		.word	-536812527
 100              		.cfi_endproc
 101              	.LFE69:
 102              		.size	UART_DMA_TIMER_TC_ISR_SetPriority, .-UART_DMA_TIMER_TC_ISR_SetPriority
 103              		.section	.text.UART_DMA_TIMER_TC_ISR_GetPriority,"ax",%progbits
 104              		.align	2
 105              		.global	UART_DMA_TIMER_TC_ISR_GetPriority
 106              		.thumb
 107              		.thumb_func
 108              		.type	UART_DMA_TIMER_TC_ISR_GetPriority, %function
 109              	UART_DMA_TIMER_TC_ISR_GetPriority:
 110              	.LFB70:
 266:Generated_Source\PSoC5/UART_DMA_TIMER_TC_ISR.c **** }
 267:Generated_Source\PSoC5/UART_DMA_TIMER_TC_ISR.c **** 
 268:Generated_Source\PSoC5/UART_DMA_TIMER_TC_ISR.c **** 
 269:Generated_Source\PSoC5/UART_DMA_TIMER_TC_ISR.c **** /*******************************************************************************
 270:Generated_Source\PSoC5/UART_DMA_TIMER_TC_ISR.c **** * Function Name: UART_DMA_TIMER_TC_ISR_GetPriority
 271:Generated_Source\PSoC5/UART_DMA_TIMER_TC_ISR.c **** ********************************************************************************
 272:Generated_Source\PSoC5/UART_DMA_TIMER_TC_ISR.c **** *
 273:Generated_Source\PSoC5/UART_DMA_TIMER_TC_ISR.c **** * Summary:
 274:Generated_Source\PSoC5/UART_DMA_TIMER_TC_ISR.c **** *   Gets the Priority of the Interrupt.
 275:Generated_Source\PSoC5/UART_DMA_TIMER_TC_ISR.c **** *
 276:Generated_Source\PSoC5/UART_DMA_TIMER_TC_ISR.c **** * Parameters:
 277:Generated_Source\PSoC5/UART_DMA_TIMER_TC_ISR.c **** *   None
 278:Generated_Source\PSoC5/UART_DMA_TIMER_TC_ISR.c **** *
 279:Generated_Source\PSoC5/UART_DMA_TIMER_TC_ISR.c **** * Return:
 280:Generated_Source\PSoC5/UART_DMA_TIMER_TC_ISR.c **** *   Priority of the interrupt, 0 being the highest priority
 281:Generated_Source\PSoC5/UART_DMA_TIMER_TC_ISR.c **** *    PSoC 3 and PSoC 5LP: Priority is from 0 to 7.
 282:Generated_Source\PSoC5/UART_DMA_TIMER_TC_ISR.c **** *    PSoC 4: Priority is from 0 to 3.
 283:Generated_Source\PSoC5/UART_DMA_TIMER_TC_ISR.c **** *
 284:Generated_Source\PSoC5/UART_DMA_TIMER_TC_ISR.c **** *******************************************************************************/
 285:Generated_Source\PSoC5/UART_DMA_TIMER_TC_ISR.c **** uint8 UART_DMA_TIMER_TC_ISR_GetPriority(void)
 286:Generated_Source\PSoC5/UART_DMA_TIMER_TC_ISR.c **** {
 111              		.loc 1 286 0
 112              		.cfi_startproc
 113              		@ args = 0, pretend = 0, frame = 0
ARM GAS  C:\Users\rene_\AppData\Local\Temp\cchmTSk6.s 			page 8


 114              		@ frame_needed = 0, uses_anonymous_args = 0
 115              		@ link register save eliminated.
 287:Generated_Source\PSoC5/UART_DMA_TIMER_TC_ISR.c ****     uint8 priority;
 288:Generated_Source\PSoC5/UART_DMA_TIMER_TC_ISR.c **** 
 289:Generated_Source\PSoC5/UART_DMA_TIMER_TC_ISR.c **** 
 290:Generated_Source\PSoC5/UART_DMA_TIMER_TC_ISR.c ****     priority = *UART_DMA_TIMER_TC_ISR_INTC_PRIOR >> 5;
 116              		.loc 1 290 0
 117 0000 014B     		ldr	r3, .L11
 118 0002 1878     		ldrb	r0, [r3]	@ zero_extendqisi2
 119              	.LVL5:
 291:Generated_Source\PSoC5/UART_DMA_TIMER_TC_ISR.c **** 
 292:Generated_Source\PSoC5/UART_DMA_TIMER_TC_ISR.c ****     return priority;
 293:Generated_Source\PSoC5/UART_DMA_TIMER_TC_ISR.c **** }
 120              		.loc 1 293 0
 121 0004 4009     		lsrs	r0, r0, #5
 122              	.LVL6:
 123 0006 7047     		bx	lr
 124              	.L12:
 125              		.align	2
 126              	.L11:
 127 0008 11E400E0 		.word	-536812527
 128              		.cfi_endproc
 129              	.LFE70:
 130              		.size	UART_DMA_TIMER_TC_ISR_GetPriority, .-UART_DMA_TIMER_TC_ISR_GetPriority
 131              		.section	.text.UART_DMA_TIMER_TC_ISR_Enable,"ax",%progbits
 132              		.align	2
 133              		.global	UART_DMA_TIMER_TC_ISR_Enable
 134              		.thumb
 135              		.thumb_func
 136              		.type	UART_DMA_TIMER_TC_ISR_Enable, %function
 137              	UART_DMA_TIMER_TC_ISR_Enable:
 138              	.LFB71:
 294:Generated_Source\PSoC5/UART_DMA_TIMER_TC_ISR.c **** 
 295:Generated_Source\PSoC5/UART_DMA_TIMER_TC_ISR.c **** 
 296:Generated_Source\PSoC5/UART_DMA_TIMER_TC_ISR.c **** /*******************************************************************************
 297:Generated_Source\PSoC5/UART_DMA_TIMER_TC_ISR.c **** * Function Name: UART_DMA_TIMER_TC_ISR_Enable
 298:Generated_Source\PSoC5/UART_DMA_TIMER_TC_ISR.c **** ********************************************************************************
 299:Generated_Source\PSoC5/UART_DMA_TIMER_TC_ISR.c **** *
 300:Generated_Source\PSoC5/UART_DMA_TIMER_TC_ISR.c **** * Summary:
 301:Generated_Source\PSoC5/UART_DMA_TIMER_TC_ISR.c **** *   Enables the interrupt to the interrupt controller. Do not call this function
 302:Generated_Source\PSoC5/UART_DMA_TIMER_TC_ISR.c **** *   unless ISR_Start() has been called or the functionality of the ISR_Start() 
 303:Generated_Source\PSoC5/UART_DMA_TIMER_TC_ISR.c **** *   function, which sets the vector and the priority, has been called.
 304:Generated_Source\PSoC5/UART_DMA_TIMER_TC_ISR.c **** *
 305:Generated_Source\PSoC5/UART_DMA_TIMER_TC_ISR.c **** * Parameters:
 306:Generated_Source\PSoC5/UART_DMA_TIMER_TC_ISR.c **** *   None
 307:Generated_Source\PSoC5/UART_DMA_TIMER_TC_ISR.c **** *
 308:Generated_Source\PSoC5/UART_DMA_TIMER_TC_ISR.c **** * Return:
 309:Generated_Source\PSoC5/UART_DMA_TIMER_TC_ISR.c **** *   None
 310:Generated_Source\PSoC5/UART_DMA_TIMER_TC_ISR.c **** *
 311:Generated_Source\PSoC5/UART_DMA_TIMER_TC_ISR.c **** *******************************************************************************/
 312:Generated_Source\PSoC5/UART_DMA_TIMER_TC_ISR.c **** void UART_DMA_TIMER_TC_ISR_Enable(void)
 313:Generated_Source\PSoC5/UART_DMA_TIMER_TC_ISR.c **** {
 139              		.loc 1 313 0
 140              		.cfi_startproc
 141              		@ args = 0, pretend = 0, frame = 0
 142              		@ frame_needed = 0, uses_anonymous_args = 0
 143              		@ link register save eliminated.
ARM GAS  C:\Users\rene_\AppData\Local\Temp\cchmTSk6.s 			page 9


 314:Generated_Source\PSoC5/UART_DMA_TIMER_TC_ISR.c ****     /* Enable the general interrupt. */
 315:Generated_Source\PSoC5/UART_DMA_TIMER_TC_ISR.c ****     *UART_DMA_TIMER_TC_ISR_INTC_SET_EN = UART_DMA_TIMER_TC_ISR__INTC_MASK;
 144              		.loc 1 315 0
 145 0000 4FF40032 		mov	r2, #131072
 146 0004 014B     		ldr	r3, .L14
 147 0006 1A60     		str	r2, [r3]
 148 0008 7047     		bx	lr
 149              	.L15:
 150 000a 00BF     		.align	2
 151              	.L14:
 152 000c 00E100E0 		.word	-536813312
 153              		.cfi_endproc
 154              	.LFE71:
 155              		.size	UART_DMA_TIMER_TC_ISR_Enable, .-UART_DMA_TIMER_TC_ISR_Enable
 156              		.section	.text.UART_DMA_TIMER_TC_ISR_GetState,"ax",%progbits
 157              		.align	2
 158              		.global	UART_DMA_TIMER_TC_ISR_GetState
 159              		.thumb
 160              		.thumb_func
 161              		.type	UART_DMA_TIMER_TC_ISR_GetState, %function
 162              	UART_DMA_TIMER_TC_ISR_GetState:
 163              	.LFB72:
 316:Generated_Source\PSoC5/UART_DMA_TIMER_TC_ISR.c **** }
 317:Generated_Source\PSoC5/UART_DMA_TIMER_TC_ISR.c **** 
 318:Generated_Source\PSoC5/UART_DMA_TIMER_TC_ISR.c **** 
 319:Generated_Source\PSoC5/UART_DMA_TIMER_TC_ISR.c **** /*******************************************************************************
 320:Generated_Source\PSoC5/UART_DMA_TIMER_TC_ISR.c **** * Function Name: UART_DMA_TIMER_TC_ISR_GetState
 321:Generated_Source\PSoC5/UART_DMA_TIMER_TC_ISR.c **** ********************************************************************************
 322:Generated_Source\PSoC5/UART_DMA_TIMER_TC_ISR.c **** *
 323:Generated_Source\PSoC5/UART_DMA_TIMER_TC_ISR.c **** * Summary:
 324:Generated_Source\PSoC5/UART_DMA_TIMER_TC_ISR.c **** *   Gets the state (enabled, disabled) of the Interrupt.
 325:Generated_Source\PSoC5/UART_DMA_TIMER_TC_ISR.c **** *
 326:Generated_Source\PSoC5/UART_DMA_TIMER_TC_ISR.c **** * Parameters:
 327:Generated_Source\PSoC5/UART_DMA_TIMER_TC_ISR.c **** *   None
 328:Generated_Source\PSoC5/UART_DMA_TIMER_TC_ISR.c **** *
 329:Generated_Source\PSoC5/UART_DMA_TIMER_TC_ISR.c **** * Return:
 330:Generated_Source\PSoC5/UART_DMA_TIMER_TC_ISR.c **** *   1 if enabled, 0 if disabled.
 331:Generated_Source\PSoC5/UART_DMA_TIMER_TC_ISR.c **** *
 332:Generated_Source\PSoC5/UART_DMA_TIMER_TC_ISR.c **** *******************************************************************************/
 333:Generated_Source\PSoC5/UART_DMA_TIMER_TC_ISR.c **** uint8 UART_DMA_TIMER_TC_ISR_GetState(void)
 334:Generated_Source\PSoC5/UART_DMA_TIMER_TC_ISR.c **** {
 164              		.loc 1 334 0
 165              		.cfi_startproc
 166              		@ args = 0, pretend = 0, frame = 0
 167              		@ frame_needed = 0, uses_anonymous_args = 0
 168              		@ link register save eliminated.
 335:Generated_Source\PSoC5/UART_DMA_TIMER_TC_ISR.c ****     /* Get the state of the general interrupt. */
 336:Generated_Source\PSoC5/UART_DMA_TIMER_TC_ISR.c ****     return ((*UART_DMA_TIMER_TC_ISR_INTC_SET_EN & (uint32)UART_DMA_TIMER_TC_ISR__INTC_MASK) != 0u) 
 169              		.loc 1 336 0
 170 0000 044B     		ldr	r3, .L19
 171 0002 1B68     		ldr	r3, [r3]
 172 0004 13F4003F 		tst	r3, #131072
 173 0008 01D0     		beq	.L18
 174 000a 0120     		movs	r0, #1
 175 000c 7047     		bx	lr
 176              	.L18:
 177 000e 0020     		movs	r0, #0
ARM GAS  C:\Users\rene_\AppData\Local\Temp\cchmTSk6.s 			page 10


 337:Generated_Source\PSoC5/UART_DMA_TIMER_TC_ISR.c **** }
 178              		.loc 1 337 0
 179 0010 7047     		bx	lr
 180              	.L20:
 181 0012 00BF     		.align	2
 182              	.L19:
 183 0014 00E100E0 		.word	-536813312
 184              		.cfi_endproc
 185              	.LFE72:
 186              		.size	UART_DMA_TIMER_TC_ISR_GetState, .-UART_DMA_TIMER_TC_ISR_GetState
 187              		.section	.text.UART_DMA_TIMER_TC_ISR_Disable,"ax",%progbits
 188              		.align	2
 189              		.global	UART_DMA_TIMER_TC_ISR_Disable
 190              		.thumb
 191              		.thumb_func
 192              		.type	UART_DMA_TIMER_TC_ISR_Disable, %function
 193              	UART_DMA_TIMER_TC_ISR_Disable:
 194              	.LFB73:
 338:Generated_Source\PSoC5/UART_DMA_TIMER_TC_ISR.c **** 
 339:Generated_Source\PSoC5/UART_DMA_TIMER_TC_ISR.c **** 
 340:Generated_Source\PSoC5/UART_DMA_TIMER_TC_ISR.c **** /*******************************************************************************
 341:Generated_Source\PSoC5/UART_DMA_TIMER_TC_ISR.c **** * Function Name: UART_DMA_TIMER_TC_ISR_Disable
 342:Generated_Source\PSoC5/UART_DMA_TIMER_TC_ISR.c **** ********************************************************************************
 343:Generated_Source\PSoC5/UART_DMA_TIMER_TC_ISR.c **** *
 344:Generated_Source\PSoC5/UART_DMA_TIMER_TC_ISR.c **** * Summary:
 345:Generated_Source\PSoC5/UART_DMA_TIMER_TC_ISR.c **** *   Disables the Interrupt in the interrupt controller.
 346:Generated_Source\PSoC5/UART_DMA_TIMER_TC_ISR.c **** *
 347:Generated_Source\PSoC5/UART_DMA_TIMER_TC_ISR.c **** * Parameters:
 348:Generated_Source\PSoC5/UART_DMA_TIMER_TC_ISR.c **** *   None
 349:Generated_Source\PSoC5/UART_DMA_TIMER_TC_ISR.c **** *
 350:Generated_Source\PSoC5/UART_DMA_TIMER_TC_ISR.c **** * Return:
 351:Generated_Source\PSoC5/UART_DMA_TIMER_TC_ISR.c **** *   None
 352:Generated_Source\PSoC5/UART_DMA_TIMER_TC_ISR.c **** *
 353:Generated_Source\PSoC5/UART_DMA_TIMER_TC_ISR.c **** *******************************************************************************/
 354:Generated_Source\PSoC5/UART_DMA_TIMER_TC_ISR.c **** void UART_DMA_TIMER_TC_ISR_Disable(void)
 355:Generated_Source\PSoC5/UART_DMA_TIMER_TC_ISR.c **** {
 195              		.loc 1 355 0
 196              		.cfi_startproc
 197              		@ args = 0, pretend = 0, frame = 0
 198              		@ frame_needed = 0, uses_anonymous_args = 0
 199              		@ link register save eliminated.
 356:Generated_Source\PSoC5/UART_DMA_TIMER_TC_ISR.c ****     /* Disable the general interrupt. */
 357:Generated_Source\PSoC5/UART_DMA_TIMER_TC_ISR.c ****     *UART_DMA_TIMER_TC_ISR_INTC_CLR_EN = UART_DMA_TIMER_TC_ISR__INTC_MASK;
 200              		.loc 1 357 0
 201 0000 4FF40032 		mov	r2, #131072
 202 0004 014B     		ldr	r3, .L22
 203 0006 1A60     		str	r2, [r3]
 204 0008 7047     		bx	lr
 205              	.L23:
 206 000a 00BF     		.align	2
 207              	.L22:
 208 000c 80E100E0 		.word	-536813184
 209              		.cfi_endproc
 210              	.LFE73:
 211              		.size	UART_DMA_TIMER_TC_ISR_Disable, .-UART_DMA_TIMER_TC_ISR_Disable
 212              		.section	.text.UART_DMA_TIMER_TC_ISR_Start,"ax",%progbits
 213              		.align	2
ARM GAS  C:\Users\rene_\AppData\Local\Temp\cchmTSk6.s 			page 11


 214              		.global	UART_DMA_TIMER_TC_ISR_Start
 215              		.thumb
 216              		.thumb_func
 217              		.type	UART_DMA_TIMER_TC_ISR_Start, %function
 218              	UART_DMA_TIMER_TC_ISR_Start:
 219              	.LFB63:
  62:Generated_Source\PSoC5/UART_DMA_TIMER_TC_ISR.c ****     /* For all we know the interrupt is active. */
 220              		.loc 1 62 0
 221              		.cfi_startproc
 222              		@ args = 0, pretend = 0, frame = 0
 223              		@ frame_needed = 0, uses_anonymous_args = 0
 224 0000 08B5     		push	{r3, lr}
 225              		.cfi_def_cfa_offset 8
 226              		.cfi_offset 3, -8
 227              		.cfi_offset 14, -4
  64:Generated_Source\PSoC5/UART_DMA_TIMER_TC_ISR.c **** 
 228              		.loc 1 64 0
 229 0002 FFF7FEFF 		bl	UART_DMA_TIMER_TC_ISR_Disable
 230              	.LVL7:
  67:Generated_Source\PSoC5/UART_DMA_TIMER_TC_ISR.c **** 
 231              		.loc 1 67 0
 232 0006 0448     		ldr	r0, .L26
 233 0008 FFF7FEFF 		bl	UART_DMA_TIMER_TC_ISR_SetVector
 234              	.LVL8:
  70:Generated_Source\PSoC5/UART_DMA_TIMER_TC_ISR.c **** 
 235              		.loc 1 70 0
 236 000c 0720     		movs	r0, #7
 237 000e FFF7FEFF 		bl	UART_DMA_TIMER_TC_ISR_SetPriority
 238              	.LVL9:
  73:Generated_Source\PSoC5/UART_DMA_TIMER_TC_ISR.c **** }
 239              		.loc 1 73 0
 240 0012 FFF7FEFF 		bl	UART_DMA_TIMER_TC_ISR_Enable
 241              	.LVL10:
 242 0016 08BD     		pop	{r3, pc}
 243              	.L27:
 244              		.align	2
 245              	.L26:
 246 0018 00000000 		.word	UART_DMA_TIMER_TC_ISR_Interrupt
 247              		.cfi_endproc
 248              	.LFE63:
 249              		.size	UART_DMA_TIMER_TC_ISR_Start, .-UART_DMA_TIMER_TC_ISR_Start
 250              		.section	.text.UART_DMA_TIMER_TC_ISR_StartEx,"ax",%progbits
 251              		.align	2
 252              		.global	UART_DMA_TIMER_TC_ISR_StartEx
 253              		.thumb
 254              		.thumb_func
 255              		.type	UART_DMA_TIMER_TC_ISR_StartEx, %function
 256              	UART_DMA_TIMER_TC_ISR_StartEx:
 257              	.LFB64:
 105:Generated_Source\PSoC5/UART_DMA_TIMER_TC_ISR.c ****     /* For all we know the interrupt is active. */
 258              		.loc 1 105 0
 259              		.cfi_startproc
 260              		@ args = 0, pretend = 0, frame = 0
 261              		@ frame_needed = 0, uses_anonymous_args = 0
 262              	.LVL11:
 263 0000 10B5     		push	{r4, lr}
 264              		.cfi_def_cfa_offset 8
ARM GAS  C:\Users\rene_\AppData\Local\Temp\cchmTSk6.s 			page 12


 265              		.cfi_offset 4, -8
 266              		.cfi_offset 14, -4
 267 0002 0446     		mov	r4, r0
 107:Generated_Source\PSoC5/UART_DMA_TIMER_TC_ISR.c **** 
 268              		.loc 1 107 0
 269 0004 FFF7FEFF 		bl	UART_DMA_TIMER_TC_ISR_Disable
 270              	.LVL12:
 110:Generated_Source\PSoC5/UART_DMA_TIMER_TC_ISR.c **** 
 271              		.loc 1 110 0
 272 0008 2046     		mov	r0, r4
 273 000a FFF7FEFF 		bl	UART_DMA_TIMER_TC_ISR_SetVector
 274              	.LVL13:
 113:Generated_Source\PSoC5/UART_DMA_TIMER_TC_ISR.c **** 
 275              		.loc 1 113 0
 276 000e 0720     		movs	r0, #7
 277 0010 FFF7FEFF 		bl	UART_DMA_TIMER_TC_ISR_SetPriority
 278              	.LVL14:
 116:Generated_Source\PSoC5/UART_DMA_TIMER_TC_ISR.c **** }
 279              		.loc 1 116 0
 280 0014 FFF7FEFF 		bl	UART_DMA_TIMER_TC_ISR_Enable
 281              	.LVL15:
 282 0018 10BD     		pop	{r4, pc}
 283              		.cfi_endproc
 284              	.LFE64:
 285              		.size	UART_DMA_TIMER_TC_ISR_StartEx, .-UART_DMA_TIMER_TC_ISR_StartEx
 286 001a 00BF     		.section	.text.UART_DMA_TIMER_TC_ISR_Stop,"ax",%progbits
 287              		.align	2
 288              		.global	UART_DMA_TIMER_TC_ISR_Stop
 289              		.thumb
 290              		.thumb_func
 291              		.type	UART_DMA_TIMER_TC_ISR_Stop, %function
 292              	UART_DMA_TIMER_TC_ISR_Stop:
 293              	.LFB65:
 135:Generated_Source\PSoC5/UART_DMA_TIMER_TC_ISR.c ****     /* Disable this interrupt. */
 294              		.loc 1 135 0
 295              		.cfi_startproc
 296              		@ args = 0, pretend = 0, frame = 0
 297              		@ frame_needed = 0, uses_anonymous_args = 0
 298 0000 08B5     		push	{r3, lr}
 299              		.cfi_def_cfa_offset 8
 300              		.cfi_offset 3, -8
 301              		.cfi_offset 14, -4
 137:Generated_Source\PSoC5/UART_DMA_TIMER_TC_ISR.c **** 
 302              		.loc 1 137 0
 303 0002 FFF7FEFF 		bl	UART_DMA_TIMER_TC_ISR_Disable
 304              	.LVL16:
 140:Generated_Source\PSoC5/UART_DMA_TIMER_TC_ISR.c **** }
 305              		.loc 1 140 0
 306 0006 0248     		ldr	r0, .L32
 307 0008 FFF7FEFF 		bl	UART_DMA_TIMER_TC_ISR_SetVector
 308              	.LVL17:
 309 000c 08BD     		pop	{r3, pc}
 310              	.L33:
 311 000e 00BF     		.align	2
 312              	.L32:
 313 0010 00000000 		.word	IntDefaultHandler
 314              		.cfi_endproc
ARM GAS  C:\Users\rene_\AppData\Local\Temp\cchmTSk6.s 			page 13


 315              	.LFE65:
 316              		.size	UART_DMA_TIMER_TC_ISR_Stop, .-UART_DMA_TIMER_TC_ISR_Stop
 317              		.section	.text.UART_DMA_TIMER_TC_ISR_SetPending,"ax",%progbits
 318              		.align	2
 319              		.global	UART_DMA_TIMER_TC_ISR_SetPending
 320              		.thumb
 321              		.thumb_func
 322              		.type	UART_DMA_TIMER_TC_ISR_SetPending, %function
 323              	UART_DMA_TIMER_TC_ISR_SetPending:
 324              	.LFB74:
 358:Generated_Source\PSoC5/UART_DMA_TIMER_TC_ISR.c **** }
 359:Generated_Source\PSoC5/UART_DMA_TIMER_TC_ISR.c **** 
 360:Generated_Source\PSoC5/UART_DMA_TIMER_TC_ISR.c **** 
 361:Generated_Source\PSoC5/UART_DMA_TIMER_TC_ISR.c **** /*******************************************************************************
 362:Generated_Source\PSoC5/UART_DMA_TIMER_TC_ISR.c **** * Function Name: UART_DMA_TIMER_TC_ISR_SetPending
 363:Generated_Source\PSoC5/UART_DMA_TIMER_TC_ISR.c **** ********************************************************************************
 364:Generated_Source\PSoC5/UART_DMA_TIMER_TC_ISR.c **** *
 365:Generated_Source\PSoC5/UART_DMA_TIMER_TC_ISR.c **** * Summary:
 366:Generated_Source\PSoC5/UART_DMA_TIMER_TC_ISR.c **** *   Causes the Interrupt to enter the pending state, a software method of
 367:Generated_Source\PSoC5/UART_DMA_TIMER_TC_ISR.c **** *   generating the interrupt.
 368:Generated_Source\PSoC5/UART_DMA_TIMER_TC_ISR.c **** *
 369:Generated_Source\PSoC5/UART_DMA_TIMER_TC_ISR.c **** * Parameters:
 370:Generated_Source\PSoC5/UART_DMA_TIMER_TC_ISR.c **** *   None
 371:Generated_Source\PSoC5/UART_DMA_TIMER_TC_ISR.c **** *
 372:Generated_Source\PSoC5/UART_DMA_TIMER_TC_ISR.c **** * Return:
 373:Generated_Source\PSoC5/UART_DMA_TIMER_TC_ISR.c **** *   None
 374:Generated_Source\PSoC5/UART_DMA_TIMER_TC_ISR.c **** *
 375:Generated_Source\PSoC5/UART_DMA_TIMER_TC_ISR.c **** * Side Effects:
 376:Generated_Source\PSoC5/UART_DMA_TIMER_TC_ISR.c **** *   If interrupts are enabled and the interrupt is set up properly, the ISR is
 377:Generated_Source\PSoC5/UART_DMA_TIMER_TC_ISR.c **** *   entered (depending on the priority of this interrupt and other pending 
 378:Generated_Source\PSoC5/UART_DMA_TIMER_TC_ISR.c **** *   interrupts).
 379:Generated_Source\PSoC5/UART_DMA_TIMER_TC_ISR.c **** *
 380:Generated_Source\PSoC5/UART_DMA_TIMER_TC_ISR.c **** *******************************************************************************/
 381:Generated_Source\PSoC5/UART_DMA_TIMER_TC_ISR.c **** void UART_DMA_TIMER_TC_ISR_SetPending(void)
 382:Generated_Source\PSoC5/UART_DMA_TIMER_TC_ISR.c **** {
 325              		.loc 1 382 0
 326              		.cfi_startproc
 327              		@ args = 0, pretend = 0, frame = 0
 328              		@ frame_needed = 0, uses_anonymous_args = 0
 329              		@ link register save eliminated.
 383:Generated_Source\PSoC5/UART_DMA_TIMER_TC_ISR.c ****     *UART_DMA_TIMER_TC_ISR_INTC_SET_PD = UART_DMA_TIMER_TC_ISR__INTC_MASK;
 330              		.loc 1 383 0
 331 0000 4FF40032 		mov	r2, #131072
 332 0004 014B     		ldr	r3, .L35
 333 0006 1A60     		str	r2, [r3]
 334 0008 7047     		bx	lr
 335              	.L36:
 336 000a 00BF     		.align	2
 337              	.L35:
 338 000c 00E200E0 		.word	-536813056
 339              		.cfi_endproc
 340              	.LFE74:
 341              		.size	UART_DMA_TIMER_TC_ISR_SetPending, .-UART_DMA_TIMER_TC_ISR_SetPending
 342              		.section	.text.UART_DMA_TIMER_TC_ISR_ClearPending,"ax",%progbits
 343              		.align	2
 344              		.global	UART_DMA_TIMER_TC_ISR_ClearPending
 345              		.thumb
ARM GAS  C:\Users\rene_\AppData\Local\Temp\cchmTSk6.s 			page 14


 346              		.thumb_func
 347              		.type	UART_DMA_TIMER_TC_ISR_ClearPending, %function
 348              	UART_DMA_TIMER_TC_ISR_ClearPending:
 349              	.LFB75:
 384:Generated_Source\PSoC5/UART_DMA_TIMER_TC_ISR.c **** }
 385:Generated_Source\PSoC5/UART_DMA_TIMER_TC_ISR.c **** 
 386:Generated_Source\PSoC5/UART_DMA_TIMER_TC_ISR.c **** 
 387:Generated_Source\PSoC5/UART_DMA_TIMER_TC_ISR.c **** /*******************************************************************************
 388:Generated_Source\PSoC5/UART_DMA_TIMER_TC_ISR.c **** * Function Name: UART_DMA_TIMER_TC_ISR_ClearPending
 389:Generated_Source\PSoC5/UART_DMA_TIMER_TC_ISR.c **** ********************************************************************************
 390:Generated_Source\PSoC5/UART_DMA_TIMER_TC_ISR.c **** *
 391:Generated_Source\PSoC5/UART_DMA_TIMER_TC_ISR.c **** * Summary:
 392:Generated_Source\PSoC5/UART_DMA_TIMER_TC_ISR.c **** *   Clears a pending interrupt in the interrupt controller.
 393:Generated_Source\PSoC5/UART_DMA_TIMER_TC_ISR.c **** *
 394:Generated_Source\PSoC5/UART_DMA_TIMER_TC_ISR.c **** *   Note Some interrupt sources are clear-on-read and require the block 
 395:Generated_Source\PSoC5/UART_DMA_TIMER_TC_ISR.c **** *   interrupt/status register to be read/cleared with the appropriate block API 
 396:Generated_Source\PSoC5/UART_DMA_TIMER_TC_ISR.c **** *   (GPIO, UART, and so on). Otherwise the ISR will continue to remain in 
 397:Generated_Source\PSoC5/UART_DMA_TIMER_TC_ISR.c **** *   pending state even though the interrupt itself is cleared using this API.
 398:Generated_Source\PSoC5/UART_DMA_TIMER_TC_ISR.c **** *
 399:Generated_Source\PSoC5/UART_DMA_TIMER_TC_ISR.c **** * Parameters:
 400:Generated_Source\PSoC5/UART_DMA_TIMER_TC_ISR.c **** *   None
 401:Generated_Source\PSoC5/UART_DMA_TIMER_TC_ISR.c **** *
 402:Generated_Source\PSoC5/UART_DMA_TIMER_TC_ISR.c **** * Return:
 403:Generated_Source\PSoC5/UART_DMA_TIMER_TC_ISR.c **** *   None
 404:Generated_Source\PSoC5/UART_DMA_TIMER_TC_ISR.c **** *
 405:Generated_Source\PSoC5/UART_DMA_TIMER_TC_ISR.c **** *******************************************************************************/
 406:Generated_Source\PSoC5/UART_DMA_TIMER_TC_ISR.c **** void UART_DMA_TIMER_TC_ISR_ClearPending(void)
 407:Generated_Source\PSoC5/UART_DMA_TIMER_TC_ISR.c **** {
 350              		.loc 1 407 0
 351              		.cfi_startproc
 352              		@ args = 0, pretend = 0, frame = 0
 353              		@ frame_needed = 0, uses_anonymous_args = 0
 354              		@ link register save eliminated.
 408:Generated_Source\PSoC5/UART_DMA_TIMER_TC_ISR.c ****     *UART_DMA_TIMER_TC_ISR_INTC_CLR_PD = UART_DMA_TIMER_TC_ISR__INTC_MASK;
 355              		.loc 1 408 0
 356 0000 4FF40032 		mov	r2, #131072
 357 0004 014B     		ldr	r3, .L38
 358 0006 1A60     		str	r2, [r3]
 359 0008 7047     		bx	lr
 360              	.L39:
 361 000a 00BF     		.align	2
 362              	.L38:
 363 000c 80E200E0 		.word	-536812928
 364              		.cfi_endproc
 365              	.LFE75:
 366              		.size	UART_DMA_TIMER_TC_ISR_ClearPending, .-UART_DMA_TIMER_TC_ISR_ClearPending
 367              		.section	.text.UART_DMA_TIMER_TC_ISR_Interrupt,"ax",%progbits
 368              		.align	2
 369              		.global	UART_DMA_TIMER_TC_ISR_Interrupt
 370              		.thumb
 371              		.thumb_func
 372              		.type	UART_DMA_TIMER_TC_ISR_Interrupt, %function
 373              	UART_DMA_TIMER_TC_ISR_Interrupt:
 374              	.LFB66:
 161:Generated_Source\PSoC5/UART_DMA_TIMER_TC_ISR.c ****     #ifdef UART_DMA_TIMER_TC_ISR_INTERRUPT_INTERRUPT_CALLBACK
 375              		.loc 1 161 0
 376              		.cfi_startproc
ARM GAS  C:\Users\rene_\AppData\Local\Temp\cchmTSk6.s 			page 15


 377              		@ args = 0, pretend = 0, frame = 0
 378              		@ frame_needed = 0, uses_anonymous_args = 0
 379 0000 08B5     		push	{r3, lr}
 380              		.cfi_def_cfa_offset 8
 381              		.cfi_offset 3, -8
 382              		.cfi_offset 14, -4
 168:Generated_Source\PSoC5/UART_DMA_TIMER_TC_ISR.c ****     /*********** Read Interruptsource to Bring Trigger Down *****************/
 383              		.loc 1 168 0
 384 0002 FFF7FEFF 		bl	UART_DMA_TIMER_TC_ISR_ClearPending
 385              	.LVL18:
 170:Generated_Source\PSoC5/UART_DMA_TIMER_TC_ISR.c ****     /************** Do Interruptaction *****/
 386              		.loc 1 170 0
 387 0006 FFF7FEFF 		bl	UART_DMA_TIMER_ReadStatusRegister
 388              	.LVL19:
 173:Generated_Source\PSoC5/UART_DMA_TIMER_TC_ISR.c ****     /* `#END` */
 389              		.loc 1 173 0
 390 000a FFF7FEFF 		bl	LED_on_Board_Read
 391              	.LVL20:
 392 000e B0FA80F0 		clz	r0, r0
 393 0012 4009     		lsrs	r0, r0, #5
 394 0014 FFF7FEFF 		bl	LED_on_Board_Write
 395              	.LVL21:
 396 0018 08BD     		pop	{r3, pc}
 397              		.cfi_endproc
 398              	.LFE66:
 399              		.size	UART_DMA_TIMER_TC_ISR_Interrupt, .-UART_DMA_TIMER_TC_ISR_Interrupt
 400 001a 00BF     		.text
 401              	.Letext0:
 402              		.file 2 "c:\\program files (x86)\\cypress\\psoc creator\\4.3\\psoc creator\\import\\gnu\\arm\\5.4.
 403              		.file 3 "c:\\program files (x86)\\cypress\\psoc creator\\4.3\\psoc creator\\import\\gnu\\arm\\5.4.
 404              		.file 4 "Generated_Source\\PSoC5/cytypes.h"
 405              		.file 5 "Generated_Source\\PSoC5\\UART_DMA_TIMER.h"
 406              		.file 6 "Generated_Source\\PSoC5\\LED_on_Board.h"
 407              		.file 7 "Generated_Source\\PSoC5/core_cm3.h"
 408              		.section	.debug_info,"",%progbits
 409              	.Ldebug_info0:
 410 0000 3F030000 		.4byte	0x33f
 411 0004 0400     		.2byte	0x4
 412 0006 00000000 		.4byte	.Ldebug_abbrev0
 413 000a 04       		.byte	0x4
 414 000b 01       		.uleb128 0x1
 415 000c CD000000 		.4byte	.LASF39
 416 0010 0C       		.byte	0xc
 417 0011 F7020000 		.4byte	.LASF40
 418 0015 8A030000 		.4byte	.LASF41
 419 0019 00000000 		.4byte	.Ldebug_ranges0+0
 420 001d 00000000 		.4byte	0
 421 0021 00000000 		.4byte	.Ldebug_line0
 422 0025 02       		.uleb128 0x2
 423 0026 04       		.byte	0x4
 424 0027 05       		.byte	0x5
 425 0028 696E7400 		.ascii	"int\000"
 426 002c 03       		.uleb128 0x3
 427 002d 04       		.byte	0x4
 428 002e 07       		.byte	0x7
 429 002f 24020000 		.4byte	.LASF0
 430 0033 03       		.uleb128 0x3
ARM GAS  C:\Users\rene_\AppData\Local\Temp\cchmTSk6.s 			page 16


 431 0034 08       		.byte	0x8
 432 0035 05       		.byte	0x5
 433 0036 D5020000 		.4byte	.LASF1
 434 003a 03       		.uleb128 0x3
 435 003b 08       		.byte	0x8
 436 003c 04       		.byte	0x4
 437 003d 7F020000 		.4byte	.LASF2
 438 0041 03       		.uleb128 0x3
 439 0042 01       		.byte	0x1
 440 0043 06       		.byte	0x6
 441 0044 7E030000 		.4byte	.LASF3
 442 0048 03       		.uleb128 0x3
 443 0049 01       		.byte	0x1
 444 004a 08       		.byte	0x8
 445 004b BF000000 		.4byte	.LASF4
 446 004f 03       		.uleb128 0x3
 447 0050 02       		.byte	0x2
 448 0051 05       		.byte	0x5
 449 0052 26030000 		.4byte	.LASF5
 450 0056 03       		.uleb128 0x3
 451 0057 02       		.byte	0x2
 452 0058 07       		.byte	0x7
 453 0059 7C000000 		.4byte	.LASF6
 454 005d 04       		.uleb128 0x4
 455 005e 5F000000 		.4byte	.LASF12
 456 0062 02       		.byte	0x2
 457 0063 3F       		.byte	0x3f
 458 0064 68000000 		.4byte	0x68
 459 0068 03       		.uleb128 0x3
 460 0069 04       		.byte	0x4
 461 006a 05       		.byte	0x5
 462 006b 55030000 		.4byte	.LASF7
 463 006f 03       		.uleb128 0x3
 464 0070 04       		.byte	0x4
 465 0071 07       		.byte	0x7
 466 0072 60010000 		.4byte	.LASF8
 467 0076 03       		.uleb128 0x3
 468 0077 08       		.byte	0x8
 469 0078 07       		.byte	0x7
 470 0079 39020000 		.4byte	.LASF9
 471 007d 03       		.uleb128 0x3
 472 007e 04       		.byte	0x4
 473 007f 07       		.byte	0x7
 474 0080 8B020000 		.4byte	.LASF10
 475 0084 03       		.uleb128 0x3
 476 0085 01       		.byte	0x1
 477 0086 08       		.byte	0x8
 478 0087 E3020000 		.4byte	.LASF11
 479 008b 05       		.uleb128 0x5
 480 008c 04       		.byte	0x4
 481 008d 91000000 		.4byte	0x91
 482 0091 06       		.uleb128 0x6
 483 0092 04       		.uleb128 0x4
 484 0093 8F000000 		.4byte	.LASF13
 485 0097 03       		.byte	0x3
 486 0098 2C       		.byte	0x2c
 487 0099 5D000000 		.4byte	0x5d
ARM GAS  C:\Users\rene_\AppData\Local\Temp\cchmTSk6.s 			page 17


 488 009d 07       		.uleb128 0x7
 489 009e 4F030000 		.4byte	.LASF14
 490 00a2 04       		.byte	0x4
 491 00a3 E401     		.2byte	0x1e4
 492 00a5 48000000 		.4byte	0x48
 493 00a9 07       		.uleb128 0x7
 494 00aa 1D020000 		.4byte	.LASF15
 495 00ae 04       		.byte	0x4
 496 00af E601     		.2byte	0x1e6
 497 00b1 6F000000 		.4byte	0x6f
 498 00b5 03       		.uleb128 0x3
 499 00b6 04       		.byte	0x4
 500 00b7 04       		.byte	0x4
 501 00b8 B9000000 		.4byte	.LASF16
 502 00bc 03       		.uleb128 0x3
 503 00bd 08       		.byte	0x8
 504 00be 04       		.byte	0x4
 505 00bf EB010000 		.4byte	.LASF17
 506 00c3 07       		.uleb128 0x7
 507 00c4 5B010000 		.4byte	.LASF18
 508 00c8 04       		.byte	0x4
 509 00c9 8E02     		.2byte	0x28e
 510 00cb CF000000 		.4byte	0xcf
 511 00cf 08       		.uleb128 0x8
 512 00d0 9D000000 		.4byte	0x9d
 513 00d4 07       		.uleb128 0x7
 514 00d5 1D000000 		.4byte	.LASF19
 515 00d9 04       		.byte	0x4
 516 00da 9002     		.2byte	0x290
 517 00dc E0000000 		.4byte	0xe0
 518 00e0 08       		.uleb128 0x8
 519 00e1 A9000000 		.4byte	0xa9
 520 00e5 07       		.uleb128 0x7
 521 00e6 50020000 		.4byte	.LASF20
 522 00ea 04       		.byte	0x4
 523 00eb A002     		.2byte	0x2a0
 524 00ed 8B000000 		.4byte	0x8b
 525 00f1 09       		.uleb128 0x9
 526 00f2 E5030000 		.4byte	.LASF22
 527 00f6 01       		.byte	0x1
 528 00f7 CD       		.byte	0xcd
 529 00f8 00000000 		.4byte	.LFB67
 530 00fc 10000000 		.4byte	.LFE67-.LFB67
 531 0100 01       		.uleb128 0x1
 532 0101 9C       		.byte	0x9c
 533 0102 21010000 		.4byte	0x121
 534 0106 0A       		.uleb128 0xa
 535 0107 31020000 		.4byte	.LASF24
 536 010b 01       		.byte	0x1
 537 010c CD       		.byte	0xcd
 538 010d E5000000 		.4byte	0xe5
 539 0111 01       		.uleb128 0x1
 540 0112 50       		.byte	0x50
 541 0113 0B       		.uleb128 0xb
 542 0114 E8020000 		.4byte	.LASF21
 543 0118 01       		.byte	0x1
 544 0119 CF       		.byte	0xcf
ARM GAS  C:\Users\rene_\AppData\Local\Temp\cchmTSk6.s 			page 18


 545 011a 21010000 		.4byte	0x121
 546 011e 01       		.uleb128 0x1
 547 011f 53       		.byte	0x53
 548 0120 00       		.byte	0
 549 0121 05       		.uleb128 0x5
 550 0122 04       		.byte	0x4
 551 0123 E5000000 		.4byte	0xe5
 552 0127 0C       		.uleb128 0xc
 553 0128 5E030000 		.4byte	.LASF26
 554 012c 01       		.byte	0x1
 555 012d E5       		.byte	0xe5
 556 012e E5000000 		.4byte	0xe5
 557 0132 00000000 		.4byte	.LFB68
 558 0136 10000000 		.4byte	.LFE68-.LFB68
 559 013a 01       		.uleb128 0x1
 560 013b 9C       		.byte	0x9c
 561 013c 4E010000 		.4byte	0x14e
 562 0140 0B       		.uleb128 0xb
 563 0141 E8020000 		.4byte	.LASF21
 564 0145 01       		.byte	0x1
 565 0146 E7       		.byte	0xe7
 566 0147 21010000 		.4byte	0x121
 567 014b 01       		.uleb128 0x1
 568 014c 53       		.byte	0x53
 569 014d 00       		.byte	0
 570 014e 0D       		.uleb128 0xd
 571 014f FB010000 		.4byte	.LASF23
 572 0153 01       		.byte	0x1
 573 0154 0701     		.2byte	0x107
 574 0156 00000000 		.4byte	.LFB69
 575 015a 10000000 		.4byte	.LFE69-.LFB69
 576 015e 01       		.uleb128 0x1
 577 015f 9C       		.byte	0x9c
 578 0160 75010000 		.4byte	0x175
 579 0164 0E       		.uleb128 0xe
 580 0165 F2010000 		.4byte	.LASF25
 581 0169 01       		.byte	0x1
 582 016a 0701     		.2byte	0x107
 583 016c 9D000000 		.4byte	0x9d
 584 0170 00000000 		.4byte	.LLST0
 585 0174 00       		.byte	0
 586 0175 0F       		.uleb128 0xf
 587 0176 97000000 		.4byte	.LASF27
 588 017a 01       		.byte	0x1
 589 017b 1D01     		.2byte	0x11d
 590 017d 9D000000 		.4byte	0x9d
 591 0181 00000000 		.4byte	.LFB70
 592 0185 0C000000 		.4byte	.LFE70-.LFB70
 593 0189 01       		.uleb128 0x1
 594 018a 9C       		.byte	0x9c
 595 018b A0010000 		.4byte	0x1a0
 596 018f 10       		.uleb128 0x10
 597 0190 F2010000 		.4byte	.LASF25
 598 0194 01       		.byte	0x1
 599 0195 1F01     		.2byte	0x11f
 600 0197 9D000000 		.4byte	0x9d
 601 019b 21000000 		.4byte	.LLST1
ARM GAS  C:\Users\rene_\AppData\Local\Temp\cchmTSk6.s 			page 19


 602 019f 00       		.byte	0
 603 01a0 11       		.uleb128 0x11
 604 01a1 00000000 		.4byte	.LASF28
 605 01a5 01       		.byte	0x1
 606 01a6 3801     		.2byte	0x138
 607 01a8 00000000 		.4byte	.LFB71
 608 01ac 10000000 		.4byte	.LFE71-.LFB71
 609 01b0 01       		.uleb128 0x1
 610 01b1 9C       		.byte	0x9c
 611 01b2 12       		.uleb128 0x12
 612 01b3 30030000 		.4byte	.LASF42
 613 01b7 01       		.byte	0x1
 614 01b8 4D01     		.2byte	0x14d
 615 01ba 9D000000 		.4byte	0x9d
 616 01be 00000000 		.4byte	.LFB72
 617 01c2 18000000 		.4byte	.LFE72-.LFB72
 618 01c6 01       		.uleb128 0x1
 619 01c7 9C       		.byte	0x9c
 620 01c8 11       		.uleb128 0x11
 621 01c9 B7020000 		.4byte	.LASF29
 622 01cd 01       		.byte	0x1
 623 01ce 6201     		.2byte	0x162
 624 01d0 00000000 		.4byte	.LFB73
 625 01d4 10000000 		.4byte	.LFE73-.LFB73
 626 01d8 01       		.uleb128 0x1
 627 01d9 9C       		.byte	0x9c
 628 01da 09       		.uleb128 0x9
 629 01db 43000000 		.4byte	.LASF30
 630 01df 01       		.byte	0x1
 631 01e0 3D       		.byte	0x3d
 632 01e1 00000000 		.4byte	.LFB63
 633 01e5 1C000000 		.4byte	.LFE63-.LFB63
 634 01e9 01       		.uleb128 0x1
 635 01ea 9C       		.byte	0x9c
 636 01eb 2C020000 		.4byte	0x22c
 637 01ef 13       		.uleb128 0x13
 638 01f0 06000000 		.4byte	.LVL7
 639 01f4 C8010000 		.4byte	0x1c8
 640 01f8 14       		.uleb128 0x14
 641 01f9 0C000000 		.4byte	.LVL8
 642 01fd F1000000 		.4byte	0xf1
 643 0201 0F020000 		.4byte	0x20f
 644 0205 15       		.uleb128 0x15
 645 0206 01       		.uleb128 0x1
 646 0207 50       		.byte	0x50
 647 0208 05       		.uleb128 0x5
 648 0209 03       		.byte	0x3
 649 020a 00000000 		.4byte	UART_DMA_TIMER_TC_ISR_Interrupt
 650 020e 00       		.byte	0
 651 020f 14       		.uleb128 0x14
 652 0210 12000000 		.4byte	.LVL9
 653 0214 4E010000 		.4byte	0x14e
 654 0218 22020000 		.4byte	0x222
 655 021c 15       		.uleb128 0x15
 656 021d 01       		.uleb128 0x1
 657 021e 50       		.byte	0x50
 658 021f 01       		.uleb128 0x1
ARM GAS  C:\Users\rene_\AppData\Local\Temp\cchmTSk6.s 			page 20


 659 0220 37       		.byte	0x37
 660 0221 00       		.byte	0
 661 0222 13       		.uleb128 0x13
 662 0223 16000000 		.4byte	.LVL10
 663 0227 A0010000 		.4byte	0x1a0
 664 022b 00       		.byte	0
 665 022c 09       		.uleb128 0x9
 666 022d CD010000 		.4byte	.LASF31
 667 0231 01       		.byte	0x1
 668 0232 68       		.byte	0x68
 669 0233 00000000 		.4byte	.LFB64
 670 0237 1A000000 		.4byte	.LFE64-.LFB64
 671 023b 01       		.uleb128 0x1
 672 023c 9C       		.byte	0x9c
 673 023d 8A020000 		.4byte	0x28a
 674 0241 16       		.uleb128 0x16
 675 0242 31020000 		.4byte	.LASF24
 676 0246 01       		.byte	0x1
 677 0247 68       		.byte	0x68
 678 0248 E5000000 		.4byte	0xe5
 679 024c 38000000 		.4byte	.LLST2
 680 0250 13       		.uleb128 0x13
 681 0251 08000000 		.4byte	.LVL12
 682 0255 C8010000 		.4byte	0x1c8
 683 0259 14       		.uleb128 0x14
 684 025a 0E000000 		.4byte	.LVL13
 685 025e F1000000 		.4byte	0xf1
 686 0262 6D020000 		.4byte	0x26d
 687 0266 15       		.uleb128 0x15
 688 0267 01       		.uleb128 0x1
 689 0268 50       		.byte	0x50
 690 0269 02       		.uleb128 0x2
 691 026a 74       		.byte	0x74
 692 026b 00       		.sleb128 0
 693 026c 00       		.byte	0
 694 026d 14       		.uleb128 0x14
 695 026e 14000000 		.4byte	.LVL14
 696 0272 4E010000 		.4byte	0x14e
 697 0276 80020000 		.4byte	0x280
 698 027a 15       		.uleb128 0x15
 699 027b 01       		.uleb128 0x1
 700 027c 50       		.byte	0x50
 701 027d 01       		.uleb128 0x1
 702 027e 37       		.byte	0x37
 703 027f 00       		.byte	0
 704 0280 13       		.uleb128 0x13
 705 0281 18000000 		.4byte	.LVL15
 706 0285 A0010000 		.4byte	0x1a0
 707 0289 00       		.byte	0
 708 028a 09       		.uleb128 0x9
 709 028b 84010000 		.4byte	.LASF32
 710 028f 01       		.byte	0x1
 711 0290 86       		.byte	0x86
 712 0291 00000000 		.4byte	.LFB65
 713 0295 14000000 		.4byte	.LFE65-.LFB65
 714 0299 01       		.uleb128 0x1
 715 029a 9C       		.byte	0x9c
ARM GAS  C:\Users\rene_\AppData\Local\Temp\cchmTSk6.s 			page 21


 716 029b B2020000 		.4byte	0x2b2
 717 029f 13       		.uleb128 0x13
 718 02a0 06000000 		.4byte	.LVL16
 719 02a4 C8010000 		.4byte	0x1c8
 720 02a8 13       		.uleb128 0x13
 721 02a9 0C000000 		.4byte	.LVL17
 722 02ad F1000000 		.4byte	0xf1
 723 02b1 00       		.byte	0
 724 02b2 11       		.uleb128 0x11
 725 02b3 AC010000 		.4byte	.LASF33
 726 02b7 01       		.byte	0x1
 727 02b8 7D01     		.2byte	0x17d
 728 02ba 00000000 		.4byte	.LFB74
 729 02be 10000000 		.4byte	.LFE74-.LFB74
 730 02c2 01       		.uleb128 0x1
 731 02c3 9C       		.byte	0x9c
 732 02c4 11       		.uleb128 0x11
 733 02c5 94020000 		.4byte	.LASF34
 734 02c9 01       		.byte	0x1
 735 02ca 9601     		.2byte	0x196
 736 02cc 00000000 		.4byte	.LFB75
 737 02d0 10000000 		.4byte	.LFE75-.LFB75
 738 02d4 01       		.uleb128 0x1
 739 02d5 9C       		.byte	0x9c
 740 02d6 09       		.uleb128 0x9
 741 02d7 23000000 		.4byte	.LASF35
 742 02db 01       		.byte	0x1
 743 02dc A0       		.byte	0xa0
 744 02dd 00000000 		.4byte	.LFB66
 745 02e1 1A000000 		.4byte	.LFE66-.LFB66
 746 02e5 01       		.uleb128 0x1
 747 02e6 9C       		.byte	0x9c
 748 02e7 10030000 		.4byte	0x310
 749 02eb 13       		.uleb128 0x13
 750 02ec 06000000 		.4byte	.LVL18
 751 02f0 C4020000 		.4byte	0x2c4
 752 02f4 13       		.uleb128 0x13
 753 02f5 0A000000 		.4byte	.LVL19
 754 02f9 21030000 		.4byte	0x321
 755 02fd 13       		.uleb128 0x13
 756 02fe 0E000000 		.4byte	.LVL20
 757 0302 2C030000 		.4byte	0x32c
 758 0306 13       		.uleb128 0x13
 759 0307 18000000 		.4byte	.LVL21
 760 030b 37030000 		.4byte	0x337
 761 030f 00       		.byte	0
 762 0310 17       		.uleb128 0x17
 763 0311 9F010000 		.4byte	.LASF43
 764 0315 07       		.byte	0x7
 765 0316 1207     		.2byte	0x712
 766 0318 1C030000 		.4byte	0x31c
 767 031c 08       		.uleb128 0x8
 768 031d 92000000 		.4byte	0x92
 769 0321 18       		.uleb128 0x18
 770 0322 5D020000 		.4byte	.LASF36
 771 0326 5D020000 		.4byte	.LASF36
 772 032a 05       		.byte	0x5
ARM GAS  C:\Users\rene_\AppData\Local\Temp\cchmTSk6.s 			page 22


 773 032b 5E       		.byte	0x5e
 774 032c 18       		.uleb128 0x18
 775 032d 72010000 		.4byte	.LASF37
 776 0331 72010000 		.4byte	.LASF37
 777 0335 06       		.byte	0x6
 778 0336 29       		.byte	0x29
 779 0337 18       		.uleb128 0x18
 780 0338 69000000 		.4byte	.LASF38
 781 033c 69000000 		.4byte	.LASF38
 782 0340 06       		.byte	0x6
 783 0341 26       		.byte	0x26
 784 0342 00       		.byte	0
 785              		.section	.debug_abbrev,"",%progbits
 786              	.Ldebug_abbrev0:
 787 0000 01       		.uleb128 0x1
 788 0001 11       		.uleb128 0x11
 789 0002 01       		.byte	0x1
 790 0003 25       		.uleb128 0x25
 791 0004 0E       		.uleb128 0xe
 792 0005 13       		.uleb128 0x13
 793 0006 0B       		.uleb128 0xb
 794 0007 03       		.uleb128 0x3
 795 0008 0E       		.uleb128 0xe
 796 0009 1B       		.uleb128 0x1b
 797 000a 0E       		.uleb128 0xe
 798 000b 55       		.uleb128 0x55
 799 000c 17       		.uleb128 0x17
 800 000d 11       		.uleb128 0x11
 801 000e 01       		.uleb128 0x1
 802 000f 10       		.uleb128 0x10
 803 0010 17       		.uleb128 0x17
 804 0011 00       		.byte	0
 805 0012 00       		.byte	0
 806 0013 02       		.uleb128 0x2
 807 0014 24       		.uleb128 0x24
 808 0015 00       		.byte	0
 809 0016 0B       		.uleb128 0xb
 810 0017 0B       		.uleb128 0xb
 811 0018 3E       		.uleb128 0x3e
 812 0019 0B       		.uleb128 0xb
 813 001a 03       		.uleb128 0x3
 814 001b 08       		.uleb128 0x8
 815 001c 00       		.byte	0
 816 001d 00       		.byte	0
 817 001e 03       		.uleb128 0x3
 818 001f 24       		.uleb128 0x24
 819 0020 00       		.byte	0
 820 0021 0B       		.uleb128 0xb
 821 0022 0B       		.uleb128 0xb
 822 0023 3E       		.uleb128 0x3e
 823 0024 0B       		.uleb128 0xb
 824 0025 03       		.uleb128 0x3
 825 0026 0E       		.uleb128 0xe
 826 0027 00       		.byte	0
 827 0028 00       		.byte	0
 828 0029 04       		.uleb128 0x4
 829 002a 16       		.uleb128 0x16
ARM GAS  C:\Users\rene_\AppData\Local\Temp\cchmTSk6.s 			page 23


 830 002b 00       		.byte	0
 831 002c 03       		.uleb128 0x3
 832 002d 0E       		.uleb128 0xe
 833 002e 3A       		.uleb128 0x3a
 834 002f 0B       		.uleb128 0xb
 835 0030 3B       		.uleb128 0x3b
 836 0031 0B       		.uleb128 0xb
 837 0032 49       		.uleb128 0x49
 838 0033 13       		.uleb128 0x13
 839 0034 00       		.byte	0
 840 0035 00       		.byte	0
 841 0036 05       		.uleb128 0x5
 842 0037 0F       		.uleb128 0xf
 843 0038 00       		.byte	0
 844 0039 0B       		.uleb128 0xb
 845 003a 0B       		.uleb128 0xb
 846 003b 49       		.uleb128 0x49
 847 003c 13       		.uleb128 0x13
 848 003d 00       		.byte	0
 849 003e 00       		.byte	0
 850 003f 06       		.uleb128 0x6
 851 0040 15       		.uleb128 0x15
 852 0041 00       		.byte	0
 853 0042 27       		.uleb128 0x27
 854 0043 19       		.uleb128 0x19
 855 0044 00       		.byte	0
 856 0045 00       		.byte	0
 857 0046 07       		.uleb128 0x7
 858 0047 16       		.uleb128 0x16
 859 0048 00       		.byte	0
 860 0049 03       		.uleb128 0x3
 861 004a 0E       		.uleb128 0xe
 862 004b 3A       		.uleb128 0x3a
 863 004c 0B       		.uleb128 0xb
 864 004d 3B       		.uleb128 0x3b
 865 004e 05       		.uleb128 0x5
 866 004f 49       		.uleb128 0x49
 867 0050 13       		.uleb128 0x13
 868 0051 00       		.byte	0
 869 0052 00       		.byte	0
 870 0053 08       		.uleb128 0x8
 871 0054 35       		.uleb128 0x35
 872 0055 00       		.byte	0
 873 0056 49       		.uleb128 0x49
 874 0057 13       		.uleb128 0x13
 875 0058 00       		.byte	0
 876 0059 00       		.byte	0
 877 005a 09       		.uleb128 0x9
 878 005b 2E       		.uleb128 0x2e
 879 005c 01       		.byte	0x1
 880 005d 3F       		.uleb128 0x3f
 881 005e 19       		.uleb128 0x19
 882 005f 03       		.uleb128 0x3
 883 0060 0E       		.uleb128 0xe
 884 0061 3A       		.uleb128 0x3a
 885 0062 0B       		.uleb128 0xb
 886 0063 3B       		.uleb128 0x3b
ARM GAS  C:\Users\rene_\AppData\Local\Temp\cchmTSk6.s 			page 24


 887 0064 0B       		.uleb128 0xb
 888 0065 27       		.uleb128 0x27
 889 0066 19       		.uleb128 0x19
 890 0067 11       		.uleb128 0x11
 891 0068 01       		.uleb128 0x1
 892 0069 12       		.uleb128 0x12
 893 006a 06       		.uleb128 0x6
 894 006b 40       		.uleb128 0x40
 895 006c 18       		.uleb128 0x18
 896 006d 9742     		.uleb128 0x2117
 897 006f 19       		.uleb128 0x19
 898 0070 01       		.uleb128 0x1
 899 0071 13       		.uleb128 0x13
 900 0072 00       		.byte	0
 901 0073 00       		.byte	0
 902 0074 0A       		.uleb128 0xa
 903 0075 05       		.uleb128 0x5
 904 0076 00       		.byte	0
 905 0077 03       		.uleb128 0x3
 906 0078 0E       		.uleb128 0xe
 907 0079 3A       		.uleb128 0x3a
 908 007a 0B       		.uleb128 0xb
 909 007b 3B       		.uleb128 0x3b
 910 007c 0B       		.uleb128 0xb
 911 007d 49       		.uleb128 0x49
 912 007e 13       		.uleb128 0x13
 913 007f 02       		.uleb128 0x2
 914 0080 18       		.uleb128 0x18
 915 0081 00       		.byte	0
 916 0082 00       		.byte	0
 917 0083 0B       		.uleb128 0xb
 918 0084 34       		.uleb128 0x34
 919 0085 00       		.byte	0
 920 0086 03       		.uleb128 0x3
 921 0087 0E       		.uleb128 0xe
 922 0088 3A       		.uleb128 0x3a
 923 0089 0B       		.uleb128 0xb
 924 008a 3B       		.uleb128 0x3b
 925 008b 0B       		.uleb128 0xb
 926 008c 49       		.uleb128 0x49
 927 008d 13       		.uleb128 0x13
 928 008e 02       		.uleb128 0x2
 929 008f 18       		.uleb128 0x18
 930 0090 00       		.byte	0
 931 0091 00       		.byte	0
 932 0092 0C       		.uleb128 0xc
 933 0093 2E       		.uleb128 0x2e
 934 0094 01       		.byte	0x1
 935 0095 3F       		.uleb128 0x3f
 936 0096 19       		.uleb128 0x19
 937 0097 03       		.uleb128 0x3
 938 0098 0E       		.uleb128 0xe
 939 0099 3A       		.uleb128 0x3a
 940 009a 0B       		.uleb128 0xb
 941 009b 3B       		.uleb128 0x3b
 942 009c 0B       		.uleb128 0xb
 943 009d 27       		.uleb128 0x27
ARM GAS  C:\Users\rene_\AppData\Local\Temp\cchmTSk6.s 			page 25


 944 009e 19       		.uleb128 0x19
 945 009f 49       		.uleb128 0x49
 946 00a0 13       		.uleb128 0x13
 947 00a1 11       		.uleb128 0x11
 948 00a2 01       		.uleb128 0x1
 949 00a3 12       		.uleb128 0x12
 950 00a4 06       		.uleb128 0x6
 951 00a5 40       		.uleb128 0x40
 952 00a6 18       		.uleb128 0x18
 953 00a7 9742     		.uleb128 0x2117
 954 00a9 19       		.uleb128 0x19
 955 00aa 01       		.uleb128 0x1
 956 00ab 13       		.uleb128 0x13
 957 00ac 00       		.byte	0
 958 00ad 00       		.byte	0
 959 00ae 0D       		.uleb128 0xd
 960 00af 2E       		.uleb128 0x2e
 961 00b0 01       		.byte	0x1
 962 00b1 3F       		.uleb128 0x3f
 963 00b2 19       		.uleb128 0x19
 964 00b3 03       		.uleb128 0x3
 965 00b4 0E       		.uleb128 0xe
 966 00b5 3A       		.uleb128 0x3a
 967 00b6 0B       		.uleb128 0xb
 968 00b7 3B       		.uleb128 0x3b
 969 00b8 05       		.uleb128 0x5
 970 00b9 27       		.uleb128 0x27
 971 00ba 19       		.uleb128 0x19
 972 00bb 11       		.uleb128 0x11
 973 00bc 01       		.uleb128 0x1
 974 00bd 12       		.uleb128 0x12
 975 00be 06       		.uleb128 0x6
 976 00bf 40       		.uleb128 0x40
 977 00c0 18       		.uleb128 0x18
 978 00c1 9742     		.uleb128 0x2117
 979 00c3 19       		.uleb128 0x19
 980 00c4 01       		.uleb128 0x1
 981 00c5 13       		.uleb128 0x13
 982 00c6 00       		.byte	0
 983 00c7 00       		.byte	0
 984 00c8 0E       		.uleb128 0xe
 985 00c9 05       		.uleb128 0x5
 986 00ca 00       		.byte	0
 987 00cb 03       		.uleb128 0x3
 988 00cc 0E       		.uleb128 0xe
 989 00cd 3A       		.uleb128 0x3a
 990 00ce 0B       		.uleb128 0xb
 991 00cf 3B       		.uleb128 0x3b
 992 00d0 05       		.uleb128 0x5
 993 00d1 49       		.uleb128 0x49
 994 00d2 13       		.uleb128 0x13
 995 00d3 02       		.uleb128 0x2
 996 00d4 17       		.uleb128 0x17
 997 00d5 00       		.byte	0
 998 00d6 00       		.byte	0
 999 00d7 0F       		.uleb128 0xf
 1000 00d8 2E       		.uleb128 0x2e
ARM GAS  C:\Users\rene_\AppData\Local\Temp\cchmTSk6.s 			page 26


 1001 00d9 01       		.byte	0x1
 1002 00da 3F       		.uleb128 0x3f
 1003 00db 19       		.uleb128 0x19
 1004 00dc 03       		.uleb128 0x3
 1005 00dd 0E       		.uleb128 0xe
 1006 00de 3A       		.uleb128 0x3a
 1007 00df 0B       		.uleb128 0xb
 1008 00e0 3B       		.uleb128 0x3b
 1009 00e1 05       		.uleb128 0x5
 1010 00e2 27       		.uleb128 0x27
 1011 00e3 19       		.uleb128 0x19
 1012 00e4 49       		.uleb128 0x49
 1013 00e5 13       		.uleb128 0x13
 1014 00e6 11       		.uleb128 0x11
 1015 00e7 01       		.uleb128 0x1
 1016 00e8 12       		.uleb128 0x12
 1017 00e9 06       		.uleb128 0x6
 1018 00ea 40       		.uleb128 0x40
 1019 00eb 18       		.uleb128 0x18
 1020 00ec 9742     		.uleb128 0x2117
 1021 00ee 19       		.uleb128 0x19
 1022 00ef 01       		.uleb128 0x1
 1023 00f0 13       		.uleb128 0x13
 1024 00f1 00       		.byte	0
 1025 00f2 00       		.byte	0
 1026 00f3 10       		.uleb128 0x10
 1027 00f4 34       		.uleb128 0x34
 1028 00f5 00       		.byte	0
 1029 00f6 03       		.uleb128 0x3
 1030 00f7 0E       		.uleb128 0xe
 1031 00f8 3A       		.uleb128 0x3a
 1032 00f9 0B       		.uleb128 0xb
 1033 00fa 3B       		.uleb128 0x3b
 1034 00fb 05       		.uleb128 0x5
 1035 00fc 49       		.uleb128 0x49
 1036 00fd 13       		.uleb128 0x13
 1037 00fe 02       		.uleb128 0x2
 1038 00ff 17       		.uleb128 0x17
 1039 0100 00       		.byte	0
 1040 0101 00       		.byte	0
 1041 0102 11       		.uleb128 0x11
 1042 0103 2E       		.uleb128 0x2e
 1043 0104 00       		.byte	0
 1044 0105 3F       		.uleb128 0x3f
 1045 0106 19       		.uleb128 0x19
 1046 0107 03       		.uleb128 0x3
 1047 0108 0E       		.uleb128 0xe
 1048 0109 3A       		.uleb128 0x3a
 1049 010a 0B       		.uleb128 0xb
 1050 010b 3B       		.uleb128 0x3b
 1051 010c 05       		.uleb128 0x5
 1052 010d 27       		.uleb128 0x27
 1053 010e 19       		.uleb128 0x19
 1054 010f 11       		.uleb128 0x11
 1055 0110 01       		.uleb128 0x1
 1056 0111 12       		.uleb128 0x12
 1057 0112 06       		.uleb128 0x6
ARM GAS  C:\Users\rene_\AppData\Local\Temp\cchmTSk6.s 			page 27


 1058 0113 40       		.uleb128 0x40
 1059 0114 18       		.uleb128 0x18
 1060 0115 9742     		.uleb128 0x2117
 1061 0117 19       		.uleb128 0x19
 1062 0118 00       		.byte	0
 1063 0119 00       		.byte	0
 1064 011a 12       		.uleb128 0x12
 1065 011b 2E       		.uleb128 0x2e
 1066 011c 00       		.byte	0
 1067 011d 3F       		.uleb128 0x3f
 1068 011e 19       		.uleb128 0x19
 1069 011f 03       		.uleb128 0x3
 1070 0120 0E       		.uleb128 0xe
 1071 0121 3A       		.uleb128 0x3a
 1072 0122 0B       		.uleb128 0xb
 1073 0123 3B       		.uleb128 0x3b
 1074 0124 05       		.uleb128 0x5
 1075 0125 27       		.uleb128 0x27
 1076 0126 19       		.uleb128 0x19
 1077 0127 49       		.uleb128 0x49
 1078 0128 13       		.uleb128 0x13
 1079 0129 11       		.uleb128 0x11
 1080 012a 01       		.uleb128 0x1
 1081 012b 12       		.uleb128 0x12
 1082 012c 06       		.uleb128 0x6
 1083 012d 40       		.uleb128 0x40
 1084 012e 18       		.uleb128 0x18
 1085 012f 9742     		.uleb128 0x2117
 1086 0131 19       		.uleb128 0x19
 1087 0132 00       		.byte	0
 1088 0133 00       		.byte	0
 1089 0134 13       		.uleb128 0x13
 1090 0135 898201   		.uleb128 0x4109
 1091 0138 00       		.byte	0
 1092 0139 11       		.uleb128 0x11
 1093 013a 01       		.uleb128 0x1
 1094 013b 31       		.uleb128 0x31
 1095 013c 13       		.uleb128 0x13
 1096 013d 00       		.byte	0
 1097 013e 00       		.byte	0
 1098 013f 14       		.uleb128 0x14
 1099 0140 898201   		.uleb128 0x4109
 1100 0143 01       		.byte	0x1
 1101 0144 11       		.uleb128 0x11
 1102 0145 01       		.uleb128 0x1
 1103 0146 31       		.uleb128 0x31
 1104 0147 13       		.uleb128 0x13
 1105 0148 01       		.uleb128 0x1
 1106 0149 13       		.uleb128 0x13
 1107 014a 00       		.byte	0
 1108 014b 00       		.byte	0
 1109 014c 15       		.uleb128 0x15
 1110 014d 8A8201   		.uleb128 0x410a
 1111 0150 00       		.byte	0
 1112 0151 02       		.uleb128 0x2
 1113 0152 18       		.uleb128 0x18
 1114 0153 9142     		.uleb128 0x2111
ARM GAS  C:\Users\rene_\AppData\Local\Temp\cchmTSk6.s 			page 28


 1115 0155 18       		.uleb128 0x18
 1116 0156 00       		.byte	0
 1117 0157 00       		.byte	0
 1118 0158 16       		.uleb128 0x16
 1119 0159 05       		.uleb128 0x5
 1120 015a 00       		.byte	0
 1121 015b 03       		.uleb128 0x3
 1122 015c 0E       		.uleb128 0xe
 1123 015d 3A       		.uleb128 0x3a
 1124 015e 0B       		.uleb128 0xb
 1125 015f 3B       		.uleb128 0x3b
 1126 0160 0B       		.uleb128 0xb
 1127 0161 49       		.uleb128 0x49
 1128 0162 13       		.uleb128 0x13
 1129 0163 02       		.uleb128 0x2
 1130 0164 17       		.uleb128 0x17
 1131 0165 00       		.byte	0
 1132 0166 00       		.byte	0
 1133 0167 17       		.uleb128 0x17
 1134 0168 34       		.uleb128 0x34
 1135 0169 00       		.byte	0
 1136 016a 03       		.uleb128 0x3
 1137 016b 0E       		.uleb128 0xe
 1138 016c 3A       		.uleb128 0x3a
 1139 016d 0B       		.uleb128 0xb
 1140 016e 3B       		.uleb128 0x3b
 1141 016f 05       		.uleb128 0x5
 1142 0170 49       		.uleb128 0x49
 1143 0171 13       		.uleb128 0x13
 1144 0172 3F       		.uleb128 0x3f
 1145 0173 19       		.uleb128 0x19
 1146 0174 3C       		.uleb128 0x3c
 1147 0175 19       		.uleb128 0x19
 1148 0176 00       		.byte	0
 1149 0177 00       		.byte	0
 1150 0178 18       		.uleb128 0x18
 1151 0179 2E       		.uleb128 0x2e
 1152 017a 00       		.byte	0
 1153 017b 3F       		.uleb128 0x3f
 1154 017c 19       		.uleb128 0x19
 1155 017d 3C       		.uleb128 0x3c
 1156 017e 19       		.uleb128 0x19
 1157 017f 6E       		.uleb128 0x6e
 1158 0180 0E       		.uleb128 0xe
 1159 0181 03       		.uleb128 0x3
 1160 0182 0E       		.uleb128 0xe
 1161 0183 3A       		.uleb128 0x3a
 1162 0184 0B       		.uleb128 0xb
 1163 0185 3B       		.uleb128 0x3b
 1164 0186 0B       		.uleb128 0xb
 1165 0187 00       		.byte	0
 1166 0188 00       		.byte	0
 1167 0189 00       		.byte	0
 1168              		.section	.debug_loc,"",%progbits
 1169              	.Ldebug_loc0:
 1170              	.LLST0:
 1171 0000 00000000 		.4byte	.LVL3
ARM GAS  C:\Users\rene_\AppData\Local\Temp\cchmTSk6.s 			page 29


 1172 0004 02000000 		.4byte	.LVL4
 1173 0008 0100     		.2byte	0x1
 1174 000a 50       		.byte	0x50
 1175 000b 02000000 		.4byte	.LVL4
 1176 000f 10000000 		.4byte	.LFE69
 1177 0013 0400     		.2byte	0x4
 1178 0015 F3       		.byte	0xf3
 1179 0016 01       		.uleb128 0x1
 1180 0017 50       		.byte	0x50
 1181 0018 9F       		.byte	0x9f
 1182 0019 00000000 		.4byte	0
 1183 001d 00000000 		.4byte	0
 1184              	.LLST1:
 1185 0021 04000000 		.4byte	.LVL5
 1186 0025 06000000 		.4byte	.LVL6
 1187 0029 0500     		.2byte	0x5
 1188 002b 70       		.byte	0x70
 1189 002c 00       		.sleb128 0
 1190 002d 35       		.byte	0x35
 1191 002e 25       		.byte	0x25
 1192 002f 9F       		.byte	0x9f
 1193 0030 00000000 		.4byte	0
 1194 0034 00000000 		.4byte	0
 1195              	.LLST2:
 1196 0038 00000000 		.4byte	.LVL11
 1197 003c 07000000 		.4byte	.LVL12-1
 1198 0040 0100     		.2byte	0x1
 1199 0042 50       		.byte	0x50
 1200 0043 07000000 		.4byte	.LVL12-1
 1201 0047 1A000000 		.4byte	.LFE64
 1202 004b 0100     		.2byte	0x1
 1203 004d 54       		.byte	0x54
 1204 004e 00000000 		.4byte	0
 1205 0052 00000000 		.4byte	0
 1206              		.section	.debug_aranges,"",%progbits
 1207 0000 7C000000 		.4byte	0x7c
 1208 0004 0200     		.2byte	0x2
 1209 0006 00000000 		.4byte	.Ldebug_info0
 1210 000a 04       		.byte	0x4
 1211 000b 00       		.byte	0
 1212 000c 0000     		.2byte	0
 1213 000e 0000     		.2byte	0
 1214 0010 00000000 		.4byte	.LFB67
 1215 0014 10000000 		.4byte	.LFE67-.LFB67
 1216 0018 00000000 		.4byte	.LFB68
 1217 001c 10000000 		.4byte	.LFE68-.LFB68
 1218 0020 00000000 		.4byte	.LFB69
 1219 0024 10000000 		.4byte	.LFE69-.LFB69
 1220 0028 00000000 		.4byte	.LFB70
 1221 002c 0C000000 		.4byte	.LFE70-.LFB70
 1222 0030 00000000 		.4byte	.LFB71
 1223 0034 10000000 		.4byte	.LFE71-.LFB71
 1224 0038 00000000 		.4byte	.LFB72
 1225 003c 18000000 		.4byte	.LFE72-.LFB72
 1226 0040 00000000 		.4byte	.LFB73
 1227 0044 10000000 		.4byte	.LFE73-.LFB73
 1228 0048 00000000 		.4byte	.LFB63
ARM GAS  C:\Users\rene_\AppData\Local\Temp\cchmTSk6.s 			page 30


 1229 004c 1C000000 		.4byte	.LFE63-.LFB63
 1230 0050 00000000 		.4byte	.LFB64
 1231 0054 1A000000 		.4byte	.LFE64-.LFB64
 1232 0058 00000000 		.4byte	.LFB65
 1233 005c 14000000 		.4byte	.LFE65-.LFB65
 1234 0060 00000000 		.4byte	.LFB74
 1235 0064 10000000 		.4byte	.LFE74-.LFB74
 1236 0068 00000000 		.4byte	.LFB75
 1237 006c 10000000 		.4byte	.LFE75-.LFB75
 1238 0070 00000000 		.4byte	.LFB66
 1239 0074 1A000000 		.4byte	.LFE66-.LFB66
 1240 0078 00000000 		.4byte	0
 1241 007c 00000000 		.4byte	0
 1242              		.section	.debug_ranges,"",%progbits
 1243              	.Ldebug_ranges0:
 1244 0000 00000000 		.4byte	.LFB67
 1245 0004 10000000 		.4byte	.LFE67
 1246 0008 00000000 		.4byte	.LFB68
 1247 000c 10000000 		.4byte	.LFE68
 1248 0010 00000000 		.4byte	.LFB69
 1249 0014 10000000 		.4byte	.LFE69
 1250 0018 00000000 		.4byte	.LFB70
 1251 001c 0C000000 		.4byte	.LFE70
 1252 0020 00000000 		.4byte	.LFB71
 1253 0024 10000000 		.4byte	.LFE71
 1254 0028 00000000 		.4byte	.LFB72
 1255 002c 18000000 		.4byte	.LFE72
 1256 0030 00000000 		.4byte	.LFB73
 1257 0034 10000000 		.4byte	.LFE73
 1258 0038 00000000 		.4byte	.LFB63
 1259 003c 1C000000 		.4byte	.LFE63
 1260 0040 00000000 		.4byte	.LFB64
 1261 0044 1A000000 		.4byte	.LFE64
 1262 0048 00000000 		.4byte	.LFB65
 1263 004c 14000000 		.4byte	.LFE65
 1264 0050 00000000 		.4byte	.LFB74
 1265 0054 10000000 		.4byte	.LFE74
 1266 0058 00000000 		.4byte	.LFB75
 1267 005c 10000000 		.4byte	.LFE75
 1268 0060 00000000 		.4byte	.LFB66
 1269 0064 1A000000 		.4byte	.LFE66
 1270 0068 00000000 		.4byte	0
 1271 006c 00000000 		.4byte	0
 1272              		.section	.debug_line,"",%progbits
 1273              	.Ldebug_line0:
 1274 0000 72020000 		.section	.debug_str,"MS",%progbits,1
 1274      02008301 
 1274      00000201 
 1274      FB0E0D00 
 1274      01010101 
 1275              	.LASF28:
 1276 0000 55415254 		.ascii	"UART_DMA_TIMER_TC_ISR_Enable\000"
 1276      5F444D41 
 1276      5F54494D 
 1276      45525F54 
 1276      435F4953 
 1277              	.LASF19:
ARM GAS  C:\Users\rene_\AppData\Local\Temp\cchmTSk6.s 			page 31


 1278 001d 72656733 		.ascii	"reg32\000"
 1278      3200
 1279              	.LASF35:
 1280 0023 55415254 		.ascii	"UART_DMA_TIMER_TC_ISR_Interrupt\000"
 1280      5F444D41 
 1280      5F54494D 
 1280      45525F54 
 1280      435F4953 
 1281              	.LASF30:
 1282 0043 55415254 		.ascii	"UART_DMA_TIMER_TC_ISR_Start\000"
 1282      5F444D41 
 1282      5F54494D 
 1282      45525F54 
 1282      435F4953 
 1283              	.LASF12:
 1284 005f 5F5F696E 		.ascii	"__int32_t\000"
 1284      7433325F 
 1284      7400
 1285              	.LASF38:
 1286 0069 4C45445F 		.ascii	"LED_on_Board_Write\000"
 1286      6F6E5F42 
 1286      6F617264 
 1286      5F577269 
 1286      746500
 1287              	.LASF6:
 1288 007c 73686F72 		.ascii	"short unsigned int\000"
 1288      7420756E 
 1288      7369676E 
 1288      65642069 
 1288      6E7400
 1289              	.LASF13:
 1290 008f 696E7433 		.ascii	"int32_t\000"
 1290      325F7400 
 1291              	.LASF27:
 1292 0097 55415254 		.ascii	"UART_DMA_TIMER_TC_ISR_GetPriority\000"
 1292      5F444D41 
 1292      5F54494D 
 1292      45525F54 
 1292      435F4953 
 1293              	.LASF16:
 1294 00b9 666C6F61 		.ascii	"float\000"
 1294      7400
 1295              	.LASF4:
 1296 00bf 756E7369 		.ascii	"unsigned char\000"
 1296      676E6564 
 1296      20636861 
 1296      7200
 1297              	.LASF39:
 1298 00cd 474E5520 		.ascii	"GNU C11 5.4.1 20160609 (release) [ARM/embedded-5-br"
 1298      43313120 
 1298      352E342E 
 1298      31203230 
 1298      31363036 
 1299 0100 616E6368 		.ascii	"anch revision 237715] -mcpu=cortex-m3 -mthumb -g -O"
 1299      20726576 
 1299      6973696F 
 1299      6E203233 
ARM GAS  C:\Users\rene_\AppData\Local\Temp\cchmTSk6.s 			page 32


 1299      37373135 
 1300 0133 67202D66 		.ascii	"g -ffunction-sections -ffat-lto-objects\000"
 1300      66756E63 
 1300      74696F6E 
 1300      2D736563 
 1300      74696F6E 
 1301              	.LASF18:
 1302 015b 72656738 		.ascii	"reg8\000"
 1302      00
 1303              	.LASF8:
 1304 0160 6C6F6E67 		.ascii	"long unsigned int\000"
 1304      20756E73 
 1304      69676E65 
 1304      6420696E 
 1304      7400
 1305              	.LASF37:
 1306 0172 4C45445F 		.ascii	"LED_on_Board_Read\000"
 1306      6F6E5F42 
 1306      6F617264 
 1306      5F526561 
 1306      6400
 1307              	.LASF32:
 1308 0184 55415254 		.ascii	"UART_DMA_TIMER_TC_ISR_Stop\000"
 1308      5F444D41 
 1308      5F54494D 
 1308      45525F54 
 1308      435F4953 
 1309              	.LASF43:
 1310 019f 49544D5F 		.ascii	"ITM_RxBuffer\000"
 1310      52784275 
 1310      66666572 
 1310      00
 1311              	.LASF33:
 1312 01ac 55415254 		.ascii	"UART_DMA_TIMER_TC_ISR_SetPending\000"
 1312      5F444D41 
 1312      5F54494D 
 1312      45525F54 
 1312      435F4953 
 1313              	.LASF31:
 1314 01cd 55415254 		.ascii	"UART_DMA_TIMER_TC_ISR_StartEx\000"
 1314      5F444D41 
 1314      5F54494D 
 1314      45525F54 
 1314      435F4953 
 1315              	.LASF17:
 1316 01eb 646F7562 		.ascii	"double\000"
 1316      6C6500
 1317              	.LASF25:
 1318 01f2 7072696F 		.ascii	"priority\000"
 1318      72697479 
 1318      00
 1319              	.LASF23:
 1320 01fb 55415254 		.ascii	"UART_DMA_TIMER_TC_ISR_SetPriority\000"
 1320      5F444D41 
 1320      5F54494D 
 1320      45525F54 
 1320      435F4953 
ARM GAS  C:\Users\rene_\AppData\Local\Temp\cchmTSk6.s 			page 33


 1321              	.LASF15:
 1322 021d 75696E74 		.ascii	"uint32\000"
 1322      333200
 1323              	.LASF0:
 1324 0224 756E7369 		.ascii	"unsigned int\000"
 1324      676E6564 
 1324      20696E74 
 1324      00
 1325              	.LASF24:
 1326 0231 61646472 		.ascii	"address\000"
 1326      65737300 
 1327              	.LASF9:
 1328 0239 6C6F6E67 		.ascii	"long long unsigned int\000"
 1328      206C6F6E 
 1328      6720756E 
 1328      7369676E 
 1328      65642069 
 1329              	.LASF20:
 1330 0250 63796973 		.ascii	"cyisraddress\000"
 1330      72616464 
 1330      72657373 
 1330      00
 1331              	.LASF36:
 1332 025d 55415254 		.ascii	"UART_DMA_TIMER_ReadStatusRegister\000"
 1332      5F444D41 
 1332      5F54494D 
 1332      45525F52 
 1332      65616453 
 1333              	.LASF2:
 1334 027f 6C6F6E67 		.ascii	"long double\000"
 1334      20646F75 
 1334      626C6500 
 1335              	.LASF10:
 1336 028b 73697A65 		.ascii	"sizetype\000"
 1336      74797065 
 1336      00
 1337              	.LASF34:
 1338 0294 55415254 		.ascii	"UART_DMA_TIMER_TC_ISR_ClearPending\000"
 1338      5F444D41 
 1338      5F54494D 
 1338      45525F54 
 1338      435F4953 
 1339              	.LASF29:
 1340 02b7 55415254 		.ascii	"UART_DMA_TIMER_TC_ISR_Disable\000"
 1340      5F444D41 
 1340      5F54494D 
 1340      45525F54 
 1340      435F4953 
 1341              	.LASF1:
 1342 02d5 6C6F6E67 		.ascii	"long long int\000"
 1342      206C6F6E 
 1342      6720696E 
 1342      7400
 1343              	.LASF11:
 1344 02e3 63686172 		.ascii	"char\000"
 1344      00
 1345              	.LASF21:
ARM GAS  C:\Users\rene_\AppData\Local\Temp\cchmTSk6.s 			page 34


 1346 02e8 72616D56 		.ascii	"ramVectorTable\000"
 1346      6563746F 
 1346      72546162 
 1346      6C6500
 1347              	.LASF40:
 1348 02f7 47656E65 		.ascii	"Generated_Source\\PSoC5\\UART_DMA_TIMER_TC_ISR.c\000"
 1348      72617465 
 1348      645F536F 
 1348      75726365 
 1348      5C50536F 
 1349              	.LASF5:
 1350 0326 73686F72 		.ascii	"short int\000"
 1350      7420696E 
 1350      7400
 1351              	.LASF42:
 1352 0330 55415254 		.ascii	"UART_DMA_TIMER_TC_ISR_GetState\000"
 1352      5F444D41 
 1352      5F54494D 
 1352      45525F54 
 1352      435F4953 
 1353              	.LASF14:
 1354 034f 75696E74 		.ascii	"uint8\000"
 1354      3800
 1355              	.LASF7:
 1356 0355 6C6F6E67 		.ascii	"long int\000"
 1356      20696E74 
 1356      00
 1357              	.LASF26:
 1358 035e 55415254 		.ascii	"UART_DMA_TIMER_TC_ISR_GetVector\000"
 1358      5F444D41 
 1358      5F54494D 
 1358      45525F54 
 1358      435F4953 
 1359              	.LASF3:
 1360 037e 7369676E 		.ascii	"signed char\000"
 1360      65642063 
 1360      68617200 
 1361              	.LASF41:
 1362 038a 433A5C70 		.ascii	"C:\\projekte\\repo\\QuadroCopter\\Software\\Cypress"
 1362      726F6A65 
 1362      6B74655C 
 1362      7265706F 
 1362      5C517561 
 1363 03b8 5F466C69 		.ascii	"_FlightController\\QuadrCopter\\Design02.cydsn\000"
 1363      67687443 
 1363      6F6E7472 
 1363      6F6C6C65 
 1363      725C5175 
 1364              	.LASF22:
 1365 03e5 55415254 		.ascii	"UART_DMA_TIMER_TC_ISR_SetVector\000"
 1365      5F444D41 
 1365      5F54494D 
 1365      45525F54 
 1365      435F4953 
 1366              		.ident	"GCC: (GNU Tools for ARM Embedded Processors) 5.4.1 20160609 (release) [ARM/embedded-5-bran
