ARM GAS  C:\Users\Besitzer\AppData\Local\Temp\ccQrDlnX.s 			page 1


   1              		.syntax unified
   2              		.cpu cortex-m3
   3              		.fpu softvfp
   4              		.eabi_attribute 20, 1
   5              		.eabi_attribute 21, 1
   6              		.eabi_attribute 23, 3
   7              		.eabi_attribute 24, 1
   8              		.eabi_attribute 25, 1
   9              		.eabi_attribute 26, 1
  10              		.eabi_attribute 30, 1
  11              		.eabi_attribute 34, 1
  12              		.eabi_attribute 18, 4
  13              		.thumb
  14              		.syntax unified
  15              		.file	"cymetadata.c"
  16              		.text
  17              	.Ltext0:
  18              		.cfi_sections	.debug_frame
  19              		.global	cy_metadata
  20              		.global	cy_meta_flashprotect
  21              		.global	cy_meta_wonvl
  22              		.global	cy_meta_custnvl
  23              		.global	cy_meta_configecc
  24              		.section	.cyconfigecc,"a",%progbits
  25              		.align	2
  26              		.type	cy_meta_configecc, %object
  27              		.size	cy_meta_configecc, 984
  28              	cy_meta_configecc:
  29 0000 01       		.byte	1
  30 0001 45       		.byte	69
  31 0002 00       		.byte	0
  32 0003 40       		.byte	64
  33 0004 02       		.byte	2
  34 0005 52       		.byte	82
  35 0006 00       		.byte	0
  36 0007 40       		.byte	64
  37 0008 03       		.byte	3
  38 0009 64       		.byte	100
  39 000a 00       		.byte	0
  40 000b 40       		.byte	64
  41 000c 50       		.byte	80
  42 000d 00       		.byte	0
  43 000e 01       		.byte	1
  44 000f 40       		.byte	64
  45 0010 36       		.byte	54
  46 0011 01       		.byte	1
  47 0012 01       		.byte	1
  48 0013 40       		.byte	64
  49 0014 55       		.byte	85
  50 0015 02       		.byte	2
  51 0016 01       		.byte	1
  52 0017 40       		.byte	64
  53 0018 48       		.byte	72
  54 0019 03       		.byte	3
  55 001a 01       		.byte	1
  56 001b 40       		.byte	64
  57 001c 4A       		.byte	74
ARM GAS  C:\Users\Besitzer\AppData\Local\Temp\ccQrDlnX.s 			page 2


  58 001d 04       		.byte	4
  59 001e 01       		.byte	1
  60 001f 40       		.byte	64
  61 0020 42       		.byte	66
  62 0021 05       		.byte	5
  63 0022 01       		.byte	1
  64 0023 40       		.byte	64
  65 0024 03       		.byte	3
  66 0025 07       		.byte	7
  67 0026 01       		.byte	1
  68 0027 40       		.byte	64
  69 0028 05       		.byte	5
  70 0029 41       		.byte	65
  71 002a 01       		.byte	1
  72 002b 40       		.byte	64
  73 002c 02       		.byte	2
  74 002d 42       		.byte	66
  75 002e 01       		.byte	1
  76 002f 40       		.byte	64
  77 0030 03       		.byte	3
  78 0031 50       		.byte	80
  79 0032 01       		.byte	1
  80 0033 40       		.byte	64
  81 0034 0A       		.byte	10
  82 0035 02       		.byte	2
  83 0036 01       		.byte	1
  84 0037 02       		.byte	2
  85 0038 04       		.byte	4
  86 0039 01       		.byte	1
  87 003a 80       		.byte	-128
  88 003b 0F       		.byte	15
  89 003c 82       		.byte	-126
  90 003d 38       		.byte	56
  91 003e 85       		.byte	-123
  92 003f 72       		.byte	114
  93 0040 01       		.byte	1
  94 0041 14       		.byte	20
  95 0042 05       		.byte	5
  96 0043 09       		.byte	9
  97 0044 06       		.byte	6
  98 0045 0C       		.byte	12
  99 0046 07       		.byte	7
 100 0047 10       		.byte	16
 101 0048 08       		.byte	8
 102 0049 01       		.byte	1
 103 004a 09       		.byte	9
 104 004b 10       		.byte	16
 105 004c 0A       		.byte	10
 106 004d 06       		.byte	6
 107 004e 0B       		.byte	11
 108 004f 0C       		.byte	12
 109 0050 12       		.byte	18
 110 0051 03       		.byte	3
 111 0052 14       		.byte	20
 112 0053 0C       		.byte	12
 113 0054 15       		.byte	21
 114 0055 20       		.byte	32
ARM GAS  C:\Users\Besitzer\AppData\Local\Temp\ccQrDlnX.s 			page 3


 115 0056 16       		.byte	22
 116 0057 03       		.byte	3
 117 0058 19       		.byte	25
 118 0059 10       		.byte	16
 119 005a 1E       		.byte	30
 120 005b 10       		.byte	16
 121 005c 1F       		.byte	31
 122 005d 03       		.byte	3
 123 005e 25       		.byte	37
 124 005f 0C       		.byte	12
 125 0060 26       		.byte	38
 126 0061 08       		.byte	8
 127 0062 27       		.byte	39
 128 0063 11       		.byte	17
 129 0064 28       		.byte	40
 130 0065 01       		.byte	1
 131 0066 29       		.byte	41
 132 0067 1C       		.byte	28
 133 0068 2A       		.byte	42
 134 0069 0E       		.byte	14
 135 006a 2B       		.byte	43
 136 006b 02       		.byte	2
 137 006c 2E       		.byte	46
 138 006d 10       		.byte	16
 139 006e 32       		.byte	50
 140 006f 0F       		.byte	15
 141 0070 33       		.byte	51
 142 0071 20       		.byte	32
 143 0072 34       		.byte	52
 144 0073 10       		.byte	16
 145 0074 37       		.byte	55
 146 0075 1F       		.byte	31
 147 0076 3A       		.byte	58
 148 0077 08       		.byte	8
 149 0078 3E       		.byte	62
 150 0079 10       		.byte	16
 151 007a 3F       		.byte	63
 152 007b 04       		.byte	4
 153 007c 40       		.byte	64
 154 007d 35       		.byte	53
 155 007e 41       		.byte	65
 156 007f 02       		.byte	2
 157 0080 45       		.byte	69
 158 0081 BE       		.byte	-66
 159 0082 46       		.byte	70
 160 0083 0C       		.byte	12
 161 0084 48       		.byte	72
 162 0085 07       		.byte	7
 163 0086 49       		.byte	73
 164 0087 FF       		.byte	-1
 165 0088 4A       		.byte	74
 166 0089 FF       		.byte	-1
 167 008a 4B       		.byte	75
 168 008b FF       		.byte	-1
 169 008c 4E       		.byte	78
 170 008d F0       		.byte	-16
 171 008e 4F       		.byte	79
ARM GAS  C:\Users\Besitzer\AppData\Local\Temp\ccQrDlnX.s 			page 4


 172 008f 44       		.byte	68
 173 0090 50       		.byte	80
 174 0091 0C       		.byte	12
 175 0092 54       		.byte	84
 176 0093 01       		.byte	1
 177 0094 58       		.byte	88
 178 0095 04       		.byte	4
 179 0096 59       		.byte	89
 180 0097 04       		.byte	4
 181 0098 5A       		.byte	90
 182 0099 04       		.byte	4
 183 009a 5B       		.byte	91
 184 009b 04       		.byte	4
 185 009c 5F       		.byte	95
 186 009d 01       		.byte	1
 187 009e 66       		.byte	102
 188 009f C0       		.byte	-64
 189 00a0 6A       		.byte	106
 190 00a1 40       		.byte	64
 191 00a2 6B       		.byte	107
 192 00a3 02       		.byte	2
 193 00a4 81       		.byte	-127
 194 00a5 04       		.byte	4
 195 00a6 83       		.byte	-125
 196 00a7 09       		.byte	9
 197 00a8 86       		.byte	-122
 198 00a9 08       		.byte	8
 199 00aa 87       		.byte	-121
 200 00ab 02       		.byte	2
 201 00ac 89       		.byte	-119
 202 00ad 08       		.byte	8
 203 00ae 8B       		.byte	-117
 204 00af 04       		.byte	4
 205 00b0 92       		.byte	-110
 206 00b1 05       		.byte	5
 207 00b2 94       		.byte	-108
 208 00b3 03       		.byte	3
 209 00b4 95       		.byte	-107
 210 00b5 02       		.byte	2
 211 00b6 96       		.byte	-106
 212 00b7 0C       		.byte	12
 213 00b8 98       		.byte	-104
 214 00b9 0A       		.byte	10
 215 00ba 99       		.byte	-103
 216 00bb 02       		.byte	2
 217 00bc 9A       		.byte	-102
 218 00bd 04       		.byte	4
 219 00be 9F       		.byte	-97
 220 00bf 02       		.byte	2
 221 00c0 A5       		.byte	-91
 222 00c1 0C       		.byte	12
 223 00c2 A8       		.byte	-88
 224 00c3 03       		.byte	3
 225 00c4 A9       		.byte	-87
 226 00c5 0C       		.byte	12
 227 00c6 AA       		.byte	-86
 228 00c7 04       		.byte	4
ARM GAS  C:\Users\Besitzer\AppData\Local\Temp\ccQrDlnX.s 			page 5


 229 00c8 AC       		.byte	-84
 230 00c9 03       		.byte	3
 231 00ca AE       		.byte	-82
 232 00cb 04       		.byte	4
 233 00cc AF       		.byte	-81
 234 00cd 02       		.byte	2
 235 00ce B1       		.byte	-79
 236 00cf 02       		.byte	2
 237 00d0 B2       		.byte	-78
 238 00d1 0F       		.byte	15
 239 00d2 B3       		.byte	-77
 240 00d3 01       		.byte	1
 241 00d4 B5       		.byte	-75
 242 00d5 0C       		.byte	12
 243 00d6 BA       		.byte	-70
 244 00d7 08       		.byte	8
 245 00d8 BF       		.byte	-65
 246 00d9 01       		.byte	1
 247 00da D8       		.byte	-40
 248 00db 04       		.byte	4
 249 00dc D9       		.byte	-39
 250 00dd 04       		.byte	4
 251 00de DF       		.byte	-33
 252 00df 01       		.byte	1
 253 00e0 00       		.byte	0
 254 00e1 14       		.byte	20
 255 00e2 04       		.byte	4
 256 00e3 04       		.byte	4
 257 00e4 08       		.byte	8
 258 00e5 01       		.byte	1
 259 00e6 0A       		.byte	10
 260 00e7 22       		.byte	34
 261 00e8 0C       		.byte	12
 262 00e9 03       		.byte	3
 263 00ea 0E       		.byte	14
 264 00eb 20       		.byte	32
 265 00ec 0F       		.byte	15
 266 00ed 08       		.byte	8
 267 00ee 10       		.byte	16
 268 00ef 24       		.byte	36
 269 00f0 12       		.byte	18
 270 00f1 01       		.byte	1
 271 00f2 14       		.byte	20
 272 00f3 08       		.byte	8
 273 00f4 15       		.byte	21
 274 00f5 80       		.byte	-128
 275 00f6 18       		.byte	24
 276 00f7 20       		.byte	32
 277 00f8 19       		.byte	25
 278 00f9 20       		.byte	32
 279 00fa 1A       		.byte	26
 280 00fb 20       		.byte	32
 281 00fc 1B       		.byte	27
 282 00fd 04       		.byte	4
 283 00fe 1C       		.byte	28
 284 00ff 10       		.byte	16
 285 0100 1E       		.byte	30
ARM GAS  C:\Users\Besitzer\AppData\Local\Temp\ccQrDlnX.s 			page 6


 286 0101 20       		.byte	32
 287 0102 1F       		.byte	31
 288 0103 04       		.byte	4
 289 0104 21       		.byte	33
 290 0105 80       		.byte	-128
 291 0106 22       		.byte	34
 292 0107 04       		.byte	4
 293 0108 25       		.byte	37
 294 0109 14       		.byte	20
 295 010a 27       		.byte	39
 296 010b 44       		.byte	68
 297 010c 29       		.byte	41
 298 010d 08       		.byte	8
 299 010e 2B       		.byte	43
 300 010f 04       		.byte	4
 301 0110 2C       		.byte	44
 302 0111 02       		.byte	2
 303 0112 2D       		.byte	45
 304 0113 04       		.byte	4
 305 0114 2F       		.byte	47
 306 0115 08       		.byte	8
 307 0116 30       		.byte	48
 308 0117 20       		.byte	32
 309 0118 31       		.byte	49
 310 0119 84       		.byte	-124
 311 011a 34       		.byte	52
 312 011b 0C       		.byte	12
 313 011c 35       		.byte	53
 314 011d 08       		.byte	8
 315 011e 36       		.byte	54
 316 011f 90       		.byte	-112
 317 0120 38       		.byte	56
 318 0121 14       		.byte	20
 319 0122 3B       		.byte	59
 320 0123 01       		.byte	1
 321 0124 3D       		.byte	61
 322 0125 20       		.byte	32
 323 0126 3F       		.byte	63
 324 0127 0A       		.byte	10
 325 0128 40       		.byte	64
 326 0129 18       		.byte	24
 327 012a 48       		.byte	72
 328 012b 02       		.byte	2
 329 012c 49       		.byte	73
 330 012d 04       		.byte	4
 331 012e 4B       		.byte	75
 332 012f 01       		.byte	1
 333 0130 51       		.byte	81
 334 0131 40       		.byte	64
 335 0132 52       		.byte	82
 336 0133 80       		.byte	-128
 337 0134 58       		.byte	88
 338 0135 02       		.byte	2
 339 0136 5A       		.byte	90
 340 0137 18       		.byte	24
 341 0138 5B       		.byte	91
 342 0139 40       		.byte	64
ARM GAS  C:\Users\Besitzer\AppData\Local\Temp\ccQrDlnX.s 			page 7


 343 013a C0       		.byte	-64
 344 013b 26       		.byte	38
 345 013c C2       		.byte	-62
 346 013d 7D       		.byte	125
 347 013e C4       		.byte	-60
 348 013f C7       		.byte	-57
 349 0140 CA       		.byte	-54
 350 0141 76       		.byte	118
 351 0142 CC       		.byte	-52
 352 0143 7E       		.byte	126
 353 0144 CE       		.byte	-50
 354 0145 E7       		.byte	-25
 355 0146 D0       		.byte	-48
 356 0147 06       		.byte	6
 357 0148 D2       		.byte	-46
 358 0149 08       		.byte	8
 359 014a D6       		.byte	-42
 360 014b 0F       		.byte	15
 361 014c 01       		.byte	1
 362 014d 40       		.byte	64
 363 014e 07       		.byte	7
 364 014f 10       		.byte	16
 365 0150 08       		.byte	8
 366 0151 04       		.byte	4
 367 0152 0A       		.byte	10
 368 0153 01       		.byte	1
 369 0154 0B       		.byte	11
 370 0155 02       		.byte	2
 371 0156 0C       		.byte	12
 372 0157 08       		.byte	8
 373 0158 0D       		.byte	13
 374 0159 7C       		.byte	124
 375 015a 11       		.byte	17
 376 015b 1C       		.byte	28
 377 015c 13       		.byte	19
 378 015d 60       		.byte	96
 379 015e 15       		.byte	21
 380 015f 20       		.byte	32
 381 0160 1B       		.byte	27
 382 0161 0C       		.byte	12
 383 0162 1C       		.byte	28
 384 0163 02       		.byte	2
 385 0164 1D       		.byte	29
 386 0165 70       		.byte	112
 387 0166 1E       		.byte	30
 388 0167 01       		.byte	1
 389 0168 1F       		.byte	31
 390 0169 08       		.byte	8
 391 016a 20       		.byte	32
 392 016b 01       		.byte	1
 393 016c 22       		.byte	34
 394 016d 06       		.byte	6
 395 016e 23       		.byte	35
 396 016f 01       		.byte	1
 397 0170 24       		.byte	36
 398 0171 0F       		.byte	15
 399 0172 25       		.byte	37
ARM GAS  C:\Users\Besitzer\AppData\Local\Temp\ccQrDlnX.s 			page 8


 400 0173 10       		.byte	16
 401 0174 27       		.byte	39
 402 0175 02       		.byte	2
 403 0176 28       		.byte	40
 404 0177 0F       		.byte	15
 405 0178 29       		.byte	41
 406 0179 70       		.byte	112
 407 017a 2B       		.byte	43
 408 017b 04       		.byte	4
 409 017c 2D       		.byte	45
 410 017d 60       		.byte	96
 411 017e 31       		.byte	49
 412 017f 03       		.byte	3
 413 0180 34       		.byte	52
 414 0181 08       		.byte	8
 415 0182 36       		.byte	54
 416 0183 07       		.byte	7
 417 0184 37       		.byte	55
 418 0185 7C       		.byte	124
 419 0186 3B       		.byte	59
 420 0187 80       		.byte	-128
 421 0188 3F       		.byte	63
 422 0189 01       		.byte	1
 423 018a 54       		.byte	84
 424 018b 18       		.byte	24
 425 018c 58       		.byte	88
 426 018d 04       		.byte	4
 427 018e 59       		.byte	89
 428 018f 04       		.byte	4
 429 0190 5B       		.byte	91
 430 0191 04       		.byte	4
 431 0192 5F       		.byte	95
 432 0193 01       		.byte	1
 433 0194 85       		.byte	-123
 434 0195 03       		.byte	3
 435 0196 86       		.byte	-122
 436 0197 0C       		.byte	12
 437 0198 89       		.byte	-119
 438 0199 02       		.byte	2
 439 019a 8F       		.byte	-113
 440 019b 04       		.byte	4
 441 019c 93       		.byte	-109
 442 019d 01       		.byte	1
 443 019e 94       		.byte	-108
 444 019f 0C       		.byte	12
 445 01a0 96       		.byte	-106
 446 01a1 02       		.byte	2
 447 01a2 97       		.byte	-105
 448 01a3 04       		.byte	4
 449 01a4 9A       		.byte	-102
 450 01a5 06       		.byte	6
 451 01a6 9C       		.byte	-100
 452 01a7 01       		.byte	1
 453 01a8 A5       		.byte	-91
 454 01a9 03       		.byte	3
 455 01aa A6       		.byte	-90
 456 01ab 04       		.byte	4
ARM GAS  C:\Users\Besitzer\AppData\Local\Temp\ccQrDlnX.s 			page 9


 457 01ac AA       		.byte	-86
 458 01ad 0A       		.byte	10
 459 01ae AE       		.byte	-82
 460 01af 02       		.byte	2
 461 01b0 B2       		.byte	-78
 462 01b1 0E       		.byte	14
 463 01b2 B4       		.byte	-76
 464 01b3 01       		.byte	1
 465 01b4 B5       		.byte	-75
 466 01b5 03       		.byte	3
 467 01b6 B7       		.byte	-73
 468 01b7 04       		.byte	4
 469 01b8 B9       		.byte	-71
 470 01b9 20       		.byte	32
 471 01ba BA       		.byte	-70
 472 01bb 08       		.byte	8
 473 01bc BE       		.byte	-66
 474 01bd 10       		.byte	16
 475 01be BF       		.byte	-65
 476 01bf 50       		.byte	80
 477 01c0 C0       		.byte	-64
 478 01c1 26       		.byte	38
 479 01c2 C1       		.byte	-63
 480 01c3 05       		.byte	5
 481 01c4 C2       		.byte	-62
 482 01c5 03       		.byte	3
 483 01c6 C4       		.byte	-60
 484 01c7 04       		.byte	4
 485 01c8 C6       		.byte	-58
 486 01c9 0C       		.byte	12
 487 01ca C7       		.byte	-57
 488 01cb E0       		.byte	-32
 489 01cc C8       		.byte	-56
 490 01cd 24       		.byte	36
 491 01ce C9       		.byte	-55
 492 01cf FF       		.byte	-1
 493 01d0 CA       		.byte	-54
 494 01d1 FF       		.byte	-1
 495 01d2 CB       		.byte	-53
 496 01d3 FF       		.byte	-1
 497 01d4 CC       		.byte	-52
 498 01d5 62       		.byte	98
 499 01d6 CD       		.byte	-51
 500 01d7 A0       		.byte	-96
 501 01d8 CE       		.byte	-50
 502 01d9 F0       		.byte	-16
 503 01da CF       		.byte	-49
 504 01db 41       		.byte	65
 505 01dc D0       		.byte	-48
 506 01dd 0C       		.byte	12
 507 01de D8       		.byte	-40
 508 01df 04       		.byte	4
 509 01e0 D9       		.byte	-39
 510 01e1 04       		.byte	4
 511 01e2 DA       		.byte	-38
 512 01e3 04       		.byte	4
 513 01e4 DF       		.byte	-33
ARM GAS  C:\Users\Besitzer\AppData\Local\Temp\ccQrDlnX.s 			page 10


 514 01e5 01       		.byte	1
 515 01e6 E6       		.byte	-26
 516 01e7 40       		.byte	64
 517 01e8 E7       		.byte	-25
 518 01e9 02       		.byte	2
 519 01ea E9       		.byte	-23
 520 01eb 10       		.byte	16
 521 01ec EA       		.byte	-22
 522 01ed 30       		.byte	48
 523 01ee EB       		.byte	-21
 524 01ef 10       		.byte	16
 525 01f0 ED       		.byte	-19
 526 01f1 10       		.byte	16
 527 01f2 EE       		.byte	-18
 528 01f3 10       		.byte	16
 529 01f4 EF       		.byte	-17
 530 01f5 12       		.byte	18
 531 01f6 00       		.byte	0
 532 01f7 04       		.byte	4
 533 01f8 07       		.byte	7
 534 01f9 05       		.byte	5
 535 01fa 08       		.byte	8
 536 01fb 10       		.byte	16
 537 01fc 09       		.byte	9
 538 01fd 80       		.byte	-128
 539 01fe 0A       		.byte	10
 540 01ff 20       		.byte	32
 541 0200 0B       		.byte	11
 542 0201 10       		.byte	16
 543 0202 0F       		.byte	15
 544 0203 02       		.byte	2
 545 0204 10       		.byte	16
 546 0205 22       		.byte	34
 547 0206 12       		.byte	18
 548 0207 04       		.byte	4
 549 0208 15       		.byte	21
 550 0209 15       		.byte	21
 551 020a 19       		.byte	25
 552 020b 0C       		.byte	12
 553 020c 1A       		.byte	26
 554 020d 08       		.byte	8
 555 020e 1D       		.byte	29
 556 020f 50       		.byte	80
 557 0210 1F       		.byte	31
 558 0211 40       		.byte	64
 559 0212 20       		.byte	32
 560 0213 08       		.byte	8
 561 0214 23       		.byte	35
 562 0215 01       		.byte	1
 563 0216 24       		.byte	36
 564 0217 40       		.byte	64
 565 0218 26       		.byte	38
 566 0219 80       		.byte	-128
 567 021a 28       		.byte	40
 568 021b 10       		.byte	16
 569 021c 29       		.byte	41
 570 021d 04       		.byte	4
ARM GAS  C:\Users\Besitzer\AppData\Local\Temp\ccQrDlnX.s 			page 11


 571 021e 2A       		.byte	42
 572 021f 08       		.byte	8
 573 0220 2D       		.byte	45
 574 0221 01       		.byte	1
 575 0222 2E       		.byte	46
 576 0223 10       		.byte	16
 577 0224 2F       		.byte	47
 578 0225 62       		.byte	98
 579 0226 30       		.byte	48
 580 0227 02       		.byte	2
 581 0228 31       		.byte	49
 582 0229 08       		.byte	8
 583 022a 35       		.byte	53
 584 022b 11       		.byte	17
 585 022c 36       		.byte	54
 586 022d 80       		.byte	-128
 587 022e 37       		.byte	55
 588 022f 08       		.byte	8
 589 0230 38       		.byte	56
 590 0231 A0       		.byte	-96
 591 0232 3A       		.byte	58
 592 0233 04       		.byte	4
 593 0234 3B       		.byte	59
 594 0235 18       		.byte	24
 595 0236 3D       		.byte	61
 596 0237 28       		.byte	40
 597 0238 3E       		.byte	62
 598 0239 02       		.byte	2
 599 023a 3F       		.byte	63
 600 023b 40       		.byte	64
 601 023c 40       		.byte	64
 602 023d 40       		.byte	64
 603 023e 41       		.byte	65
 604 023f 28       		.byte	40
 605 0240 49       		.byte	73
 606 0241 10       		.byte	16
 607 0242 4A       		.byte	74
 608 0243 08       		.byte	8
 609 0244 4B       		.byte	75
 610 0245 40       		.byte	64
 611 0246 50       		.byte	80
 612 0247 40       		.byte	64
 613 0248 52       		.byte	82
 614 0249 01       		.byte	1
 615 024a 5E       		.byte	94
 616 024b 02       		.byte	2
 617 024c 65       		.byte	101
 618 024d 20       		.byte	32
 619 024e 67       		.byte	103
 620 024f 01       		.byte	1
 621 0250 8A       		.byte	-118
 622 0251 04       		.byte	4
 623 0252 90       		.byte	-112
 624 0253 20       		.byte	32
 625 0254 93       		.byte	-109
 626 0255 08       		.byte	8
 627 0256 94       		.byte	-108
ARM GAS  C:\Users\Besitzer\AppData\Local\Temp\ccQrDlnX.s 			page 12


 628 0257 04       		.byte	4
 629 0258 95       		.byte	-107
 630 0259 04       		.byte	4
 631 025a 96       		.byte	-106
 632 025b 02       		.byte	2
 633 025c 99       		.byte	-103
 634 025d 20       		.byte	32
 635 025e 9B       		.byte	-101
 636 025f 04       		.byte	4
 637 0260 9D       		.byte	-99
 638 0261 08       		.byte	8
 639 0262 9E       		.byte	-98
 640 0263 01       		.byte	1
 641 0264 A1       		.byte	-95
 642 0265 94       		.byte	-108
 643 0266 A4       		.byte	-92
 644 0267 22       		.byte	34
 645 0268 A7       		.byte	-89
 646 0269 09       		.byte	9
 647 026a B4       		.byte	-76
 648 026b 02       		.byte	2
 649 026c B5       		.byte	-75
 650 026d 44       		.byte	68
 651 026e B6       		.byte	-74
 652 026f 10       		.byte	16
 653 0270 C0       		.byte	-64
 654 0271 C4       		.byte	-60
 655 0272 C2       		.byte	-62
 656 0273 87       		.byte	-121
 657 0274 C4       		.byte	-60
 658 0275 77       		.byte	119
 659 0276 CA       		.byte	-54
 660 0277 F2       		.byte	-14
 661 0278 CC       		.byte	-52
 662 0279 F3       		.byte	-13
 663 027a CE       		.byte	-50
 664 027b FE       		.byte	-2
 665 027c D0       		.byte	-48
 666 027d 07       		.byte	7
 667 027e D2       		.byte	-46
 668 027f 0C       		.byte	12
 669 0280 D6       		.byte	-42
 670 0281 80       		.byte	-128
 671 0282 D8       		.byte	-40
 672 0283 30       		.byte	48
 673 0284 E2       		.byte	-30
 674 0285 80       		.byte	-128
 675 0286 01       		.byte	1
 676 0287 0C       		.byte	12
 677 0288 03       		.byte	3
 678 0289 03       		.byte	3
 679 028a 04       		.byte	4
 680 028b 0C       		.byte	12
 681 028c 05       		.byte	5
 682 028d 10       		.byte	16
 683 028e 09       		.byte	9
 684 028f 0C       		.byte	12
ARM GAS  C:\Users\Besitzer\AppData\Local\Temp\ccQrDlnX.s 			page 13


 685 0290 0D       		.byte	13
 686 0291 0F       		.byte	15
 687 0292 10       		.byte	16
 688 0293 0F       		.byte	15
 689 0294 11       		.byte	17
 690 0295 20       		.byte	32
 691 0296 14       		.byte	20
 692 0297 0D       		.byte	13
 693 0298 16       		.byte	22
 694 0299 02       		.byte	2
 695 029a 17       		.byte	23
 696 029b 02       		.byte	2
 697 029c 18       		.byte	24
 698 029d 03       		.byte	3
 699 029e 1A       		.byte	26
 700 029f 0C       		.byte	12
 701 02a0 1B       		.byte	27
 702 02a1 10       		.byte	16
 703 02a2 1D       		.byte	29
 704 02a3 10       		.byte	16
 705 02a4 20       		.byte	32
 706 02a5 0D       		.byte	13
 707 02a6 21       		.byte	33
 708 02a7 08       		.byte	8
 709 02a8 22       		.byte	34
 710 02a9 02       		.byte	2
 711 02aa 24       		.byte	36
 712 02ab 04       		.byte	4
 713 02ac 25       		.byte	37
 714 02ad 04       		.byte	4
 715 02ae 29       		.byte	41
 716 02af 03       		.byte	3
 717 02b0 2A       		.byte	42
 718 02b1 02       		.byte	2
 719 02b2 2B       		.byte	43
 720 02b3 0C       		.byte	12
 721 02b4 2C       		.byte	44
 722 02b5 08       		.byte	8
 723 02b6 2D       		.byte	45
 724 02b7 0E       		.byte	14
 725 02b8 2F       		.byte	47
 726 02b9 01       		.byte	1
 727 02ba 31       		.byte	49
 728 02bb 01       		.byte	1
 729 02bc 32       		.byte	50
 730 02bd 0E       		.byte	14
 731 02be 33       		.byte	51
 732 02bf 0E       		.byte	14
 733 02c0 34       		.byte	52
 734 02c1 01       		.byte	1
 735 02c2 35       		.byte	53
 736 02c3 30       		.byte	48
 737 02c4 39       		.byte	57
 738 02c5 22       		.byte	34
 739 02c6 3A       		.byte	58
 740 02c7 0A       		.byte	10
 741 02c8 3E       		.byte	62
ARM GAS  C:\Users\Besitzer\AppData\Local\Temp\ccQrDlnX.s 			page 14


 742 02c9 10       		.byte	16
 743 02ca 40       		.byte	64
 744 02cb 06       		.byte	6
 745 02cc 46       		.byte	70
 746 02cd 40       		.byte	64
 747 02ce 49       		.byte	73
 748 02cf FF       		.byte	-1
 749 02d0 4A       		.byte	74
 750 02d1 07       		.byte	7
 751 02d2 4B       		.byte	75
 752 02d3 FF       		.byte	-1
 753 02d4 4C       		.byte	76
 754 02d5 40       		.byte	64
 755 02d6 4D       		.byte	77
 756 02d7 20       		.byte	32
 757 02d8 4E       		.byte	78
 758 02d9 F0       		.byte	-16
 759 02da 4F       		.byte	79
 760 02db 05       		.byte	5
 761 02dc 50       		.byte	80
 762 02dd 08       		.byte	8
 763 02de 58       		.byte	88
 764 02df 04       		.byte	4
 765 02e0 59       		.byte	89
 766 02e1 04       		.byte	4
 767 02e2 5A       		.byte	90
 768 02e3 04       		.byte	4
 769 02e4 5F       		.byte	95
 770 02e5 01       		.byte	1
 771 02e6 60       		.byte	96
 772 02e7 40       		.byte	64
 773 02e8 61       		.byte	97
 774 02e9 A8       		.byte	-88
 775 02ea 62       		.byte	98
 776 02eb 40       		.byte	64
 777 02ec 63       		.byte	99
 778 02ed 20       		.byte	32
 779 02ee 84       		.byte	-124
 780 02ef 0C       		.byte	12
 781 02f0 8A       		.byte	-118
 782 02f1 33       		.byte	51
 783 02f2 8C       		.byte	-116
 784 02f3 33       		.byte	51
 785 02f4 90       		.byte	-112
 786 02f5 3F       		.byte	63
 787 02f6 94       		.byte	-108
 788 02f7 0F       		.byte	15
 789 02f8 96       		.byte	-106
 790 02f9 30       		.byte	48
 791 02fa 98       		.byte	-104
 792 02fb 33       		.byte	51
 793 02fc 9A       		.byte	-102
 794 02fd 0C       		.byte	12
 795 02fe 9C       		.byte	-100
 796 02ff 11       		.byte	17
 797 0300 A0       		.byte	-96
 798 0301 0C       		.byte	12
ARM GAS  C:\Users\Besitzer\AppData\Local\Temp\ccQrDlnX.s 			page 15


 799 0302 A2       		.byte	-94
 800 0303 33       		.byte	51
 801 0304 A4       		.byte	-92
 802 0305 22       		.byte	34
 803 0306 A8       		.byte	-88
 804 0307 04       		.byte	4
 805 0308 AC       		.byte	-84
 806 0309 08       		.byte	8
 807 030a B4       		.byte	-76
 808 030b 0F       		.byte	15
 809 030c B6       		.byte	-74
 810 030d 30       		.byte	48
 811 030e BA       		.byte	-70
 812 030f 20       		.byte	32
 813 0310 D6       		.byte	-42
 814 0311 02       		.byte	2
 815 0312 D7       		.byte	-41
 816 0313 12       		.byte	18
 817 0314 D8       		.byte	-40
 818 0315 04       		.byte	4
 819 0316 DB       		.byte	-37
 820 0317 04       		.byte	4
 821 0318 DF       		.byte	-33
 822 0319 01       		.byte	1
 823 031a 02       		.byte	2
 824 031b 10       		.byte	16
 825 031c 05       		.byte	5
 826 031d 50       		.byte	80
 827 031e 07       		.byte	7
 828 031f 10       		.byte	16
 829 0320 09       		.byte	9
 830 0321 20       		.byte	32
 831 0322 0A       		.byte	10
 832 0323 50       		.byte	80
 833 0324 0B       		.byte	11
 834 0325 40       		.byte	64
 835 0326 0D       		.byte	13
 836 0327 20       		.byte	32
 837 0328 0E       		.byte	14
 838 0329 50       		.byte	80
 839 032a 0F       		.byte	15
 840 032b 02       		.byte	2
 841 032c 12       		.byte	18
 842 032d C9       		.byte	-55
 843 032e 13       		.byte	19
 844 032f 0A       		.byte	10
 845 0330 16       		.byte	22
 846 0331 06       		.byte	6
 847 0332 17       		.byte	23
 848 0333 06       		.byte	6
 849 0334 1A       		.byte	26
 850 0335 54       		.byte	84
 851 0336 1B       		.byte	27
 852 0337 04       		.byte	4
 853 0338 1D       		.byte	29
 854 0339 20       		.byte	32
 855 033a 1E       		.byte	30
ARM GAS  C:\Users\Besitzer\AppData\Local\Temp\ccQrDlnX.s 			page 16


 856 033b 02       		.byte	2
 857 033c 20       		.byte	32
 858 033d 04       		.byte	4
 859 033e 21       		.byte	33
 860 033f 08       		.byte	8
 861 0340 22       		.byte	34
 862 0341 01       		.byte	1
 863 0342 28       		.byte	40
 864 0343 08       		.byte	8
 865 0344 2A       		.byte	42
 866 0345 45       		.byte	69
 867 0346 30       		.byte	48
 868 0347 02       		.byte	2
 869 0348 32       		.byte	50
 870 0349 18       		.byte	24
 871 034a 33       		.byte	51
 872 034b 80       		.byte	-128
 873 034c 38       		.byte	56
 874 034d 02       		.byte	2
 875 034e 3A       		.byte	58
 876 034f 18       		.byte	24
 877 0350 3B       		.byte	59
 878 0351 40       		.byte	64
 879 0352 40       		.byte	64
 880 0353 08       		.byte	8
 881 0354 41       		.byte	65
 882 0355 20       		.byte	32
 883 0356 48       		.byte	72
 884 0357 04       		.byte	4
 885 0358 50       		.byte	80
 886 0359 22       		.byte	34
 887 035a 5E       		.byte	94
 888 035b 04       		.byte	4
 889 035c 6D       		.byte	109
 890 035d 14       		.byte	20
 891 035e 6F       		.byte	111
 892 035f 09       		.byte	9
 893 0360 76       		.byte	118
 894 0361 17       		.byte	23
 895 0362 77       		.byte	119
 896 0363 18       		.byte	24
 897 0364 83       		.byte	-125
 898 0365 12       		.byte	18
 899 0366 92       		.byte	-110
 900 0367 20       		.byte	32
 901 0368 93       		.byte	-109
 902 0369 08       		.byte	8
 903 036a 94       		.byte	-108
 904 036b 04       		.byte	4
 905 036c 95       		.byte	-107
 906 036d 14       		.byte	20
 907 036e 96       		.byte	-106
 908 036f 12       		.byte	18
 909 0370 97       		.byte	-105
 910 0371 40       		.byte	64
 911 0372 99       		.byte	-103
 912 0373 50       		.byte	80
ARM GAS  C:\Users\Besitzer\AppData\Local\Temp\ccQrDlnX.s 			page 17


 913 0374 9A       		.byte	-102
 914 0375 08       		.byte	8
 915 0376 9B       		.byte	-101
 916 0377 04       		.byte	4
 917 0378 9E       		.byte	-98
 918 0379 02       		.byte	2
 919 037a 9F       		.byte	-97
 920 037b 09       		.byte	9
 921 037c A0       		.byte	-96
 922 037d 04       		.byte	4
 923 037e A2       		.byte	-94
 924 037f 88       		.byte	-120
 925 0380 A3       		.byte	-93
 926 0381 01       		.byte	1
 927 0382 A4       		.byte	-92
 928 0383 22       		.byte	34
 929 0384 A5       		.byte	-91
 930 0385 28       		.byte	40
 931 0386 A6       		.byte	-90
 932 0387 01       		.byte	1
 933 0388 A7       		.byte	-89
 934 0389 0A       		.byte	10
 935 038a A9       		.byte	-87
 936 038b 21       		.byte	33
 937 038c AF       		.byte	-81
 938 038d 21       		.byte	33
 939 038e C0       		.byte	-64
 940 038f E4       		.byte	-28
 941 0390 C2       		.byte	-62
 942 0391 FE       		.byte	-2
 943 0392 C4       		.byte	-60
 944 0393 FF       		.byte	-1
 945 0394 CA       		.byte	-54
 946 0395 0F       		.byte	15
 947 0396 CC       		.byte	-52
 948 0397 0F       		.byte	15
 949 0398 CE       		.byte	-50
 950 0399 0F       		.byte	15
 951 039a D2       		.byte	-46
 952 039b 04       		.byte	4
 953 039c D6       		.byte	-42
 954 039d 40       		.byte	64
 955 039e A8       		.byte	-88
 956 039f 01       		.byte	1
 957 03a0 AB       		.byte	-85
 958 03a1 04       		.byte	4
 959 03a2 AF       		.byte	-81
 960 03a3 84       		.byte	-124
 961 03a4 03       		.byte	3
 962 03a5 80       		.byte	-128
 963 03a6 59       		.byte	89
 964 03a7 40       		.byte	64
 965 03a8 89       		.byte	-119
 966 03a9 40       		.byte	64
 967 03aa C0       		.byte	-64
 968 03ab 10       		.byte	16
 969 03ac D4       		.byte	-44
ARM GAS  C:\Users\Besitzer\AppData\Local\Temp\ccQrDlnX.s 			page 18


 970 03ad 80       		.byte	-128
 971 03ae AF       		.byte	-81
 972 03af 80       		.byte	-128
 973 03b0 EC       		.byte	-20
 974 03b1 10       		.byte	16
 975 03b2 00       		.byte	0
 976 03b3 01       		.byte	1
 977 03b4 08       		.byte	8
 978 03b5 01       		.byte	1
 979 03b6 0A       		.byte	10
 980 03b7 01       		.byte	1
 981 03b8 02       		.byte	2
 982 03b9 00       		.byte	0
 983 03ba 01       		.byte	1
 984 03bb 02       		.byte	2
 985 03bc 02       		.byte	2
 986 03bd 00       		.byte	0
 987 03be 02       		.byte	2
 988 03bf 00       		.byte	0
 989 03c0 00       		.byte	0
 990 03c1 00       		.byte	0
 991 03c2 00       		.byte	0
 992 03c3 00       		.byte	0
 993 03c4 04       		.byte	4
 994 03c5 00       		.byte	0
 995 03c6 00       		.byte	0
 996 03c7 0F       		.byte	15
 997 03c8 0B       		.byte	11
 998 03c9 00       		.byte	0
 999 03ca 00       		.byte	0
 1000 03cb 00       		.byte	0
 1001 03cc 00       		.byte	0
 1002 03cd 00       		.byte	0
 1003 03ce 00       		.byte	0
 1004 03cf 00       		.byte	0
 1005 03d0 00       		.byte	0
 1006 03d1 80       		.byte	-128
 1007 03d2 80       		.byte	-128
 1008 03d3 00       		.byte	0
 1009 03d4 00       		.byte	0
 1010 03d5 00       		.byte	0
 1011 03d6 00       		.byte	0
 1012 03d7 00       		.byte	0
 1013              		.section	.cywolatch,"a",%progbits
 1014              		.align	2
 1015              		.type	cy_meta_wonvl, %object
 1016              		.size	cy_meta_wonvl, 4
 1017              	cy_meta_wonvl:
 1018 0000 BC       		.byte	-68
 1019 0001 90       		.byte	-112
 1020 0002 AC       		.byte	-84
 1021 0003 AF       		.byte	-81
 1022              		.section	.cycustnvl,"a",%progbits
 1023              		.align	2
 1024              		.type	cy_meta_custnvl, %object
 1025              		.size	cy_meta_custnvl, 4
 1026              	cy_meta_custnvl:
ARM GAS  C:\Users\Besitzer\AppData\Local\Temp\ccQrDlnX.s 			page 19


 1027 0000 00       		.byte	0
 1028 0001 00       		.byte	0
 1029 0002 40       		.byte	64
 1030 0003 05       		.byte	5
 1031              		.section	.cymeta,"a",%progbits
 1032              		.align	2
 1033              		.type	cy_metadata, %object
 1034              		.size	cy_metadata, 12
 1035              	cy_metadata:
 1036 0000 00       		.byte	0
 1037 0001 01       		.byte	1
 1038 0002 2E       		.byte	46
 1039 0003 16       		.byte	22
 1040 0004 00       		.byte	0
 1041 0005 69       		.byte	105
 1042 0006 00       		.byte	0
 1043 0007 01       		.byte	1
 1044 0008 00       		.byte	0
 1045 0009 00       		.byte	0
 1046 000a 00       		.byte	0
 1047 000b 00       		.byte	0
 1048              		.section	.cyflashprotect,"a",%progbits
 1049              		.align	2
 1050              		.type	cy_meta_flashprotect, %object
 1051              		.size	cy_meta_flashprotect, 256
 1052              	cy_meta_flashprotect:
 1053 0000 00000000 		.space	256
 1053      00000000 
 1053      00000000 
 1053      00000000 
 1053      00000000 
 1054              		.text
 1055              	.Letext0:
 1056              		.file 1 "c:\\program files (x86)\\cypress\\psoc creator\\4.4\\psoc creator\\import\\gnu\\arm\\5.4.
 1057              		.file 2 "c:\\program files (x86)\\cypress\\psoc creator\\4.4\\psoc creator\\import\\gnu\\arm\\5.4.
 1058              		.file 3 "Generated_Source\\PSoC5\\cymetadata.c"
 1059              		.section	.debug_info,"",%progbits
 1060              	.Ldebug_info0:
 1061 0000 31010000 		.4byte	0x131
 1062 0004 0400     		.2byte	0x4
 1063 0006 00000000 		.4byte	.Ldebug_abbrev0
 1064 000a 04       		.byte	0x4
 1065 000b 01       		.uleb128 0x1
 1066 000c 24000000 		.4byte	.LASF17
 1067 0010 0C       		.byte	0xc
 1068 0011 BD010000 		.4byte	.LASF18
 1069 0015 69010000 		.4byte	.LASF19
 1070 0019 00000000 		.4byte	.Ldebug_line0
 1071 001d 02       		.uleb128 0x2
 1072 001e 01       		.byte	0x1
 1073 001f 06       		.byte	0x6
 1074 0020 B1010000 		.4byte	.LASF0
 1075 0024 03       		.uleb128 0x3
 1076 0025 00000000 		.4byte	.LASF9
 1077 0029 01       		.byte	0x1
 1078 002a 1D       		.byte	0x1d
 1079 002b 2F000000 		.4byte	0x2f
ARM GAS  C:\Users\Besitzer\AppData\Local\Temp\ccQrDlnX.s 			page 20


 1080 002f 02       		.uleb128 0x2
 1081 0030 01       		.byte	0x1
 1082 0031 08       		.byte	0x8
 1083 0032 16000000 		.4byte	.LASF1
 1084 0036 02       		.uleb128 0x2
 1085 0037 02       		.byte	0x2
 1086 0038 05       		.byte	0x5
 1087 0039 5F010000 		.4byte	.LASF2
 1088 003d 02       		.uleb128 0x2
 1089 003e 02       		.byte	0x2
 1090 003f 07       		.byte	0x7
 1091 0040 C4000000 		.4byte	.LASF3
 1092 0044 02       		.uleb128 0x2
 1093 0045 04       		.byte	0x4
 1094 0046 05       		.byte	0x5
 1095 0047 A8010000 		.4byte	.LASF4
 1096 004b 02       		.uleb128 0x2
 1097 004c 04       		.byte	0x4
 1098 004d 07       		.byte	0x7
 1099 004e B2000000 		.4byte	.LASF5
 1100 0052 02       		.uleb128 0x2
 1101 0053 08       		.byte	0x8
 1102 0054 05       		.byte	0x5
 1103 0055 51010000 		.4byte	.LASF6
 1104 0059 02       		.uleb128 0x2
 1105 005a 08       		.byte	0x8
 1106 005b 07       		.byte	0x7
 1107 005c 06010000 		.4byte	.LASF7
 1108 0060 04       		.uleb128 0x4
 1109 0061 04       		.byte	0x4
 1110 0062 05       		.byte	0x5
 1111 0063 696E7400 		.ascii	"int\000"
 1112 0067 02       		.uleb128 0x2
 1113 0068 04       		.byte	0x4
 1114 0069 07       		.byte	0x7
 1115 006a F9000000 		.4byte	.LASF8
 1116 006e 03       		.uleb128 0x3
 1117 006f 1D010000 		.4byte	.LASF10
 1118 0073 02       		.byte	0x2
 1119 0074 18       		.byte	0x18
 1120 0075 24000000 		.4byte	0x24
 1121 0079 05       		.uleb128 0x5
 1122 007a 91000000 		.4byte	0x91
 1123 007e 8A000000 		.4byte	0x8a
 1124 0082 06       		.uleb128 0x6
 1125 0083 8A000000 		.4byte	0x8a
 1126 0087 D703     		.2byte	0x3d7
 1127 0089 00       		.byte	0
 1128 008a 02       		.uleb128 0x2
 1129 008b 04       		.byte	0x4
 1130 008c 07       		.byte	0x7
 1131 008d 48010000 		.4byte	.LASF11
 1132 0091 07       		.uleb128 0x7
 1133 0092 6E000000 		.4byte	0x6e
 1134 0096 08       		.uleb128 0x8
 1135 0097 E7000000 		.4byte	.LASF12
 1136 009b 03       		.byte	0x3
ARM GAS  C:\Users\Besitzer\AppData\Local\Temp\ccQrDlnX.s 			page 21


 1137 009c 1F       		.byte	0x1f
 1138 009d A7000000 		.4byte	0xa7
 1139 00a1 05       		.uleb128 0x5
 1140 00a2 03       		.byte	0x3
 1141 00a3 00000000 		.4byte	cy_meta_configecc
 1142 00a7 07       		.uleb128 0x7
 1143 00a8 79000000 		.4byte	0x79
 1144 00ac 05       		.uleb128 0x5
 1145 00ad 91000000 		.4byte	0x91
 1146 00b1 BC000000 		.4byte	0xbc
 1147 00b5 09       		.uleb128 0x9
 1148 00b6 8A000000 		.4byte	0x8a
 1149 00ba 03       		.byte	0x3
 1150 00bb 00       		.byte	0
 1151 00bc 08       		.uleb128 0x8
 1152 00bd D7000000 		.4byte	.LASF13
 1153 00c1 03       		.byte	0x3
 1154 00c2 A7       		.byte	0xa7
 1155 00c3 CD000000 		.4byte	0xcd
 1156 00c7 05       		.uleb128 0x5
 1157 00c8 03       		.byte	0x3
 1158 00c9 00000000 		.4byte	cy_meta_custnvl
 1159 00cd 07       		.uleb128 0x7
 1160 00ce AC000000 		.4byte	0xac
 1161 00d2 08       		.uleb128 0x8
 1162 00d3 3A010000 		.4byte	.LASF14
 1163 00d7 03       		.byte	0x3
 1164 00d8 B5       		.byte	0xb5
 1165 00d9 E3000000 		.4byte	0xe3
 1166 00dd 05       		.uleb128 0x5
 1167 00de 03       		.byte	0x3
 1168 00df 00000000 		.4byte	cy_meta_wonvl
 1169 00e3 07       		.uleb128 0x7
 1170 00e4 AC000000 		.4byte	0xac
 1171 00e8 05       		.uleb128 0x5
 1172 00e9 91000000 		.4byte	0x91
 1173 00ed F8000000 		.4byte	0xf8
 1174 00f1 09       		.uleb128 0x9
 1175 00f2 8A000000 		.4byte	0x8a
 1176 00f6 FF       		.byte	0xff
 1177 00f7 00       		.byte	0
 1178 00f8 08       		.uleb128 0x8
 1179 00f9 25010000 		.4byte	.LASF15
 1180 00fd 03       		.byte	0x3
 1181 00fe C3       		.byte	0xc3
 1182 00ff 09010000 		.4byte	0x109
 1183 0103 05       		.uleb128 0x5
 1184 0104 03       		.byte	0x3
 1185 0105 00000000 		.4byte	cy_meta_flashprotect
 1186 0109 07       		.uleb128 0x7
 1187 010a E8000000 		.4byte	0xe8
 1188 010e 05       		.uleb128 0x5
 1189 010f 91000000 		.4byte	0x91
 1190 0113 1E010000 		.4byte	0x11e
 1191 0117 09       		.uleb128 0x9
 1192 0118 8A000000 		.4byte	0x8a
 1193 011c 0B       		.byte	0xb
ARM GAS  C:\Users\Besitzer\AppData\Local\Temp\ccQrDlnX.s 			page 22


 1194 011d 00       		.byte	0
 1195 011e 08       		.uleb128 0x8
 1196 011f 0A000000 		.4byte	.LASF16
 1197 0123 03       		.byte	0x3
 1198 0124 F0       		.byte	0xf0
 1199 0125 2F010000 		.4byte	0x12f
 1200 0129 05       		.uleb128 0x5
 1201 012a 03       		.byte	0x3
 1202 012b 00000000 		.4byte	cy_metadata
 1203 012f 07       		.uleb128 0x7
 1204 0130 0E010000 		.4byte	0x10e
 1205 0134 00       		.byte	0
 1206              		.section	.debug_abbrev,"",%progbits
 1207              	.Ldebug_abbrev0:
 1208 0000 01       		.uleb128 0x1
 1209 0001 11       		.uleb128 0x11
 1210 0002 01       		.byte	0x1
 1211 0003 25       		.uleb128 0x25
 1212 0004 0E       		.uleb128 0xe
 1213 0005 13       		.uleb128 0x13
 1214 0006 0B       		.uleb128 0xb
 1215 0007 03       		.uleb128 0x3
 1216 0008 0E       		.uleb128 0xe
 1217 0009 1B       		.uleb128 0x1b
 1218 000a 0E       		.uleb128 0xe
 1219 000b 10       		.uleb128 0x10
 1220 000c 17       		.uleb128 0x17
 1221 000d 00       		.byte	0
 1222 000e 00       		.byte	0
 1223 000f 02       		.uleb128 0x2
 1224 0010 24       		.uleb128 0x24
 1225 0011 00       		.byte	0
 1226 0012 0B       		.uleb128 0xb
 1227 0013 0B       		.uleb128 0xb
 1228 0014 3E       		.uleb128 0x3e
 1229 0015 0B       		.uleb128 0xb
 1230 0016 03       		.uleb128 0x3
 1231 0017 0E       		.uleb128 0xe
 1232 0018 00       		.byte	0
 1233 0019 00       		.byte	0
 1234 001a 03       		.uleb128 0x3
 1235 001b 16       		.uleb128 0x16
 1236 001c 00       		.byte	0
 1237 001d 03       		.uleb128 0x3
 1238 001e 0E       		.uleb128 0xe
 1239 001f 3A       		.uleb128 0x3a
 1240 0020 0B       		.uleb128 0xb
 1241 0021 3B       		.uleb128 0x3b
 1242 0022 0B       		.uleb128 0xb
 1243 0023 49       		.uleb128 0x49
 1244 0024 13       		.uleb128 0x13
 1245 0025 00       		.byte	0
 1246 0026 00       		.byte	0
 1247 0027 04       		.uleb128 0x4
 1248 0028 24       		.uleb128 0x24
 1249 0029 00       		.byte	0
 1250 002a 0B       		.uleb128 0xb
ARM GAS  C:\Users\Besitzer\AppData\Local\Temp\ccQrDlnX.s 			page 23


 1251 002b 0B       		.uleb128 0xb
 1252 002c 3E       		.uleb128 0x3e
 1253 002d 0B       		.uleb128 0xb
 1254 002e 03       		.uleb128 0x3
 1255 002f 08       		.uleb128 0x8
 1256 0030 00       		.byte	0
 1257 0031 00       		.byte	0
 1258 0032 05       		.uleb128 0x5
 1259 0033 01       		.uleb128 0x1
 1260 0034 01       		.byte	0x1
 1261 0035 49       		.uleb128 0x49
 1262 0036 13       		.uleb128 0x13
 1263 0037 01       		.uleb128 0x1
 1264 0038 13       		.uleb128 0x13
 1265 0039 00       		.byte	0
 1266 003a 00       		.byte	0
 1267 003b 06       		.uleb128 0x6
 1268 003c 21       		.uleb128 0x21
 1269 003d 00       		.byte	0
 1270 003e 49       		.uleb128 0x49
 1271 003f 13       		.uleb128 0x13
 1272 0040 2F       		.uleb128 0x2f
 1273 0041 05       		.uleb128 0x5
 1274 0042 00       		.byte	0
 1275 0043 00       		.byte	0
 1276 0044 07       		.uleb128 0x7
 1277 0045 26       		.uleb128 0x26
 1278 0046 00       		.byte	0
 1279 0047 49       		.uleb128 0x49
 1280 0048 13       		.uleb128 0x13
 1281 0049 00       		.byte	0
 1282 004a 00       		.byte	0
 1283 004b 08       		.uleb128 0x8
 1284 004c 34       		.uleb128 0x34
 1285 004d 00       		.byte	0
 1286 004e 03       		.uleb128 0x3
 1287 004f 0E       		.uleb128 0xe
 1288 0050 3A       		.uleb128 0x3a
 1289 0051 0B       		.uleb128 0xb
 1290 0052 3B       		.uleb128 0x3b
 1291 0053 0B       		.uleb128 0xb
 1292 0054 49       		.uleb128 0x49
 1293 0055 13       		.uleb128 0x13
 1294 0056 3F       		.uleb128 0x3f
 1295 0057 19       		.uleb128 0x19
 1296 0058 02       		.uleb128 0x2
 1297 0059 18       		.uleb128 0x18
 1298 005a 00       		.byte	0
 1299 005b 00       		.byte	0
 1300 005c 09       		.uleb128 0x9
 1301 005d 21       		.uleb128 0x21
 1302 005e 00       		.byte	0
 1303 005f 49       		.uleb128 0x49
 1304 0060 13       		.uleb128 0x13
 1305 0061 2F       		.uleb128 0x2f
 1306 0062 0B       		.uleb128 0xb
 1307 0063 00       		.byte	0
ARM GAS  C:\Users\Besitzer\AppData\Local\Temp\ccQrDlnX.s 			page 24


 1308 0064 00       		.byte	0
 1309 0065 00       		.byte	0
 1310              		.section	.debug_aranges,"",%progbits
 1311 0000 14000000 		.4byte	0x14
 1312 0004 0200     		.2byte	0x2
 1313 0006 00000000 		.4byte	.Ldebug_info0
 1314 000a 04       		.byte	0x4
 1315 000b 00       		.byte	0
 1316 000c 0000     		.2byte	0
 1317 000e 0000     		.2byte	0
 1318 0010 00000000 		.4byte	0
 1319 0014 00000000 		.4byte	0
 1320              		.section	.debug_line,"",%progbits
 1321              	.Ldebug_line0:
 1322 0000 3D010000 		.section	.debug_str,"MS",%progbits,1
 1322      02003701 
 1322      00000201 
 1322      FB0E0D00 
 1322      01010101 
 1323              	.LASF9:
 1324 0000 5F5F7569 		.ascii	"__uint8_t\000"
 1324      6E74385F 
 1324      7400
 1325              	.LASF16:
 1326 000a 63795F6D 		.ascii	"cy_metadata\000"
 1326      65746164 
 1326      61746100 
 1327              	.LASF1:
 1328 0016 756E7369 		.ascii	"unsigned char\000"
 1328      676E6564 
 1328      20636861 
 1328      7200
 1329              	.LASF17:
 1330 0024 474E5520 		.ascii	"GNU C11 5.4.1 20160609 (release) [ARM/embedded-5-br"
 1330      43313120 
 1330      352E342E 
 1330      31203230 
 1330      31363036 
 1331 0057 616E6368 		.ascii	"anch revision 237715] -mcpu=cortex-m3 -mthumb -g -O"
 1331      20726576 
 1331      6973696F 
 1331      6E203233 
 1331      37373135 
 1332 008a 67202D66 		.ascii	"g -ffunction-sections -ffat-lto-objects\000"
 1332      66756E63 
 1332      74696F6E 
 1332      2D736563 
 1332      74696F6E 
 1333              	.LASF5:
 1334 00b2 6C6F6E67 		.ascii	"long unsigned int\000"
 1334      20756E73 
 1334      69676E65 
 1334      6420696E 
 1334      7400
 1335              	.LASF3:
 1336 00c4 73686F72 		.ascii	"short unsigned int\000"
 1336      7420756E 
ARM GAS  C:\Users\Besitzer\AppData\Local\Temp\ccQrDlnX.s 			page 25


 1336      7369676E 
 1336      65642069 
 1336      6E7400
 1337              	.LASF13:
 1338 00d7 63795F6D 		.ascii	"cy_meta_custnvl\000"
 1338      6574615F 
 1338      63757374 
 1338      6E766C00 
 1339              	.LASF12:
 1340 00e7 63795F6D 		.ascii	"cy_meta_configecc\000"
 1340      6574615F 
 1340      636F6E66 
 1340      69676563 
 1340      6300
 1341              	.LASF8:
 1342 00f9 756E7369 		.ascii	"unsigned int\000"
 1342      676E6564 
 1342      20696E74 
 1342      00
 1343              	.LASF7:
 1344 0106 6C6F6E67 		.ascii	"long long unsigned int\000"
 1344      206C6F6E 
 1344      6720756E 
 1344      7369676E 
 1344      65642069 
 1345              	.LASF10:
 1346 011d 75696E74 		.ascii	"uint8_t\000"
 1346      385F7400 
 1347              	.LASF15:
 1348 0125 63795F6D 		.ascii	"cy_meta_flashprotect\000"
 1348      6574615F 
 1348      666C6173 
 1348      6870726F 
 1348      74656374 
 1349              	.LASF14:
 1350 013a 63795F6D 		.ascii	"cy_meta_wonvl\000"
 1350      6574615F 
 1350      776F6E76 
 1350      6C00
 1351              	.LASF11:
 1352 0148 73697A65 		.ascii	"sizetype\000"
 1352      74797065 
 1352      00
 1353              	.LASF6:
 1354 0151 6C6F6E67 		.ascii	"long long int\000"
 1354      206C6F6E 
 1354      6720696E 
 1354      7400
 1355              	.LASF2:
 1356 015f 73686F72 		.ascii	"short int\000"
 1356      7420696E 
 1356      7400
 1357              	.LASF19:
 1358 0169 443A5C52 		.ascii	"D:\\Repos\\QuadroCopter\\Software\\FlightController"
 1358      65706F73 
 1358      5C517561 
 1358      64726F43 
ARM GAS  C:\Users\Besitzer\AppData\Local\Temp\ccQrDlnX.s 			page 26


 1358      6F707465 
 1359 0198 5C446573 		.ascii	"\\Design01.cydsn\000"
 1359      69676E30 
 1359      312E6379 
 1359      64736E00 
 1360              	.LASF4:
 1361 01a8 6C6F6E67 		.ascii	"long int\000"
 1361      20696E74 
 1361      00
 1362              	.LASF0:
 1363 01b1 7369676E 		.ascii	"signed char\000"
 1363      65642063 
 1363      68617200 
 1364              	.LASF18:
 1365 01bd 47656E65 		.ascii	"Generated_Source\\PSoC5\\cymetadata.c\000"
 1365      72617465 
 1365      645F536F 
 1365      75726365 
 1365      5C50536F 
 1366              		.ident	"GCC: (GNU Tools for ARM Embedded Processors) 5.4.1 20160609 (release) [ARM/embedded-5-bran
