ARM GAS  C:\Users\Besitzer\AppData\Local\Temp\ccON1ZTV.s 			page 1


   1              		.syntax unified
   2              		.cpu cortex-m3
   3              		.fpu softvfp
   4              		.eabi_attribute 20, 1
   5              		.eabi_attribute 21, 1
   6              		.eabi_attribute 23, 3
   7              		.eabi_attribute 24, 1
   8              		.eabi_attribute 25, 1
   9              		.eabi_attribute 26, 1
  10              		.eabi_attribute 30, 1
  11              		.eabi_attribute 34, 1
  12              		.eabi_attribute 18, 4
  13              		.thumb
  14              		.syntax unified
  15              		.file	"main.c"
  16              		.text
  17              	.Ltext0:
  18              		.cfi_sections	.debug_frame
  19              		.section	.text.main,"ax",%progbits
  20              		.align	2
  21              		.global	main
  22              		.thumb
  23              		.thumb_func
  24              		.type	main, %function
  25              	main:
  26              	.LFB63:
  27              		.file 1 "main.c"
   1:main.c        **** /* ========================================
   2:main.c        ****  *
   3:main.c        ****  * Copyright YOUR COMPANY, THE YEAR
   4:main.c        ****  * All Rights Reserved
   5:main.c        ****  * UNPUBLISHED, LICENSED SOFTWARE.
   6:main.c        ****  *
   7:main.c        ****  * CONFIDENTIAL AND PROPRIETARY INFORMATION
   8:main.c        ****  * WHICH IS THE PROPERTY OF your company.
   9:main.c        ****  *
  10:main.c        ****  * ========================================
  11:main.c        **** */
  12:main.c        **** #include "project.h"
  13:main.c        **** #include "config.h"
  14:main.c        **** #include "interrutps.h"
  15:main.c        **** 
  16:main.c        **** 
  17:main.c        **** int main(void)
  18:main.c        **** {
  28              		.loc 1 18 0
  29              		.cfi_startproc
  30              		@ Volatile: function does not return.
  31              		@ args = 0, pretend = 0, frame = 0
  32              		@ frame_needed = 0, uses_anonymous_args = 0
  33 0000 08B5     		push	{r3, lr}
  34              		.cfi_def_cfa_offset 8
  35              		.cfi_offset 3, -8
  36              		.cfi_offset 14, -4
  19:main.c        ****     CyGlobalIntEnable; /* Enable global interrupts. */
  37              		.loc 1 19 0
  38              		.syntax unified
ARM GAS  C:\Users\Besitzer\AppData\Local\Temp\ccON1ZTV.s 			page 2


  39              	@ 19 "main.c" 1
  40 0002 62B6     		CPSIE   i
  41              	@ 0 "" 2
  20:main.c        **** 
  21:main.c        ****     /* Place your initialization/startup code here (e.g. MyInst_Start()) */
  22:main.c        ****     ISR_USR_BTN_Enable();
  42              		.loc 1 22 0
  43              		.thumb
  44              		.syntax unified
  45 0004 FFF7FEFF 		bl	ISR_USR_BTN_Enable
  46              	.LVL0:
  23:main.c        ****     //setup ISR Routines
  24:main.c        ****     ISR_USR_BTN_StartEx(isr_usr_btn_handling);
  47              		.loc 1 24 0
  48 0008 0148     		ldr	r0, .L4
  49 000a FFF7FEFF 		bl	ISR_USR_BTN_StartEx
  50              	.LVL1:
  51              	.L2:
  52 000e FEE7     		b	.L2
  53              	.L5:
  54              		.align	2
  55              	.L4:
  56 0010 00000000 		.word	isr_usr_btn_handling
  57              		.cfi_endproc
  58              	.LFE63:
  59              		.size	main, .-main
  60              		.text
  61              	.Letext0:
  62              		.file 2 "c:\\program files (x86)\\cypress\\psoc creator\\4.4\\psoc creator\\import\\gnu\\arm\\5.4.
  63              		.file 3 "c:\\program files (x86)\\cypress\\psoc creator\\4.4\\psoc creator\\import\\gnu\\arm\\5.4.
  64              		.file 4 "Generated_Source\\PSoC5/ISR_USR_BTN.h"
  65              		.file 5 "Generated_Source\\PSoC5/core_cm3.h"
  66              		.section	.debug_info,"",%progbits
  67              	.Ldebug_info0:
  68 0000 F4000000 		.4byte	0xf4
  69 0004 0400     		.2byte	0x4
  70 0006 00000000 		.4byte	.Ldebug_abbrev0
  71 000a 04       		.byte	0x4
  72 000b 01       		.uleb128 0x1
  73 000c 4D000000 		.4byte	.LASF18
  74 0010 0C       		.byte	0xc
  75 0011 41000000 		.4byte	.LASF19
  76 0015 3B010000 		.4byte	.LASF20
  77 0019 00000000 		.4byte	.Ldebug_ranges0+0
  78 001d 00000000 		.4byte	0
  79 0021 00000000 		.4byte	.Ldebug_line0
  80 0025 02       		.uleb128 0x2
  81 0026 01       		.byte	0x1
  82 0027 06       		.byte	0x6
  83 0028 87010000 		.4byte	.LASF0
  84 002c 02       		.uleb128 0x2
  85 002d 01       		.byte	0x1
  86 002e 08       		.byte	0x8
  87 002f 04010000 		.4byte	.LASF1
  88 0033 02       		.uleb128 0x2
  89 0034 02       		.byte	0x2
  90 0035 05       		.byte	0x5
ARM GAS  C:\Users\Besitzer\AppData\Local\Temp\ccON1ZTV.s 			page 3


  91 0036 AF010000 		.4byte	.LASF2
  92 003a 02       		.uleb128 0x2
  93 003b 02       		.byte	0x2
  94 003c 07       		.byte	0x7
  95 003d 0E000000 		.4byte	.LASF3
  96 0041 03       		.uleb128 0x3
  97 0042 9F010000 		.4byte	.LASF9
  98 0046 02       		.byte	0x2
  99 0047 3F       		.byte	0x3f
 100 0048 4C000000 		.4byte	0x4c
 101 004c 02       		.uleb128 0x2
 102 004d 04       		.byte	0x4
 103 004e 05       		.byte	0x5
 104 004f 17010000 		.4byte	.LASF4
 105 0053 02       		.uleb128 0x2
 106 0054 04       		.byte	0x4
 107 0055 07       		.byte	0x7
 108 0056 DB000000 		.4byte	.LASF5
 109 005a 02       		.uleb128 0x2
 110 005b 08       		.byte	0x8
 111 005c 05       		.byte	0x5
 112 005d 00000000 		.4byte	.LASF6
 113 0061 02       		.uleb128 0x2
 114 0062 08       		.byte	0x8
 115 0063 07       		.byte	0x7
 116 0064 ED000000 		.4byte	.LASF7
 117 0068 04       		.uleb128 0x4
 118 0069 04       		.byte	0x4
 119 006a 05       		.byte	0x5
 120 006b 696E7400 		.ascii	"int\000"
 121 006f 02       		.uleb128 0x2
 122 0070 04       		.byte	0x4
 123 0071 07       		.byte	0x7
 124 0072 34000000 		.4byte	.LASF8
 125 0076 03       		.uleb128 0x3
 126 0077 B9010000 		.4byte	.LASF10
 127 007b 03       		.byte	0x3
 128 007c 2C       		.byte	0x2c
 129 007d 41000000 		.4byte	0x41
 130 0081 02       		.uleb128 0x2
 131 0082 04       		.byte	0x4
 132 0083 04       		.byte	0x4
 133 0084 A9010000 		.4byte	.LASF11
 134 0088 02       		.uleb128 0x2
 135 0089 08       		.byte	0x8
 136 008a 04       		.byte	0x4
 137 008b 20010000 		.4byte	.LASF12
 138 008f 02       		.uleb128 0x2
 139 0090 01       		.byte	0x1
 140 0091 08       		.byte	0x8
 141 0092 12010000 		.4byte	.LASF13
 142 0096 02       		.uleb128 0x2
 143 0097 04       		.byte	0x4
 144 0098 07       		.byte	0x7
 145 0099 C1010000 		.4byte	.LASF14
 146 009d 02       		.uleb128 0x2
 147 009e 08       		.byte	0x8
ARM GAS  C:\Users\Besitzer\AppData\Local\Temp\ccON1ZTV.s 			page 4


 148 009f 04       		.byte	0x4
 149 00a0 93010000 		.4byte	.LASF15
 150 00a4 05       		.uleb128 0x5
 151 00a5 48000000 		.4byte	.LASF21
 152 00a9 01       		.byte	0x1
 153 00aa 11       		.byte	0x11
 154 00ab 68000000 		.4byte	0x68
 155 00af 00000000 		.4byte	.LFB63
 156 00b3 14000000 		.4byte	.LFE63-.LFB63
 157 00b7 01       		.uleb128 0x1
 158 00b8 9C       		.byte	0x9c
 159 00b9 D0000000 		.4byte	0xd0
 160 00bd 06       		.uleb128 0x6
 161 00be 08000000 		.4byte	.LVL0
 162 00c2 E1000000 		.4byte	0xe1
 163 00c6 06       		.uleb128 0x6
 164 00c7 0E000000 		.4byte	.LVL1
 165 00cb EC000000 		.4byte	0xec
 166 00cf 00       		.byte	0
 167 00d0 07       		.uleb128 0x7
 168 00d1 7A010000 		.4byte	.LASF22
 169 00d5 05       		.byte	0x5
 170 00d6 1207     		.2byte	0x712
 171 00d8 DC000000 		.4byte	0xdc
 172 00dc 08       		.uleb128 0x8
 173 00dd 76000000 		.4byte	0x76
 174 00e1 09       		.uleb128 0x9
 175 00e2 21000000 		.4byte	.LASF16
 176 00e6 21000000 		.4byte	.LASF16
 177 00ea 04       		.byte	0x4
 178 00eb 23       		.byte	0x23
 179 00ec 09       		.uleb128 0x9
 180 00ed 27010000 		.4byte	.LASF17
 181 00f1 27010000 		.4byte	.LASF17
 182 00f5 04       		.byte	0x4
 183 00f6 18       		.byte	0x18
 184 00f7 00       		.byte	0
 185              		.section	.debug_abbrev,"",%progbits
 186              	.Ldebug_abbrev0:
 187 0000 01       		.uleb128 0x1
 188 0001 11       		.uleb128 0x11
 189 0002 01       		.byte	0x1
 190 0003 25       		.uleb128 0x25
 191 0004 0E       		.uleb128 0xe
 192 0005 13       		.uleb128 0x13
 193 0006 0B       		.uleb128 0xb
 194 0007 03       		.uleb128 0x3
 195 0008 0E       		.uleb128 0xe
 196 0009 1B       		.uleb128 0x1b
 197 000a 0E       		.uleb128 0xe
 198 000b 55       		.uleb128 0x55
 199 000c 17       		.uleb128 0x17
 200 000d 11       		.uleb128 0x11
 201 000e 01       		.uleb128 0x1
 202 000f 10       		.uleb128 0x10
 203 0010 17       		.uleb128 0x17
 204 0011 00       		.byte	0
ARM GAS  C:\Users\Besitzer\AppData\Local\Temp\ccON1ZTV.s 			page 5


 205 0012 00       		.byte	0
 206 0013 02       		.uleb128 0x2
 207 0014 24       		.uleb128 0x24
 208 0015 00       		.byte	0
 209 0016 0B       		.uleb128 0xb
 210 0017 0B       		.uleb128 0xb
 211 0018 3E       		.uleb128 0x3e
 212 0019 0B       		.uleb128 0xb
 213 001a 03       		.uleb128 0x3
 214 001b 0E       		.uleb128 0xe
 215 001c 00       		.byte	0
 216 001d 00       		.byte	0
 217 001e 03       		.uleb128 0x3
 218 001f 16       		.uleb128 0x16
 219 0020 00       		.byte	0
 220 0021 03       		.uleb128 0x3
 221 0022 0E       		.uleb128 0xe
 222 0023 3A       		.uleb128 0x3a
 223 0024 0B       		.uleb128 0xb
 224 0025 3B       		.uleb128 0x3b
 225 0026 0B       		.uleb128 0xb
 226 0027 49       		.uleb128 0x49
 227 0028 13       		.uleb128 0x13
 228 0029 00       		.byte	0
 229 002a 00       		.byte	0
 230 002b 04       		.uleb128 0x4
 231 002c 24       		.uleb128 0x24
 232 002d 00       		.byte	0
 233 002e 0B       		.uleb128 0xb
 234 002f 0B       		.uleb128 0xb
 235 0030 3E       		.uleb128 0x3e
 236 0031 0B       		.uleb128 0xb
 237 0032 03       		.uleb128 0x3
 238 0033 08       		.uleb128 0x8
 239 0034 00       		.byte	0
 240 0035 00       		.byte	0
 241 0036 05       		.uleb128 0x5
 242 0037 2E       		.uleb128 0x2e
 243 0038 01       		.byte	0x1
 244 0039 3F       		.uleb128 0x3f
 245 003a 19       		.uleb128 0x19
 246 003b 03       		.uleb128 0x3
 247 003c 0E       		.uleb128 0xe
 248 003d 3A       		.uleb128 0x3a
 249 003e 0B       		.uleb128 0xb
 250 003f 3B       		.uleb128 0x3b
 251 0040 0B       		.uleb128 0xb
 252 0041 27       		.uleb128 0x27
 253 0042 19       		.uleb128 0x19
 254 0043 49       		.uleb128 0x49
 255 0044 13       		.uleb128 0x13
 256 0045 8701     		.uleb128 0x87
 257 0047 19       		.uleb128 0x19
 258 0048 11       		.uleb128 0x11
 259 0049 01       		.uleb128 0x1
 260 004a 12       		.uleb128 0x12
 261 004b 06       		.uleb128 0x6
ARM GAS  C:\Users\Besitzer\AppData\Local\Temp\ccON1ZTV.s 			page 6


 262 004c 40       		.uleb128 0x40
 263 004d 18       		.uleb128 0x18
 264 004e 9742     		.uleb128 0x2117
 265 0050 19       		.uleb128 0x19
 266 0051 01       		.uleb128 0x1
 267 0052 13       		.uleb128 0x13
 268 0053 00       		.byte	0
 269 0054 00       		.byte	0
 270 0055 06       		.uleb128 0x6
 271 0056 898201   		.uleb128 0x4109
 272 0059 00       		.byte	0
 273 005a 11       		.uleb128 0x11
 274 005b 01       		.uleb128 0x1
 275 005c 31       		.uleb128 0x31
 276 005d 13       		.uleb128 0x13
 277 005e 00       		.byte	0
 278 005f 00       		.byte	0
 279 0060 07       		.uleb128 0x7
 280 0061 34       		.uleb128 0x34
 281 0062 00       		.byte	0
 282 0063 03       		.uleb128 0x3
 283 0064 0E       		.uleb128 0xe
 284 0065 3A       		.uleb128 0x3a
 285 0066 0B       		.uleb128 0xb
 286 0067 3B       		.uleb128 0x3b
 287 0068 05       		.uleb128 0x5
 288 0069 49       		.uleb128 0x49
 289 006a 13       		.uleb128 0x13
 290 006b 3F       		.uleb128 0x3f
 291 006c 19       		.uleb128 0x19
 292 006d 3C       		.uleb128 0x3c
 293 006e 19       		.uleb128 0x19
 294 006f 00       		.byte	0
 295 0070 00       		.byte	0
 296 0071 08       		.uleb128 0x8
 297 0072 35       		.uleb128 0x35
 298 0073 00       		.byte	0
 299 0074 49       		.uleb128 0x49
 300 0075 13       		.uleb128 0x13
 301 0076 00       		.byte	0
 302 0077 00       		.byte	0
 303 0078 09       		.uleb128 0x9
 304 0079 2E       		.uleb128 0x2e
 305 007a 00       		.byte	0
 306 007b 3F       		.uleb128 0x3f
 307 007c 19       		.uleb128 0x19
 308 007d 3C       		.uleb128 0x3c
 309 007e 19       		.uleb128 0x19
 310 007f 6E       		.uleb128 0x6e
 311 0080 0E       		.uleb128 0xe
 312 0081 03       		.uleb128 0x3
 313 0082 0E       		.uleb128 0xe
 314 0083 3A       		.uleb128 0x3a
 315 0084 0B       		.uleb128 0xb
 316 0085 3B       		.uleb128 0x3b
 317 0086 0B       		.uleb128 0xb
 318 0087 00       		.byte	0
ARM GAS  C:\Users\Besitzer\AppData\Local\Temp\ccON1ZTV.s 			page 7


 319 0088 00       		.byte	0
 320 0089 00       		.byte	0
 321              		.section	.debug_aranges,"",%progbits
 322 0000 1C000000 		.4byte	0x1c
 323 0004 0200     		.2byte	0x2
 324 0006 00000000 		.4byte	.Ldebug_info0
 325 000a 04       		.byte	0x4
 326 000b 00       		.byte	0
 327 000c 0000     		.2byte	0
 328 000e 0000     		.2byte	0
 329 0010 00000000 		.4byte	.LFB63
 330 0014 14000000 		.4byte	.LFE63-.LFB63
 331 0018 00000000 		.4byte	0
 332 001c 00000000 		.4byte	0
 333              		.section	.debug_ranges,"",%progbits
 334              	.Ldebug_ranges0:
 335 0000 00000000 		.4byte	.LFB63
 336 0004 14000000 		.4byte	.LFE63
 337 0008 00000000 		.4byte	0
 338 000c 00000000 		.4byte	0
 339              		.section	.debug_line,"",%progbits
 340              	.Ldebug_line0:
 341 0000 68010000 		.section	.debug_str,"MS",%progbits,1
 341      02005001 
 341      00000201 
 341      FB0E0D00 
 341      01010101 
 342              	.LASF6:
 343 0000 6C6F6E67 		.ascii	"long long int\000"
 343      206C6F6E 
 343      6720696E 
 343      7400
 344              	.LASF3:
 345 000e 73686F72 		.ascii	"short unsigned int\000"
 345      7420756E 
 345      7369676E 
 345      65642069 
 345      6E7400
 346              	.LASF16:
 347 0021 4953525F 		.ascii	"ISR_USR_BTN_Enable\000"
 347      5553525F 
 347      42544E5F 
 347      456E6162 
 347      6C6500
 348              	.LASF8:
 349 0034 756E7369 		.ascii	"unsigned int\000"
 349      676E6564 
 349      20696E74 
 349      00
 350              	.LASF19:
 351 0041 6D61696E 		.ascii	"main.c\000"
 351      2E6300
 352              	.LASF21:
 353 0048 6D61696E 		.ascii	"main\000"
 353      00
 354              	.LASF18:
 355 004d 474E5520 		.ascii	"GNU C11 5.4.1 20160609 (release) [ARM/embedded-5-br"
ARM GAS  C:\Users\Besitzer\AppData\Local\Temp\ccON1ZTV.s 			page 8


 355      43313120 
 355      352E342E 
 355      31203230 
 355      31363036 
 356 0080 616E6368 		.ascii	"anch revision 237715] -mcpu=cortex-m3 -mthumb -g -O"
 356      20726576 
 356      6973696F 
 356      6E203233 
 356      37373135 
 357 00b3 67202D66 		.ascii	"g -ffunction-sections -ffat-lto-objects\000"
 357      66756E63 
 357      74696F6E 
 357      2D736563 
 357      74696F6E 
 358              	.LASF5:
 359 00db 6C6F6E67 		.ascii	"long unsigned int\000"
 359      20756E73 
 359      69676E65 
 359      6420696E 
 359      7400
 360              	.LASF7:
 361 00ed 6C6F6E67 		.ascii	"long long unsigned int\000"
 361      206C6F6E 
 361      6720756E 
 361      7369676E 
 361      65642069 
 362              	.LASF1:
 363 0104 756E7369 		.ascii	"unsigned char\000"
 363      676E6564 
 363      20636861 
 363      7200
 364              	.LASF13:
 365 0112 63686172 		.ascii	"char\000"
 365      00
 366              	.LASF4:
 367 0117 6C6F6E67 		.ascii	"long int\000"
 367      20696E74 
 367      00
 368              	.LASF12:
 369 0120 646F7562 		.ascii	"double\000"
 369      6C6500
 370              	.LASF17:
 371 0127 4953525F 		.ascii	"ISR_USR_BTN_StartEx\000"
 371      5553525F 
 371      42544E5F 
 371      53746172 
 371      74457800 
 372              	.LASF20:
 373 013b 443A5C52 		.ascii	"D:\\Repos\\QuadroCopter\\Software\\FlightController"
 373      65706F73 
 373      5C517561 
 373      64726F43 
 373      6F707465 
 374 016a 5C446573 		.ascii	"\\Design01.cydsn\000"
 374      69676E30 
 374      312E6379 
 374      64736E00 
ARM GAS  C:\Users\Besitzer\AppData\Local\Temp\ccON1ZTV.s 			page 9


 375              	.LASF22:
 376 017a 49544D5F 		.ascii	"ITM_RxBuffer\000"
 376      52784275 
 376      66666572 
 376      00
 377              	.LASF0:
 378 0187 7369676E 		.ascii	"signed char\000"
 378      65642063 
 378      68617200 
 379              	.LASF15:
 380 0193 6C6F6E67 		.ascii	"long double\000"
 380      20646F75 
 380      626C6500 
 381              	.LASF9:
 382 019f 5F5F696E 		.ascii	"__int32_t\000"
 382      7433325F 
 382      7400
 383              	.LASF11:
 384 01a9 666C6F61 		.ascii	"float\000"
 384      7400
 385              	.LASF2:
 386 01af 73686F72 		.ascii	"short int\000"
 386      7420696E 
 386      7400
 387              	.LASF10:
 388 01b9 696E7433 		.ascii	"int32_t\000"
 388      325F7400 
 389              	.LASF14:
 390 01c1 73697A65 		.ascii	"sizetype\000"
 390      74797065 
 390      00
 391              		.ident	"GCC: (GNU Tools for ARM Embedded Processors) 5.4.1 20160609 (release) [ARM/embedded-5-bran
